#
# There is insufficient memory for the Java Runtime Environment to continue.
# Native memory allocation (malloc) failed to allocate 32784 bytes for Chunk::new
# Possible reasons:
#   The system is out of physical RAM or swap space
#   The process is running with CompressedOops enabled, and the Java Heap may be blocking the growth of the native heap
# Possible solutions:
#   Reduce memory load on the system
#   Increase physical memory or swap space
#   Check if swap backing store is full
#   Decrease Java heap size (-Xmx/-Xms)
#   Decrease number of Java threads
#   Decrease Java thread stack sizes (-Xss)
#   Set larger code cache with -XX:ReservedCodeCacheSize=
#   JVM is running with Unscaled Compressed Oops mode in which the Java heap is
#     placed in the first 4GB address space. The Java Heap base address is the
#     maximum limit for the native heap growth. Please use -XX:HeapBaseMinAddress
#     to set the Java Heap base and to place the Java Heap above 4GB virtual address.
# This output file may be truncated or incomplete.
#
#  Out of Memory Error (allocation.cpp:389), pid=15128, tid=0x00000000000027c4
#
# JRE version: OpenJDK Runtime Environment (Zulu 8.52.0.23-CA-win64) (8.0_282-b08) (build 1.8.0_282-b08)
# Java VM: OpenJDK 64-Bit Server VM (25.282-b08 mixed mode windows-amd64 compressed oops)
# Failed to write core dump. Minidumps are not enabled by default on client versions of Windows
#

---------------  T H R E A D  ---------------

Current thread (0x0000000017ffd000):  JavaThread "C2 CompilerThread0" daemon [_thread_in_native, id=10180, stack(0x0000000018300000,0x0000000018400000)]

Stack: [0x0000000018300000,0x0000000018400000]
[error occurred during error reporting (printing stack bounds), id 0xc0000005]

Native frames: (J=compiled Java code, j=interpreted, Vv=VM code, C=native code)


Current CompileTask:
C2:  20066 3283   !   4       sun.misc.URLClassPath$JarLoader::getResource (353 bytes)


---------------  P R O C E S S  ---------------

Java Threads: ( => current thread )
  0x00000000196a0800 JavaThread "Okio Watchdog" daemon [_thread_blocked, id=13296, stack(0x000000001cfa0000,0x000000001d0a0000)]
  0x000000001969e800 JavaThread "OkHttp ConnectionPool" daemon [_thread_blocked, id=32, stack(0x000000001cea0000,0x000000001cfa0000)]
  0x000000001b1bd000 JavaThread "Exec Stream Pumper" daemon [_thread_in_native, id=7732, stack(0x000000001c620000,0x000000001c720000)]
  0x000000001b1bc000 JavaThread "Exec Stream Pumper" daemon [_thread_in_native, id=13452, stack(0x000000001c520000,0x000000001c620000)]
  0x000000001b227000 JavaThread "UrlChecker-2" daemon [_thread_blocked, id=9436, stack(0x000000001c420000,0x000000001c520000)]
  0x000000001b226000 JavaThread "Exec Default Executor" daemon [_thread_in_native, id=12916, stack(0x000000001c320000,0x000000001c420000)]
  0x0000000018036000 JavaThread "Service Thread" daemon [_thread_blocked, id=15180, stack(0x0000000018500000,0x0000000018600000)]
  0x0000000018032800 JavaThread "C1 CompilerThread1" daemon [_thread_blocked, id=14092, stack(0x0000000018400000,0x0000000018500000)]
=>0x0000000017ffd000 JavaThread "C2 CompilerThread0" daemon [_thread_in_native, id=10180, stack(0x0000000018300000,0x0000000018400000)]
  0x0000000017fec000 JavaThread "Attach Listener" daemon [_thread_blocked, id=11388, stack(0x0000000018200000,0x0000000018300000)]
  0x0000000017feb000 JavaThread "Signal Dispatcher" daemon [_thread_blocked, id=9444, stack(0x0000000018100000,0x0000000018200000)]
  0x0000000016ec3800 JavaThread "Finalizer" daemon [_thread_blocked, id=15112, stack(0x0000000017b00000,0x0000000017c00000)]
  0x0000000016ebc000 JavaThread "Reference Handler" daemon [_thread_blocked, id=12648, stack(0x0000000017a00000,0x0000000017b00000)]
  0x0000000002404800 JavaThread "main" [_thread_in_vm, id=15192, stack(0x00000000022f0000,0x00000000023f0000)]

Other Threads:
  0x00000000024eb000 VMThread [stack: 0x0000000017900000,0x0000000017a00000] [id=5372]
  0x00000000180cd000 WatcherThread [stack: 0x0000000018600000,0x0000000018700000] [id=15252]

VM state:not at safepoint (normal execution)

VM Mutex/Monitor currently owned by a thread: None

heap address: 0x0000000080000000, size: 2048 MB, Compressed Oops mode: 32-bit
Narrow klass base: 0x0000000000000000, Narrow klass shift: 3
Compressed class space size: 1073741824 Address: 0x0000000100000000

Heap:
 PSYoungGen      total 270336K, used 108549K [0x00000000d5580000, 0x00000000eaf80000, 0x0000000100000000)
  eden space 260608K, 37% used [0x00000000d5580000,0x00000000db607aa8,0x00000000e5400000)
  from space 9728K, 99% used [0x00000000e5400000,0x00000000e5d79d38,0x00000000e5d80000)
  to   space 11264K, 0% used [0x00000000ea480000,0x00000000ea480000,0x00000000eaf80000)
 ParOldGen       total 52736K, used 8441K [0x0000000080000000, 0x0000000083380000, 0x00000000d5580000)
  object space 52736K, 16% used [0x0000000080000000,0x000000008083e460,0x0000000083380000)
 Metaspace       used 30902K, capacity 31798K, committed 31872K, reserved 1077248K
  class space    used 3662K, capacity 3924K, committed 3968K, reserved 1048576K

Card table byte_map: [0x00000000118b0000,0x0000000011cc0000] byte_map_base: 0x00000000114b0000

Marking Bits: (ParMarkBitMap*) 0x0000000065891f00
 Begin Bits: [0x0000000012170000, 0x0000000014170000)
 End Bits:   [0x0000000014170000, 0x0000000016170000)

Polling page: 0x00000000001f0000

CodeCache: size=245760Kb used=12329Kb max_used=12329Kb free=233430Kb
 bounds [0x00000000024f0000, 0x0000000003110000, 0x00000000114f0000]
 total_blobs=3950 nmethods=3256 adapters=604
 compilation: enabled

Compilation events (10 events):
Event: 20.043 Thread 0x0000000018032800 3297       3       java.util.LinkedList::addFirst (6 bytes)
Event: 20.043 Thread 0x0000000018032800 nmethod 3297 0x00000000030fd950 code [0x00000000030fdac0, 0x00000000030fdc48]
Event: 20.043 Thread 0x0000000018032800 3298       3       org.codehaus.groovy.reflection.stdclasses.CachedSAMClass::isAssignableFrom (30 bytes)
Event: 20.044 Thread 0x0000000018032800 nmethod 3298 0x00000000030fdcd0 code [0x00000000030fde60, 0x00000000030fe338]
Event: 20.054 Thread 0x0000000018032800 3301   !   3       java.lang.invoke.MethodHandleNatives::linkMethodHandleConstant (154 bytes)
Event: 20.055 Thread 0x0000000018032800 nmethod 3301 0x00000000030fe810 code [0x00000000030fea60, 0x00000000030ff6f8]
Event: 20.055 Thread 0x0000000018032800 3302       1       java.lang.invoke.InnerClassLambdaMetafactory::access$000 (5 bytes)
Event: 20.055 Thread 0x0000000018032800 nmethod 3302 0x00000000030ffd50 code [0x00000000030ffea0, 0x00000000030fff90]
Event: 20.055 Thread 0x0000000018032800 3303       1       java.lang.invoke.InnerClassLambdaMetafactory::access$400 (5 bytes)
Event: 20.055 Thread 0x0000000018032800 nmethod 3303 0x0000000003100010 code [0x0000000003100160, 0x0000000003100250]

GC Heap History (10 events):
Event: 3.697 GC heap before
{Heap before GC invocations=6 (full 0):
 PSYoungGen      total 71680K, used 71677K [0x00000000d5580000, 0x00000000de780000, 0x0000000100000000)
  eden space 66560K, 100% used [0x00000000d5580000,0x00000000d9680000,0x00000000d9680000)
  from space 5120K, 99% used [0x00000000d9680000,0x00000000d9b7f7b8,0x00000000d9b80000)
  to   space 8192K, 0% used [0x00000000ddf80000,0x00000000ddf80000,0x00000000de780000)
 ParOldGen       total 87552K, used 3439K [0x0000000080000000, 0x0000000085580000, 0x00000000d5580000)
  object space 87552K, 3% used [0x0000000080000000,0x000000008035bd30,0x0000000085580000)
 Metaspace       used 20444K, capacity 20778K, committed 21120K, reserved 1069056K
  class space    used 2261K, capacity 2389K, committed 2432K, reserved 1048576K
Event: 3.711 GC heap after
Heap after GC invocations=6 (full 0):
 PSYoungGen      total 139776K, used 8179K [0x00000000d5580000, 0x00000000dea80000, 0x0000000100000000)
  eden space 131584K, 0% used [0x00000000d5580000,0x00000000d5580000,0x00000000dd600000)
  from space 8192K, 99% used [0x00000000ddf80000,0x00000000de77cf48,0x00000000de780000)
  to   space 9728K, 0% used [0x00000000dd600000,0x00000000dd600000,0x00000000ddf80000)
 ParOldGen       total 87552K, used 4115K [0x0000000080000000, 0x0000000085580000, 0x00000000d5580000)
  object space 87552K, 4% used [0x0000000080000000,0x0000000080404fb8,0x0000000085580000)
 Metaspace       used 20444K, capacity 20778K, committed 21120K, reserved 1069056K
  class space    used 2261K, capacity 2389K, committed 2432K, reserved 1048576K
}
Event: 3.774 GC heap before
{Heap before GC invocations=7 (full 0):
 PSYoungGen      total 139776K, used 13413K [0x00000000d5580000, 0x00000000dea80000, 0x0000000100000000)
  eden space 131584K, 3% used [0x00000000d5580000,0x00000000d5a9c4d8,0x00000000dd600000)
  from space 8192K, 99% used [0x00000000ddf80000,0x00000000de77cf48,0x00000000de780000)
  to   space 9728K, 0% used [0x00000000dd600000,0x00000000dd600000,0x00000000ddf80000)
 ParOldGen       total 87552K, used 4115K [0x0000000080000000, 0x0000000085580000, 0x00000000d5580000)
  object space 87552K, 4% used [0x0000000080000000,0x0000000080404fb8,0x0000000085580000)
 Metaspace       used 20825K, capacity 21072K, committed 21296K, reserved 1069056K
  class space    used 2312K, capacity 2424K, committed 2432K, reserved 1048576K
Event: 3.787 GC heap after
Heap after GC invocations=7 (full 0):
 PSYoungGen      total 141312K, used 3844K [0x00000000d5580000, 0x00000000e6980000, 0x0000000100000000)
  eden space 131584K, 0% used [0x00000000d5580000,0x00000000d5580000,0x00000000dd600000)
  from space 9728K, 39% used [0x00000000dd600000,0x00000000dd9c1350,0x00000000ddf80000)
  to   space 9728K, 0% used [0x00000000e6000000,0x00000000e6000000,0x00000000e6980000)
 ParOldGen       total 87552K, used 7405K [0x0000000080000000, 0x0000000085580000, 0x00000000d5580000)
  object space 87552K, 8% used [0x0000000080000000,0x000000008073b500,0x0000000085580000)
 Metaspace       used 20825K, capacity 21072K, committed 21296K, reserved 1069056K
  class space    used 2312K, capacity 2424K, committed 2432K, reserved 1048576K
}
Event: 3.787 GC heap before
{Heap before GC invocations=8 (full 1):
 PSYoungGen      total 141312K, used 3844K [0x00000000d5580000, 0x00000000e6980000, 0x0000000100000000)
  eden space 131584K, 0% used [0x00000000d5580000,0x00000000d5580000,0x00000000dd600000)
  from space 9728K, 39% used [0x00000000dd600000,0x00000000dd9c1350,0x00000000ddf80000)
  to   space 9728K, 0% used [0x00000000e6000000,0x00000000e6000000,0x00000000e6980000)
 ParOldGen       total 87552K, used 7405K [0x0000000080000000, 0x0000000085580000, 0x00000000d5580000)
  object space 87552K, 8% used [0x0000000080000000,0x000000008073b500,0x0000000085580000)
 Metaspace       used 20825K, capacity 21072K, committed 21296K, reserved 1069056K
  class space    used 2312K, capacity 2424K, committed 2432K, reserved 1048576K
Event: 3.847 GC heap after
Heap after GC invocations=8 (full 1):
 PSYoungGen      total 141312K, used 0K [0x00000000d5580000, 0x00000000e6980000, 0x0000000100000000)
  eden space 131584K, 0% used [0x00000000d5580000,0x00000000d5580000,0x00000000dd600000)
  from space 9728K, 0% used [0x00000000dd600000,0x00000000dd600000,0x00000000ddf80000)
  to   space 9728K, 0% used [0x00000000e6000000,0x00000000e6000000,0x00000000e6980000)
 ParOldGen       total 52736K, used 8371K [0x0000000080000000, 0x0000000083380000, 0x00000000d5580000)
  object space 52736K, 15% used [0x0000000080000000,0x000000008082cdd8,0x0000000083380000)
 Metaspace       used 20825K, capacity 21072K, committed 21296K, reserved 1069056K
  class space    used 2312K, capacity 2424K, committed 2432K, reserved 1048576K
}
Event: 4.827 GC heap before
{Heap before GC invocations=9 (full 1):
 PSYoungGen      total 141312K, used 131584K [0x00000000d5580000, 0x00000000e6980000, 0x0000000100000000)
  eden space 131584K, 100% used [0x00000000d5580000,0x00000000dd600000,0x00000000dd600000)
  from space 9728K, 0% used [0x00000000dd600000,0x00000000dd600000,0x00000000ddf80000)
  to   space 9728K, 0% used [0x00000000e6000000,0x00000000e6000000,0x00000000e6980000)
 ParOldGen       total 52736K, used 8371K [0x0000000080000000, 0x0000000083380000, 0x00000000d5580000)
  object space 52736K, 15% used [0x0000000080000000,0x000000008082cdd8,0x0000000083380000)
 Metaspace       used 22490K, capacity 22840K, committed 23088K, reserved 1069056K
  class space    used 2473K, capacity 2581K, committed 2688K, reserved 1048576K
Event: 4.855 GC heap after
Heap after GC invocations=9 (full 1):
 PSYoungGen      total 238592K, used 7014K [0x00000000d5580000, 0x00000000e6700000, 0x0000000100000000)
  eden space 231424K, 0% used [0x00000000d5580000,0x00000000d5580000,0x00000000e3780000)
  from space 7168K, 97% used [0x00000000e6000000,0x00000000e66d9980,0x00000000e6700000)
  to   space 9728K, 0% used [0x00000000e5400000,0x00000000e5400000,0x00000000e5d80000)
 ParOldGen       total 52736K, used 8371K [0x0000000080000000, 0x0000000083380000, 0x00000000d5580000)
  object space 52736K, 15% used [0x0000000080000000,0x000000008082cdd8,0x0000000083380000)
 Metaspace       used 22490K, capacity 22840K, committed 23088K, reserved 1069056K
  class space    used 2473K, capacity 2581K, committed 2688K, reserved 1048576K
}
Event: 6.531 GC heap before
{Heap before GC invocations=10 (full 1):
 PSYoungGen      total 238592K, used 238438K [0x00000000d5580000, 0x00000000e6700000, 0x0000000100000000)
  eden space 231424K, 100% used [0x00000000d5580000,0x00000000e3780000,0x00000000e3780000)
  from space 7168K, 97% used [0x00000000e6000000,0x00000000e66d9980,0x00000000e6700000)
  to   space 9728K, 0% used [0x00000000e5400000,0x00000000e5400000,0x00000000e5d80000)
 ParOldGen       total 52736K, used 8371K [0x0000000080000000, 0x0000000083380000, 0x00000000d5580000)
  object space 52736K, 15% used [0x0000000080000000,0x000000008082cdd8,0x0000000083380000)
 Metaspace       used 24734K, capacity 25114K, committed 25216K, reserved 1071104K
  class space    used 2805K, capacity 2934K, committed 2944K, reserved 1048576K
Event: 6.551 GC heap after
Heap after GC invocations=10 (full 1):
 PSYoungGen      total 270336K, used 9703K [0x00000000d5580000, 0x00000000eaf80000, 0x0000000100000000)
  eden space 260608K, 0% used [0x00000000d5580000,0x00000000d5580000,0x00000000e5400000)
  from space 9728K, 99% used [0x00000000e5400000,0x00000000e5d79d38,0x00000000e5d80000)
  to   space 11264K, 0% used [0x00000000ea480000,0x00000000ea480000,0x00000000eaf80000)
 ParOldGen       total 52736K, used 8441K [0x0000000080000000, 0x0000000083380000, 0x00000000d5580000)
  object space 52736K, 16% used [0x0000000080000000,0x000000008083e460,0x0000000083380000)
 Metaspace       used 24734K, capacity 25114K, committed 25216K, reserved 1071104K
  class space    used 2805K, capacity 2934K, committed 2944K, reserved 1048576K
}

Deoptimization events (10 events):
Event: 7.969 Thread 0x0000000002404800 Uncommon trap: reason=bimorphic action=maybe_recompile pc=0x0000000002f087b0 method=java.util.regex.Matcher.search(I)Z @ 86
Event: 7.969 Thread 0x0000000002404800 Uncommon trap: reason=bimorphic action=maybe_recompile pc=0x0000000002f087b0 method=java.util.regex.Matcher.search(I)Z @ 86
Event: 7.969 Thread 0x0000000002404800 Uncommon trap: reason=bimorphic action=maybe_recompile pc=0x0000000002f087b0 method=java.util.regex.Matcher.search(I)Z @ 86
Event: 7.969 Thread 0x0000000002404800 Uncommon trap: reason=bimorphic action=maybe_recompile pc=0x0000000002f087b0 method=java.util.regex.Matcher.search(I)Z @ 86
Event: 7.969 Thread 0x0000000002404800 Uncommon trap: reason=unstable_if action=reinterpret pc=0x0000000002ee2f10 method=java.util.regex.Pattern$CharProperty.match(Ljava/util/regex/Matcher;ILjava/lang/CharSequence;)Z @ 21
Event: 8.139 Thread 0x0000000002404800 Uncommon trap: reason=class_check action=maybe_recompile pc=0x0000000002f4da5c method=java.util.HashSet.contains(Ljava/lang/Object;)Z @ 5
Event: 8.139 Thread 0x0000000002404800 Uncommon trap: reason=class_check action=maybe_recompile pc=0x0000000002f4da5c method=java.util.HashSet.contains(Ljava/lang/Object;)Z @ 5
Event: 9.343 Thread 0x0000000002404800 Uncommon trap: reason=bimorphic action=maybe_recompile pc=0x0000000002a291dc method=java.util.HashMap.putVal(ILjava/lang/Object;Ljava/lang/Object;ZZ)Ljava/lang/Object; @ 203
Event: 9.344 Thread 0x0000000002404800 Uncommon trap: reason=bimorphic action=maybe_recompile pc=0x0000000002a291dc method=java.util.HashMap.putVal(ILjava/lang/Object;Ljava/lang/Object;ZZ)Ljava/lang/Object; @ 203
Event: 9.344 Thread 0x0000000002404800 Uncommon trap: reason=bimorphic action=maybe_recompile pc=0x0000000002a291dc method=java.util.HashMap.putVal(ILjava/lang/Object;Ljava/lang/Object;ZZ)Ljava/lang/Object; @ 203

Classes redefined (0 events):
No events

Internal exceptions (10 events):
Event: 20.010 Thread 0x0000000002404800 Exception <a 'java/security/PrivilegedActionException'> (0x00000000daf6e108) thrown at [C:\jenkins\workspace\zulu8-silver-build-win64\zulu-src\hotspot\src\share\vm\prims\jvm.cpp, line 1529]
Event: 20.010 Thread 0x0000000002404800 Exception <a 'java/security/PrivilegedActionException'> (0x00000000daf6e8d0) thrown at [C:\jenkins\workspace\zulu8-silver-build-win64\zulu-src\hotspot\src\share\vm\prims\jvm.cpp, line 1529]
Event: 20.010 Thread 0x0000000002404800 Exception <a 'java/security/PrivilegedActionException'> (0x00000000daf81ba0) thrown at [C:\jenkins\workspace\zulu8-silver-build-win64\zulu-src\hotspot\src\share\vm\prims\jvm.cpp, line 1529]
Event: 20.010 Thread 0x0000000002404800 Exception <a 'java/security/PrivilegedActionException'> (0x00000000daf82368) thrown at [C:\jenkins\workspace\zulu8-silver-build-win64\zulu-src\hotspot\src\share\vm\prims\jvm.cpp, line 1529]
Event: 20.030 Thread 0x0000000002404800 Exception <a 'java/security/PrivilegedActionException'> (0x00000000db1a8050) thrown at [C:\jenkins\workspace\zulu8-silver-build-win64\zulu-src\hotspot\src\share\vm\prims\jvm.cpp, line 1529]
Event: 20.030 Thread 0x0000000002404800 Exception <a 'java/security/PrivilegedActionException'> (0x00000000db1a8818) thrown at [C:\jenkins\workspace\zulu8-silver-build-win64\zulu-src\hotspot\src\share\vm\prims\jvm.cpp, line 1529]
Event: 20.030 Thread 0x0000000002404800 Exception <a 'java/security/PrivilegedActionException'> (0x00000000db1bc3b8) thrown at [C:\jenkins\workspace\zulu8-silver-build-win64\zulu-src\hotspot\src\share\vm\prims\jvm.cpp, line 1529]
Event: 20.030 Thread 0x0000000002404800 Exception <a 'java/security/PrivilegedActionException'> (0x00000000db1bcb80) thrown at [C:\jenkins\workspace\zulu8-silver-build-win64\zulu-src\hotspot\src\share\vm\prims\jvm.cpp, line 1529]
Event: 20.049 Thread 0x0000000002404800 Exception <a 'java/lang/ClassNotFoundException': Script1BeanInfo> (0x00000000db3987b8) thrown at [C:\jenkins\workspace\zulu8-silver-build-win64\zulu-src\hotspot\src\share\vm\classfile\systemDictionary.cpp, line 220]
Event: 20.053 Thread 0x0000000002404800 Exception <a 'java/lang/ClassNotFoundException': Script1Customizer> (0x00000000db42f450) thrown at [C:\jenkins\workspace\zulu8-silver-build-win64\zulu-src\hotspot\src\share\vm\classfile\systemDictionary.cpp, line 220]

Events (10 events):
Event: 20.049 loading class Script1Customizer
Event: 20.049 loading class Script1Customizer done
Event: 20.050 loading class Script1Customizer
Event: 20.050 loading class Script1Customizer done
Event: 20.053 loading class Script1Customizer
Event: 20.053 loading class Script1Customizer done
Event: 20.054 loading class com/kms/katalon/core/util/StrSubstitutor
Event: 20.054 loading class com/kms/katalon/core/util/StrSubstitutor done
Event: 20.055 loading class com/kms/katalon/core/util/StrSubstitutor
Event: 20.055 loading class com/kms/katalon/core/util/StrSubstitutor done


Dynamic libraries:
0x00007ff7896a0000 - 0x00007ff7896d5000 	C:\Users\menen.desta\Documents\Katalon\Katalon_Studio_Windows_64-8.1.0\jre\bin\javaw.exe
0x00007ffd3b5b0000 - 0x00007ffd3b7a5000 	C:\Windows\SYSTEM32\ntdll.dll
0x00007ffd39710000 - 0x00007ffd397ce000 	C:\Windows\System32\KERNEL32.DLL
0x00007ffd38dd0000 - 0x00007ffd39099000 	C:\Windows\System32\KERNELBASE.dll
0x00007ffd39600000 - 0x00007ffd396ac000 	C:\Windows\System32\ADVAPI32.dll
0x00007ffd39b30000 - 0x00007ffd39bce000 	C:\Windows\System32\msvcrt.dll
0x00007ffd399e0000 - 0x00007ffd39a7b000 	C:\Windows\System32\sechost.dll
0x00007ffd3a060000 - 0x00007ffd3a18a000 	C:\Windows\System32\RPCRT4.dll
0x00007ffd3b300000 - 0x00007ffd3b4a1000 	C:\Windows\System32\USER32.dll
0x00007ffd394a0000 - 0x00007ffd394c2000 	C:\Windows\System32\win32u.dll
0x00007ffd3b2c0000 - 0x00007ffd3b2eb000 	C:\Windows\System32\GDI32.dll
0x00007ffd39140000 - 0x00007ffd3924b000 	C:\Windows\System32\gdi32full.dll
0x00007ffd390a0000 - 0x00007ffd3913d000 	C:\Windows\System32\msvcp_win.dll
0x00007ffd39500000 - 0x00007ffd39600000 	C:\Windows\System32\ucrtbase.dll
0x00007ffd18060000 - 0x00007ffd182fa000 	C:\Windows\WinSxS\amd64_microsoft.windows.common-controls_6595b64144ccf1df_6.0.19041.1110_none_60b5254171f9507e\COMCTL32.dll
0x00007ffd3a190000 - 0x00007ffd3a1c0000 	C:\Windows\System32\IMM32.DLL
0x0000000064e90000 - 0x0000000064f62000 	C:\Users\menen.desta\Documents\Katalon\Katalon_Studio_Windows_64-8.1.0\jre\bin\msvcr100.dll
0x0000000065050000 - 0x0000000065915000 	C:\Users\menen.desta\Documents\Katalon\Katalon_Studio_Windows_64-8.1.0\jre\bin\server\jvm.dll
0x00007ffd3b2f0000 - 0x00007ffd3b2f8000 	C:\Windows\System32\PSAPI.DLL
0x00007ffd23100000 - 0x00007ffd23109000 	C:\Windows\SYSTEM32\WSOCK32.dll
0x00007ffd3ae20000 - 0x00007ffd3ae8b000 	C:\Windows\System32\WS2_32.dll
0x00007ffd16cc0000 - 0x00007ffd16ce7000 	C:\Windows\SYSTEM32\WINMM.dll
0x00007ffd30b70000 - 0x00007ffd30b7a000 	C:\Windows\SYSTEM32\VERSION.dll
0x00007ffd1a8f0000 - 0x00007ffd1a8ff000 	C:\Users\menen.desta\Documents\Katalon\Katalon_Studio_Windows_64-8.1.0\jre\bin\verify.dll
0x00007ffd1a8c0000 - 0x00007ffd1a8e9000 	C:\Users\menen.desta\Documents\Katalon\Katalon_Studio_Windows_64-8.1.0\jre\bin\java.dll
0x00007ffd1a8a0000 - 0x00007ffd1a8b6000 	C:\Users\menen.desta\Documents\Katalon\Katalon_Studio_Windows_64-8.1.0\jre\bin\zip.dll
0x00007ffd3a5a0000 - 0x00007ffd3acdf000 	C:\Windows\System32\SHELL32.dll
0x00007ffd36ce0000 - 0x00007ffd37470000 	C:\Windows\SYSTEM32\windows.storage.dll
0x00007ffd3a240000 - 0x00007ffd3a595000 	C:\Windows\System32\combase.dll
0x00007ffd38650000 - 0x00007ffd3867c000 	C:\Windows\SYSTEM32\Wldp.dll
0x00007ffd3b0d0000 - 0x00007ffd3b17d000 	C:\Windows\System32\SHCORE.dll
0x00007ffd3b260000 - 0x00007ffd3b2b5000 	C:\Windows\System32\shlwapi.dll
0x00007ffd38c10000 - 0x00007ffd38c2f000 	C:\Windows\SYSTEM32\profapi.dll
0x00007ffd1a880000 - 0x00007ffd1a89b000 	C:\Users\menen.desta\Documents\Katalon\Katalon_Studio_Windows_64-8.1.0\jre\bin\net.dll
0x00007ffd383b0000 - 0x00007ffd3841a000 	C:\Windows\system32\mswsock.dll
0x00007ffd1a860000 - 0x00007ffd1a871000 	C:\Users\menen.desta\Documents\Katalon\Katalon_Studio_Windows_64-8.1.0\jre\bin\nio.dll
0x00007ffd380e0000 - 0x00007ffd381ac000 	C:\Windows\SYSTEM32\DNSAPI.dll
0x00007ffd380a0000 - 0x00007ffd380db000 	C:\Windows\SYSTEM32\IPHLPAPI.DLL
0x00007ffd3ace0000 - 0x00007ffd3ace8000 	C:\Windows\System32\NSI.dll
0x00007ffd301a0000 - 0x00007ffd301aa000 	C:\Windows\System32\rasadhlp.dll
0x00007ffd30440000 - 0x00007ffd304bf000 	C:\Windows\System32\fwpuclnt.dll
0x00007ffd394d0000 - 0x00007ffd394f7000 	C:\Windows\System32\bcrypt.dll
0x00007ffd0f200000 - 0x00007ffd0f224000 	C:\Users\menen.desta\Documents\Katalon\Katalon_Studio_Windows_64-8.1.0\jre\bin\sunec.dll
0x00007ffd1a7e0000 - 0x00007ffd1a7ec000 	C:\Users\menen.desta\Documents\Katalon\Katalon_Studio_Windows_64-8.1.0\jre\bin\sunmscapi.dll
0x00007ffd392b0000 - 0x00007ffd39406000 	C:\Windows\System32\CRYPT32.dll
0x00007ffd386c0000 - 0x00007ffd386e7000 	C:\Windows\SYSTEM32\ncrypt.dll
0x00007ffd38680000 - 0x00007ffd386bb000 	C:\Windows\SYSTEM32\NTASN1.dll
0x00007ffd385a0000 - 0x00007ffd385b8000 	C:\Windows\SYSTEM32\CRYPTSP.dll
0x00007ffd37c20000 - 0x00007ffd37c54000 	C:\Windows\system32\rsaenh.dll
0x00007ffd38b90000 - 0x00007ffd38bbe000 	C:\Windows\SYSTEM32\USERENV.dll
0x00007ffd39410000 - 0x00007ffd39493000 	C:\Windows\System32\bcryptprimitives.dll
0x00007ffd385c0000 - 0x00007ffd385cc000 	C:\Windows\SYSTEM32\CRYPTBASE.dll
0x00007ffd310b0000 - 0x00007ffd310c7000 	C:\Windows\SYSTEM32\dhcpcsvc6.DLL
0x00007ffd31070000 - 0x00007ffd3108d000 	C:\Windows\SYSTEM32\dhcpcsvc.DLL

VM Arguments:
jvm_args: -Dgroovy.home=C:\Users\menen.desta/.groovy -Djava.system.class.loader=groovy.lang.GroovyClassLoader -Xmx2048m -Dfile.encoding=UTF-8 
java_command: org.codehaus.groovy.tools.GroovyStarter --classpath C:\Users\menen.desta\git\modpims-testing\Transfer Workflow\Transfer Workflow\bin\keyword;C:\Users\menen.desta\git\modpims-testing\Transfer Workflow\Transfer Workflow\Keywords;C:\Users\menen.desta\git\modpims-testing\Transfer Workflow\Transfer Workflow\bin\listener;C:\Users\menen.desta\git\modpims-testing\Transfer Workflow\Transfer Workflow\Test Listeners;C:\Users\menen.desta\git\modpims-testing\Transfer Workflow\Transfer Workflow\bin\lib;C:\Users\menen.desta\git\modpims-testing\Transfer Workflow\Transfer Workflow\Libs;C:\Users\menen.desta\git\modpims-testing\Transfer Workflow\Transfer Workflow\bin\groovy;C:\Users\menen.desta\git\modpims-testing\Transfer Workflow\Transfer Workflow\Include\scripts\groovy;C:\Users\menen.desta\Documents\Katalon\Katalon_Studio_Windows_64-8.1.0\plugins\com.kms.katalon.core_1.0.0.202108170301.jar;C:\Users\menen.desta\Documents\Katalon\Katalon_Studio_Windows_64-8.1.0\configuration\resources\lib\aalto-xml-1.0.0.jar;C:\Users\menen.desta\Documents\Katalon\Katalon_Studio_Windows_64-8.1.0\configuration\resources\lib\aspectjweaver-1.9.1.jar;C:\Users\menen.desta\Documents\Katalon\Katalon_Studio_Windows_64-8.1.0\configuration\resources\lib\bcpkix-jdk15on-1.64.jar;C:\Users\menen.desta\Documents\Katalon\Katalon_Studio_Windows_64-8.1.0\configuration\resources\lib\bcprov-jdk15on-1.64.jar;C:\Users\menen.desta\Documents\Katalon\Katalon_Studio_Windows_64-8.1.0\configuration\resources\lib\browsermob-core-2.1.5.jar;C:\Users\menen.desta\Documents\Katalon\Katalon_Studio_Windows_64-8.1.0\configuration\resources\lib\cglib-3.2.10.jar;C:\Users\menen.desta\Documents\Katalon\Katalon_Studio_Windows_64-8.1.0\configuration\resources\lib\commons-codec-1.10.jar;C:\Users\menen.desta\Documents\Katalon\Katalon_Studio_Windows_64-8.1.0\configuration\resources\lib\commons-collections4-4.1.jar;C:\Users\menen.desta\Documents\Katalon\Katalon_Studio_Windows_64-8.1.0\configuration\resources\lib\commons-validator-1
java_class_path (initial): C:\Users\menen.desta\git\modpims-testing\Transfer Workflow\Transfer Workflow\bin\keyword;C:\Users\menen.desta\git\modpims-testing\Transfer Workflow\Transfer Workflow\bin\listener;C:\Users\menen.desta\git\modpims-testing\Transfer Workflow\Transfer Workflow\bin\lib;C:\Users\menen.desta\git\modpims-testing\Transfer Workflow\Transfer Workflow\bin\groovy;C:\Users\menen.desta\git\modpims-testing\Transfer Workflow\Transfer Workflow\bin;C:\Users\menen.desta\Documents\Katalon\Katalon_Studio_Windows_64-8.1.0\plugins\com.kms.katalon.core_1.0.0.202108170301.jar;C:\Users\menen.desta\Documents\Katalon\Katalon_Studio_Windows_64-8.1.0\configuration\resources\lib\aalto-xml-1.0.0.jar;C:\Users\menen.desta\Documents\Katalon\Katalon_Studio_Windows_64-8.1.0\configuration\resources\lib\aspectjweaver-1.9.1.jar;C:\Users\menen.desta\Documents\Katalon\Katalon_Studio_Windows_64-8.1.0\configuration\resources\lib\bcpkix-jdk15on-1.64.jar;C:\Users\menen.desta\Documents\Katalon\Katalon_Studio_Windows_64-8.1.0\configuration\resources\lib\bcprov-jdk15on-1.64.jar;C:\Users\menen.desta\Documents\Katalon\Katalon_Studio_Windows_64-8.1.0\configuration\resources\lib\browsermob-core-2.1.5.jar;C:\Users\menen.desta\Documents\Katalon\Katalon_Studio_Windows_64-8.1.0\configuration\resources\lib\cglib-3.2.10.jar;C:\Users\menen.desta\Documents\Katalon\Katalon_Studio_Windows_64-8.1.0\configuration\resources\lib\commons-codec-1.10.jar;C:\Users\menen.desta\Documents\Katalon\Katalon_Studio_Windows_64-8.1.0\configuration\resources\lib\commons-collections4-4.1.jar;C:\Users\menen.desta\Documents\Katalon\Katalon_Studio_Windows_64-8.1.0\configuration\resources\lib\commons-validator-1.6.jar;C:\Users\menen.desta\Documents\Katalon\Katalon_Studio_Windows_64-8.1.0\configuration\resources\lib\curvesapi-1.04.jar;C:\Users\menen.desta\Documents\Katalon\Katalon_Studio_Windows_64-8.1.0\configuration\resources\lib\dnsjava-2.1.8.jar;C:\Users\menen.desta\Documents\Katalon\Katalon_Studio_Windows_64-8.1.0\confi
Launcher Type: SUN_STANDARD

Environment Variables:
PATH=C:/Users/menen.desta/Documents/Katalon/Katalon_Studio_Windows_64-8.1.0/jre/bin/server;C:/Users/menen.desta/Documents/Katalon/Katalon_Studio_Windows_64-8.1.0/jre/bin;C:/Users/menen.desta/Documents/Katalon/Katalon_Studio_Windows_64-8.1.0/jre/lib/amd64;C:\Windows\system32;C:\Windows;C:\Windows\System32\Wbem;C:\Windows\System32\WindowsPowerShell\v1.0\;C:\Windows\System32\OpenSSH\;C:\Program Files (x86)\Microsoft SQL Server\150\DTS\Binn\;C:\Program Files\Azure Data Studio\bin;C:\Program Files\Git\cmd;C:\Users\menen.desta\AppData\Local\Microsoft\WindowsApps;;C:\Users\menen.desta\Documents\Katalon\Katalon_Studio_Windows_64-8.1.0;
USERNAME=menen.desta
OS=Windows_NT
PROCESSOR_IDENTIFIER=Intel64 Family 6 Model 85 Stepping 4, GenuineIntel



---------------  S Y S T E M  ---------------

OS: Windows 10.0 , 64 bit Build 19041 (10.0.19041.1202)
HyperV virtualization detected

CPU:total 2 (initial active 2) (2 cores per cpu, 1 threads per core) family 6 model 85 stepping 4, cmov, cx8, fxsr, mmx, sse, sse2, sse3, ssse3, sse4.1, sse4.2, popcnt, avx, avx2, aes, clmul, erms, rtm, 3dnowpref, lzcnt, tsc, bmi1, bmi2, adx

Memory: 4k page, physical 8388148k(1659868k free), swap 10485040k(4108k free)

vm_info: OpenJDK 64-Bit Server VM (25.282-b08) for windows-amd64 JRE (Zulu 8.52.0.23-CA-win64) (1.8.0_282-b08), built on Jan 12 2021 07:45:49 by "tester" with MS VC++ 10.0 (VS2010)

time: Mon Oct 25 20:29:58 2021
timezone: Coordinated Universal Time
elapsed time: 20.074566 seconds (0d 0h 0m 20s)

