#
# There is insufficient memory for the Java Runtime Environment to continue.
# Native memory allocation (malloc) failed to allocate 1028176 bytes for Chunk::new
# Possible reasons:
#   The system is out of physical RAM or swap space
#   The process is running with CompressedOops enabled, and the Java Heap may be blocking the growth of the native heap
# Possible solutions:
#   Reduce memory load on the system
#   Increase physical memory or swap space
#   Check if swap backing store is full
#   Decrease Java heap size (-Xmx/-Xms)
#   Decrease number of Java threads
#   Decrease Java thread stack sizes (-Xss)
#   Set larger code cache with -XX:ReservedCodeCacheSize=
#   JVM is running with Unscaled Compressed Oops mode in which the Java heap is
#     placed in the first 4GB address space. The Java Heap base address is the
#     maximum limit for the native heap growth. Please use -XX:HeapBaseMinAddress
#     to set the Java Heap base and to place the Java Heap above 4GB virtual address.
# This output file may be truncated or incomplete.
#
#  Out of Memory Error (allocation.cpp:389), pid=4680, tid=0x0000000000001e58
#
# JRE version: OpenJDK Runtime Environment (Zulu 8.52.0.23-CA-win64) (8.0_282-b08) (build 1.8.0_282-b08)
# Java VM: OpenJDK 64-Bit Server VM (25.282-b08 mixed mode windows-amd64 compressed oops)
# Failed to write core dump. Minidumps are not enabled by default on client versions of Windows
#

---------------  T H R E A D  ---------------

Current thread (0x00000000181ef000):  JavaThread "C2 CompilerThread0" daemon [_thread_in_native, id=7768, stack(0x00000000184f0000,0x00000000185f0000)]

Stack: [0x00000000184f0000,0x00000000185f0000]
[error occurred during error reporting (printing stack bounds), id 0xc0000005]

Native frames: (J=compiled Java code, j=interpreted, Vv=VM code, C=native code)


Current CompileTask:
C2:  14237 2869   !   4       sun.misc.URLClassPath$JarLoader::getResource (353 bytes)


---------------  P R O C E S S  ---------------

Java Threads: ( => current thread )
  0x0000000019ee5000 JavaThread "Okio Watchdog" daemon [_thread_blocked, id=14116, stack(0x000000001d110000,0x000000001d210000)]
  0x000000001b138000 JavaThread "OkHttp ConnectionPool" daemon [_thread_blocked, id=9076, stack(0x000000001d010000,0x000000001d110000)]
  0x0000000019ee4800 JavaThread "ForkJoinPool.commonPool-worker-1" daemon [_thread_blocked, id=6204, stack(0x000000001cd10000,0x000000001ce10000)]
  0x0000000018a41800 JavaThread "Keep-Alive-Timer" daemon [_thread_blocked, id=13284, stack(0x000000001ca10000,0x000000001cb10000)]
  0x0000000019d7a000 JavaThread "Exec Stream Pumper" daemon [_thread_in_native, id=10420, stack(0x000000001c910000,0x000000001ca10000)]
  0x00000000189a0800 JavaThread "Exec Stream Pumper" daemon [_thread_in_native, id=15700, stack(0x000000001c810000,0x000000001c910000)]
  0x0000000019d79800 JavaThread "UrlChecker-2" daemon [_thread_blocked, id=15444, stack(0x000000001c610000,0x000000001c710000)]
  0x000000001b301800 JavaThread "Exec Default Executor" daemon [_thread_in_native, id=4976, stack(0x000000001c510000,0x000000001c610000)]
  0x00000000181f2800 JavaThread "Service Thread" daemon [_thread_blocked, id=908, stack(0x00000000186f0000,0x00000000187f0000)]
  0x00000000181ef800 JavaThread "C1 CompilerThread1" daemon [_thread_blocked, id=16212, stack(0x00000000185f0000,0x00000000186f0000)]
=>0x00000000181ef000 JavaThread "C2 CompilerThread0" daemon [_thread_in_native, id=7768, stack(0x00000000184f0000,0x00000000185f0000)]
  0x00000000181dc000 JavaThread "Attach Listener" daemon [_thread_blocked, id=15692, stack(0x00000000183f0000,0x00000000184f0000)]
  0x00000000181db000 JavaThread "Signal Dispatcher" daemon [_thread_blocked, id=7144, stack(0x00000000182f0000,0x00000000183f0000)]
  0x00000000170a3800 JavaThread "Finalizer" daemon [_thread_blocked, id=11936, stack(0x0000000017cf0000,0x0000000017df0000)]
  0x000000001709c000 JavaThread "Reference Handler" daemon [_thread_blocked, id=9472, stack(0x0000000017bf0000,0x0000000017cf0000)]
  0x00000000025e4800 JavaThread "Forwarding newSession on session null to remote" [_thread_in_native, id=2224, stack(0x00000000024d0000,0x00000000025d0000)]

Other Threads:
  0x0000000017076800 VMThread [stack: 0x0000000017af0000,0x0000000017bf0000] [id=4924]
  0x000000001829a800 WatcherThread [stack: 0x00000000187f0000,0x00000000188f0000] [id=8064]

VM state:not at safepoint (normal execution)

VM Mutex/Monitor currently owned by a thread: None

heap address: 0x0000000080000000, size: 2048 MB, Compressed Oops mode: 32-bit
Narrow klass base: 0x0000000000000000, Narrow klass shift: 3
Compressed class space size: 1073741824 Address: 0x0000000100000000

Heap:
 PSYoungGen      total 266240K, used 138040K [0x00000000d5580000, 0x00000000ed680000, 0x0000000100000000)
  eden space 256512K, 50% used [0x00000000d5580000,0x00000000dd504ba8,0x00000000e5000000)
  from space 9728K, 76% used [0x00000000e5000000,0x00000000e5749648,0x00000000e5980000)
  to   space 10240K, 0% used [0x00000000ecc80000,0x00000000ecc80000,0x00000000ed680000)
 ParOldGen       total 48640K, used 8379K [0x0000000080000000, 0x0000000082f80000, 0x00000000d5580000)
  object space 48640K, 17% used [0x0000000080000000,0x000000008082eca0,0x0000000082f80000)
 Metaspace       used 30088K, capacity 30952K, committed 31232K, reserved 1077248K
  class space    used 3564K, capacity 3801K, committed 3840K, reserved 1048576K

Card table byte_map: [0x0000000011a90000,0x0000000011ea0000] byte_map_base: 0x0000000011690000

Marking Bits: (ParMarkBitMap*) 0x0000000065891f00
 Begin Bits: [0x0000000012350000, 0x0000000014350000)
 End Bits:   [0x0000000014350000, 0x0000000016350000)

Polling page: 0x0000000000710000

CodeCache: size=245760Kb used=11998Kb max_used=11998Kb free=233761Kb
 bounds [0x00000000026d0000, 0x0000000003290000, 0x00000000116d0000]
 total_blobs=3695 nmethods=3019 adapters=586
 compilation: enabled

Compilation events (10 events):
Event: 13.928 Thread 0x00000000181ef800 3052       3       com.google.common.base.Preconditions::checkArgument (13 bytes)
Event: 13.928 Thread 0x00000000181ef800 nmethod 3052 0x000000000328a8d0 code [0x000000000328aa40, 0x000000000328ac68]
Event: 13.961 Thread 0x00000000181ef800 3054       1       java.util.regex.Pattern::flags (5 bytes)
Event: 13.961 Thread 0x00000000181ef800 nmethod 3054 0x000000000328af90 code [0x000000000328b0e0, 0x000000000328b1f0]
Event: 13.961 Thread 0x00000000181ef800 3055       2       java.util.regex.Pattern$CharProperty::<init> (5 bytes)
Event: 13.961 Thread 0x00000000181ef800 nmethod 3055 0x000000000328b250 code [0x000000000328b3a0, 0x000000000328b510]
Event: 13.961 Thread 0x00000000181ef800 3056       2       java.util.regex.Pattern$CharProperty::<init> (5 bytes)
Event: 13.961 Thread 0x00000000181ef800 nmethod 3056 0x000000000328b590 code [0x000000000328b6e0, 0x000000000328b850]
Event: 13.961 Thread 0x00000000181ef800 3057       2       java.util.regex.Pattern$CharProperty::match (56 bytes)
Event: 13.962 Thread 0x00000000181ef800 nmethod 3057 0x000000000328b8d0 code [0x000000000328ba60, 0x000000000328bcc8]

GC Heap History (10 events):
Event: 8.621 GC heap before
{Heap before GC invocations=6 (full 0):
 PSYoungGen      total 71680K, used 71650K [0x00000000d5580000, 0x00000000de780000, 0x0000000100000000)
  eden space 66560K, 100% used [0x00000000d5580000,0x00000000d9680000,0x00000000d9680000)
  from space 5120K, 99% used [0x00000000d9680000,0x00000000d9b78858,0x00000000d9b80000)
  to   space 8192K, 0% used [0x00000000ddf80000,0x00000000ddf80000,0x00000000de780000)
 ParOldGen       total 87552K, used 3528K [0x0000000080000000, 0x0000000085580000, 0x00000000d5580000)
  object space 87552K, 4% used [0x0000000080000000,0x0000000080372248,0x0000000085580000)
 Metaspace       used 20450K, capacity 20778K, committed 21120K, reserved 1069056K
  class space    used 2266K, capacity 2389K, committed 2432K, reserved 1048576K
Event: 8.637 GC heap after
Heap after GC invocations=6 (full 0):
 PSYoungGen      total 139776K, used 8188K [0x00000000d5580000, 0x00000000dea80000, 0x0000000100000000)
  eden space 131584K, 0% used [0x00000000d5580000,0x00000000d5580000,0x00000000dd600000)
  from space 8192K, 99% used [0x00000000ddf80000,0x00000000de77f090,0x00000000de780000)
  to   space 9728K, 0% used [0x00000000dd600000,0x00000000dd600000,0x00000000ddf80000)
 ParOldGen       total 87552K, used 4136K [0x0000000080000000, 0x0000000085580000, 0x00000000d5580000)
  object space 87552K, 4% used [0x0000000080000000,0x000000008040a2b8,0x0000000085580000)
 Metaspace       used 20450K, capacity 20778K, committed 21120K, reserved 1069056K
  class space    used 2266K, capacity 2389K, committed 2432K, reserved 1048576K
}
Event: 8.715 GC heap before
{Heap before GC invocations=7 (full 0):
 PSYoungGen      total 139776K, used 13433K [0x00000000d5580000, 0x00000000dea80000, 0x0000000100000000)
  eden space 131584K, 3% used [0x00000000d5580000,0x00000000d5a9f750,0x00000000dd600000)
  from space 8192K, 99% used [0x00000000ddf80000,0x00000000de77f090,0x00000000de780000)
  to   space 9728K, 0% used [0x00000000dd600000,0x00000000dd600000,0x00000000ddf80000)
 ParOldGen       total 87552K, used 4136K [0x0000000080000000, 0x0000000085580000, 0x00000000d5580000)
  object space 87552K, 4% used [0x0000000080000000,0x000000008040a2b8,0x0000000085580000)
 Metaspace       used 20826K, capacity 21072K, committed 21296K, reserved 1069056K
  class space    used 2315K, capacity 2424K, committed 2432K, reserved 1048576K
Event: 8.737 GC heap after
Heap after GC invocations=7 (full 0):
 PSYoungGen      total 141312K, used 3865K [0x00000000d5580000, 0x00000000e6980000, 0x0000000100000000)
  eden space 131584K, 0% used [0x00000000d5580000,0x00000000d5580000,0x00000000dd600000)
  from space 9728K, 39% used [0x00000000dd600000,0x00000000dd9c6400,0x00000000ddf80000)
  to   space 9728K, 0% used [0x00000000e6000000,0x00000000e6000000,0x00000000e6980000)
 ParOldGen       total 87552K, used 7335K [0x0000000080000000, 0x0000000085580000, 0x00000000d5580000)
  object space 87552K, 8% used [0x0000000080000000,0x0000000080729d98,0x0000000085580000)
 Metaspace       used 20826K, capacity 21072K, committed 21296K, reserved 1069056K
  class space    used 2315K, capacity 2424K, committed 2432K, reserved 1048576K
}
Event: 8.737 GC heap before
{Heap before GC invocations=8 (full 1):
 PSYoungGen      total 141312K, used 3865K [0x00000000d5580000, 0x00000000e6980000, 0x0000000100000000)
  eden space 131584K, 0% used [0x00000000d5580000,0x00000000d5580000,0x00000000dd600000)
  from space 9728K, 39% used [0x00000000dd600000,0x00000000dd9c6400,0x00000000ddf80000)
  to   space 9728K, 0% used [0x00000000e6000000,0x00000000e6000000,0x00000000e6980000)
 ParOldGen       total 87552K, used 7335K [0x0000000080000000, 0x0000000085580000, 0x00000000d5580000)
  object space 87552K, 8% used [0x0000000080000000,0x0000000080729d98,0x0000000085580000)
 Metaspace       used 20826K, capacity 21072K, committed 21296K, reserved 1069056K
  class space    used 2315K, capacity 2424K, committed 2432K, reserved 1048576K
Event: 8.800 GC heap after
Heap after GC invocations=8 (full 1):
 PSYoungGen      total 141312K, used 0K [0x00000000d5580000, 0x00000000e6980000, 0x0000000100000000)
  eden space 131584K, 0% used [0x00000000d5580000,0x00000000d5580000,0x00000000dd600000)
  from space 9728K, 0% used [0x00000000dd600000,0x00000000dd600000,0x00000000ddf80000)
  to   space 9728K, 0% used [0x00000000e6000000,0x00000000e6000000,0x00000000e6980000)
 ParOldGen       total 48640K, used 8371K [0x0000000080000000, 0x0000000082f80000, 0x00000000d5580000)
  object space 48640K, 17% used [0x0000000080000000,0x000000008082cca0,0x0000000082f80000)
 Metaspace       used 20826K, capacity 21072K, committed 21296K, reserved 1069056K
  class space    used 2315K, capacity 2424K, committed 2432K, reserved 1048576K
}
Event: 9.712 GC heap before
{Heap before GC invocations=9 (full 1):
 PSYoungGen      total 141312K, used 131584K [0x00000000d5580000, 0x00000000e6980000, 0x0000000100000000)
  eden space 131584K, 100% used [0x00000000d5580000,0x00000000dd600000,0x00000000dd600000)
  from space 9728K, 0% used [0x00000000dd600000,0x00000000dd600000,0x00000000ddf80000)
  to   space 9728K, 0% used [0x00000000e6000000,0x00000000e6000000,0x00000000e6980000)
 ParOldGen       total 48640K, used 8371K [0x0000000080000000, 0x0000000082f80000, 0x00000000d5580000)
  object space 48640K, 17% used [0x0000000080000000,0x000000008082cca0,0x0000000082f80000)
 Metaspace       used 22073K, capacity 22392K, committed 22704K, reserved 1069056K
  class space    used 2418K, capacity 2541K, committed 2560K, reserved 1048576K
Event: 9.719 GC heap after
Heap after GC invocations=9 (full 1):
 PSYoungGen      total 250368K, used 2725K [0x00000000d5580000, 0x00000000e6300000, 0x0000000100000000)
  eden space 247296K, 0% used [0x00000000d5580000,0x00000000d5580000,0x00000000e4700000)
  from space 3072K, 88% used [0x00000000e6000000,0x00000000e62a97d8,0x00000000e6300000)
  to   space 9728K, 0% used [0x00000000e5000000,0x00000000e5000000,0x00000000e5980000)
 ParOldGen       total 48640K, used 8371K [0x0000000080000000, 0x0000000082f80000, 0x00000000d5580000)
  object space 48640K, 17% used [0x0000000080000000,0x000000008082cca0,0x0000000082f80000)
 Metaspace       used 22073K, capacity 22392K, committed 22704K, reserved 1069056K
  class space    used 2418K, capacity 2541K, committed 2560K, reserved 1048576K
}
Event: 11.393 GC heap before
{Heap before GC invocations=10 (full 1):
 PSYoungGen      total 250368K, used 250021K [0x00000000d5580000, 0x00000000e6300000, 0x0000000100000000)
  eden space 247296K, 100% used [0x00000000d5580000,0x00000000e4700000,0x00000000e4700000)
  from space 3072K, 88% used [0x00000000e6000000,0x00000000e62a97d8,0x00000000e6300000)
  to   space 9728K, 0% used [0x00000000e5000000,0x00000000e5000000,0x00000000e5980000)
 ParOldGen       total 48640K, used 8371K [0x0000000080000000, 0x0000000082f80000, 0x00000000d5580000)
  object space 48640K, 17% used [0x0000000080000000,0x000000008082cca0,0x0000000082f80000)
 Metaspace       used 22837K, capacity 23142K, committed 23424K, reserved 1071104K
  class space    used 2507K, capacity 2619K, committed 2688K, reserved 1048576K
Event: 11.409 GC heap after
Heap after GC invocations=10 (full 1):
 PSYoungGen      total 266240K, used 7461K [0x00000000d5580000, 0x00000000ed680000, 0x0000000100000000)
  eden space 256512K, 0% used [0x00000000d5580000,0x00000000d5580000,0x00000000e5000000)
  from space 9728K, 76% used [0x00000000e5000000,0x00000000e5749648,0x00000000e5980000)
  to   space 10240K, 0% used [0x00000000ecc80000,0x00000000ecc80000,0x00000000ed680000)
 ParOldGen       total 48640K, used 8379K [0x0000000080000000, 0x0000000082f80000, 0x00000000d5580000)
  object space 48640K, 17% used [0x0000000080000000,0x000000008082eca0,0x0000000082f80000)
 Metaspace       used 22837K, capacity 23142K, committed 23424K, reserved 1071104K
  class space    used 2507K, capacity 2619K, committed 2688K, reserved 1048576K
}

Deoptimization events (10 events):
Event: 12.971 Thread 0x00000000025e4800 Uncommon trap: reason=unstable_if action=reinterpret pc=0x00000000028b9b48 method=java.lang.String.replace(CC)Ljava/lang/String; @ 2
Event: 12.974 Thread 0x00000000025e4800 Uncommon trap: reason=unstable_if action=reinterpret pc=0x0000000002986988 method=sun.net.util.IPAddressUtil.scan(Ljava/lang/String;JJ[C)I @ 14
Event: 13.817 Thread 0x00000000025e4800 Uncommon trap: reason=bimorphic action=maybe_recompile pc=0x00000000030f61b0 method=java.util.regex.Matcher.search(I)Z @ 86
Event: 13.817 Thread 0x00000000025e4800 Uncommon trap: reason=bimorphic action=maybe_recompile pc=0x00000000030f61b0 method=java.util.regex.Matcher.search(I)Z @ 86
Event: 13.817 Thread 0x00000000025e4800 Uncommon trap: reason=bimorphic action=maybe_recompile pc=0x00000000030f61b0 method=java.util.regex.Matcher.search(I)Z @ 86
Event: 13.817 Thread 0x00000000025e4800 Uncommon trap: reason=bimorphic action=maybe_recompile pc=0x00000000030f61b0 method=java.util.regex.Matcher.search(I)Z @ 86
Event: 13.817 Thread 0x00000000025e4800 Uncommon trap: reason=unstable_if action=reinterpret pc=0x00000000030cae10 method=java.util.regex.Pattern$CharProperty.match(Ljava/util/regex/Matcher;ILjava/lang/CharSequence;)Z @ 21
Event: 13.941 Thread 0x00000000025e4800 Uncommon trap: reason=unstable_if action=reinterpret pc=0x00000000027e4c54 method=java.util.regex.Pattern$BmpCharProperty.match(Ljava/util/regex/Matcher;ILjava/lang/CharSequence;)Z @ 34
Event: 13.991 Thread 0x00000000025e4800 Uncommon trap: reason=class_check action=maybe_recompile pc=0x000000000312b8dc method=java.util.HashSet.contains(Ljava/lang/Object;)Z @ 5
Event: 13.991 Thread 0x00000000025e4800 Uncommon trap: reason=class_check action=maybe_recompile pc=0x000000000312b8dc method=java.util.HashSet.contains(Ljava/lang/Object;)Z @ 5

Classes redefined (0 events):
No events

Internal exceptions (10 events):
Event: 11.807 Thread 0x00000000025e4800 Exception <a 'java/lang/ClassNotFoundException': com/kms/katalon/core/webui/keyword/builtin/OpenBrowserKeywordBeanInfo> (0x00000000d88800a0) thrown at [C:\jenkins\workspace\zulu8-silver-build-win64\zulu-src\hotspot\src\share\vm\classfile\systemDictionary.
Event: 11.811 Thread 0x00000000025e4800 Exception <a 'java/lang/ClassNotFoundException': com/kms/katalon/core/webui/keyword/internal/WebUIAbstractKeywordBeanInfo> (0x00000000d896edb8) thrown at [C:\jenkins\workspace\zulu8-silver-build-win64\zulu-src\hotspot\src\share\vm\classfile\systemDictiona
Event: 11.815 Thread 0x00000000025e4800 Exception <a 'java/lang/ClassNotFoundException': com/kms/katalon/core/webui/keyword/internal/WebUIAbstractKeywordCustomizer> (0x00000000d8a629f8) thrown at [C:\jenkins\workspace\zulu8-silver-build-win64\zulu-src\hotspot\src\share\vm\classfile\systemDictio
Event: 11.819 Thread 0x00000000025e4800 Exception <a 'java/lang/ClassNotFoundException': com/kms/katalon/core/webui/keyword/builtin/OpenBrowserKeywordCustomizer> (0x00000000d8b56fb0) thrown at [C:\jenkins\workspace\zulu8-silver-build-win64\zulu-src\hotspot\src\share\vm\classfile\systemDictionar
Event: 11.836 Thread 0x00000000025e4800 Exception <a 'java/lang/ClassNotFoundException': com/kms/katalon/core/webui/keyword/builtin/InternalSmartWaitGroovyWrapperBeanInfo> (0x00000000d8ddd8c8) thrown at [C:\jenkins\workspace\zulu8-silver-build-win64\zulu-src\hotspot\src\share\vm\classfile\syste
Event: 11.840 Thread 0x00000000025e4800 Exception <a 'java/lang/ClassNotFoundException': com/kms/katalon/core/webui/keyword/builtin/InternalSmartWaitGroovyWrapperCustomizer> (0x00000000d8ee5918) thrown at [C:\jenkins\workspace\zulu8-silver-build-win64\zulu-src\hotspot\src\share\vm\classfile\sys
Event: 13.514 Thread 0x0000000019d79800 Exception <a 'java/net/SocketTimeoutException': connect timed out> (0x00000000db219300) thrown at [C:\jenkins\workspace\zulu8-silver-build-win64\zulu-src\hotspot\src\share\vm\prims\jni.cpp, line 738]
Event: 13.566 Thread 0x00000000025e4800 Exception <a 'java/lang/IncompatibleClassChangeError': Found class java.lang.Object, but interface was expected> (0x00000000dbad9e40) thrown at [C:\jenkins\workspace\zulu8-silver-build-win64\zulu-src\hotspot\src\share\vm\interpreter\linkResolver.cpp, line
Event: 13.574 Thread 0x00000000025e4800 Exception <a 'java/lang/NoSuchMethodError': java.lang.Object.lambda$or$2(Ljava/util/function/Predicate;Ljava/lang/Object;)Z> (0x00000000dbaf83a0) thrown at [C:\jenkins\workspace\zulu8-silver-build-win64\zulu-src\hotspot\src\share\vm\interpreter\linkResolv
Event: 13.669 Thread 0x00000000025e4800 Exception <a 'java/lang/NoSuchMethodError': java.lang.Object.lambda$chars$0()Ljava/util/Spliterator$OfInt;> (0x00000000dbed5018) thrown at [C:\jenkins\workspace\zulu8-silver-build-win64\zulu-src\hotspot\src\share\vm\interpreter\linkResolver.cpp, line 620]

Events (10 events):
Event: 13.991 Thread 0x00000000025e4800 DEOPT UNPACKING pc=0x000000000271567b sp=0x00000000025cb730 mode 2
Event: 13.991 Thread 0x00000000025e4800 Uncommon trap: trap_request=0xffffffde fr.pc=0x000000000312b8dc
Event: 13.991 Thread 0x00000000025e4800 DEOPT PACKING pc=0x000000000312b8dc sp=0x00000000025cb780
Event: 13.991 Thread 0x00000000025e4800 DEOPT UNPACKING pc=0x000000000271567b sp=0x00000000025cb730 mode 2
Event: 13.996 loading class java/net/UnknownServiceException
Event: 13.996 loading class java/net/UnknownServiceException done
Event: 14.012 Thread 0x000000001b138000 Thread added: 0x000000001b138000
Event: 14.020 Thread 0x0000000019ee5000 Thread added: 0x0000000019ee5000
Event: 14.020 Executing VM operation: RevokeBias
Event: 14.021 Executing VM operation: RevokeBias done


Dynamic libraries:
0x00007ff6ff3b0000 - 0x00007ff6ff3e5000 	C:\Users\menen.desta\Documents\Katalon\Katalon_Studio_Windows_64-8.1.0\jre\bin\javaw.exe
0x00007ffd3b5b0000 - 0x00007ffd3b7a5000 	C:\Windows\SYSTEM32\ntdll.dll
0x00007ffd39710000 - 0x00007ffd397ce000 	C:\Windows\System32\KERNEL32.DLL
0x00007ffd38dd0000 - 0x00007ffd39099000 	C:\Windows\System32\KERNELBASE.dll
0x00007ffd39600000 - 0x00007ffd396ac000 	C:\Windows\System32\ADVAPI32.dll
0x00007ffd39b30000 - 0x00007ffd39bce000 	C:\Windows\System32\msvcrt.dll
0x00007ffd399e0000 - 0x00007ffd39a7b000 	C:\Windows\System32\sechost.dll
0x00007ffd3a060000 - 0x00007ffd3a18a000 	C:\Windows\System32\RPCRT4.dll
0x00007ffd3b300000 - 0x00007ffd3b4a1000 	C:\Windows\System32\USER32.dll
0x00007ffd394a0000 - 0x00007ffd394c2000 	C:\Windows\System32\win32u.dll
0x00007ffd3b2c0000 - 0x00007ffd3b2eb000 	C:\Windows\System32\GDI32.dll
0x00007ffd39140000 - 0x00007ffd3924b000 	C:\Windows\System32\gdi32full.dll
0x00007ffd390a0000 - 0x00007ffd3913d000 	C:\Windows\System32\msvcp_win.dll
0x00007ffd39500000 - 0x00007ffd39600000 	C:\Windows\System32\ucrtbase.dll
0x00007ffd18060000 - 0x00007ffd182fa000 	C:\Windows\WinSxS\amd64_microsoft.windows.common-controls_6595b64144ccf1df_6.0.19041.1110_none_60b5254171f9507e\COMCTL32.dll
0x00007ffd3a190000 - 0x00007ffd3a1c0000 	C:\Windows\System32\IMM32.DLL
0x0000000064e90000 - 0x0000000064f62000 	C:\Users\menen.desta\Documents\Katalon\Katalon_Studio_Windows_64-8.1.0\jre\bin\msvcr100.dll
0x0000000065050000 - 0x0000000065915000 	C:\Users\menen.desta\Documents\Katalon\Katalon_Studio_Windows_64-8.1.0\jre\bin\server\jvm.dll
0x00007ffd3b2f0000 - 0x00007ffd3b2f8000 	C:\Windows\System32\PSAPI.DLL
0x00007ffd23100000 - 0x00007ffd23109000 	C:\Windows\SYSTEM32\WSOCK32.dll
0x00007ffd3ae20000 - 0x00007ffd3ae8b000 	C:\Windows\System32\WS2_32.dll
0x00007ffd1e080000 - 0x00007ffd1e0a7000 	C:\Windows\SYSTEM32\WINMM.dll
0x00007ffd30b70000 - 0x00007ffd30b7a000 	C:\Windows\SYSTEM32\VERSION.dll
0x00007ffd04650000 - 0x00007ffd0465f000 	C:\Users\menen.desta\Documents\Katalon\Katalon_Studio_Windows_64-8.1.0\jre\bin\verify.dll
0x00007ffcf6920000 - 0x00007ffcf6949000 	C:\Users\menen.desta\Documents\Katalon\Katalon_Studio_Windows_64-8.1.0\jre\bin\java.dll
0x00007ffcf6680000 - 0x00007ffcf6696000 	C:\Users\menen.desta\Documents\Katalon\Katalon_Studio_Windows_64-8.1.0\jre\bin\zip.dll
0x00007ffd3a5a0000 - 0x00007ffd3acdf000 	C:\Windows\System32\SHELL32.dll
0x00007ffd36ce0000 - 0x00007ffd37470000 	C:\Windows\SYSTEM32\windows.storage.dll
0x00007ffd3a240000 - 0x00007ffd3a595000 	C:\Windows\System32\combase.dll
0x00007ffd38650000 - 0x00007ffd3867c000 	C:\Windows\SYSTEM32\Wldp.dll
0x00007ffd3b0d0000 - 0x00007ffd3b17d000 	C:\Windows\System32\SHCORE.dll
0x00007ffd3b260000 - 0x00007ffd3b2b5000 	C:\Windows\System32\shlwapi.dll
0x00007ffd38c10000 - 0x00007ffd38c2f000 	C:\Windows\SYSTEM32\profapi.dll
0x00007ffcf6510000 - 0x00007ffcf652b000 	C:\Users\menen.desta\Documents\Katalon\Katalon_Studio_Windows_64-8.1.0\jre\bin\net.dll
0x00007ffd383b0000 - 0x00007ffd3841a000 	C:\Windows\system32\mswsock.dll
0x00007ffcf64f0000 - 0x00007ffcf6501000 	C:\Users\menen.desta\Documents\Katalon\Katalon_Studio_Windows_64-8.1.0\jre\bin\nio.dll
0x00007ffd380e0000 - 0x00007ffd381ac000 	C:\Windows\SYSTEM32\DNSAPI.dll
0x00007ffd380a0000 - 0x00007ffd380db000 	C:\Windows\SYSTEM32\IPHLPAPI.DLL
0x00007ffd3ace0000 - 0x00007ffd3ace8000 	C:\Windows\System32\NSI.dll
0x00007ffd301a0000 - 0x00007ffd301aa000 	C:\Windows\System32\rasadhlp.dll
0x00007ffd30440000 - 0x00007ffd304bf000 	C:\Windows\System32\fwpuclnt.dll
0x00007ffd394d0000 - 0x00007ffd394f7000 	C:\Windows\System32\bcrypt.dll
0x00007ffd06db0000 - 0x00007ffd06dd4000 	C:\Users\menen.desta\Documents\Katalon\Katalon_Studio_Windows_64-8.1.0\jre\bin\sunec.dll
0x00007ffd2a2d0000 - 0x00007ffd2a2dc000 	C:\Users\menen.desta\Documents\Katalon\Katalon_Studio_Windows_64-8.1.0\jre\bin\sunmscapi.dll
0x00007ffd392b0000 - 0x00007ffd39406000 	C:\Windows\System32\CRYPT32.dll
0x00007ffd386c0000 - 0x00007ffd386e7000 	C:\Windows\SYSTEM32\ncrypt.dll
0x00007ffd38680000 - 0x00007ffd386bb000 	C:\Windows\SYSTEM32\NTASN1.dll
0x00007ffd385a0000 - 0x00007ffd385b8000 	C:\Windows\SYSTEM32\CRYPTSP.dll
0x00007ffd37c20000 - 0x00007ffd37c54000 	C:\Windows\system32\rsaenh.dll
0x00007ffd38b90000 - 0x00007ffd38bbe000 	C:\Windows\SYSTEM32\USERENV.dll
0x00007ffd39410000 - 0x00007ffd39493000 	C:\Windows\System32\bcryptprimitives.dll
0x00007ffd385c0000 - 0x00007ffd385cc000 	C:\Windows\SYSTEM32\CRYPTBASE.dll
0x00007ffd310b0000 - 0x00007ffd310c7000 	C:\Windows\SYSTEM32\dhcpcsvc6.DLL
0x00007ffd31070000 - 0x00007ffd3108d000 	C:\Windows\SYSTEM32\dhcpcsvc.DLL

VM Arguments:
jvm_args: -Dgroovy.home=C:\Users\menen.desta/.groovy -Djava.system.class.loader=groovy.lang.GroovyClassLoader -Xmx2048m -Dfile.encoding=UTF-8 
java_command: org.codehaus.groovy.tools.GroovyStarter --classpath C:\Users\menen.desta\git\modpims-testing\Transfer Workflow\Transfer Workflow\bin\keyword;C:\Users\menen.desta\git\modpims-testing\Transfer Workflow\Transfer Workflow\Keywords;C:\Users\menen.desta\git\modpims-testing\Transfer Workflow\Transfer Workflow\bin\listener;C:\Users\menen.desta\git\modpims-testing\Transfer Workflow\Transfer Workflow\Test Listeners;C:\Users\menen.desta\git\modpims-testing\Transfer Workflow\Transfer Workflow\bin\lib;C:\Users\menen.desta\git\modpims-testing\Transfer Workflow\Transfer Workflow\Libs;C:\Users\menen.desta\git\modpims-testing\Transfer Workflow\Transfer Workflow\bin\groovy;C:\Users\menen.desta\git\modpims-testing\Transfer Workflow\Transfer Workflow\Include\scripts\groovy;C:\Users\menen.desta\Documents\Katalon\Katalon_Studio_Windows_64-8.1.0\plugins\com.kms.katalon.core_1.0.0.202108170301.jar;C:\Users\menen.desta\Documents\Katalon\Katalon_Studio_Windows_64-8.1.0\configuration\resources\lib\aalto-xml-1.0.0.jar;C:\Users\menen.desta\Documents\Katalon\Katalon_Studio_Windows_64-8.1.0\configuration\resources\lib\aspectjweaver-1.9.1.jar;C:\Users\menen.desta\Documents\Katalon\Katalon_Studio_Windows_64-8.1.0\configuration\resources\lib\bcpkix-jdk15on-1.64.jar;C:\Users\menen.desta\Documents\Katalon\Katalon_Studio_Windows_64-8.1.0\configuration\resources\lib\bcprov-jdk15on-1.64.jar;C:\Users\menen.desta\Documents\Katalon\Katalon_Studio_Windows_64-8.1.0\configuration\resources\lib\browsermob-core-2.1.5.jar;C:\Users\menen.desta\Documents\Katalon\Katalon_Studio_Windows_64-8.1.0\configuration\resources\lib\cglib-3.2.10.jar;C:\Users\menen.desta\Documents\Katalon\Katalon_Studio_Windows_64-8.1.0\configuration\resources\lib\commons-codec-1.10.jar;C:\Users\menen.desta\Documents\Katalon\Katalon_Studio_Windows_64-8.1.0\configuration\resources\lib\commons-collections4-4.1.jar;C:\Users\menen.desta\Documents\Katalon\Katalon_Studio_Windows_64-8.1.0\configuration\resources\lib\commons-validator-1
java_class_path (initial): C:\Users\menen.desta\git\modpims-testing\Transfer Workflow\Transfer Workflow\bin\keyword;C:\Users\menen.desta\git\modpims-testing\Transfer Workflow\Transfer Workflow\bin\listener;C:\Users\menen.desta\git\modpims-testing\Transfer Workflow\Transfer Workflow\bin\lib;C:\Users\menen.desta\git\modpims-testing\Transfer Workflow\Transfer Workflow\bin\groovy;C:\Users\menen.desta\git\modpims-testing\Transfer Workflow\Transfer Workflow\bin;C:\Users\menen.desta\Documents\Katalon\Katalon_Studio_Windows_64-8.1.0\plugins\com.kms.katalon.core_1.0.0.202108170301.jar;C:\Users\menen.desta\Documents\Katalon\Katalon_Studio_Windows_64-8.1.0\configuration\resources\lib\aalto-xml-1.0.0.jar;C:\Users\menen.desta\Documents\Katalon\Katalon_Studio_Windows_64-8.1.0\configuration\resources\lib\aspectjweaver-1.9.1.jar;C:\Users\menen.desta\Documents\Katalon\Katalon_Studio_Windows_64-8.1.0\configuration\resources\lib\bcpkix-jdk15on-1.64.jar;C:\Users\menen.desta\Documents\Katalon\Katalon_Studio_Windows_64-8.1.0\configuration\resources\lib\bcprov-jdk15on-1.64.jar;C:\Users\menen.desta\Documents\Katalon\Katalon_Studio_Windows_64-8.1.0\configuration\resources\lib\browsermob-core-2.1.5.jar;C:\Users\menen.desta\Documents\Katalon\Katalon_Studio_Windows_64-8.1.0\configuration\resources\lib\cglib-3.2.10.jar;C:\Users\menen.desta\Documents\Katalon\Katalon_Studio_Windows_64-8.1.0\configuration\resources\lib\commons-codec-1.10.jar;C:\Users\menen.desta\Documents\Katalon\Katalon_Studio_Windows_64-8.1.0\configuration\resources\lib\commons-collections4-4.1.jar;C:\Users\menen.desta\Documents\Katalon\Katalon_Studio_Windows_64-8.1.0\configuration\resources\lib\commons-validator-1.6.jar;C:\Users\menen.desta\Documents\Katalon\Katalon_Studio_Windows_64-8.1.0\configuration\resources\lib\curvesapi-1.04.jar;C:\Users\menen.desta\Documents\Katalon\Katalon_Studio_Windows_64-8.1.0\configuration\resources\lib\dnsjava-2.1.8.jar;C:\Users\menen.desta\Documents\Katalon\Katalon_Studio_Windows_64-8.1.0\confi
Launcher Type: SUN_STANDARD

Environment Variables:
PATH=C:/Users/menen.desta/Documents/Katalon/Katalon_Studio_Windows_64-8.1.0/jre/bin/server;C:/Users/menen.desta/Documents/Katalon/Katalon_Studio_Windows_64-8.1.0/jre/bin;C:/Users/menen.desta/Documents/Katalon/Katalon_Studio_Windows_64-8.1.0/jre/lib/amd64;C:\Windows\system32;C:\Windows;C:\Windows\System32\Wbem;C:\Windows\System32\WindowsPowerShell\v1.0\;C:\Windows\System32\OpenSSH\;C:\Program Files (x86)\Microsoft SQL Server\150\DTS\Binn\;C:\Program Files\Azure Data Studio\bin;C:\Program Files\Git\cmd;C:\Users\menen.desta\AppData\Local\Microsoft\WindowsApps;;C:\Users\menen.desta\Documents\Katalon\Katalon_Studio_Windows_64-8.1.0;
USERNAME=menen.desta
OS=Windows_NT
PROCESSOR_IDENTIFIER=Intel64 Family 6 Model 85 Stepping 4, GenuineIntel



---------------  S Y S T E M  ---------------

OS: Windows 10.0 , 64 bit Build 19041 (10.0.19041.1202)
HyperV virtualization detected

CPU:total 2 (initial active 2) (2 cores per cpu, 1 threads per core) family 6 model 85 stepping 4, cmov, cx8, fxsr, mmx, sse, sse2, sse3, ssse3, sse4.1, sse4.2, popcnt, avx, avx2, aes, clmul, erms, rtm, 3dnowpref, lzcnt, tsc, bmi1, bmi2, adx

Memory: 4k page, physical 8388148k(2232220k free), swap 10485040k(4224k free)

vm_info: OpenJDK 64-Bit Server VM (25.282-b08) for windows-amd64 JRE (Zulu 8.52.0.23-CA-win64) (1.8.0_282-b08), built on Jan 12 2021 07:45:49 by "tester" with MS VC++ 10.0 (VS2010)

time: Mon Nov 01 12:36:26 2021
timezone: Coordinated Universal Time
elapsed time: 14.243386 seconds (0d 0h 0m 14s)

