#
# There is insufficient memory for the Java Runtime Environment to continue.
# Native memory allocation (malloc) failed to allocate 86304 bytes for Chunk::new
# Possible reasons:
#   The system is out of physical RAM or swap space
#   The process is running with CompressedOops enabled, and the Java Heap may be blocking the growth of the native heap
# Possible solutions:
#   Reduce memory load on the system
#   Increase physical memory or swap space
#   Check if swap backing store is full
#   Decrease Java heap size (-Xmx/-Xms)
#   Decrease number of Java threads
#   Decrease Java thread stack sizes (-Xss)
#   Set larger code cache with -XX:ReservedCodeCacheSize=
#   JVM is running with Unscaled Compressed Oops mode in which the Java heap is
#     placed in the first 4GB address space. The Java Heap base address is the
#     maximum limit for the native heap growth. Please use -XX:HeapBaseMinAddress
#     to set the Java Heap base and to place the Java Heap above 4GB virtual address.
# This output file may be truncated or incomplete.
#
#  Out of Memory Error (allocation.cpp:389), pid=14756, tid=0x00000000000029d0
#
# JRE version: OpenJDK Runtime Environment (Zulu 8.52.0.23-CA-win64) (8.0_282-b08) (build 1.8.0_282-b08)
# Java VM: OpenJDK 64-Bit Server VM (25.282-b08 mixed mode windows-amd64 compressed oops)
# Failed to write core dump. Minidumps are not enabled by default on client versions of Windows
#

---------------  T H R E A D  ---------------

Current thread (0x0000000018dff800):  JavaThread "C2 CompilerThread0" daemon [_thread_in_native, id=10704, stack(0x00000000198e0000,0x00000000199e0000)]

Stack: [0x00000000198e0000,0x00000000199e0000]
[error occurred during error reporting (printing stack bounds), id 0xc0000005]

Native frames: (J=compiled Java code, j=interpreted, Vv=VM code, C=native code)


Current CompileTask:
C2:  12411 3336   !   4       java.net.URLClassLoader$1::run (63 bytes)


---------------  P R O C E S S  ---------------

Java Threads: ( => current thread )
  0x0000000018f95000 JavaThread "Okio Watchdog" daemon [_thread_blocked, id=2612, stack(0x000000001de00000,0x000000001df00000)]
  0x000000001a2fc000 JavaThread "OkHttp ConnectionPool" daemon [_thread_blocked, id=14244, stack(0x000000001dd00000,0x000000001de00000)]
  0x000000001a250000 JavaThread "Keep-Alive-Timer" daemon [_thread_blocked, id=12712, stack(0x000000001d900000,0x000000001da00000)]
  0x000000001a24f800 JavaThread "Exec Stream Pumper" daemon [_thread_in_native, id=16040, stack(0x000000001d400000,0x000000001d500000)]
  0x000000001a179000 JavaThread "Exec Stream Pumper" daemon [_thread_in_native, id=4692, stack(0x000000001d300000,0x000000001d400000)]
  0x000000001a178000 JavaThread "UrlChecker-2" daemon [_thread_blocked, id=2688, stack(0x000000001d200000,0x000000001d300000)]
  0x0000000019cff800 JavaThread "Exec Default Executor" daemon [_thread_in_native, id=13068, stack(0x000000001d100000,0x000000001d200000)]
  0x0000000018e2d800 JavaThread "Service Thread" daemon [_thread_blocked, id=13156, stack(0x0000000019ae0000,0x0000000019be0000)]
  0x0000000018e00800 JavaThread "C1 CompilerThread1" daemon [_thread_blocked, id=12500, stack(0x00000000199e0000,0x0000000019ae0000)]
=>0x0000000018dff800 JavaThread "C2 CompilerThread0" daemon [_thread_in_native, id=10704, stack(0x00000000198e0000,0x00000000199e0000)]
  0x0000000018ded000 JavaThread "Attach Listener" daemon [_thread_blocked, id=13292, stack(0x00000000197e0000,0x00000000198e0000)]
  0x0000000018e56000 JavaThread "Signal Dispatcher" daemon [_thread_blocked, id=2068, stack(0x00000000196e0000,0x00000000197e0000)]
  0x0000000017cab000 JavaThread "Finalizer" daemon [_thread_blocked, id=3172, stack(0x00000000188e0000,0x00000000189e0000)]
  0x0000000017ca3000 JavaThread "Reference Handler" daemon [_thread_blocked, id=7520, stack(0x00000000187e0000,0x00000000188e0000)]
  0x00000000031ec000 JavaThread "main" [_thread_in_vm, id=7868, stack(0x0000000002fe0000,0x00000000030e0000)]

Other Threads:
  0x0000000017c7a000 VMThread [stack: 0x00000000186e0000,0x00000000187e0000] [id=8264]
  0x0000000018e03800 WatcherThread [stack: 0x0000000019be0000,0x0000000019ce0000] [id=15456]

VM state:not at safepoint (normal execution)

VM Mutex/Monitor currently owned by a thread:  ([mutex/lock_event])
[0x00000000031e8e80] SystemDictionary_lock - owner thread: 0x00000000031ec000

heap address: 0x0000000080000000, size: 2048 MB, Compressed Oops mode: 32-bit
Narrow klass base: 0x0000000000000000, Narrow klass shift: 3
Compressed class space size: 1073741824 Address: 0x0000000100000000

Heap:
 PSYoungGen      total 266752K, used 104575K [0x00000000d5580000, 0x00000000e6980000, 0x0000000100000000)
  eden space 257024K, 36% used [0x00000000d5580000,0x00000000db233d98,0x00000000e5080000)
  from space 9728K, 99% used [0x00000000e5080000,0x00000000e59ec118,0x00000000e5a00000)
  to   space 10752K, 0% used [0x00000000e5f00000,0x00000000e5f00000,0x00000000e6980000)
 ParOldGen       total 59904K, used 9033K [0x0000000080000000, 0x0000000083a80000, 0x00000000d5580000)
  object space 59904K, 15% used [0x0000000080000000,0x00000000808d2588,0x0000000083a80000)
 Metaspace       used 30739K, capacity 31760K, committed 31872K, reserved 1077248K
  class space    used 3639K, capacity 3918K, committed 3968K, reserved 1048576K

Card table byte_map: [0x0000000012690000,0x0000000012aa0000] byte_map_base: 0x0000000012290000

Marking Bits: (ParMarkBitMap*) 0x000000005d4f1f00
 Begin Bits: [0x0000000012f50000, 0x0000000014f50000)
 End Bits:   [0x0000000014f50000, 0x0000000016f50000)

Polling page: 0x0000000002fc0000

CodeCache: size=245760Kb used=12809Kb max_used=12809Kb free=232951Kb
 bounds [0x00000000032d0000, 0x0000000003f60000, 0x00000000122d0000]
 total_blobs=3987 nmethods=3292 adapters=604
 compilation: enabled

Compilation events (10 events):
Event: 12.357 Thread 0x0000000018e00800 nmethod 3332 0x0000000003f4e490 code [0x0000000003f4e600, 0x0000000003f4e830]
Event: 12.357 Thread 0x0000000018e00800 3333       1       org.codehaus.groovy.ast.ClassCodeVisitorSupport::visitStatement (1 bytes)
Event: 12.357 Thread 0x0000000018e00800 nmethod 3333 0x0000000003f4e8d0 code [0x0000000003f4ea20, 0x0000000003f4eb30]
Event: 12.360 Thread 0x0000000018e00800 3334       3       org.codehaus.groovy.control.ResolveVisitor::resolveNestedClass (438 bytes)
Event: 12.363 Thread 0x0000000018e00800 nmethod 3334 0x0000000003f4eb90 code [0x0000000003f4f2c0, 0x0000000003f53ff8]
Event: 12.371 Thread 0x0000000018e00800 3335       3       sun.net.www.ParseUtil::unescape (17 bytes)
Event: 12.371 Thread 0x0000000018e00800 nmethod 3335 0x0000000003f568d0 code [0x0000000003f56a40, 0x0000000003f56c78]
Event: 12.376 Thread 0x0000000018dff800 3336   !   4       java.net.URLClassLoader$1::run (63 bytes)
Event: 12.394 Thread 0x0000000018e00800 3339       3       org.codehaus.groovy.control.ResolveVisitor::replaceLastPoint (44 bytes)
Event: 12.396 Thread 0x0000000018e00800 nmethod 3339 0x0000000003f56d50 code [0x0000000003f56f60, 0x0000000003f57ee8]

GC Heap History (10 events):
Event: 4.132 GC heap before
{Heap before GC invocations=6 (full 0):
 PSYoungGen      total 71680K, used 71679K [0x00000000d5580000, 0x00000000de780000, 0x0000000100000000)
  eden space 66560K, 100% used [0x00000000d5580000,0x00000000d9680000,0x00000000d9680000)
  from space 5120K, 99% used [0x00000000d9680000,0x00000000d9b7ffc8,0x00000000d9b80000)
  to   space 8192K, 0% used [0x00000000ddf80000,0x00000000ddf80000,0x00000000de780000)
 ParOldGen       total 87552K, used 3552K [0x0000000080000000, 0x0000000085580000, 0x00000000d5580000)
  object space 87552K, 4% used [0x0000000080000000,0x00000000803780e8,0x0000000085580000)
 Metaspace       used 20084K, capacity 20312K, committed 20608K, reserved 1067008K
  class space    used 2208K, capacity 2321K, committed 2432K, reserved 1048576K
Event: 4.145 GC heap after
Heap after GC invocations=6 (full 0):
 PSYoungGen      total 140288K, used 8183K [0x00000000d5580000, 0x00000000de980000, 0x0000000100000000)
  eden space 132096K, 0% used [0x00000000d5580000,0x00000000d5580000,0x00000000dd680000)
  from space 8192K, 99% used [0x00000000ddf80000,0x00000000de77dd00,0x00000000de780000)
  to   space 9216K, 0% used [0x00000000dd680000,0x00000000dd680000,0x00000000ddf80000)
 ParOldGen       total 87552K, used 3795K [0x0000000080000000, 0x0000000085580000, 0x00000000d5580000)
  object space 87552K, 4% used [0x0000000080000000,0x00000000803b4f88,0x0000000085580000)
 Metaspace       used 20084K, capacity 20312K, committed 20608K, reserved 1067008K
  class space    used 2208K, capacity 2321K, committed 2432K, reserved 1048576K
}
Event: 4.431 GC heap before
{Heap before GC invocations=7 (full 0):
 PSYoungGen      total 140288K, used 18876K [0x00000000d5580000, 0x00000000de980000, 0x0000000100000000)
  eden space 132096K, 8% used [0x00000000d5580000,0x00000000d5ff14e0,0x00000000dd680000)
  from space 8192K, 99% used [0x00000000ddf80000,0x00000000de77dd00,0x00000000de780000)
  to   space 9216K, 0% used [0x00000000dd680000,0x00000000dd680000,0x00000000ddf80000)
 ParOldGen       total 87552K, used 3795K [0x0000000080000000, 0x0000000085580000, 0x00000000d5580000)
  object space 87552K, 4% used [0x0000000080000000,0x00000000803b4f88,0x0000000085580000)
 Metaspace       used 20847K, capacity 21100K, committed 21296K, reserved 1069056K
  class space    used 2299K, capacity 2390K, committed 2432K, reserved 1048576K
Event: 4.445 GC heap after
Heap after GC invocations=7 (full 0):
 PSYoungGen      total 141312K, used 4354K [0x00000000d5580000, 0x00000000e6980000, 0x0000000100000000)
  eden space 132096K, 0% used [0x00000000d5580000,0x00000000d5580000,0x00000000dd680000)
  from space 9216K, 47% used [0x00000000dd680000,0x00000000ddac0bc0,0x00000000ddf80000)
  to   space 9216K, 0% used [0x00000000e6080000,0x00000000e6080000,0x00000000e6980000)
 ParOldGen       total 87552K, used 6924K [0x0000000080000000, 0x0000000085580000, 0x00000000d5580000)
  object space 87552K, 7% used [0x0000000080000000,0x00000000806c31d8,0x0000000085580000)
 Metaspace       used 20847K, capacity 21100K, committed 21296K, reserved 1069056K
  class space    used 2299K, capacity 2390K, committed 2432K, reserved 1048576K
}
Event: 4.445 GC heap before
{Heap before GC invocations=8 (full 1):
 PSYoungGen      total 141312K, used 4354K [0x00000000d5580000, 0x00000000e6980000, 0x0000000100000000)
  eden space 132096K, 0% used [0x00000000d5580000,0x00000000d5580000,0x00000000dd680000)
  from space 9216K, 47% used [0x00000000dd680000,0x00000000ddac0bc0,0x00000000ddf80000)
  to   space 9216K, 0% used [0x00000000e6080000,0x00000000e6080000,0x00000000e6980000)
 ParOldGen       total 87552K, used 6924K [0x0000000080000000, 0x0000000085580000, 0x00000000d5580000)
  object space 87552K, 7% used [0x0000000080000000,0x00000000806c31d8,0x0000000085580000)
 Metaspace       used 20847K, capacity 21100K, committed 21296K, reserved 1069056K
  class space    used 2299K, capacity 2390K, committed 2432K, reserved 1048576K
Event: 4.522 GC heap after
Heap after GC invocations=8 (full 1):
 PSYoungGen      total 141312K, used 0K [0x00000000d5580000, 0x00000000e6980000, 0x0000000100000000)
  eden space 132096K, 0% used [0x00000000d5580000,0x00000000d5580000,0x00000000dd680000)
  from space 9216K, 0% used [0x00000000dd680000,0x00000000dd680000,0x00000000ddf80000)
  to   space 9216K, 0% used [0x00000000e6080000,0x00000000e6080000,0x00000000e6980000)
 ParOldGen       total 59904K, used 9017K [0x0000000080000000, 0x0000000083a80000, 0x00000000d5580000)
  object space 59904K, 15% used [0x0000000080000000,0x00000000808ce588,0x0000000083a80000)
 Metaspace       used 20847K, capacity 21100K, committed 21296K, reserved 1069056K
  class space    used 2299K, capacity 2390K, committed 2432K, reserved 1048576K
}
Event: 5.594 GC heap before
{Heap before GC invocations=9 (full 1):
 PSYoungGen      total 141312K, used 132096K [0x00000000d5580000, 0x00000000e6980000, 0x0000000100000000)
  eden space 132096K, 100% used [0x00000000d5580000,0x00000000dd680000,0x00000000dd680000)
  from space 9216K, 0% used [0x00000000dd680000,0x00000000dd680000,0x00000000ddf80000)
  to   space 9216K, 0% used [0x00000000e6080000,0x00000000e6080000,0x00000000e6980000)
 ParOldGen       total 59904K, used 9017K [0x0000000080000000, 0x0000000083a80000, 0x00000000d5580000)
  object space 59904K, 15% used [0x0000000080000000,0x00000000808ce588,0x0000000083a80000)
 Metaspace       used 22137K, capacity 22456K, committed 22704K, reserved 1069056K
  class space    used 2419K, capacity 2541K, committed 2560K, reserved 1048576K
Event: 5.599 GC heap after
Heap after GC invocations=9 (full 1):
 PSYoungGen      total 203776K, used 2712K [0x00000000d5580000, 0x00000000e6380000, 0x0000000100000000)
  eden space 200704K, 0% used [0x00000000d5580000,0x00000000d5580000,0x00000000e1980000)
  from space 3072K, 88% used [0x00000000e6080000,0x00000000e6326350,0x00000000e6380000)
  to   space 9728K, 0% used [0x00000000e5080000,0x00000000e5080000,0x00000000e5a00000)
 ParOldGen       total 59904K, used 9025K [0x0000000080000000, 0x0000000083a80000, 0x00000000d5580000)
  object space 59904K, 15% used [0x0000000080000000,0x00000000808d0588,0x0000000083a80000)
 Metaspace       used 22137K, capacity 22456K, committed 22704K, reserved 1069056K
  class space    used 2419K, capacity 2541K, committed 2560K, reserved 1048576K
}
Event: 7.304 GC heap before
{Heap before GC invocations=10 (full 1):
 PSYoungGen      total 203776K, used 203416K [0x00000000d5580000, 0x00000000e6380000, 0x0000000100000000)
  eden space 200704K, 100% used [0x00000000d5580000,0x00000000e1980000,0x00000000e1980000)
  from space 3072K, 88% used [0x00000000e6080000,0x00000000e6326350,0x00000000e6380000)
  to   space 9728K, 0% used [0x00000000e5080000,0x00000000e5080000,0x00000000e5a00000)
 ParOldGen       total 59904K, used 9025K [0x0000000080000000, 0x0000000083a80000, 0x00000000d5580000)
  object space 59904K, 15% used [0x0000000080000000,0x00000000808d0588,0x0000000083a80000)
 Metaspace       used 24407K, capacity 24766K, committed 24960K, reserved 1071104K
  class space    used 2746K, capacity 2866K, committed 2944K, reserved 1048576K
Event: 7.325 GC heap after
Heap after GC invocations=10 (full 1):
 PSYoungGen      total 266752K, used 9648K [0x00000000d5580000, 0x00000000e6980000, 0x0000000100000000)
  eden space 257024K, 0% used [0x00000000d5580000,0x00000000d5580000,0x00000000e5080000)
  from space 9728K, 99% used [0x00000000e5080000,0x00000000e59ec118,0x00000000e5a00000)
  to   space 10752K, 0% used [0x00000000e5f00000,0x00000000e5f00000,0x00000000e6980000)
 ParOldGen       total 59904K, used 9033K [0x0000000080000000, 0x0000000083a80000, 0x00000000d5580000)
  object space 59904K, 15% used [0x0000000080000000,0x00000000808d2588,0x0000000083a80000)
 Metaspace       used 24407K, capacity 24766K, committed 24960K, reserved 1071104K
  class space    used 2746K, capacity 2866K, committed 2944K, reserved 1048576K
}

Deoptimization events (10 events):
Event: 8.985 Thread 0x00000000031ec000 Uncommon trap: reason=class_check action=maybe_recompile pc=0x0000000003e2ba98 method=java.io.DataInputStream.readChar()C @ 4
Event: 9.029 Thread 0x00000000031ec000 Uncommon trap: reason=class_check action=maybe_recompile pc=0x0000000003dd279c method=java.util.HashSet.contains(Ljava/lang/Object;)Z @ 5
Event: 9.030 Thread 0x00000000031ec000 Uncommon trap: reason=class_check action=maybe_recompile pc=0x0000000003dd279c method=java.util.HashSet.contains(Ljava/lang/Object;)Z @ 5
Event: 10.166 Thread 0x00000000031ec000 Uncommon trap: reason=class_check action=maybe_recompile pc=0x0000000003515634 method=org.openqa.selenium.json.Input.init()V @ 18
Event: 10.167 Thread 0x00000000031ec000 Uncommon trap: reason=class_check action=maybe_recompile pc=0x0000000003515634 method=org.openqa.selenium.json.Input.init()V @ 18
Event: 10.167 Thread 0x00000000031ec000 Uncommon trap: reason=class_check action=maybe_recompile pc=0x0000000003515634 method=org.openqa.selenium.json.Input.init()V @ 18
Event: 10.167 Thread 0x00000000031ec000 Uncommon trap: reason=class_check action=maybe_recompile pc=0x0000000003515634 method=org.openqa.selenium.json.Input.init()V @ 18
Event: 10.247 Thread 0x00000000031ec000 Uncommon trap: reason=bimorphic action=maybe_recompile pc=0x00000000038ad3dc method=java.util.HashMap.putVal(ILjava/lang/Object;Ljava/lang/Object;ZZ)Ljava/lang/Object; @ 203
Event: 10.249 Thread 0x00000000031ec000 Uncommon trap: reason=bimorphic action=maybe_recompile pc=0x00000000038ad3dc method=java.util.HashMap.putVal(ILjava/lang/Object;Ljava/lang/Object;ZZ)Ljava/lang/Object; @ 203
Event: 10.249 Thread 0x00000000031ec000 Uncommon trap: reason=bimorphic action=maybe_recompile pc=0x00000000038ad3dc method=java.util.HashMap.putVal(ILjava/lang/Object;Ljava/lang/Object;ZZ)Ljava/lang/Object; @ 203

Classes redefined (0 events):
No events

Internal exceptions (10 events):
Event: 11.780 Thread 0x00000000031ec000 Exception <a 'java/lang/ClassNotFoundException': com/kms/katalon/core/webui/driver/DriverFactoryCustomizer> (0x00000000da3af7b8) thrown at [C:\jenkins\workspace\zulu8-silver-build-win64\zulu-src\hotspot\src\share\vm\classfile\systemDictionary.cpp, line 22
Event: 11.818 Thread 0x00000000031ec000 Exception <a 'java/lang/ClassNotFoundException': com/kms/katalon/core/webui/keyword/builtin/MaximizeWindowKeywordBeanInfo> (0x00000000da63e788) thrown at [C:\jenkins\workspace\zulu8-silver-build-win64\zulu-src\hotspot\src\share\vm\classfile\systemDictiona
Event: 11.822 Thread 0x00000000031ec000 Exception <a 'java/lang/ClassNotFoundException': com/kms/katalon/core/webui/keyword/builtin/MaximizeWindowKeywordCustomizer> (0x00000000da7342d0) thrown at [C:\jenkins\workspace\zulu8-silver-build-win64\zulu-src\hotspot\src\share\vm\classfile\systemDictio
Event: 11.852 Thread 0x00000000031ec000 Exception <a 'java/net/SocketTimeoutException': Read timed out> (0x00000000da89faf8) thrown at [C:\jenkins\workspace\zulu8-silver-build-win64\zulu-src\hotspot\src\share\vm\prims\jni.cpp, line 738]
Event: 12.330 Thread 0x00000000031ec000 Exception <a 'java/lang/ClassNotFoundException': com/kms/katalon/core/testobject/ObjectRepositoryBeanInfo> (0x00000000da9e8890) thrown at [C:\jenkins\workspace\zulu8-silver-build-win64\zulu-src\hotspot\src\share\vm\classfile\systemDictionary.cpp, line 220
Event: 12.336 Thread 0x00000000031ec000 Exception <a 'java/lang/ClassNotFoundException': com/kms/katalon/core/testobject/ObjectRepositoryCustomizer> (0x00000000daabb8c8) thrown at [C:\jenkins\workspace\zulu8-silver-build-win64\zulu-src\hotspot\src\share\vm\classfile\systemDictionary.cpp, line 2
Event: 12.387 Thread 0x00000000031ec000 Exception <a 'java/security/PrivilegedActionException'> (0x00000000daed8940) thrown at [C:\jenkins\workspace\zulu8-silver-build-win64\zulu-src\hotspot\src\share\vm\prims\jvm.cpp, line 1529]
Event: 12.387 Thread 0x00000000031ec000 Exception <a 'java/security/PrivilegedActionException'> (0x00000000daed8f20) thrown at [C:\jenkins\workspace\zulu8-silver-build-win64\zulu-src\hotspot\src\share\vm\prims\jvm.cpp, line 1529]
Event: 12.388 Thread 0x00000000031ec000 Exception <a 'java/security/PrivilegedActionException'> (0x00000000daeedec0) thrown at [C:\jenkins\workspace\zulu8-silver-build-win64\zulu-src\hotspot\src\share\vm\prims\jvm.cpp, line 1529]
Event: 12.388 Thread 0x00000000031ec000 Exception <a 'java/security/PrivilegedActionException'> (0x00000000daeee4a0) thrown at [C:\jenkins\workspace\zulu8-silver-build-win64\zulu-src\hotspot\src\share\vm\prims\jvm.cpp, line 1529]

Events (10 events):
Event: 12.388 loading class com/kms$katalon$core$configuration$RunConfiguration
Event: 12.388 loading class com/kms$katalon$core$configuration$RunConfiguration done
Event: 12.388 loading class com/kms/katalon$core$configuration$RunConfiguration
Event: 12.388 loading class com/kms/katalon$core$configuration$RunConfiguration done
Event: 12.389 loading class com/kms/katalon/core$configuration$RunConfiguration
Event: 12.389 loading class com/kms/katalon/core$configuration$RunConfiguration done
Event: 12.390 loading class com/kms/katalon/core/configuration$RunConfiguration
Event: 12.390 loading class com/kms/katalon/core/configuration$RunConfiguration done
Event: 12.393 loading class groovy/lang/GroovyObject$com$kms$katalon$core$testcase$TestCaseFactory
Event: 12.393 loading class groovy/lang/GroovyObject$com$kms$katalon$core$testcase$TestCaseFactory done


Dynamic libraries:
0x00007ff735990000 - 0x00007ff7359c5000 	C:\Users\bilguun.amarsaikhan\Downloads\Katalon_Studio_Windows_64-8.1.0 (1)\Katalon_Studio_Windows_64-8.1.0\jre\bin\javaw.exe
0x00007ffd40530000 - 0x00007ffd40725000 	C:\windows\SYSTEM32\ntdll.dll
0x00007ffd3f4f0000 - 0x00007ffd3f5ae000 	C:\windows\System32\KERNEL32.DLL
0x00007ffd3e2b0000 - 0x00007ffd3e579000 	C:\windows\System32\KERNELBASE.dll
0x00007ffd3fdc0000 - 0x00007ffd3fe6c000 	C:\windows\System32\ADVAPI32.dll
0x00007ffd3eb80000 - 0x00007ffd3ec1e000 	C:\windows\System32\msvcrt.dll
0x00007ffd3f360000 - 0x00007ffd3f3fb000 	C:\windows\System32\sechost.dll
0x00007ffd3faf0000 - 0x00007ffd3fc1a000 	C:\windows\System32\RPCRT4.dll
0x00007ffd40340000 - 0x00007ffd404e1000 	C:\windows\System32\USER32.dll
0x00007ffd3ddf0000 - 0x00007ffd3de12000 	C:\windows\System32\win32u.dll
0x00007ffd3f4b0000 - 0x00007ffd3f4db000 	C:\windows\System32\GDI32.dll
0x00007ffd3deb0000 - 0x00007ffd3dfbb000 	C:\windows\System32\gdi32full.dll
0x00007ffd3dc50000 - 0x00007ffd3dced000 	C:\windows\System32\msvcp_win.dll
0x00007ffd3dcf0000 - 0x00007ffd3ddf0000 	C:\windows\System32\ucrtbase.dll
0x00007ffd330b0000 - 0x00007ffd3334a000 	C:\windows\WinSxS\amd64_microsoft.windows.common-controls_6595b64144ccf1df_6.0.19041.1110_none_60b5254171f9507e\COMCTL32.dll
0x00007ffd3fd90000 - 0x00007ffd3fdc0000 	C:\windows\System32\IMM32.DLL
0x000000005caf0000 - 0x000000005cbc2000 	C:\Users\bilguun.amarsaikhan\Downloads\Katalon_Studio_Windows_64-8.1.0 (1)\Katalon_Studio_Windows_64-8.1.0\jre\bin\msvcr100.dll
0x000000005ccb0000 - 0x000000005d575000 	C:\Users\bilguun.amarsaikhan\Downloads\Katalon_Studio_Windows_64-8.1.0 (1)\Katalon_Studio_Windows_64-8.1.0\jre\bin\server\jvm.dll
0x00007ffd401c0000 - 0x00007ffd401c8000 	C:\windows\System32\PSAPI.DLL
0x00007ffd244a0000 - 0x00007ffd244a9000 	C:\windows\SYSTEM32\WSOCK32.dll
0x00007ffd3fc20000 - 0x00007ffd3fc8b000 	C:\windows\System32\WS2_32.dll
0x00007ffd1cf70000 - 0x00007ffd1cf97000 	C:\windows\SYSTEM32\WINMM.dll
0x00007ffd350a0000 - 0x00007ffd350aa000 	C:\windows\SYSTEM32\VERSION.dll
0x00007ffd1ef50000 - 0x00007ffd1ef5f000 	C:\Users\bilguun.amarsaikhan\Downloads\Katalon_Studio_Windows_64-8.1.0 (1)\Katalon_Studio_Windows_64-8.1.0\jre\bin\verify.dll
0x00007ffd1ef20000 - 0x00007ffd1ef49000 	C:\Users\bilguun.amarsaikhan\Downloads\Katalon_Studio_Windows_64-8.1.0 (1)\Katalon_Studio_Windows_64-8.1.0\jre\bin\java.dll
0x00007ffd1ef00000 - 0x00007ffd1ef16000 	C:\Users\bilguun.amarsaikhan\Downloads\Katalon_Studio_Windows_64-8.1.0 (1)\Katalon_Studio_Windows_64-8.1.0\jre\bin\zip.dll
0x00007ffd3ec20000 - 0x00007ffd3f35f000 	C:\windows\System32\SHELL32.dll
0x00007ffd3bc60000 - 0x00007ffd3c3f0000 	C:\windows\SYSTEM32\windows.storage.dll
0x00007ffd3e580000 - 0x00007ffd3e8d5000 	C:\windows\System32\combase.dll
0x00007ffd3d5d0000 - 0x00007ffd3d5fc000 	C:\windows\SYSTEM32\Wldp.dll
0x00007ffd401d0000 - 0x00007ffd4027d000 	C:\windows\System32\SHCORE.dll
0x00007ffd3f5b0000 - 0x00007ffd3f605000 	C:\windows\System32\shlwapi.dll
0x00007ffd3db90000 - 0x00007ffd3dbaf000 	C:\windows\SYSTEM32\profapi.dll
0x00007ffd1eee0000 - 0x00007ffd1eefb000 	C:\Users\bilguun.amarsaikhan\Downloads\Katalon_Studio_Windows_64-8.1.0 (1)\Katalon_Studio_Windows_64-8.1.0\jre\bin\net.dll
0x00007ffd3d330000 - 0x00007ffd3d39a000 	C:\windows\system32\mswsock.dll
0x00007ffd1eec0000 - 0x00007ffd1eed1000 	C:\Users\bilguun.amarsaikhan\Downloads\Katalon_Studio_Windows_64-8.1.0 (1)\Katalon_Studio_Windows_64-8.1.0\jre\bin\nio.dll
0x00007ffd3d060000 - 0x00007ffd3d12c000 	C:\windows\SYSTEM32\DNSAPI.dll
0x00007ffd3d020000 - 0x00007ffd3d05b000 	C:\windows\SYSTEM32\IPHLPAPI.DLL
0x00007ffd3f4e0000 - 0x00007ffd3f4e8000 	C:\windows\System32\NSI.dll
0x00007ffd34a90000 - 0x00007ffd34a9a000 	C:\Windows\System32\rasadhlp.dll
0x00007ffd353e0000 - 0x00007ffd3545f000 	C:\windows\System32\fwpuclnt.dll
0x00007ffd3e020000 - 0x00007ffd3e047000 	C:\windows\System32\bcrypt.dll
0x00007ffd08050000 - 0x00007ffd08074000 	C:\Users\bilguun.amarsaikhan\Downloads\Katalon_Studio_Windows_64-8.1.0 (1)\Katalon_Studio_Windows_64-8.1.0\jre\bin\sunec.dll
0x00007ffd1edb0000 - 0x00007ffd1edbc000 	C:\Users\bilguun.amarsaikhan\Downloads\Katalon_Studio_Windows_64-8.1.0 (1)\Katalon_Studio_Windows_64-8.1.0\jre\bin\sunmscapi.dll
0x00007ffd3e150000 - 0x00007ffd3e2a6000 	C:\windows\System32\CRYPT32.dll
0x00007ffd3d640000 - 0x00007ffd3d667000 	C:\windows\SYSTEM32\ncrypt.dll
0x00007ffd3d600000 - 0x00007ffd3d63b000 	C:\windows\SYSTEM32\NTASN1.dll
0x00007ffd3d530000 - 0x00007ffd3d548000 	C:\windows\SYSTEM32\CRYPTSP.dll
0x00007ffd3cba0000 - 0x00007ffd3cbd4000 	C:\windows\system32\rsaenh.dll
0x00007ffd3db10000 - 0x00007ffd3db3e000 	C:\windows\SYSTEM32\USERENV.dll
0x00007ffd3de20000 - 0x00007ffd3dea3000 	C:\windows\System32\bcryptprimitives.dll
0x00007ffd3d520000 - 0x00007ffd3d52c000 	C:\windows\SYSTEM32\CRYPTBASE.dll
0x00007ffd36c50000 - 0x00007ffd36c67000 	C:\windows\SYSTEM32\dhcpcsvc6.DLL
0x00007ffd36c30000 - 0x00007ffd36c4d000 	C:\windows\SYSTEM32\dhcpcsvc.DLL

VM Arguments:
jvm_args: -Dgroovy.home=C:\Users\bilguun.amarsaikhan/.groovy -Djava.system.class.loader=groovy.lang.GroovyClassLoader -Xmx2048m -Dfile.encoding=UTF-8 
java_command: org.codehaus.groovy.tools.GroovyStarter --classpath C:\Users\bilguun.amarsaikhan\git\modpims-testing\Transfer Workflow\Transfer Workflow\bin\keyword;C:\Users\bilguun.amarsaikhan\git\modpims-testing\Transfer Workflow\Transfer Workflow\Keywords;C:\Users\bilguun.amarsaikhan\git\modpims-testing\Transfer Workflow\Transfer Workflow\bin\listener;C:\Users\bilguun.amarsaikhan\git\modpims-testing\Transfer Workflow\Transfer Workflow\Test Listeners;C:\Users\bilguun.amarsaikhan\git\modpims-testing\Transfer Workflow\Transfer Workflow\bin\lib;C:\Users\bilguun.amarsaikhan\git\modpims-testing\Transfer Workflow\Transfer Workflow\Libs;C:\Users\bilguun.amarsaikhan\git\modpims-testing\Transfer Workflow\Transfer Workflow\bin\groovy;C:\Users\bilguun.amarsaikhan\git\modpims-testing\Transfer Workflow\Transfer Workflow\Include\scripts\groovy;C:\Users\bilguun.amarsaikhan\Downloads\Katalon_Studio_Engine_Windows_64-8.1.0\Katalon_Studio_Engine_Windows_64-8.1.0\plugins\com.kms.katalon.core_1.0.0.202108170301.jar;C:\Users\bilguun.amarsaikhan\Downloads\Katalon_Studio_Engine_Windows_64-8.1.0\Katalon_Studio_Engine_Windows_64-8.1.0\configuration\resources\lib\aalto-xml-1.0.0.jar;C:\Users\bilguun.amarsaikhan\Downloads\Katalon_Studio_Engine_Windows_64-8.1.0\Katalon_Studio_Engine_Windows_64-8.1.0\configuration\resources\lib\aspectjweaver-1.9.1.jar;C:\Users\bilguun.amarsaikhan\Downloads\Katalon_Studio_Engine_Windows_64-8.1.0\Katalon_Studio_Engine_Windows_64-8.1.0\configuration\resources\lib\bcpkix-jdk15on-1.64.jar;C:\Users\bilguun.amarsaikhan\Downloads\Katalon_Studio_Engine_Windows_64-8.1.0\Katalon_Studio_Engine_Windows_64-8.1.0\configuration\resources\lib\bcprov-jdk15on-1.64.jar;C:\Users\bilguun.amarsaikhan\Downloads\Katalon_Studio_Engine_Windows_64-8.1.0\Katalon_Studio_Engine_Windows_64-8.1.0\configuration\resources\lib\browsermob-core-2.1.5.jar;C:\Users\bilguun.amarsaikhan\Downloads\Katalon_Studio_Engine_Windows_64-8.1.0\Katalon_Studio_Engine_Windows_64-8.1.0\configuration\resources\lib
java_class_path (initial): C:\Users\bilguun.amarsaikhan\git\modpims-testing\Transfer Workflow\Transfer Workflow\bin\keyword;C:\Users\bilguun.amarsaikhan\git\modpims-testing\Transfer Workflow\Transfer Workflow\bin\listener;C:\Users\bilguun.amarsaikhan\git\modpims-testing\Transfer Workflow\Transfer Workflow\bin\lib;C:\Users\bilguun.amarsaikhan\git\modpims-testing\Transfer Workflow\Transfer Workflow\bin\groovy;C:\Users\bilguun.amarsaikhan\git\modpims-testing\Transfer Workflow\Transfer Workflow\bin;C:\Users\bilguun.amarsaikhan\Downloads\Katalon_Studio_Engine_Windows_64-8.1.0\Katalon_Studio_Engine_Windows_64-8.1.0\plugins\com.kms.katalon.core_1.0.0.202108170301.jar;C:\Users\bilguun.amarsaikhan\Downloads\Katalon_Studio_Engine_Windows_64-8.1.0\Katalon_Studio_Engine_Windows_64-8.1.0\configuration\resources\lib\aalto-xml-1.0.0.jar;C:\Users\bilguun.amarsaikhan\Downloads\Katalon_Studio_Engine_Windows_64-8.1.0\Katalon_Studio_Engine_Windows_64-8.1.0\configuration\resources\lib\aspectjweaver-1.9.1.jar;C:\Users\bilguun.amarsaikhan\Downloads\Katalon_Studio_Engine_Windows_64-8.1.0\Katalon_Studio_Engine_Windows_64-8.1.0\configuration\resources\lib\bcpkix-jdk15on-1.64.jar;C:\Users\bilguun.amarsaikhan\Downloads\Katalon_Studio_Engine_Windows_64-8.1.0\Katalon_Studio_Engine_Windows_64-8.1.0\configuration\resources\lib\bcprov-jdk15on-1.64.jar;C:\Users\bilguun.amarsaikhan\Downloads\Katalon_Studio_Engine_Windows_64-8.1.0\Katalon_Studio_Engine_Windows_64-8.1.0\configuration\resources\lib\browsermob-core-2.1.5.jar;C:\Users\bilguun.amarsaikhan\Downloads\Katalon_Studio_Engine_Windows_64-8.1.0\Katalon_Studio_Engine_Windows_64-8.1.0\configuration\resources\lib\cglib-3.2.10.jar;C:\Users\bilguun.amarsaikhan\Downloads\Katalon_Studio_Engine_Windows_64-8.1.0\Katalon_Studio_Engine_Windows_64-8.1.0\configuration\resources\lib\commons-codec-1.10.jar;C:\Users\bilguun.amarsaikhan\Downloads\Katalon_Studio_Engine_Windows_64-8.1.0\Katalon_Studio_Engine_Windows_64-8.1.0\configuration\resources\lib\commons-col
Launcher Type: SUN_STANDARD

Environment Variables:
PATH=C:/Users/bilguun.amarsaikhan/Downloads/Katalon_Studio_Windows_64-8.1.0 (1)/Katalon_Studio_Windows_64-8.1.0/jre/bin/server;C:/Users/bilguun.amarsaikhan/Downloads/Katalon_Studio_Windows_64-8.1.0 (1)/Katalon_Studio_Windows_64-8.1.0/jre/bin;C:/Users/bilguun.amarsaikhan/Downloads/Katalon_Studio_Windows_64-8.1.0 (1)/Katalon_Studio_Windows_64-8.1.0/jre/lib/amd64;C:\Program Files\Common Files\Oracle\Java\javapath;C:\windows\system32;C:\windows;C:\windows\System32\Wbem;C:\windows\System32\WindowsPowerShell\v1.0\;C:\windows\System32\OpenSSH\;C:\Program Files (x86)\Microsoft SQL Server\150\DTS\Binn\;C:\Program Files\Azure Data Studio\bin;C:\Program Files\Git\cmd;C:\Program Files\dotnet\;C:\Program Files\Microsoft SQL Server\130\Tools\Binn\;C:\Program Files\Microsoft SQL Server\Client SDK\ODBC\170\Tools\Binn\;C:\Users\bilguun.amarsaikhan\AppData\Local\Microsoft\WindowsApps;C:\Users\bilguun.amarsaikhan\Desktop;C:\Users\bilguun.amarsaikhan\.dotnet\tools;C:\Users\bilguun.amarsaikhan\AppData\Local\Programs\Microsoft VS Code\bin;C:\Users\bilguun.amarsaikhan\Downloads\Katalon_Studio_Windows_64-8.1.0 (1)\Katalon_Studio_Windows_64-8.1.0;
USERNAME=bilguun.amarsaikhan
OS=Windows_NT
PROCESSOR_IDENTIFIER=Intel64 Family 6 Model 63 Stepping 2, GenuineIntel



---------------  S Y S T E M  ---------------

OS: Windows 10.0 , 64 bit Build 19041 (10.0.19041.1202)
HyperV virtualization detected

CPU:total 2 (initial active 2) (2 cores per cpu, 1 threads per core) family 6 model 63 stepping 2, cmov, cx8, fxsr, mmx, sse, sse2, sse3, ssse3, sse4.1, sse4.2, popcnt, avx, avx2, aes, clmul, erms, lzcnt, tsc, bmi1, bmi2

Memory: 4k page, physical 8388148k(1134640k free), swap 10485040k(5204k free)

vm_info: OpenJDK 64-Bit Server VM (25.282-b08) for windows-amd64 JRE (Zulu 8.52.0.23-CA-win64) (1.8.0_282-b08), built on Jan 12 2021 07:45:49 by "tester" with MS VC++ 10.0 (VS2010)

time: Fri Oct 29 16:22:26 2021
timezone: Eastern Daylight Time
elapsed time: 12.418863 seconds (0d 0h 0m 12s)

