#
# There is insufficient memory for the Java Runtime Environment to continue.
# Native memory allocation (malloc) failed to allocate 167056 bytes for Chunk::new
# Possible reasons:
#   The system is out of physical RAM or swap space
#   The process is running with CompressedOops enabled, and the Java Heap may be blocking the growth of the native heap
# Possible solutions:
#   Reduce memory load on the system
#   Increase physical memory or swap space
#   Check if swap backing store is full
#   Decrease Java heap size (-Xmx/-Xms)
#   Decrease number of Java threads
#   Decrease Java thread stack sizes (-Xss)
#   Set larger code cache with -XX:ReservedCodeCacheSize=
#   JVM is running with Unscaled Compressed Oops mode in which the Java heap is
#     placed in the first 4GB address space. The Java Heap base address is the
#     maximum limit for the native heap growth. Please use -XX:HeapBaseMinAddress
#     to set the Java Heap base and to place the Java Heap above 4GB virtual address.
# This output file may be truncated or incomplete.
#
#  Out of Memory Error (allocation.cpp:389), pid=13860, tid=0x0000000000003674
#
# JRE version: OpenJDK Runtime Environment (Zulu 8.52.0.23-CA-win64) (8.0_282-b08) (build 1.8.0_282-b08)
# Java VM: OpenJDK 64-Bit Server VM (25.282-b08 mixed mode windows-amd64 compressed oops)
# Failed to write core dump. Minidumps are not enabled by default on client versions of Windows
#

---------------  T H R E A D  ---------------

Current thread (0x0000000018bd7000):  JavaThread "C2 CompilerThread0" daemon [_thread_in_native, id=13940, stack(0x0000000018ee0000,0x0000000018fe0000)]

Stack: [0x0000000018ee0000,0x0000000018fe0000]
[error occurred during error reporting (printing stack bounds), id 0xc0000005]

Native frames: (J=compiled Java code, j=interpreted, Vv=VM code, C=native code)


Current CompileTask:
C2:   8297 2987       4       java.lang.AbstractStringBuilder::append (62 bytes)


---------------  P R O C E S S  ---------------

Java Threads: ( => current thread )
  0x000000001b9bd800 JavaThread "Keep-Alive-Timer" daemon [_thread_blocked, id=14068, stack(0x000000001d640000,0x000000001d740000)]
  0x00000000193c4800 JavaThread "UrlChecker-2" daemon [_thread_blocked, id=14008, stack(0x000000001d240000,0x000000001d340000)]
  0x000000001bf27800 JavaThread "Exec Stream Pumper" daemon [_thread_in_native, id=14004, stack(0x000000001d140000,0x000000001d240000)]
  0x000000001bf27000 JavaThread "Exec Stream Pumper" daemon [_thread_in_native, id=14000, stack(0x000000001d040000,0x000000001d140000)]
  0x000000001947c000 JavaThread "Exec Default Executor" daemon [_thread_in_native, id=13988, stack(0x000000001b5f0000,0x000000001b6f0000)]
  0x0000000018c0e800 JavaThread "Service Thread" daemon [_thread_blocked, id=13948, stack(0x00000000190e0000,0x00000000191e0000)]
  0x0000000018bd8000 JavaThread "C1 CompilerThread1" daemon [_thread_blocked, id=13944, stack(0x0000000018fe0000,0x00000000190e0000)]
=>0x0000000018bd7000 JavaThread "C2 CompilerThread0" daemon [_thread_in_native, id=13940, stack(0x0000000018ee0000,0x0000000018fe0000)]
  0x0000000018b7e800 JavaThread "Attach Listener" daemon [_thread_blocked, id=13936, stack(0x0000000018de0000,0x0000000018ee0000)]
  0x0000000018c2d000 JavaThread "Signal Dispatcher" daemon [_thread_blocked, id=13932, stack(0x0000000018ce0000,0x0000000018de0000)]
  0x0000000017a93800 JavaThread "Finalizer" daemon [_thread_blocked, id=13920, stack(0x00000000186e0000,0x00000000187e0000)]
  0x0000000017a8c000 JavaThread "Reference Handler" daemon [_thread_blocked, id=13916, stack(0x00000000185e0000,0x00000000186e0000)]
  0x0000000002fd4800 JavaThread "Forwarding newSession on session null to remote" [_thread_in_vm, id=13896, stack(0x0000000002dd0000,0x0000000002ed0000)]

Other Threads:
  0x00000000030bb000 VMThread [stack: 0x00000000184e0000,0x00000000185e0000] [id=13912]
  0x0000000018cba800 WatcherThread [stack: 0x00000000191e0000,0x00000000192e0000] [id=13952]

VM state:not at safepoint (normal execution)

VM Mutex/Monitor currently owned by a thread: None

heap address: 0x0000000080000000, size: 2048 MB, Compressed Oops mode: 32-bit
Narrow klass base: 0x0000000000000000, Narrow klass shift: 3
Compressed class space size: 1073741824 Address: 0x0000000100000000

Heap:
 PSYoungGen      total 270336K, used 5312K [0x00000000d5580000, 0x00000000ebe80000, 0x0000000100000000)
  eden space 260608K, 2% used [0x00000000d5580000,0x00000000d5ab0328,0x00000000e5400000)
  from space 9728K, 0% used [0x00000000e5400000,0x00000000e5400000,0x00000000e5d80000)
  to   space 11264K, 0% used [0x00000000eb380000,0x00000000eb380000,0x00000000ebe80000)
 ParOldGen       total 51200K, used 12619K [0x0000000080000000, 0x0000000083200000, 0x00000000d5580000)
  object space 51200K, 24% used [0x0000000080000000,0x0000000080c52e68,0x0000000083200000)
 Metaspace       used 28171K, capacity 28770K, committed 29184K, reserved 1079296K
  class space    used 3267K, capacity 3449K, committed 3584K, reserved 1048576K

Card table byte_map: [0x0000000012480000,0x0000000012890000] byte_map_base: 0x0000000012080000

Marking Bits: (ParMarkBitMap*) 0x0000000065891f00
 Begin Bits: [0x0000000012d40000, 0x0000000014d40000)
 End Bits:   [0x0000000014d40000, 0x0000000016d40000)

Polling page: 0x0000000001370000

CodeCache: size=245760Kb used=11495Kb max_used=11568Kb free=234264Kb
 bounds [0x00000000030c0000, 0x0000000003c20000, 0x00000000120c0000]
 total_blobs=3624 nmethods=2959 adapters=575
 compilation: enabled

Compilation events (10 events):
Event: 8.278 Thread 0x0000000018bd7000 nmethod 2982 0x00000000031d2990 code [0x00000000031d2ae0, 0x00000000031d2f58]
Event: 8.279 Thread 0x0000000018bd7000 2977   !   4       java.util.zip.ZipFile$ZipFileInputStream::close (110 bytes)
Event: 8.284 Thread 0x0000000018bd7000 nmethod 2977 0x0000000003c0de50 code [0x0000000003c0dfe0, 0x0000000003c0e888]
Event: 8.289 Thread 0x0000000018bd8000 2986       3       java.nio.CharBuffer::array (35 bytes)
Event: 8.289 Thread 0x0000000018bd8000 nmethod 2986 0x0000000003c0d850 code [0x0000000003c0d9e0, 0x0000000003c0dcf8]
Event: 8.289 Thread 0x0000000018bd7000 2987       4       java.lang.AbstractStringBuilder::append (62 bytes)
Event: 8.290 Thread 0x0000000018bd8000 2988       3       java.lang.invoke.MethodTypeForm::canonicalizeAll (66 bytes)
Event: 8.291 Thread 0x0000000018bd8000 nmethod 2988 0x000000000323dad0 code [0x000000000323dc80, 0x000000000323e2b8]
Event: 8.294 Thread 0x0000000018bd8000 2990       3       sun.invoke.util.VerifyAccess::isClassAccessible (66 bytes)
Event: 8.295 Thread 0x0000000018bd8000 nmethod 2990 0x00000000031edb90 code [0x00000000031edd60, 0x00000000031ee3e8]

GC Heap History (10 events):
Event: 6.933 GC heap before
{Heap before GC invocations=10 (full 1):
 PSYoungGen      total 244736K, used 244611K [0x00000000d5580000, 0x00000000e6700000, 0x0000000100000000)
  eden space 237568K, 100% used [0x00000000d5580000,0x00000000e3d80000,0x00000000e3d80000)
  from space 7168K, 98% used [0x00000000e6000000,0x00000000e66e0e18,0x00000000e6700000)
  to   space 9728K, 0% used [0x00000000e5400000,0x00000000e5400000,0x00000000e5d80000)
 ParOldGen       total 51200K, used 8371K [0x0000000080000000, 0x0000000083200000, 0x00000000d5580000)
  object space 51200K, 16% used [0x0000000080000000,0x000000008082cd40,0x0000000083200000)
 Metaspace       used 25602K, capacity 26006K, committed 26112K, reserved 1073152K
  class space    used 2928K, capacity 3062K, committed 3072K, reserved 1048576K
Event: 6.957 GC heap after
Heap after GC invocations=10 (full 1):
 PSYoungGen      total 270336K, used 9722K [0x00000000d5580000, 0x00000000ebe80000, 0x0000000100000000)
  eden space 260608K, 0% used [0x00000000d5580000,0x00000000d5580000,0x00000000e5400000)
  from space 9728K, 99% used [0x00000000e5400000,0x00000000e5d7eb20,0x00000000e5d80000)
  to   space 11264K, 0% used [0x00000000eb380000,0x00000000eb380000,0x00000000ebe80000)
 ParOldGen       total 51200K, used 9195K [0x0000000080000000, 0x0000000083200000, 0x00000000d5580000)
  object space 51200K, 17% used [0x0000000080000000,0x00000000808fae18,0x0000000083200000)
 Metaspace       used 25602K, capacity 26006K, committed 26112K, reserved 1073152K
  class space    used 2928K, capacity 3062K, committed 3072K, reserved 1048576K
}
Event: 8.040 GC heap before
{Heap before GC invocations=11 (full 1):
 PSYoungGen      total 270336K, used 46201K [0x00000000d5580000, 0x00000000ebe80000, 0x0000000100000000)
  eden space 260608K, 13% used [0x00000000d5580000,0x00000000d791fa18,0x00000000e5400000)
  from space 9728K, 99% used [0x00000000e5400000,0x00000000e5d7eb20,0x00000000e5d80000)
  to   space 11264K, 0% used [0x00000000eb380000,0x00000000eb380000,0x00000000ebe80000)
 ParOldGen       total 51200K, used 9195K [0x0000000080000000, 0x0000000083200000, 0x00000000d5580000)
  object space 51200K, 17% used [0x0000000080000000,0x00000000808fae18,0x0000000083200000)
 Metaspace       used 28168K, capacity 28802K, committed 28928K, reserved 1079296K
  class space    used 3275K, capacity 3458K, committed 3584K, reserved 1048576K
Event: 8.059 GC heap after
Heap after GC invocations=11 (full 1):
 PSYoungGen      total 271872K, used 4556K [0x00000000d5580000, 0x00000000ebe80000, 0x0000000100000000)
  eden space 260608K, 0% used [0x00000000d5580000,0x00000000d5580000,0x00000000e5400000)
  from space 11264K, 40% used [0x00000000eb380000,0x00000000eb7f3200,0x00000000ebe80000)
  to   space 9728K, 0% used [0x00000000e5400000,0x00000000e5400000,0x00000000e5d80000)
 ParOldGen       total 51200K, used 15239K [0x0000000080000000, 0x0000000083200000, 0x00000000d5580000)
  object space 51200K, 29% used [0x0000000080000000,0x0000000080ee1f68,0x0000000083200000)
 Metaspace       used 28168K, capacity 28802K, committed 28928K, reserved 1079296K
  class space    used 3275K, capacity 3458K, committed 3584K, reserved 1048576K
}
Event: 8.059 GC heap before
{Heap before GC invocations=12 (full 2):
 PSYoungGen      total 271872K, used 4556K [0x00000000d5580000, 0x00000000ebe80000, 0x0000000100000000)
  eden space 260608K, 0% used [0x00000000d5580000,0x00000000d5580000,0x00000000e5400000)
  from space 11264K, 40% used [0x00000000eb380000,0x00000000eb7f3200,0x00000000ebe80000)
  to   space 9728K, 0% used [0x00000000e5400000,0x00000000e5400000,0x00000000e5d80000)
 ParOldGen       total 51200K, used 15239K [0x0000000080000000, 0x0000000083200000, 0x00000000d5580000)
  object space 51200K, 29% used [0x0000000080000000,0x0000000080ee1f68,0x0000000083200000)
 Metaspace       used 28168K, capacity 28802K, committed 28928K, reserved 1079296K
  class space    used 3275K, capacity 3458K, committed 3584K, reserved 1048576K
Event: 8.147 GC heap after
Heap after GC invocations=12 (full 2):
 PSYoungGen      total 271872K, used 0K [0x00000000d5580000, 0x00000000ebe80000, 0x0000000100000000)
  eden space 260608K, 0% used [0x00000000d5580000,0x00000000d5580000,0x00000000e5400000)
  from space 11264K, 0% used [0x00000000eb380000,0x00000000eb380000,0x00000000ebe80000)
  to   space 9728K, 0% used [0x00000000e5400000,0x00000000e5400000,0x00000000e5d80000)
 ParOldGen       total 51200K, used 18591K [0x0000000080000000, 0x0000000083200000, 0x00000000d5580000)
  object space 51200K, 36% used [0x0000000080000000,0x0000000081227e80,0x0000000083200000)
 Metaspace       used 28168K, capacity 28802K, committed 28928K, reserved 1077248K
  class space    used 3275K, capacity 3458K, committed 3584K, reserved 1048576K
}
Event: 8.147 GC heap before
{Heap before GC invocations=13 (full 2):
 PSYoungGen      total 271872K, used 0K [0x00000000d5580000, 0x00000000ebe80000, 0x0000000100000000)
  eden space 260608K, 0% used [0x00000000d5580000,0x00000000d5580000,0x00000000e5400000)
  from space 11264K, 0% used [0x00000000eb380000,0x00000000eb380000,0x00000000ebe80000)
  to   space 9728K, 0% used [0x00000000e5400000,0x00000000e5400000,0x00000000e5d80000)
 ParOldGen       total 51200K, used 18591K [0x0000000080000000, 0x0000000083200000, 0x00000000d5580000)
  object space 51200K, 36% used [0x0000000080000000,0x0000000081227e80,0x0000000083200000)
 Metaspace       used 28168K, capacity 28802K, committed 28928K, reserved 1081344K
  class space    used 3275K, capacity 3458K, committed 3584K, reserved 1048576K
Event: 8.148 GC heap after
Heap after GC invocations=13 (full 2):
 PSYoungGen      total 270336K, used 0K [0x00000000d5580000, 0x00000000ebe80000, 0x0000000100000000)
  eden space 260608K, 0% used [0x00000000d5580000,0x00000000d5580000,0x00000000e5400000)
  from space 9728K, 0% used [0x00000000e5400000,0x00000000e5400000,0x00000000e5d80000)
  to   space 11264K, 0% used [0x00000000eb380000,0x00000000eb380000,0x00000000ebe80000)
 ParOldGen       total 51200K, used 18591K [0x0000000080000000, 0x0000000083200000, 0x00000000d5580000)
  object space 51200K, 36% used [0x0000000080000000,0x0000000081227e80,0x0000000083200000)
 Metaspace       used 28168K, capacity 28802K, committed 28928K, reserved 1081344K
  class space    used 3275K, capacity 3458K, committed 3584K, reserved 1048576K
}
Event: 8.148 GC heap before
{Heap before GC invocations=14 (full 3):
 PSYoungGen      total 270336K, used 0K [0x00000000d5580000, 0x00000000ebe80000, 0x0000000100000000)
  eden space 260608K, 0% used [0x00000000d5580000,0x00000000d5580000,0x00000000e5400000)
  from space 9728K, 0% used [0x00000000e5400000,0x00000000e5400000,0x00000000e5d80000)
  to   space 11264K, 0% used [0x00000000eb380000,0x00000000eb380000,0x00000000ebe80000)
 ParOldGen       total 51200K, used 18591K [0x0000000080000000, 0x0000000083200000, 0x00000000d5580000)
  object space 51200K, 36% used [0x0000000080000000,0x0000000081227e80,0x0000000083200000)
 Metaspace       used 28168K, capacity 28802K, committed 28928K, reserved 1081344K
  class space    used 3275K, capacity 3458K, committed 3584K, reserved 1048576K
Event: 8.254 GC heap after
Heap after GC invocations=14 (full 3):
 PSYoungGen      total 270336K, used 0K [0x00000000d5580000, 0x00000000ebe80000, 0x0000000100000000)
  eden space 260608K, 0% used [0x00000000d5580000,0x00000000d5580000,0x00000000e5400000)
  from space 9728K, 0% used [0x00000000e5400000,0x00000000e5400000,0x00000000e5d80000)
  to   space 11264K, 0% used [0x00000000eb380000,0x00000000eb380000,0x00000000ebe80000)
 ParOldGen       total 51200K, used 12619K [0x0000000080000000, 0x0000000083200000, 0x00000000d5580000)
  object space 51200K, 24% used [0x0000000080000000,0x0000000080c52e68,0x0000000083200000)
 Metaspace       used 28062K, capacity 28630K, committed 28928K, reserved 1077248K
  class space    used 3245K, capacity 3409K, committed 3584K, reserved 1048576K
}

Deoptimization events (10 events):
Event: 7.135 Thread 0x0000000002fd4800 Uncommon trap: reason=unstable_if action=reinterpret pc=0x00000000036273b8 method=sun.net.util.IPAddressUtil.scan(Ljava/lang/String;JJ[C)I @ 14
Event: 7.136 Thread 0x0000000002fd4800 Uncommon trap: reason=class_check action=maybe_recompile pc=0x0000000003ad9c98 method=java.util.regex.Matcher.match(II)Z @ 86
Event: 7.136 Thread 0x0000000002fd4800 Uncommon trap: reason=class_check action=maybe_recompile pc=0x0000000003ad9c98 method=java.util.regex.Matcher.match(II)Z @ 86
Event: 7.136 Thread 0x0000000002fd4800 Uncommon trap: reason=class_check action=maybe_recompile pc=0x0000000003ad9c98 method=java.util.regex.Matcher.match(II)Z @ 86
Event: 7.257 Thread 0x0000000002fd4800 Uncommon trap: reason=unstable_if action=reinterpret pc=0x000000000345b97c method=sun.nio.cs.UTF_8$Decoder.decode([BII[C)I @ 30
Event: 7.257 Thread 0x0000000002fd4800 Uncommon trap: reason=unstable_if action=reinterpret pc=0x00000000039aa9a8 method=java.lang.CharacterData.of(I)Ljava/lang/CharacterData; @ 4
Event: 7.267 Thread 0x0000000002fd4800 Uncommon trap: reason=unstable_if action=reinterpret pc=0x0000000003bb1540 method=sun.security.util.DerValue.isPrintableStringChar(C)Z @ 9
Event: 7.325 Thread 0x0000000002fd4800 Uncommon trap: reason=unstable_if action=reinterpret pc=0x00000000032bd9c8 method=java.lang.String.replace(CC)Ljava/lang/String; @ 2
Event: 7.329 Thread 0x0000000002fd4800 Uncommon trap: reason=unstable_if action=reinterpret pc=0x0000000003643288 method=sun.net.util.IPAddressUtil.scan(Ljava/lang/String;JJ[C)I @ 14
Event: 8.258 Thread 0x0000000002fd4800 Uncommon trap: reason=unstable_if action=reinterpret pc=0x00000000036232f4 method=java.lang.ref.SoftReference.get()Ljava/lang/Object; @ 6

Classes redefined (0 events):
No events

Internal exceptions (10 events):
Event: 6.594 Thread 0x0000000002fd4800 Exception <a 'java/lang/ClassNotFoundException': com/kms/katalon/core/webui/keyword/builtin/OpenBrowserKeywordBeanInfo> (0x00000000e283d480) thrown at [C:\jenkins\workspace\zulu8-silver-build-win64\zulu-src\hotspot\src\share\vm\classfile\systemDictionary.
Event: 6.598 Thread 0x0000000002fd4800 Exception <a 'java/lang/ClassNotFoundException': com/kms/katalon/core/webui/keyword/internal/WebUIAbstractKeywordBeanInfo> (0x00000000e292c198) thrown at [C:\jenkins\workspace\zulu8-silver-build-win64\zulu-src\hotspot\src\share\vm\classfile\systemDictiona
Event: 6.602 Thread 0x0000000002fd4800 Exception <a 'java/lang/ClassNotFoundException': com/kms/katalon/core/webui/keyword/internal/WebUIAbstractKeywordCustomizer> (0x00000000e2a1fe48) thrown at [C:\jenkins\workspace\zulu8-silver-build-win64\zulu-src\hotspot\src\share\vm\classfile\systemDictio
Event: 6.607 Thread 0x0000000002fd4800 Exception <a 'java/lang/ClassNotFoundException': com/kms/katalon/core/webui/keyword/builtin/OpenBrowserKeywordCustomizer> (0x00000000e2b14400) thrown at [C:\jenkins\workspace\zulu8-silver-build-win64\zulu-src\hotspot\src\share\vm\classfile\systemDictionar
Event: 6.627 Thread 0x0000000002fd4800 Exception <a 'java/lang/ClassNotFoundException': com/kms/katalon/core/webui/keyword/builtin/InternalSmartWaitGroovyWrapperBeanInfo> (0x00000000e2d9ad58) thrown at [C:\jenkins\workspace\zulu8-silver-build-win64\zulu-src\hotspot\src\share\vm\classfile\syste
Event: 6.632 Thread 0x0000000002fd4800 Exception <a 'java/lang/ClassNotFoundException': com/kms/katalon/core/webui/keyword/builtin/InternalSmartWaitGroovyWrapperCustomizer> (0x00000000e2ea2e98) thrown at [C:\jenkins\workspace\zulu8-silver-build-win64\zulu-src\hotspot\src\share\vm\classfile\sys
Event: 7.881 Thread 0x00000000193c4800 Exception <a 'java/net/SocketTimeoutException': connect timed out> (0x00000000d719cf40) thrown at [C:\jenkins\workspace\zulu8-silver-build-win64\zulu-src\hotspot\src\share\vm\prims\jni.cpp, line 738]
Event: 7.930 Thread 0x0000000002fd4800 Exception <a 'java/lang/IncompatibleClassChangeError': Found class java.lang.Object, but interface was expected> (0x00000000d68a3790) thrown at [C:\jenkins\workspace\zulu8-silver-build-win64\zulu-src\hotspot\src\share\vm\interpreter\linkResolver.cpp, line
Event: 7.935 Thread 0x0000000002fd4800 Exception <a 'java/lang/NoSuchMethodError': java.lang.Object.lambda$or$2(Ljava/util/function/Predicate;Ljava/lang/Object;)Z> (0x00000000d68c1ce8) thrown at [C:\jenkins\workspace\zulu8-silver-build-win64\zulu-src\hotspot\src\share\vm\interpreter\linkResolv
Event: 8.033 Thread 0x0000000002fd4800 Exception <a 'java/lang/NoSuchMethodError': java.lang.Object.lambda$chars$0()Ljava/util/Spliterator$OfInt;> (0x00000000d76cd398) thrown at [C:\jenkins\workspace\zulu8-silver-build-win64\zulu-src\hotspot\src\share\vm\interpreter\linkResolver.cpp, line 620]

Events (10 events):
Event: 8.289 loading class org/openqa/selenium/json/JsonTypeCoercer
Event: 8.289 loading class org/openqa/selenium/json/JsonTypeCoercer done
Event: 8.290 loading class org/openqa/selenium/json/TypeCoercer
Event: 8.290 loading class org/openqa/selenium/json/TypeCoercer done
Event: 8.295 loading class org/openqa/selenium/json/TypeCoercer
Event: 8.295 loading class org/openqa/selenium/json/TypeCoercer done
Event: 8.295 loading class org/openqa/selenium/json/JsonInput
Event: 8.295 loading class org/openqa/selenium/json/JsonInput done
Event: 8.295 loading class org/openqa/selenium/json/MapCoercer
Event: 8.295 loading class org/openqa/selenium/json/MapCoercer done


Dynamic libraries:
0x00007ff7896a0000 - 0x00007ff7896d5000 	C:\Users\menen.desta\Documents\Katalon\Katalon_Studio_Windows_64-8.1.0\jre\bin\javaw.exe
0x00007ffd3b5b0000 - 0x00007ffd3b7a5000 	C:\Windows\SYSTEM32\ntdll.dll
0x00007ffd39710000 - 0x00007ffd397ce000 	C:\Windows\System32\KERNEL32.DLL
0x00007ffd38dd0000 - 0x00007ffd39099000 	C:\Windows\System32\KERNELBASE.dll
0x00007ffd39600000 - 0x00007ffd396ac000 	C:\Windows\System32\ADVAPI32.dll
0x00007ffd39b30000 - 0x00007ffd39bce000 	C:\Windows\System32\msvcrt.dll
0x00007ffd399e0000 - 0x00007ffd39a7b000 	C:\Windows\System32\sechost.dll
0x00007ffd3a060000 - 0x00007ffd3a18a000 	C:\Windows\System32\RPCRT4.dll
0x00007ffd3b300000 - 0x00007ffd3b4a1000 	C:\Windows\System32\USER32.dll
0x00007ffd394a0000 - 0x00007ffd394c2000 	C:\Windows\System32\win32u.dll
0x00007ffd3b2c0000 - 0x00007ffd3b2eb000 	C:\Windows\System32\GDI32.dll
0x00007ffd39140000 - 0x00007ffd3924b000 	C:\Windows\System32\gdi32full.dll
0x00007ffd390a0000 - 0x00007ffd3913d000 	C:\Windows\System32\msvcp_win.dll
0x00007ffd39500000 - 0x00007ffd39600000 	C:\Windows\System32\ucrtbase.dll
0x00007ffd18060000 - 0x00007ffd182fa000 	C:\Windows\WinSxS\amd64_microsoft.windows.common-controls_6595b64144ccf1df_6.0.19041.1110_none_60b5254171f9507e\COMCTL32.dll
0x00007ffd3a190000 - 0x00007ffd3a1c0000 	C:\Windows\System32\IMM32.DLL
0x0000000064e90000 - 0x0000000064f62000 	C:\Users\menen.desta\Documents\Katalon\Katalon_Studio_Windows_64-8.1.0\jre\bin\msvcr100.dll
0x0000000065050000 - 0x0000000065915000 	C:\Users\menen.desta\Documents\Katalon\Katalon_Studio_Windows_64-8.1.0\jre\bin\server\jvm.dll
0x00007ffd3b2f0000 - 0x00007ffd3b2f8000 	C:\Windows\System32\PSAPI.DLL
0x00007ffd23100000 - 0x00007ffd23109000 	C:\Windows\SYSTEM32\WSOCK32.dll
0x00007ffd3ae20000 - 0x00007ffd3ae8b000 	C:\Windows\System32\WS2_32.dll
0x00007ffd16cc0000 - 0x00007ffd16ce7000 	C:\Windows\SYSTEM32\WINMM.dll
0x00007ffd30b70000 - 0x00007ffd30b7a000 	C:\Windows\SYSTEM32\VERSION.dll
0x00007ffd1a8f0000 - 0x00007ffd1a8ff000 	C:\Users\menen.desta\Documents\Katalon\Katalon_Studio_Windows_64-8.1.0\jre\bin\verify.dll
0x00007ffd1a8c0000 - 0x00007ffd1a8e9000 	C:\Users\menen.desta\Documents\Katalon\Katalon_Studio_Windows_64-8.1.0\jre\bin\java.dll
0x00007ffd1a8a0000 - 0x00007ffd1a8b6000 	C:\Users\menen.desta\Documents\Katalon\Katalon_Studio_Windows_64-8.1.0\jre\bin\zip.dll
0x00007ffd3a5a0000 - 0x00007ffd3acdf000 	C:\Windows\System32\SHELL32.dll
0x00007ffd36ce0000 - 0x00007ffd37470000 	C:\Windows\SYSTEM32\windows.storage.dll
0x00007ffd3a240000 - 0x00007ffd3a595000 	C:\Windows\System32\combase.dll
0x00007ffd38650000 - 0x00007ffd3867c000 	C:\Windows\SYSTEM32\Wldp.dll
0x00007ffd3b0d0000 - 0x00007ffd3b17d000 	C:\Windows\System32\SHCORE.dll
0x00007ffd3b260000 - 0x00007ffd3b2b5000 	C:\Windows\System32\shlwapi.dll
0x00007ffd38c10000 - 0x00007ffd38c2f000 	C:\Windows\SYSTEM32\profapi.dll
0x00007ffd1a880000 - 0x00007ffd1a89b000 	C:\Users\menen.desta\Documents\Katalon\Katalon_Studio_Windows_64-8.1.0\jre\bin\net.dll
0x00007ffd383b0000 - 0x00007ffd3841a000 	C:\Windows\system32\mswsock.dll
0x00007ffd1a860000 - 0x00007ffd1a871000 	C:\Users\menen.desta\Documents\Katalon\Katalon_Studio_Windows_64-8.1.0\jre\bin\nio.dll
0x00007ffd380e0000 - 0x00007ffd381ac000 	C:\Windows\SYSTEM32\DNSAPI.dll
0x00007ffd380a0000 - 0x00007ffd380db000 	C:\Windows\SYSTEM32\IPHLPAPI.DLL
0x00007ffd3ace0000 - 0x00007ffd3ace8000 	C:\Windows\System32\NSI.dll
0x00007ffd301a0000 - 0x00007ffd301aa000 	C:\Windows\System32\rasadhlp.dll
0x00007ffd30440000 - 0x00007ffd304bf000 	C:\Windows\System32\fwpuclnt.dll
0x00007ffd394d0000 - 0x00007ffd394f7000 	C:\Windows\System32\bcrypt.dll
0x00007ffd0f200000 - 0x00007ffd0f224000 	C:\Users\menen.desta\Documents\Katalon\Katalon_Studio_Windows_64-8.1.0\jre\bin\sunec.dll
0x00007ffd1a7e0000 - 0x00007ffd1a7ec000 	C:\Users\menen.desta\Documents\Katalon\Katalon_Studio_Windows_64-8.1.0\jre\bin\sunmscapi.dll
0x00007ffd392b0000 - 0x00007ffd39406000 	C:\Windows\System32\CRYPT32.dll
0x00007ffd386c0000 - 0x00007ffd386e7000 	C:\Windows\SYSTEM32\ncrypt.dll
0x00007ffd38680000 - 0x00007ffd386bb000 	C:\Windows\SYSTEM32\NTASN1.dll
0x00007ffd385a0000 - 0x00007ffd385b8000 	C:\Windows\SYSTEM32\CRYPTSP.dll
0x00007ffd37c20000 - 0x00007ffd37c54000 	C:\Windows\system32\rsaenh.dll
0x00007ffd38b90000 - 0x00007ffd38bbe000 	C:\Windows\SYSTEM32\USERENV.dll
0x00007ffd39410000 - 0x00007ffd39493000 	C:\Windows\System32\bcryptprimitives.dll
0x00007ffd385c0000 - 0x00007ffd385cc000 	C:\Windows\SYSTEM32\CRYPTBASE.dll
0x00007ffd310b0000 - 0x00007ffd310c7000 	C:\Windows\SYSTEM32\dhcpcsvc6.DLL
0x00007ffd31070000 - 0x00007ffd3108d000 	C:\Windows\SYSTEM32\dhcpcsvc.DLL

VM Arguments:
jvm_args: -Dgroovy.home=C:\Users\menen.desta/.groovy -Djava.system.class.loader=groovy.lang.GroovyClassLoader -Xmx2048m -Dfile.encoding=UTF-8 
java_command: org.codehaus.groovy.tools.GroovyStarter --classpath C:\Users\menen.desta\git\modpims-testing\Transfer Workflow\Transfer Workflow\bin\keyword;C:\Users\menen.desta\git\modpims-testing\Transfer Workflow\Transfer Workflow\Keywords;C:\Users\menen.desta\git\modpims-testing\Transfer Workflow\Transfer Workflow\bin\listener;C:\Users\menen.desta\git\modpims-testing\Transfer Workflow\Transfer Workflow\Test Listeners;C:\Users\menen.desta\git\modpims-testing\Transfer Workflow\Transfer Workflow\bin\lib;C:\Users\menen.desta\git\modpims-testing\Transfer Workflow\Transfer Workflow\Libs;C:\Users\menen.desta\git\modpims-testing\Transfer Workflow\Transfer Workflow\bin\groovy;C:\Users\menen.desta\git\modpims-testing\Transfer Workflow\Transfer Workflow\Include\scripts\groovy;C:\Users\menen.desta\Documents\Katalon\Katalon_Studio_Windows_64-8.1.0\plugins\com.kms.katalon.core_1.0.0.202108170301.jar;C:\Users\menen.desta\Documents\Katalon\Katalon_Studio_Windows_64-8.1.0\configuration\resources\lib\aalto-xml-1.0.0.jar;C:\Users\menen.desta\Documents\Katalon\Katalon_Studio_Windows_64-8.1.0\configuration\resources\lib\aspectjweaver-1.9.1.jar;C:\Users\menen.desta\Documents\Katalon\Katalon_Studio_Windows_64-8.1.0\configuration\resources\lib\bcpkix-jdk15on-1.64.jar;C:\Users\menen.desta\Documents\Katalon\Katalon_Studio_Windows_64-8.1.0\configuration\resources\lib\bcprov-jdk15on-1.64.jar;C:\Users\menen.desta\Documents\Katalon\Katalon_Studio_Windows_64-8.1.0\configuration\resources\lib\browsermob-core-2.1.5.jar;C:\Users\menen.desta\Documents\Katalon\Katalon_Studio_Windows_64-8.1.0\configuration\resources\lib\cglib-3.2.10.jar;C:\Users\menen.desta\Documents\Katalon\Katalon_Studio_Windows_64-8.1.0\configuration\resources\lib\commons-codec-1.10.jar;C:\Users\menen.desta\Documents\Katalon\Katalon_Studio_Windows_64-8.1.0\configuration\resources\lib\commons-collections4-4.1.jar;C:\Users\menen.desta\Documents\Katalon\Katalon_Studio_Windows_64-8.1.0\configuration\resources\lib\commons-validator-1
java_class_path (initial): C:\Users\menen.desta\git\modpims-testing\Transfer Workflow\Transfer Workflow\bin\keyword;C:\Users\menen.desta\git\modpims-testing\Transfer Workflow\Transfer Workflow\bin\listener;C:\Users\menen.desta\git\modpims-testing\Transfer Workflow\Transfer Workflow\bin\lib;C:\Users\menen.desta\git\modpims-testing\Transfer Workflow\Transfer Workflow\bin\groovy;C:\Users\menen.desta\git\modpims-testing\Transfer Workflow\Transfer Workflow\bin;C:\Users\menen.desta\Documents\Katalon\Katalon_Studio_Windows_64-8.1.0\plugins\com.kms.katalon.core_1.0.0.202108170301.jar;C:\Users\menen.desta\Documents\Katalon\Katalon_Studio_Windows_64-8.1.0\configuration\resources\lib\aalto-xml-1.0.0.jar;C:\Users\menen.desta\Documents\Katalon\Katalon_Studio_Windows_64-8.1.0\configuration\resources\lib\aspectjweaver-1.9.1.jar;C:\Users\menen.desta\Documents\Katalon\Katalon_Studio_Windows_64-8.1.0\configuration\resources\lib\bcpkix-jdk15on-1.64.jar;C:\Users\menen.desta\Documents\Katalon\Katalon_Studio_Windows_64-8.1.0\configuration\resources\lib\bcprov-jdk15on-1.64.jar;C:\Users\menen.desta\Documents\Katalon\Katalon_Studio_Windows_64-8.1.0\configuration\resources\lib\browsermob-core-2.1.5.jar;C:\Users\menen.desta\Documents\Katalon\Katalon_Studio_Windows_64-8.1.0\configuration\resources\lib\cglib-3.2.10.jar;C:\Users\menen.desta\Documents\Katalon\Katalon_Studio_Windows_64-8.1.0\configuration\resources\lib\commons-codec-1.10.jar;C:\Users\menen.desta\Documents\Katalon\Katalon_Studio_Windows_64-8.1.0\configuration\resources\lib\commons-collections4-4.1.jar;C:\Users\menen.desta\Documents\Katalon\Katalon_Studio_Windows_64-8.1.0\configuration\resources\lib\commons-validator-1.6.jar;C:\Users\menen.desta\Documents\Katalon\Katalon_Studio_Windows_64-8.1.0\configuration\resources\lib\curvesapi-1.04.jar;C:\Users\menen.desta\Documents\Katalon\Katalon_Studio_Windows_64-8.1.0\configuration\resources\lib\dnsjava-2.1.8.jar;C:\Users\menen.desta\Documents\Katalon\Katalon_Studio_Windows_64-8.1.0\confi
Launcher Type: SUN_STANDARD

Environment Variables:
PATH=C:/Users/menen.desta/Documents/Katalon/Katalon_Studio_Windows_64-8.1.0/jre/bin/server;C:/Users/menen.desta/Documents/Katalon/Katalon_Studio_Windows_64-8.1.0/jre/bin;C:/Users/menen.desta/Documents/Katalon/Katalon_Studio_Windows_64-8.1.0/jre/lib/amd64;C:\Windows\system32;C:\Windows;C:\Windows\System32\Wbem;C:\Windows\System32\WindowsPowerShell\v1.0\;C:\Windows\System32\OpenSSH\;C:\Program Files (x86)\Microsoft SQL Server\150\DTS\Binn\;C:\Program Files\Azure Data Studio\bin;C:\Program Files\Git\cmd;C:\Users\menen.desta\AppData\Local\Microsoft\WindowsApps;;C:\Users\menen.desta\Documents\Katalon\Katalon_Studio_Windows_64-8.1.0;
USERNAME=menen.desta
OS=Windows_NT
PROCESSOR_IDENTIFIER=Intel64 Family 6 Model 85 Stepping 4, GenuineIntel



---------------  S Y S T E M  ---------------

OS: Windows 10.0 , 64 bit Build 19041 (10.0.19041.1202)
HyperV virtualization detected

CPU:total 2 (initial active 2) (2 cores per cpu, 1 threads per core) family 6 model 85 stepping 4, cmov, cx8, fxsr, mmx, sse, sse2, sse3, ssse3, sse4.1, sse4.2, popcnt, avx, avx2, aes, clmul, erms, rtm, 3dnowpref, lzcnt, tsc, bmi1, bmi2, adx

Memory: 4k page, physical 8388148k(2122180k free), swap 10485040k(5200k free)

vm_info: OpenJDK 64-Bit Server VM (25.282-b08) for windows-amd64 JRE (Zulu 8.52.0.23-CA-win64) (1.8.0_282-b08), built on Jan 12 2021 07:45:49 by "tester" with MS VC++ 10.0 (VS2010)

time: Mon Oct 25 19:08:54 2021
timezone: Coordinated Universal Time
elapsed time: 8.303152 seconds (0d 0h 0m 8s)

