#
# There is insufficient memory for the Java Runtime Environment to continue.
# Native memory allocation (malloc) failed to allocate 32744 bytes for ChunkPool::allocate
# Possible reasons:
#   The system is out of physical RAM or swap space
#   The process is running with CompressedOops enabled, and the Java Heap may be blocking the growth of the native heap
# Possible solutions:
#   Reduce memory load on the system
#   Increase physical memory or swap space
#   Check if swap backing store is full
#   Decrease Java heap size (-Xmx/-Xms)
#   Decrease number of Java threads
#   Decrease Java thread stack sizes (-Xss)
#   Set larger code cache with -XX:ReservedCodeCacheSize=
#   JVM is running with Unscaled Compressed Oops mode in which the Java heap is
#     placed in the first 4GB address space. The Java Heap base address is the
#     maximum limit for the native heap growth. Please use -XX:HeapBaseMinAddress
#     to set the Java Heap base and to place the Java Heap above 4GB virtual address.
# This output file may be truncated or incomplete.
#
#  Out of Memory Error (allocation.cpp:272), pid=5772, tid=0x0000000000003cf8
#
# JRE version: OpenJDK Runtime Environment (Zulu 8.52.0.23-CA-win64) (8.0_282-b08) (build 1.8.0_282-b08)
# Java VM: OpenJDK 64-Bit Server VM (25.282-b08 mixed mode windows-amd64 compressed oops)
# Failed to write core dump. Minidumps are not enabled by default on client versions of Windows
#

---------------  T H R E A D  ---------------

Current thread (0x000000001815a800):  JavaThread "C2 CompilerThread0" daemon [_thread_in_native, id=15608, stack(0x0000000018470000,0x0000000018570000)]

Stack: [0x0000000018470000,0x0000000018570000]
[error occurred during error reporting (printing stack bounds), id 0xc0000005]

Native frames: (J=compiled Java code, j=interpreted, Vv=VM code, C=native code)


Current CompileTask:
C2:   8086 2269   !   4       java.net.URLClassLoader$1::run (63 bytes)


---------------  P R O C E S S  ---------------

Java Threads: ( => current thread )
  0x000000001819a000 JavaThread "Service Thread" daemon [_thread_blocked, id=15612, stack(0x0000000018670000,0x0000000018770000)]
  0x0000000018197000 JavaThread "C1 CompilerThread1" daemon [_thread_blocked, id=11312, stack(0x0000000018570000,0x0000000018670000)]
=>0x000000001815a800 JavaThread "C2 CompilerThread0" daemon [_thread_in_native, id=15608, stack(0x0000000018470000,0x0000000018570000)]
  0x00000000180fb800 JavaThread "Attach Listener" daemon [_thread_blocked, id=456, stack(0x0000000018370000,0x0000000018470000)]
  0x0000000018151800 JavaThread "Signal Dispatcher" daemon [_thread_blocked, id=8684, stack(0x0000000018270000,0x0000000018370000)]
  0x0000000017033800 JavaThread "Finalizer" daemon [_thread_blocked, id=5440, stack(0x0000000017c70000,0x0000000017d70000)]
  0x000000001702c000 JavaThread "Reference Handler" daemon [_thread_blocked, id=8728, stack(0x0000000017b70000,0x0000000017c70000)]
  0x0000000002574800 JavaThread "main" [_thread_in_vm, id=11104, stack(0x0000000002460000,0x0000000002560000)]

Other Threads:
  0x000000000265b000 VMThread [stack: 0x0000000017a70000,0x0000000017b70000] [id=16000]
  0x000000001820c000 WatcherThread [stack: 0x0000000018770000,0x0000000018870000] [id=7860]

VM state:not at safepoint (normal execution)

VM Mutex/Monitor currently owned by a thread: None

heap address: 0x0000000080000000, size: 2048 MB, Compressed Oops mode: 32-bit
Narrow klass base: 0x0000000000000000, Narrow klass shift: 3
Compressed class space size: 1073741824 Address: 0x0000000100000000

Heap:
 PSYoungGen      total 269312K, used 38335K [0x00000000d5580000, 0x00000000ea400000, 0x0000000100000000)
  eden space 258560K, 11% used [0x00000000d5580000,0x00000000d73a68a0,0x00000000e5200000)
  from space 10752K, 69% used [0x00000000e5200000,0x00000000e5949648,0x00000000e5c80000)
  to   space 11264K, 0% used [0x00000000e9900000,0x00000000e9900000,0x00000000ea400000)
 ParOldGen       total 62464K, used 10271K [0x0000000080000000, 0x0000000083d00000, 0x00000000d5580000)
  object space 62464K, 16% used [0x0000000080000000,0x0000000080a07e00,0x0000000083d00000)
 Metaspace       used 22882K, capacity 23224K, committed 23424K, reserved 1071104K
  class space    used 2502K, capacity 2625K, committed 2688K, reserved 1048576K

Card table byte_map: [0x0000000011a20000,0x0000000011e30000] byte_map_base: 0x0000000011620000

Marking Bits: (ParMarkBitMap*) 0x0000000065891f00
 Begin Bits: [0x00000000122e0000, 0x00000000142e0000)
 End Bits:   [0x00000000142e0000, 0x00000000162e0000)

Polling page: 0x00000000021f0000

CodeCache: size=245760Kb used=9922Kb max_used=9922Kb free=235837Kb
 bounds [0x0000000002660000, 0x0000000003020000, 0x0000000011660000]
 total_blobs=3020 nmethods=2383 adapters=547
 compilation: enabled

Compilation events (10 events):
Event: 8.046 Thread 0x0000000018197000 nmethod 2385 0x0000000003010d10 code [0x0000000003010ea0, 0x0000000003011408]
Event: 8.046 Thread 0x0000000018197000 2386       3       groovyjarjarasm.asm.AnnotationWriter::computeAnnotationsSize (66 bytes)
Event: 8.046 Thread 0x0000000018197000 nmethod 2386 0x0000000003011590 code [0x0000000003011740, 0x0000000003011cb8]
Event: 8.046 Thread 0x0000000018197000 2387       3       groovyjarjarasm.asm.Attribute::putAttributes (78 bytes)
Event: 8.046 Thread 0x0000000018197000 nmethod 2387 0x0000000003011e90 code [0x00000000030120a0, 0x00000000030127f8]
Event: 8.081 Thread 0x0000000018197000 2388       3       java.net.URLClassLoader$3::next (73 bytes)
Event: 8.081 Thread 0x0000000018197000 nmethod 2388 0x0000000003012b90 code [0x0000000003012d60, 0x00000000030133d8]
Event: 8.082 Thread 0x0000000018197000 2389       1       java.nio.Buffer::capacity (5 bytes)
Event: 8.082 Thread 0x0000000018197000 nmethod 2389 0x0000000003013690 code [0x00000000030137e0, 0x00000000030138f0]
Event: 8.084 Thread 0x0000000018197000 2390       3       org.codehaus.groovy.classgen.VariableScopeVisitor::visitAnnotations (117 bytes)

GC Heap History (10 events):
Event: 4.305 GC heap before
{Heap before GC invocations=4 (full 0):
 PSYoungGen      total 71680K, used 71665K [0x00000000d5580000, 0x00000000de180000, 0x0000000100000000)
  eden space 66560K, 100% used [0x00000000d5580000,0x00000000d9680000,0x00000000d9680000)
  from space 5120K, 99% used [0x00000000d9680000,0x00000000d9b7c6a8,0x00000000d9b80000)
  to   space 5120K, 0% used [0x00000000ddc80000,0x00000000ddc80000,0x00000000de180000)
 ParOldGen       total 87552K, used 923K [0x0000000080000000, 0x0000000085580000, 0x00000000d5580000)
  object space 87552K, 1% used [0x0000000080000000,0x00000000800e6c00,0x0000000085580000)
 Metaspace       used 16848K, capacity 17088K, committed 17280K, reserved 1064960K
  class space    used 1797K, capacity 1908K, committed 1920K, reserved 1048576K
Event: 4.320 GC heap after
Heap after GC invocations=4 (full 0):
 PSYoungGen      total 138240K, used 5090K [0x00000000d5580000, 0x00000000de180000, 0x0000000100000000)
  eden space 133120K, 0% used [0x00000000d5580000,0x00000000d5580000,0x00000000dd780000)
  from space 5120K, 99% used [0x00000000ddc80000,0x00000000de178858,0x00000000de180000)
  to   space 5120K, 0% used [0x00000000dd780000,0x00000000dd780000,0x00000000ddc80000)
 ParOldGen       total 87552K, used 4250K [0x0000000080000000, 0x0000000085580000, 0x00000000d5580000)
  object space 87552K, 4% used [0x0000000080000000,0x0000000080426bb8,0x0000000085580000)
 Metaspace       used 16848K, capacity 17088K, committed 17280K, reserved 1064960K
  class space    used 1797K, capacity 1908K, committed 1920K, reserved 1048576K
}
Event: 5.298 GC heap before
{Heap before GC invocations=5 (full 0):
 PSYoungGen      total 138240K, used 76631K [0x00000000d5580000, 0x00000000de180000, 0x0000000100000000)
  eden space 133120K, 53% used [0x00000000d5580000,0x00000000d9b5d628,0x00000000dd780000)
  from space 5120K, 99% used [0x00000000ddc80000,0x00000000de178858,0x00000000de180000)
  to   space 5120K, 0% used [0x00000000dd780000,0x00000000dd780000,0x00000000ddc80000)
 ParOldGen       total 87552K, used 4250K [0x0000000080000000, 0x0000000085580000, 0x00000000d5580000)
  object space 87552K, 4% used [0x0000000080000000,0x0000000080426bb8,0x0000000085580000)
 Metaspace       used 20820K, capacity 21072K, committed 21296K, reserved 1069056K
  class space    used 2309K, capacity 2424K, committed 2432K, reserved 1048576K
Event: 5.325 GC heap after
Heap after GC invocations=5 (full 0):
 PSYoungGen      total 138240K, used 5090K [0x00000000d5580000, 0x00000000e6e80000, 0x0000000100000000)
  eden space 133120K, 0% used [0x00000000d5580000,0x00000000d5580000,0x00000000dd780000)
  from space 5120K, 99% used [0x00000000dd780000,0x00000000ddc78b08,0x00000000ddc80000)
  to   space 10752K, 0% used [0x00000000e6400000,0x00000000e6400000,0x00000000e6e80000)
 ParOldGen       total 87552K, used 8181K [0x0000000080000000, 0x0000000085580000, 0x00000000d5580000)
  object space 87552K, 9% used [0x0000000080000000,0x00000000807fd478,0x0000000085580000)
 Metaspace       used 20820K, capacity 21072K, committed 21296K, reserved 1069056K
  class space    used 2309K, capacity 2424K, committed 2432K, reserved 1048576K
}
Event: 5.325 GC heap before
{Heap before GC invocations=6 (full 1):
 PSYoungGen      total 138240K, used 5090K [0x00000000d5580000, 0x00000000e6e80000, 0x0000000100000000)
  eden space 133120K, 0% used [0x00000000d5580000,0x00000000d5580000,0x00000000dd780000)
  from space 5120K, 99% used [0x00000000dd780000,0x00000000ddc78b08,0x00000000ddc80000)
  to   space 10752K, 0% used [0x00000000e6400000,0x00000000e6400000,0x00000000e6e80000)
 ParOldGen       total 87552K, used 8181K [0x0000000080000000, 0x0000000085580000, 0x00000000d5580000)
  object space 87552K, 9% used [0x0000000080000000,0x00000000807fd478,0x0000000085580000)
 Metaspace       used 20820K, capacity 21072K, committed 21296K, reserved 1069056K
  class space    used 2309K, capacity 2424K, committed 2432K, reserved 1048576K
Event: 5.390 GC heap after
Heap after GC invocations=6 (full 1):
 PSYoungGen      total 138240K, used 0K [0x00000000d5580000, 0x00000000e6e80000, 0x0000000100000000)
  eden space 133120K, 0% used [0x00000000d5580000,0x00000000d5580000,0x00000000dd780000)
  from space 5120K, 0% used [0x00000000dd780000,0x00000000dd780000,0x00000000ddc80000)
  to   space 10752K, 0% used [0x00000000e6400000,0x00000000e6400000,0x00000000e6e80000)
 ParOldGen       total 62464K, used 10263K [0x0000000080000000, 0x0000000083d00000, 0x00000000d5580000)
  object space 62464K, 16% used [0x0000000080000000,0x0000000080a05e00,0x0000000083d00000)
 Metaspace       used 20820K, capacity 21072K, committed 21296K, reserved 1069056K
  class space    used 2309K, capacity 2424K, committed 2432K, reserved 1048576K
}
Event: 6.259 GC heap before
{Heap before GC invocations=7 (full 1):
 PSYoungGen      total 138240K, used 133120K [0x00000000d5580000, 0x00000000e6e80000, 0x0000000100000000)
  eden space 133120K, 100% used [0x00000000d5580000,0x00000000dd780000,0x00000000dd780000)
  from space 5120K, 0% used [0x00000000dd780000,0x00000000dd780000,0x00000000ddc80000)
  to   space 10752K, 0% used [0x00000000e6400000,0x00000000e6400000,0x00000000e6e80000)
 ParOldGen       total 62464K, used 10263K [0x0000000080000000, 0x0000000083d00000, 0x00000000d5580000)
  object space 62464K, 16% used [0x0000000080000000,0x0000000080a05e00,0x0000000083d00000)
 Metaspace       used 22073K, capacity 22392K, committed 22704K, reserved 1069056K
  class space    used 2412K, capacity 2541K, committed 2560K, reserved 1048576K
Event: 6.266 GC heap after
Heap after GC invocations=7 (full 1):
 PSYoungGen      total 210432K, used 2622K [0x00000000d5580000, 0x00000000e6700000, 0x0000000100000000)
  eden space 207360K, 0% used [0x00000000d5580000,0x00000000d5580000,0x00000000e2000000)
  from space 3072K, 85% used [0x00000000e6400000,0x00000000e668f850,0x00000000e6700000)
  to   space 10752K, 0% used [0x00000000e5200000,0x00000000e5200000,0x00000000e5c80000)
 ParOldGen       total 62464K, used 10271K [0x0000000080000000, 0x0000000083d00000, 0x00000000d5580000)
  object space 62464K, 16% used [0x0000000080000000,0x0000000080a07e00,0x0000000083d00000)
 Metaspace       used 22073K, capacity 22392K, committed 22704K, reserved 1069056K
  class space    used 2412K, capacity 2541K, committed 2560K, reserved 1048576K
}
Event: 7.843 GC heap before
{Heap before GC invocations=8 (full 1):
 PSYoungGen      total 210432K, used 209982K [0x00000000d5580000, 0x00000000e6700000, 0x0000000100000000)
  eden space 207360K, 100% used [0x00000000d5580000,0x00000000e2000000,0x00000000e2000000)
  from space 3072K, 85% used [0x00000000e6400000,0x00000000e668f850,0x00000000e6700000)
  to   space 10752K, 0% used [0x00000000e5200000,0x00000000e5200000,0x00000000e5c80000)
 ParOldGen       total 62464K, used 10271K [0x0000000080000000, 0x0000000083d00000, 0x00000000d5580000)
  object space 62464K, 16% used [0x0000000080000000,0x0000000080a07e00,0x0000000083d00000)
 Metaspace       used 22843K, capacity 23142K, committed 23424K, reserved 1071104K
  class space    used 2499K, capacity 2619K, committed 2688K, reserved 1048576K
Event: 7.862 GC heap after
Heap after GC invocations=8 (full 1):
 PSYoungGen      total 269312K, used 7461K [0x00000000d5580000, 0x00000000ea400000, 0x0000000100000000)
  eden space 258560K, 0% used [0x00000000d5580000,0x00000000d5580000,0x00000000e5200000)
  from space 10752K, 69% used [0x00000000e5200000,0x00000000e5949648,0x00000000e5c80000)
  to   space 11264K, 0% used [0x00000000e9900000,0x00000000e9900000,0x00000000ea400000)
 ParOldGen       total 62464K, used 10271K [0x0000000080000000, 0x0000000083d00000, 0x00000000d5580000)
  object space 62464K, 16% used [0x0000000080000000,0x0000000080a07e00,0x0000000083d00000)
 Metaspace       used 22843K, capacity 23142K, committed 23424K, reserved 1071104K
  class space    used 2499K, capacity 2619K, committed 2688K, reserved 1048576K
}

Deoptimization events (10 events):
Event: 5.263 Thread 0x0000000002574800 Uncommon trap: reason=bimorphic action=maybe_recompile pc=0x0000000002bc1cf0 method=java.util.HashMap.putVal(ILjava/lang/Object;Ljava/lang/Object;ZZ)Ljava/lang/Object; @ 203
Event: 5.393 Thread 0x0000000002574800 Uncommon trap: reason=predicate action=maybe_recompile pc=0x0000000002cd3e1c method=java.lang.String.regionMatches(ZILjava/lang/String;II)Z @ 63
Event: 5.708 Thread 0x0000000002574800 Uncommon trap: reason=unstable_if action=reinterpret pc=0x0000000002eb072c method=java.lang.Class$MethodArray.addIfNotPresent(Ljava/lang/reflect/Method;)V @ 19
Event: 6.639 Thread 0x0000000002574800 Uncommon trap: reason=unstable_if action=reinterpret pc=0x0000000002d2b608 method=java.util.zip.ZipFile$ZipEntryIterator.hasNext()Z @ 25
Event: 6.805 Thread 0x0000000002574800 Uncommon trap: reason=predicate action=maybe_recompile pc=0x00000000029f64a0 method=groovyjarjarantlr.InputBuffer.syncConsume()V @ 7
Event: 6.805 Thread 0x0000000002574800 Uncommon trap: reason=predicate action=maybe_recompile pc=0x00000000029f8714 method=groovyjarjarantlr.InputBuffer.syncConsume()V @ 7
Event: 6.805 Thread 0x0000000002574800 Uncommon trap: reason=predicate action=maybe_recompile pc=0x00000000029fab34 method=groovyjarjarantlr.InputBuffer.syncConsume()V @ 7
Event: 7.647 Thread 0x0000000002574800 Uncommon trap: reason=unstable_if action=reinterpret pc=0x0000000002c27754 method=java.math.BigInteger.addOne([IIII)I @ 55
Event: 7.747 Thread 0x0000000002574800 Uncommon trap: reason=unstable_if action=reinterpret pc=0x0000000002ea60b4 method=java.lang.CharacterDataLatin1.digit(II)I @ 60
Event: 7.779 Thread 0x0000000002574800 Uncommon trap: reason=unstable_if action=reinterpret pc=0x0000000002f39ae4 method=groovy.lang.MetaClassImpl.checkIfStdMethod(Lgroovy/lang/MetaMethod;)V @ 9

Classes redefined (0 events):
No events

Internal exceptions (10 events):
Event: 7.973 Thread 0x0000000002574800 Exception <a 'java/security/PrivilegedActionException'> (0x00000000d6870498) thrown at [C:\jenkins\workspace\zulu8-silver-build-win64\zulu-src\hotspot\src\share\vm\prims\jvm.cpp, line 1529]
Event: 7.973 Thread 0x0000000002574800 Exception <a 'java/security/PrivilegedActionException'> (0x00000000d6870c60) thrown at [C:\jenkins\workspace\zulu8-silver-build-win64\zulu-src\hotspot\src\share\vm\prims\jvm.cpp, line 1529]
Event: 7.974 Thread 0x0000000002574800 Exception <a 'java/security/PrivilegedActionException'> (0x00000000d68863f0) thrown at [C:\jenkins\workspace\zulu8-silver-build-win64\zulu-src\hotspot\src\share\vm\prims\jvm.cpp, line 1529]
Event: 7.974 Thread 0x0000000002574800 Exception <a 'java/security/PrivilegedActionException'> (0x00000000d6886bb8) thrown at [C:\jenkins\workspace\zulu8-silver-build-win64\zulu-src\hotspot\src\share\vm\prims\jvm.cpp, line 1529]
Event: 8.001 Thread 0x0000000002574800 Exception <a 'java/lang/ClassNotFoundException': Script1BeanInfo> (0x00000000d6afb818) thrown at [C:\jenkins\workspace\zulu8-silver-build-win64\zulu-src\hotspot\src\share\vm\classfile\systemDictionary.cpp, line 220]
Event: 8.019 Thread 0x0000000002574800 Exception <a 'java/lang/ClassNotFoundException': Script1Customizer> (0x00000000d6bb4640) thrown at [C:\jenkins\workspace\zulu8-silver-build-win64\zulu-src\hotspot\src\share\vm\classfile\systemDictionary.cpp, line 220]
Event: 8.035 Thread 0x0000000002574800 Exception <a 'java/lang/ClassNotFoundException': Script2BeanInfo> (0x00000000d6cfc7e0) thrown at [C:\jenkins\workspace\zulu8-silver-build-win64\zulu-src\hotspot\src\share\vm\classfile\systemDictionary.cpp, line 220]
Event: 8.040 Thread 0x0000000002574800 Exception <a 'java/lang/ClassNotFoundException': Script2Customizer> (0x00000000d6db5608) thrown at [C:\jenkins\workspace\zulu8-silver-build-win64\zulu-src\hotspot\src\share\vm\classfile\systemDictionary.cpp, line 220]
Event: 8.055 Thread 0x0000000002574800 Exception <a 'java/lang/ClassNotFoundException': Script3BeanInfo> (0x00000000d6f2e070) thrown at [C:\jenkins\workspace\zulu8-silver-build-win64\zulu-src\hotspot\src\share\vm\classfile\systemDictionary.cpp, line 220]
Event: 8.079 Thread 0x0000000002574800 Exception <a 'java/lang/ClassNotFoundException': Script3Customizer> (0x00000000d6fe6e98) thrown at [C:\jenkins\workspace\zulu8-silver-build-win64\zulu-src\hotspot\src\share\vm\classfile\systemDictionary.cpp, line 220]

Events (10 events):
Event: 8.052 loading class Script3BeanInfo
Event: 8.052 loading class Script3BeanInfo done
Event: 8.055 loading class Script3BeanInfo
Event: 8.055 loading class Script3BeanInfo done
Event: 8.055 loading class Script3Customizer
Event: 8.055 loading class Script3Customizer done
Event: 8.057 loading class Script3Customizer
Event: 8.057 loading class Script3Customizer done
Event: 8.079 loading class Script3Customizer
Event: 8.079 loading class Script3Customizer done


Dynamic libraries:
0x00007ff6c7dd0000 - 0x00007ff6c7e05000 	C:\Users\menen.desta\Documents\Katalon\Katalon_Studio_Windows_64-8.1.0\jre\bin\javaw.exe
0x00007ffd3b5b0000 - 0x00007ffd3b7a5000 	C:\Windows\SYSTEM32\ntdll.dll
0x00007ffd39710000 - 0x00007ffd397ce000 	C:\Windows\System32\KERNEL32.DLL
0x00007ffd38dd0000 - 0x00007ffd39099000 	C:\Windows\System32\KERNELBASE.dll
0x00007ffd39600000 - 0x00007ffd396ac000 	C:\Windows\System32\ADVAPI32.dll
0x00007ffd39b30000 - 0x00007ffd39bce000 	C:\Windows\System32\msvcrt.dll
0x00007ffd399e0000 - 0x00007ffd39a7b000 	C:\Windows\System32\sechost.dll
0x00007ffd3a060000 - 0x00007ffd3a18a000 	C:\Windows\System32\RPCRT4.dll
0x00007ffd3b300000 - 0x00007ffd3b4a1000 	C:\Windows\System32\USER32.dll
0x00007ffd394a0000 - 0x00007ffd394c2000 	C:\Windows\System32\win32u.dll
0x00007ffd3b2c0000 - 0x00007ffd3b2eb000 	C:\Windows\System32\GDI32.dll
0x00007ffd39140000 - 0x00007ffd3924b000 	C:\Windows\System32\gdi32full.dll
0x00007ffd390a0000 - 0x00007ffd3913d000 	C:\Windows\System32\msvcp_win.dll
0x00007ffd39500000 - 0x00007ffd39600000 	C:\Windows\System32\ucrtbase.dll
0x00007ffd18060000 - 0x00007ffd182fa000 	C:\Windows\WinSxS\amd64_microsoft.windows.common-controls_6595b64144ccf1df_6.0.19041.1110_none_60b5254171f9507e\COMCTL32.dll
0x00007ffd3a190000 - 0x00007ffd3a1c0000 	C:\Windows\System32\IMM32.DLL
0x0000000064e90000 - 0x0000000064f62000 	C:\Users\menen.desta\Documents\Katalon\Katalon_Studio_Windows_64-8.1.0\jre\bin\msvcr100.dll
0x0000000065050000 - 0x0000000065915000 	C:\Users\menen.desta\Documents\Katalon\Katalon_Studio_Windows_64-8.1.0\jre\bin\server\jvm.dll
0x00007ffd3b2f0000 - 0x00007ffd3b2f8000 	C:\Windows\System32\PSAPI.DLL
0x00007ffd23100000 - 0x00007ffd23109000 	C:\Windows\SYSTEM32\WSOCK32.dll
0x00007ffd3ae20000 - 0x00007ffd3ae8b000 	C:\Windows\System32\WS2_32.dll
0x00007ffd1e080000 - 0x00007ffd1e0a7000 	C:\Windows\SYSTEM32\WINMM.dll
0x00007ffd30b70000 - 0x00007ffd30b7a000 	C:\Windows\SYSTEM32\VERSION.dll
0x00007ffd04650000 - 0x00007ffd0465f000 	C:\Users\menen.desta\Documents\Katalon\Katalon_Studio_Windows_64-8.1.0\jre\bin\verify.dll
0x00007ffcf6920000 - 0x00007ffcf6949000 	C:\Users\menen.desta\Documents\Katalon\Katalon_Studio_Windows_64-8.1.0\jre\bin\java.dll
0x00007ffcf6680000 - 0x00007ffcf6696000 	C:\Users\menen.desta\Documents\Katalon\Katalon_Studio_Windows_64-8.1.0\jre\bin\zip.dll
0x00007ffd3a5a0000 - 0x00007ffd3acdf000 	C:\Windows\System32\SHELL32.dll
0x00007ffd36ce0000 - 0x00007ffd37470000 	C:\Windows\SYSTEM32\windows.storage.dll
0x00007ffd3a240000 - 0x00007ffd3a595000 	C:\Windows\System32\combase.dll
0x00007ffd38650000 - 0x00007ffd3867c000 	C:\Windows\SYSTEM32\Wldp.dll
0x00007ffd3b0d0000 - 0x00007ffd3b17d000 	C:\Windows\System32\SHCORE.dll
0x00007ffd3b260000 - 0x00007ffd3b2b5000 	C:\Windows\System32\shlwapi.dll
0x00007ffd38c10000 - 0x00007ffd38c2f000 	C:\Windows\SYSTEM32\profapi.dll
0x00007ffcf6510000 - 0x00007ffcf652b000 	C:\Users\menen.desta\Documents\Katalon\Katalon_Studio_Windows_64-8.1.0\jre\bin\net.dll
0x00007ffd383b0000 - 0x00007ffd3841a000 	C:\Windows\system32\mswsock.dll
0x00007ffcf64f0000 - 0x00007ffcf6501000 	C:\Users\menen.desta\Documents\Katalon\Katalon_Studio_Windows_64-8.1.0\jre\bin\nio.dll

VM Arguments:
jvm_args: -Dgroovy.home=C:\Users\menen.desta/.groovy -Djava.system.class.loader=groovy.lang.GroovyClassLoader -Xmx2048m -Dfile.encoding=UTF-8 
java_command: org.codehaus.groovy.tools.GroovyStarter --classpath C:\Users\menen.desta\git\modpims-testing\Transfer Workflow\Transfer Workflow\bin\keyword;C:\Users\menen.desta\git\modpims-testing\Transfer Workflow\Transfer Workflow\Keywords;C:\Users\menen.desta\git\modpims-testing\Transfer Workflow\Transfer Workflow\bin\listener;C:\Users\menen.desta\git\modpims-testing\Transfer Workflow\Transfer Workflow\Test Listeners;C:\Users\menen.desta\git\modpims-testing\Transfer Workflow\Transfer Workflow\bin\lib;C:\Users\menen.desta\git\modpims-testing\Transfer Workflow\Transfer Workflow\Libs;C:\Users\menen.desta\git\modpims-testing\Transfer Workflow\Transfer Workflow\bin\groovy;C:\Users\menen.desta\git\modpims-testing\Transfer Workflow\Transfer Workflow\Include\scripts\groovy;C:\Users\menen.desta\Documents\Katalon\Katalon_Studio_Windows_64-8.1.0\plugins\com.kms.katalon.core_1.0.0.202108170301.jar;C:\Users\menen.desta\Documents\Katalon\Katalon_Studio_Windows_64-8.1.0\configuration\resources\lib\aalto-xml-1.0.0.jar;C:\Users\menen.desta\Documents\Katalon\Katalon_Studio_Windows_64-8.1.0\configuration\resources\lib\aspectjweaver-1.9.1.jar;C:\Users\menen.desta\Documents\Katalon\Katalon_Studio_Windows_64-8.1.0\configuration\resources\lib\bcpkix-jdk15on-1.64.jar;C:\Users\menen.desta\Documents\Katalon\Katalon_Studio_Windows_64-8.1.0\configuration\resources\lib\bcprov-jdk15on-1.64.jar;C:\Users\menen.desta\Documents\Katalon\Katalon_Studio_Windows_64-8.1.0\configuration\resources\lib\browsermob-core-2.1.5.jar;C:\Users\menen.desta\Documents\Katalon\Katalon_Studio_Windows_64-8.1.0\configuration\resources\lib\cglib-3.2.10.jar;C:\Users\menen.desta\Documents\Katalon\Katalon_Studio_Windows_64-8.1.0\configuration\resources\lib\commons-codec-1.10.jar;C:\Users\menen.desta\Documents\Katalon\Katalon_Studio_Windows_64-8.1.0\configuration\resources\lib\commons-collections4-4.1.jar;C:\Users\menen.desta\Documents\Katalon\Katalon_Studio_Windows_64-8.1.0\configuration\resources\lib\commons-validator-1
java_class_path (initial): C:\Users\menen.desta\git\modpims-testing\Transfer Workflow\Transfer Workflow\bin\keyword;C:\Users\menen.desta\git\modpims-testing\Transfer Workflow\Transfer Workflow\bin\listener;C:\Users\menen.desta\git\modpims-testing\Transfer Workflow\Transfer Workflow\bin\lib;C:\Users\menen.desta\git\modpims-testing\Transfer Workflow\Transfer Workflow\bin\groovy;C:\Users\menen.desta\git\modpims-testing\Transfer Workflow\Transfer Workflow\bin;C:\Users\menen.desta\Documents\Katalon\Katalon_Studio_Windows_64-8.1.0\plugins\com.kms.katalon.core_1.0.0.202108170301.jar;C:\Users\menen.desta\Documents\Katalon\Katalon_Studio_Windows_64-8.1.0\configuration\resources\lib\aalto-xml-1.0.0.jar;C:\Users\menen.desta\Documents\Katalon\Katalon_Studio_Windows_64-8.1.0\configuration\resources\lib\aspectjweaver-1.9.1.jar;C:\Users\menen.desta\Documents\Katalon\Katalon_Studio_Windows_64-8.1.0\configuration\resources\lib\bcpkix-jdk15on-1.64.jar;C:\Users\menen.desta\Documents\Katalon\Katalon_Studio_Windows_64-8.1.0\configuration\resources\lib\bcprov-jdk15on-1.64.jar;C:\Users\menen.desta\Documents\Katalon\Katalon_Studio_Windows_64-8.1.0\configuration\resources\lib\browsermob-core-2.1.5.jar;C:\Users\menen.desta\Documents\Katalon\Katalon_Studio_Windows_64-8.1.0\configuration\resources\lib\cglib-3.2.10.jar;C:\Users\menen.desta\Documents\Katalon\Katalon_Studio_Windows_64-8.1.0\configuration\resources\lib\commons-codec-1.10.jar;C:\Users\menen.desta\Documents\Katalon\Katalon_Studio_Windows_64-8.1.0\configuration\resources\lib\commons-collections4-4.1.jar;C:\Users\menen.desta\Documents\Katalon\Katalon_Studio_Windows_64-8.1.0\configuration\resources\lib\commons-validator-1.6.jar;C:\Users\menen.desta\Documents\Katalon\Katalon_Studio_Windows_64-8.1.0\configuration\resources\lib\curvesapi-1.04.jar;C:\Users\menen.desta\Documents\Katalon\Katalon_Studio_Windows_64-8.1.0\configuration\resources\lib\dnsjava-2.1.8.jar;C:\Users\menen.desta\Documents\Katalon\Katalon_Studio_Windows_64-8.1.0\confi
Launcher Type: SUN_STANDARD

Environment Variables:
PATH=C:/Users/menen.desta/Documents/Katalon/Katalon_Studio_Windows_64-8.1.0/jre/bin/server;C:/Users/menen.desta/Documents/Katalon/Katalon_Studio_Windows_64-8.1.0/jre/bin;C:/Users/menen.desta/Documents/Katalon/Katalon_Studio_Windows_64-8.1.0/jre/lib/amd64;C:\Windows\system32;C:\Windows;C:\Windows\System32\Wbem;C:\Windows\System32\WindowsPowerShell\v1.0\;C:\Windows\System32\OpenSSH\;C:\Program Files (x86)\Microsoft SQL Server\150\DTS\Binn\;C:\Program Files\Azure Data Studio\bin;C:\Program Files\Git\cmd;C:\Users\menen.desta\AppData\Local\Microsoft\WindowsApps;;C:\Users\menen.desta\Documents\Katalon\Katalon_Studio_Windows_64-8.1.0;
USERNAME=menen.desta
OS=Windows_NT
PROCESSOR_IDENTIFIER=Intel64 Family 6 Model 85 Stepping 4, GenuineIntel



---------------  S Y S T E M  ---------------

OS: Windows 10.0 , 64 bit Build 19041 (10.0.19041.1202)
HyperV virtualization detected

CPU:total 2 (initial active 2) (2 cores per cpu, 1 threads per core) family 6 model 85 stepping 4, cmov, cx8, fxsr, mmx, sse, sse2, sse3, ssse3, sse4.1, sse4.2, popcnt, avx, avx2, aes, clmul, erms, rtm, 3dnowpref, lzcnt, tsc, bmi1, bmi2, adx

Memory: 4k page, physical 8388148k(1255272k free), swap 10485040k(3332k free)

vm_info: OpenJDK 64-Bit Server VM (25.282-b08) for windows-amd64 JRE (Zulu 8.52.0.23-CA-win64) (1.8.0_282-b08), built on Jan 12 2021 07:45:49 by "tester" with MS VC++ 10.0 (VS2010)

time: Tue Nov 02 12:38:50 2021
timezone: Coordinated Universal Time
elapsed time: 8.090904 seconds (0d 0h 0m 8s)

