#
# There is insufficient memory for the Java Runtime Environment to continue.
# Native memory allocation (malloc) failed to allocate 343616 bytes for Chunk::new
# Possible reasons:
#   The system is out of physical RAM or swap space
#   The process is running with CompressedOops enabled, and the Java Heap may be blocking the growth of the native heap
# Possible solutions:
#   Reduce memory load on the system
#   Increase physical memory or swap space
#   Check if swap backing store is full
#   Decrease Java heap size (-Xmx/-Xms)
#   Decrease number of Java threads
#   Decrease Java thread stack sizes (-Xss)
#   Set larger code cache with -XX:ReservedCodeCacheSize=
#   JVM is running with Unscaled Compressed Oops mode in which the Java heap is
#     placed in the first 4GB address space. The Java Heap base address is the
#     maximum limit for the native heap growth. Please use -XX:HeapBaseMinAddress
#     to set the Java Heap base and to place the Java Heap above 4GB virtual address.
# This output file may be truncated or incomplete.
#
#  Out of Memory Error (allocation.cpp:389), pid=13148, tid=0x00000000000009ec
#
# JRE version: OpenJDK Runtime Environment (Zulu 8.52.0.23-CA-win64) (8.0_282-b08) (build 1.8.0_282-b08)
# Java VM: OpenJDK 64-Bit Server VM (25.282-b08 mixed mode windows-amd64 compressed oops)
# Failed to write core dump. Minidumps are not enabled by default on client versions of Windows
#

---------------  T H R E A D  ---------------

Current thread (0x0000000018c0e000):  JavaThread "C2 CompilerThread0" daemon [_thread_in_native, id=2540, stack(0x0000000018f10000,0x0000000019010000)]

Stack: [0x0000000018f10000,0x0000000019010000]
[error occurred during error reporting (printing stack bounds), id 0xc0000005]

Native frames: (J=compiled Java code, j=interpreted, Vv=VM code, C=native code)


Current CompileTask:
C2:   4052 1567   !   4       java.net.URL::<init> (543 bytes)


---------------  P R O C E S S  ---------------

Java Threads: ( => current thread )
  0x0000000018cd3000 JavaThread "Service Thread" daemon [_thread_blocked, id=11324, stack(0x0000000019110000,0x0000000019210000)]
  0x0000000018c11000 JavaThread "C1 CompilerThread1" daemon [_thread_blocked, id=1028, stack(0x0000000019010000,0x0000000019110000)]
=>0x0000000018c0e000 JavaThread "C2 CompilerThread0" daemon [_thread_in_native, id=2540, stack(0x0000000018f10000,0x0000000019010000)]
  0x0000000018c06000 JavaThread "Attach Listener" daemon [_thread_blocked, id=13488, stack(0x0000000018e10000,0x0000000018f10000)]
  0x0000000018ba9000 JavaThread "Signal Dispatcher" daemon [_thread_blocked, id=10216, stack(0x0000000018d10000,0x0000000018e10000)]
  0x0000000017ac9800 JavaThread "Finalizer" daemon [_thread_blocked, id=3248, stack(0x0000000018710000,0x0000000018810000)]
  0x0000000017ac1800 JavaThread "Reference Handler" daemon [_thread_blocked, id=10048, stack(0x0000000018610000,0x0000000018710000)]
  0x000000000300a800 JavaThread "main" [_thread_in_vm, id=11424, stack(0x0000000002ef0000,0x0000000002ff0000)]

Other Threads:
  0x0000000017a98800 VMThread [stack: 0x0000000018510000,0x0000000018610000] [id=8092]
  0x0000000018c49800 WatcherThread [stack: 0x0000000019210000,0x0000000019310000] [id=11376]

VM state:not at safepoint (normal execution)

VM Mutex/Monitor currently owned by a thread: None

heap address: 0x0000000080000000, size: 2048 MB, Compressed Oops mode: 32-bit
Narrow klass base: 0x0000000000000000, Narrow klass shift: 3
Compressed class space size: 1073741824 Address: 0x0000000100000000

Heap:
 PSYoungGen      total 40448K, used 27027K [0x00000000d5580000, 0x00000000da480000, 0x0000000100000000)
  eden space 33280K, 59% used [0x00000000d5580000,0x00000000d68e8e48,0x00000000d7600000)
  from space 7168K, 99% used [0x00000000d9d80000,0x00000000da47bfb0,0x00000000da480000)
  to   space 5120K, 0% used [0x00000000d7600000,0x00000000d7600000,0x00000000d7b00000)
 ParOldGen       total 87552K, used 2280K [0x0000000080000000, 0x0000000085580000, 0x00000000d5580000)
  object space 87552K, 2% used [0x0000000080000000,0x000000008023a1e8,0x0000000085580000)
 Metaspace       used 17766K, capacity 18016K, committed 18432K, reserved 1064960K
  class space    used 1922K, capacity 2004K, committed 2048K, reserved 1048576K

Card table byte_map: [0x00000000124b0000,0x00000000128c0000] byte_map_base: 0x00000000120b0000

Marking Bits: (ParMarkBitMap*) 0x000000005a6c1f00
 Begin Bits: [0x0000000012d70000, 0x0000000014d70000)
 End Bits:   [0x0000000014d70000, 0x0000000016d70000)

Polling page: 0x00000000015f0000

CodeCache: size=245760Kb used=6516Kb max_used=6522Kb free=239243Kb
 bounds [0x00000000030f0000, 0x0000000003760000, 0x00000000120f0000]
 total_blobs=2143 nmethods=1568 adapters=486
 compilation: enabled

Compilation events (10 events):
Event: 3.999 Thread 0x0000000018c0e000 nmethod 1564 0x000000000374a5d0 code [0x000000000374a740, 0x000000000374af18]
Event: 4.026 Thread 0x0000000018c0e000 1567   !   4       java.net.URL::<init> (543 bytes)
Event: 4.042 Thread 0x0000000018c11000 1568       3       ch.qos.logback.core.joran.spi.ElementPath::get (12 bytes)
Event: 4.043 Thread 0x0000000018c11000 nmethod 1568 0x000000000374fdd0 code [0x000000000374ff80, 0x0000000003750458]
Event: 4.044 Thread 0x0000000018c11000 1569       3       ch.qos.logback.core.joran.spi.ElementPath::size (8 bytes)
Event: 4.044 Thread 0x0000000018c11000 nmethod 1569 0x000000000374fa50 code [0x000000000374fba0, 0x000000000374fd30]
Event: 4.044 Thread 0x0000000018c11000 1570       3       java.util.ArrayList::isEmpty (13 bytes)
Event: 4.045 Thread 0x0000000018c11000 nmethod 1570 0x000000000374f6d0 code [0x000000000374f820, 0x000000000374f9d0]
Event: 4.049 Thread 0x0000000018c11000 1571 %     3       java.lang.Class$MethodArray::removeByNameAndDescriptor @ 2 (42 bytes)
Event: 4.049 Thread 0x0000000018c11000 nmethod 1571% 0x000000000374f010 code [0x000000000374f1a0, 0x000000000374f538]

GC Heap History (10 events):
Event: 2.092 GC heap before
{Heap before GC invocations=2 (full 0):
 PSYoungGen      total 38400K, used 37377K [0x00000000d5580000, 0x00000000d8000000, 0x0000000100000000)
  eden space 33280K, 100% used [0x00000000d5580000,0x00000000d7600000,0x00000000d7600000)
  from space 5120K, 80% used [0x00000000d7600000,0x00000000d7a006d0,0x00000000d7b00000)
  to   space 5120K, 0% used [0x00000000d7b00000,0x00000000d7b00000,0x00000000d8000000)
 ParOldGen       total 87552K, used 8K [0x0000000080000000, 0x0000000085580000, 0x00000000d5580000)
  object space 87552K, 0% used [0x0000000080000000,0x0000000080002000,0x0000000085580000)
 Metaspace       used 8431K, capacity 8624K, committed 8704K, reserved 1056768K
  class space    used 920K, capacity 984K, committed 1024K, reserved 1048576K
Event: 2.098 GC heap after
Heap after GC invocations=2 (full 0):
 PSYoungGen      total 38400K, used 4630K [0x00000000d5580000, 0x00000000d8000000, 0x0000000100000000)
  eden space 33280K, 0% used [0x00000000d5580000,0x00000000d5580000,0x00000000d7600000)
  from space 5120K, 90% used [0x00000000d7b00000,0x00000000d7f85bb8,0x00000000d8000000)
  to   space 5120K, 0% used [0x00000000d7600000,0x00000000d7600000,0x00000000d7b00000)
 ParOldGen       total 87552K, used 16K [0x0000000080000000, 0x0000000085580000, 0x00000000d5580000)
  object space 87552K, 0% used [0x0000000080000000,0x0000000080004000,0x0000000085580000)
 Metaspace       used 8431K, capacity 8624K, committed 8704K, reserved 1056768K
  class space    used 920K, capacity 984K, committed 1024K, reserved 1048576K
}
Event: 2.541 GC heap before
{Heap before GC invocations=3 (full 0):
 PSYoungGen      total 38400K, used 37910K [0x00000000d5580000, 0x00000000d8000000, 0x0000000100000000)
  eden space 33280K, 100% used [0x00000000d5580000,0x00000000d7600000,0x00000000d7600000)
  from space 5120K, 90% used [0x00000000d7b00000,0x00000000d7f85bb8,0x00000000d8000000)
  to   space 5120K, 0% used [0x00000000d7600000,0x00000000d7600000,0x00000000d7b00000)
 ParOldGen       total 87552K, used 16K [0x0000000080000000, 0x0000000085580000, 0x00000000d5580000)
  object space 87552K, 0% used [0x0000000080000000,0x0000000080004000,0x0000000085580000)
 Metaspace       used 10362K, capacity 10518K, committed 10752K, reserved 1058816K
  class space    used 1147K, capacity 1209K, committed 1280K, reserved 1048576K
Event: 2.547 GC heap after
Heap after GC invocations=3 (full 0):
 PSYoungGen      total 38400K, used 5097K [0x00000000d5580000, 0x00000000d8000000, 0x0000000100000000)
  eden space 33280K, 0% used [0x00000000d5580000,0x00000000d5580000,0x00000000d7600000)
  from space 5120K, 99% used [0x00000000d7600000,0x00000000d7afa578,0x00000000d7b00000)
  to   space 5120K, 0% used [0x00000000d7b00000,0x00000000d7b00000,0x00000000d8000000)
 ParOldGen       total 87552K, used 96K [0x0000000080000000, 0x0000000085580000, 0x00000000d5580000)
  object space 87552K, 0% used [0x0000000080000000,0x00000000800182d0,0x0000000085580000)
 Metaspace       used 10362K, capacity 10518K, committed 10752K, reserved 1058816K
  class space    used 1147K, capacity 1209K, committed 1280K, reserved 1048576K
}
Event: 2.837 GC heap before
{Heap before GC invocations=4 (full 0):
 PSYoungGen      total 38400K, used 38377K [0x00000000d5580000, 0x00000000d8000000, 0x0000000100000000)
  eden space 33280K, 100% used [0x00000000d5580000,0x00000000d7600000,0x00000000d7600000)
  from space 5120K, 99% used [0x00000000d7600000,0x00000000d7afa578,0x00000000d7b00000)
  to   space 5120K, 0% used [0x00000000d7b00000,0x00000000d7b00000,0x00000000d8000000)
 ParOldGen       total 87552K, used 96K [0x0000000080000000, 0x0000000085580000, 0x00000000d5580000)
  object space 87552K, 0% used [0x0000000080000000,0x00000000800182d0,0x0000000085580000)
 Metaspace       used 11049K, capacity 11222K, committed 11520K, reserved 1058816K
  class space    used 1210K, capacity 1273K, committed 1280K, reserved 1048576K
Event: 2.843 GC heap after
Heap after GC invocations=4 (full 0):
 PSYoungGen      total 38400K, used 4831K [0x00000000d5580000, 0x00000000da080000, 0x0000000100000000)
  eden space 33280K, 0% used [0x00000000d5580000,0x00000000d5580000,0x00000000d7600000)
  from space 5120K, 94% used [0x00000000d7b00000,0x00000000d7fb7c98,0x00000000d8000000)
  to   space 5120K, 0% used [0x00000000d7600000,0x00000000d7600000,0x00000000d7b00000)
 ParOldGen       total 87552K, used 104K [0x0000000080000000, 0x0000000085580000, 0x00000000d5580000)
  object space 87552K, 0% used [0x0000000080000000,0x000000008001a2d0,0x0000000085580000)
 Metaspace       used 11049K, capacity 11222K, committed 11520K, reserved 1058816K
  class space    used 1210K, capacity 1273K, committed 1280K, reserved 1048576K
}
Event: 3.282 GC heap before
{Heap before GC invocations=5 (full 0):
 PSYoungGen      total 38400K, used 38111K [0x00000000d5580000, 0x00000000da080000, 0x0000000100000000)
  eden space 33280K, 100% used [0x00000000d5580000,0x00000000d7600000,0x00000000d7600000)
  from space 5120K, 94% used [0x00000000d7b00000,0x00000000d7fb7c98,0x00000000d8000000)
  to   space 5120K, 0% used [0x00000000d7600000,0x00000000d7600000,0x00000000d7b00000)
 ParOldGen       total 87552K, used 104K [0x0000000080000000, 0x0000000085580000, 0x00000000d5580000)
  object space 87552K, 0% used [0x0000000080000000,0x000000008001a2d0,0x0000000085580000)
 Metaspace       used 13901K, capacity 14100K, committed 14336K, reserved 1062912K
  class space    used 1442K, capacity 1506K, committed 1536K, reserved 1048576K
Event: 3.296 GC heap after
Heap after GC invocations=5 (full 0):
 PSYoungGen      total 38400K, used 5119K [0x00000000d5580000, 0x00000000da480000, 0x0000000100000000)
  eden space 33280K, 0% used [0x00000000d5580000,0x00000000d5580000,0x00000000d7600000)
  from space 5120K, 99% used [0x00000000d7600000,0x00000000d7afffe0,0x00000000d7b00000)
  to   space 7168K, 0% used [0x00000000d9d80000,0x00000000d9d80000,0x00000000da480000)
 ParOldGen       total 87552K, used 2272K [0x0000000080000000, 0x0000000085580000, 0x00000000d5580000)
  object space 87552K, 2% used [0x0000000080000000,0x00000000802381e8,0x0000000085580000)
 Metaspace       used 13901K, capacity 14100K, committed 14336K, reserved 1062912K
  class space    used 1442K, capacity 1506K, committed 1536K, reserved 1048576K
}
Event: 3.816 GC heap before
{Heap before GC invocations=6 (full 0):
 PSYoungGen      total 38400K, used 38399K [0x00000000d5580000, 0x00000000da480000, 0x0000000100000000)
  eden space 33280K, 100% used [0x00000000d5580000,0x00000000d7600000,0x00000000d7600000)
  from space 5120K, 99% used [0x00000000d7600000,0x00000000d7afffe0,0x00000000d7b00000)
  to   space 7168K, 0% used [0x00000000d9d80000,0x00000000d9d80000,0x00000000da480000)
 ParOldGen       total 87552K, used 2272K [0x0000000080000000, 0x0000000085580000, 0x00000000d5580000)
  object space 87552K, 2% used [0x0000000080000000,0x00000000802381e8,0x0000000085580000)
 Metaspace       used 16647K, capacity 16928K, committed 17280K, reserved 1064960K
  class space    used 1767K, capacity 1876K, committed 1920K, reserved 1048576K
Event: 3.829 GC heap after
Heap after GC invocations=6 (full 0):
 PSYoungGen      total 40448K, used 7151K [0x00000000d5580000, 0x00000000da480000, 0x0000000100000000)
  eden space 33280K, 0% used [0x00000000d5580000,0x00000000d5580000,0x00000000d7600000)
  from space 7168K, 99% used [0x00000000d9d80000,0x00000000da47bfb0,0x00000000da480000)
  to   space 5120K, 0% used [0x00000000d7600000,0x00000000d7600000,0x00000000d7b00000)
 ParOldGen       total 87552K, used 2280K [0x0000000080000000, 0x0000000085580000, 0x00000000d5580000)
  object space 87552K, 2% used [0x0000000080000000,0x000000008023a1e8,0x0000000085580000)
 Metaspace       used 16647K, capacity 16928K, committed 17280K, reserved 1064960K
  class space    used 1767K, capacity 1876K, committed 1920K, reserved 1048576K
}

Deoptimization events (10 events):
Event: 3.174 Thread 0x000000000300a800 Uncommon trap: reason=class_check action=maybe_recompile pc=0x00000000035046c0 method=java.util.HashMap.putVal(ILjava/lang/Object;Ljava/lang/Object;ZZ)Ljava/lang/Object; @ 203
Event: 3.340 Thread 0x000000000300a800 Uncommon trap: reason=unstable_if action=reinterpret pc=0x0000000003518038 method=sun.misc.URLClassPath$JarLoader.findResource(Ljava/lang/String;Z)Ljava/net/URL; @ 8
Event: 3.661 Thread 0x000000000300a800 Uncommon trap: reason=class_check action=maybe_recompile pc=0x000000000350d068 method=java.net.URLStreamHandler.equals(Ljava/net/URL;Ljava/net/URL;)Z @ 33
Event: 3.661 Thread 0x000000000300a800 Uncommon trap: reason=unstable_if action=reinterpret pc=0x0000000003510edc method=java.net.URLStreamHandler.sameFile(Ljava/net/URL;Ljava/net/URL;)Z @ 63
Event: 3.696 Thread 0x000000000300a800 Uncommon trap: reason=unstable_if action=reinterpret pc=0x000000000345d124 method=java.lang.String.regionMatches(ZILjava/lang/String;II)Z @ 123
Event: 3.696 Thread 0x000000000300a800 Uncommon trap: reason=unstable_if action=reinterpret pc=0x000000000326469c method=java.lang.String.regionMatches(ZILjava/lang/String;II)Z @ 123
Event: 3.701 Thread 0x000000000300a800 Uncommon trap: reason=unstable_if action=reinterpret pc=0x00000000034b0b24 method=java.lang.String.lastIndexOf([CII[CIII)I @ 17
Event: 3.702 Thread 0x000000000300a800 Uncommon trap: reason=unstable_if action=reinterpret pc=0x00000000033bdd20 method=sun.misc.URLClassPath$JarLoader.getResource(Ljava/lang/String;Z)Lsun/misc/Resource; @ 15
Event: 3.706 Thread 0x000000000300a800 Uncommon trap: reason=unstable_if action=reinterpret pc=0x00000000033daf00 method=java.net.URL.<init>(Ljava/net/URL;Ljava/lang/String;Ljava/net/URLStreamHandler;)V @ 391
Event: 3.791 Thread 0x000000000300a800 Uncommon trap: reason=unstable_if action=reinterpret pc=0x00000000036e2d70 method=java.util.jar.Manifest$FastInputStream.peek()B @ 23

Classes redefined (0 events):
No events

Internal exceptions (10 events):
Event: 3.732 Thread 0x000000000300a800 Exception <a 'java/lang/ClassNotFoundException': sun/net/www/protocol/c/Handler> (0x00000000d6db71f8) thrown at [C:\jenkins\workspace\zulu8-silver-build-win64\zulu-src\hotspot\src\share\vm\classfile\systemDictionary.cpp, line 220]
Event: 3.738 Thread 0x000000000300a800 Exception <a 'java/lang/ClassNotFoundException': sun/net/www/protocol/c/Handler> (0x00000000d6dd3b98) thrown at [C:\jenkins\workspace\zulu8-silver-build-win64\zulu-src\hotspot\src\share\vm\classfile\systemDictionary.cpp, line 220]
Event: 3.739 Thread 0x000000000300a800 Exception <a 'java/lang/ClassNotFoundException': sun/net/www/protocol/c/Handler> (0x00000000d6e139d8) thrown at [C:\jenkins\workspace\zulu8-silver-build-win64\zulu-src\hotspot\src\share\vm\classfile\systemDictionary.cpp, line 220]
Event: 3.740 Thread 0x000000000300a800 Exception <a 'java/lang/ClassNotFoundException': sun/net/www/protocol/c/Handler> (0x00000000d6e304e0) thrown at [C:\jenkins\workspace\zulu8-silver-build-win64\zulu-src\hotspot\src\share\vm\classfile\systemDictionary.cpp, line 220]
Event: 3.741 Thread 0x000000000300a800 Exception <a 'java/lang/ClassNotFoundException': sun/net/www/protocol/c/Handler> (0x00000000d6e4d280) thrown at [C:\jenkins\workspace\zulu8-silver-build-win64\zulu-src\hotspot\src\share\vm\classfile\systemDictionary.cpp, line 220]
Event: 3.741 Thread 0x000000000300a800 Exception <a 'java/lang/ClassNotFoundException': sun/net/www/protocol/c/Handler> (0x00000000d6e69c98) thrown at [C:\jenkins\workspace\zulu8-silver-build-win64\zulu-src\hotspot\src\share\vm\classfile\systemDictionary.cpp, line 220]
Event: 3.742 Thread 0x000000000300a800 Exception <a 'java/lang/ClassNotFoundException': sun/net/www/protocol/c/Handler> (0x00000000d6e86660) thrown at [C:\jenkins\workspace\zulu8-silver-build-win64\zulu-src\hotspot\src\share\vm\classfile\systemDictionary.cpp, line 220]
Event: 3.743 Thread 0x000000000300a800 Exception <a 'java/lang/ClassNotFoundException': sun/net/www/protocol/c/Handler> (0x00000000d6ea3000) thrown at [C:\jenkins\workspace\zulu8-silver-build-win64\zulu-src\hotspot\src\share\vm\classfile\systemDictionary.cpp, line 220]
Event: 3.744 Thread 0x000000000300a800 Exception <a 'java/lang/ClassNotFoundException': sun/net/www/protocol/c/Handler> (0x00000000d6ebfa40) thrown at [C:\jenkins\workspace\zulu8-silver-build-win64\zulu-src\hotspot\src\share\vm\classfile\systemDictionary.cpp, line 220]
Event: 3.745 Thread 0x000000000300a800 Exception <a 'java/lang/ClassNotFoundException': sun/net/www/protocol/c/Handler> (0x00000000d6edc4a0) thrown at [C:\jenkins\workspace\zulu8-silver-build-win64\zulu-src\hotspot\src\share\vm\classfile\systemDictionary.cpp, line 220]

Events (10 events):
Event: 3.995 loading class com/sun/jmx/mbeanserver/GetPropertyAction
Event: 3.995 loading class com/sun/jmx/mbeanserver/GetPropertyAction done
Event: 3.995 loading class javax/management/ObjectName$Property
Event: 3.996 loading class javax/management/ObjectName$Property done
Event: 3.996 loading class com/sun/jmx/mbeanserver/Util
Event: 3.996 loading class com/sun/jmx/mbeanserver/Util done
Event: 4.026 loading class java/net/UnknownHostException
Event: 4.026 loading class java/net/UnknownHostException done
Event: 4.026 loading class java/net/SocketException
Event: 4.026 loading class java/net/SocketException done


Dynamic libraries:
0x00007ff6cc440000 - 0x00007ff6cc475000 	C:\Users\bilguun.amarsaikhan\Downloads\Katalon_Studio_Windows_64-8.1.0 (1)\Katalon_Studio_Windows_64-8.1.0\jre\bin\javaw.exe
0x00007ffbbaff0000 - 0x00007ffbbb1e5000 	C:\windows\SYSTEM32\ntdll.dll
0x00007ffbb9a00000 - 0x00007ffbb9abe000 	C:\windows\System32\KERNEL32.DLL
0x00007ffbb8a90000 - 0x00007ffbb8d59000 	C:\windows\System32\KERNELBASE.dll
0x00007ffbbad30000 - 0x00007ffbbaddc000 	C:\windows\System32\ADVAPI32.dll
0x00007ffbb9ac0000 - 0x00007ffbb9b5e000 	C:\windows\System32\msvcrt.dll
0x00007ffbba9c0000 - 0x00007ffbbaa5b000 	C:\windows\System32\sechost.dll
0x00007ffbba4c0000 - 0x00007ffbba5ea000 	C:\windows\System32\RPCRT4.dll
0x00007ffbb9050000 - 0x00007ffbb91f1000 	C:\windows\System32\USER32.dll
0x00007ffbb8e10000 - 0x00007ffbb8e32000 	C:\windows\System32\win32u.dll
0x00007ffbb99d0000 - 0x00007ffbb99fb000 	C:\windows\System32\GDI32.dll
0x00007ffbb8950000 - 0x00007ffbb8a5b000 	C:\windows\System32\gdi32full.dll
0x00007ffbb8fa0000 - 0x00007ffbb903d000 	C:\windows\System32\msvcp_win.dll
0x00007ffbb8ea0000 - 0x00007ffbb8fa0000 	C:\windows\System32\ucrtbase.dll
0x00007ffba7270000 - 0x00007ffba750a000 	C:\windows\WinSxS\amd64_microsoft.windows.common-controls_6595b64144ccf1df_6.0.19041.1110_none_60b5254171f9507e\COMCTL32.dll
0x00007ffbbac20000 - 0x00007ffbbac50000 	C:\windows\System32\IMM32.DLL
0x0000000059c10000 - 0x0000000059ce2000 	C:\Users\bilguun.amarsaikhan\Downloads\Katalon_Studio_Windows_64-8.1.0 (1)\Katalon_Studio_Windows_64-8.1.0\jre\bin\msvcr100.dll
0x0000000059e80000 - 0x000000005a745000 	C:\Users\bilguun.amarsaikhan\Downloads\Katalon_Studio_Windows_64-8.1.0 (1)\Katalon_Studio_Windows_64-8.1.0\jre\bin\server\jvm.dll
0x00007ffbbaa60000 - 0x00007ffbbaa68000 	C:\windows\System32\PSAPI.DLL
0x00007ffbb4210000 - 0x00007ffbb4219000 	C:\windows\SYSTEM32\WSOCK32.dll
0x00007ffbba5f0000 - 0x00007ffbba65b000 	C:\windows\System32\WS2_32.dll
0x00007ffb98170000 - 0x00007ffb98197000 	C:\windows\SYSTEM32\WINMM.dll
0x00007ffbb0610000 - 0x00007ffbb061a000 	C:\windows\SYSTEM32\VERSION.dll
0x00007ffbb41b0000 - 0x00007ffbb41bf000 	C:\Users\bilguun.amarsaikhan\Downloads\Katalon_Studio_Windows_64-8.1.0 (1)\Katalon_Studio_Windows_64-8.1.0\jre\bin\verify.dll
0x00007ffbaa540000 - 0x00007ffbaa569000 	C:\Users\bilguun.amarsaikhan\Downloads\Katalon_Studio_Windows_64-8.1.0 (1)\Katalon_Studio_Windows_64-8.1.0\jre\bin\java.dll
0x00007ffba62c0000 - 0x00007ffba62d6000 	C:\Users\bilguun.amarsaikhan\Downloads\Katalon_Studio_Windows_64-8.1.0 (1)\Katalon_Studio_Windows_64-8.1.0\jre\bin\zip.dll
0x00007ffbb9200000 - 0x00007ffbb993f000 	C:\windows\System32\SHELL32.dll
0x00007ffbb6720000 - 0x00007ffbb6eb0000 	C:\windows\SYSTEM32\windows.storage.dll
0x00007ffbba660000 - 0x00007ffbba9b5000 	C:\windows\System32\combase.dll
0x00007ffbb8090000 - 0x00007ffbb80bc000 	C:\windows\SYSTEM32\Wldp.dll
0x00007ffbba3b0000 - 0x00007ffbba45d000 	C:\windows\System32\SHCORE.dll
0x00007ffbbacb0000 - 0x00007ffbbad05000 	C:\windows\System32\shlwapi.dll
0x00007ffbb85e0000 - 0x00007ffbb85ff000 	C:\windows\SYSTEM32\profapi.dll

VM Arguments:
jvm_args: -Dgroovy.home=C:\Users\bilguun.amarsaikhan/.groovy -Djava.system.class.loader=groovy.lang.GroovyClassLoader -Xmx2048m -Dfile.encoding=UTF-8 
java_command: org.codehaus.groovy.tools.GroovyStarter --classpath C:\Users\bilguun.amarsaikhan\git\modpims-testing\Transfer Workflow\Transfer Workflow\bin\keyword;C:\Users\bilguun.amarsaikhan\git\modpims-testing\Transfer Workflow\Transfer Workflow\Keywords;C:\Users\bilguun.amarsaikhan\git\modpims-testing\Transfer Workflow\Transfer Workflow\bin\listener;C:\Users\bilguun.amarsaikhan\git\modpims-testing\Transfer Workflow\Transfer Workflow\Test Listeners;C:\Users\bilguun.amarsaikhan\git\modpims-testing\Transfer Workflow\Transfer Workflow\bin\lib;C:\Users\bilguun.amarsaikhan\git\modpims-testing\Transfer Workflow\Transfer Workflow\Libs;C:\Users\bilguun.amarsaikhan\git\modpims-testing\Transfer Workflow\Transfer Workflow\bin\groovy;C:\Users\bilguun.amarsaikhan\git\modpims-testing\Transfer Workflow\Transfer Workflow\Include\scripts\groovy;C:\Users\bilguun.amarsaikhan\Downloads\Katalon_Studio_Windows_64-8.1.0 (1)\Katalon_Studio_Windows_64-8.1.0\plugins\com.kms.katalon.core_1.0.0.202108170301.jar;C:\Users\bilguun.amarsaikhan\Downloads\Katalon_Studio_Windows_64-8.1.0 (1)\Katalon_Studio_Windows_64-8.1.0\configuration\resources\lib\aalto-xml-1.0.0.jar;C:\Users\bilguun.amarsaikhan\Downloads\Katalon_Studio_Windows_64-8.1.0 (1)\Katalon_Studio_Windows_64-8.1.0\configuration\resources\lib\aspectjweaver-1.9.1.jar;C:\Users\bilguun.amarsaikhan\Downloads\Katalon_Studio_Windows_64-8.1.0 (1)\Katalon_Studio_Windows_64-8.1.0\configuration\resources\lib\bcpkix-jdk15on-1.64.jar;C:\Users\bilguun.amarsaikhan\Downloads\Katalon_Studio_Windows_64-8.1.0 (1)\Katalon_Studio_Windows_64-8.1.0\configuration\resources\lib\bcprov-jdk15on-1.64.jar;C:\Users\bilguun.amarsaikhan\Downloads\Katalon_Studio_Windows_64-8.1.0 (1)\Katalon_Studio_Windows_64-8.1.0\configuration\resources\lib\browsermob-core-2.1.5.jar;C:\Users\bilguun.amarsaikhan\Downloads\Katalon_Studio_Windows_64-8.1.0 (1)\Katalon_Studio_Windows_64-8.1.0\configuration\resources\lib\cglib-3.2.10.jar;C:\Users\bilguun.amarsaikhan\Downloads\Katalon_Studi
java_class_path (initial): C:\Users\bilguun.amarsaikhan\git\modpims-testing\Transfer Workflow\Transfer Workflow\bin\keyword;C:\Users\bilguun.amarsaikhan\git\modpims-testing\Transfer Workflow\Transfer Workflow\bin\listener;C:\Users\bilguun.amarsaikhan\git\modpims-testing\Transfer Workflow\Transfer Workflow\bin\lib;C:\Users\bilguun.amarsaikhan\git\modpims-testing\Transfer Workflow\Transfer Workflow\bin\groovy;C:\Users\bilguun.amarsaikhan\git\modpims-testing\Transfer Workflow\Transfer Workflow\bin;C:\Users\bilguun.amarsaikhan\Downloads\Katalon_Studio_Windows_64-8.1.0 (1)\Katalon_Studio_Windows_64-8.1.0\plugins\com.kms.katalon.core_1.0.0.202108170301.jar;C:\Users\bilguun.amarsaikhan\Downloads\Katalon_Studio_Windows_64-8.1.0 (1)\Katalon_Studio_Windows_64-8.1.0\configuration\resources\lib\aalto-xml-1.0.0.jar;C:\Users\bilguun.amarsaikhan\Downloads\Katalon_Studio_Windows_64-8.1.0 (1)\Katalon_Studio_Windows_64-8.1.0\configuration\resources\lib\aspectjweaver-1.9.1.jar;C:\Users\bilguun.amarsaikhan\Downloads\Katalon_Studio_Windows_64-8.1.0 (1)\Katalon_Studio_Windows_64-8.1.0\configuration\resources\lib\bcpkix-jdk15on-1.64.jar;C:\Users\bilguun.amarsaikhan\Downloads\Katalon_Studio_Windows_64-8.1.0 (1)\Katalon_Studio_Windows_64-8.1.0\configuration\resources\lib\bcprov-jdk15on-1.64.jar;C:\Users\bilguun.amarsaikhan\Downloads\Katalon_Studio_Windows_64-8.1.0 (1)\Katalon_Studio_Windows_64-8.1.0\configuration\resources\lib\browsermob-core-2.1.5.jar;C:\Users\bilguun.amarsaikhan\Downloads\Katalon_Studio_Windows_64-8.1.0 (1)\Katalon_Studio_Windows_64-8.1.0\configuration\resources\lib\cglib-3.2.10.jar;C:\Users\bilguun.amarsaikhan\Downloads\Katalon_Studio_Windows_64-8.1.0 (1)\Katalon_Studio_Windows_64-8.1.0\configuration\resources\lib\commons-codec-1.10.jar;C:\Users\bilguun.amarsaikhan\Downloads\Katalon_Studio_Windows_64-8.1.0 (1)\Katalon_Studio_Windows_64-8.1.0\configuration\resources\lib\commons-collections4-4.1.jar;C:\Users\bilguun.amarsaikhan\Downloads\Katalon_Studio_Windows_64-8.1.0 (
Launcher Type: SUN_STANDARD

Environment Variables:
PATH=C:/Users/bilguun.amarsaikhan/Downloads/Katalon_Studio_Windows_64-8.1.0 (1)/Katalon_Studio_Windows_64-8.1.0/jre/bin/server;C:/Users/bilguun.amarsaikhan/Downloads/Katalon_Studio_Windows_64-8.1.0 (1)/Katalon_Studio_Windows_64-8.1.0/jre/bin;C:/Users/bilguun.amarsaikhan/Downloads/Katalon_Studio_Windows_64-8.1.0 (1)/Katalon_Studio_Windows_64-8.1.0/jre/lib/amd64;C:\Program Files\Common Files\Oracle\Java\javapath;C:\windows\system32;C:\windows;C:\windows\System32\Wbem;C:\windows\System32\WindowsPowerShell\v1.0\;C:\windows\System32\OpenSSH\;C:\Program Files (x86)\Microsoft SQL Server\150\DTS\Binn\;C:\Program Files\Azure Data Studio\bin;C:\Program Files\Git\cmd;C:\Program Files\dotnet\;C:\Program Files\Microsoft SQL Server\130\Tools\Binn\;C:\Program Files\Microsoft SQL Server\Client SDK\ODBC\170\Tools\Binn\;C:\Users\bilguun.amarsaikhan\AppData\Local\Microsoft\WindowsApps;C:\Users\bilguun.amarsaikhan\Desktop;C:\Users\bilguun.amarsaikhan\.dotnet\tools;C:\Users\bilguun.amarsaikhan\AppData\Local\Programs\Microsoft VS Code\bin;C:\Users\bilguun.amarsaikhan\Downloads\Katalon_Studio_Windows_64-8.1.0 (1)\Katalon_Studio_Windows_64-8.1.0;
USERNAME=bilguun.amarsaikhan
OS=Windows_NT
PROCESSOR_IDENTIFIER=Intel64 Family 6 Model 63 Stepping 2, GenuineIntel



---------------  S Y S T E M  ---------------

OS: Windows 10.0 , 64 bit Build 19041 (10.0.19041.1202)
HyperV virtualization detected

CPU:total 2 (initial active 2) (2 cores per cpu, 1 threads per core) family 6 model 63 stepping 2, cmov, cx8, fxsr, mmx, sse, sse2, sse3, ssse3, sse4.1, sse4.2, popcnt, avx, avx2, aes, clmul, erms, lzcnt, tsc, bmi1, bmi2

Memory: 4k page, physical 8388148k(1220596k free), swap 10485040k(4404k free)

vm_info: OpenJDK 64-Bit Server VM (25.282-b08) for windows-amd64 JRE (Zulu 8.52.0.23-CA-win64) (1.8.0_282-b08), built on Jan 12 2021 07:45:49 by "tester" with MS VC++ 10.0 (VS2010)

time: Tue Nov 09 12:51:52 2021
timezone: Eastern Standard Time
elapsed time: 4.061325 seconds (0d 0h 0m 4s)

