#
# There is insufficient memory for the Java Runtime Environment to continue.
# Native memory allocation (malloc) failed to allocate 698000 bytes for Chunk::new
# Possible reasons:
#   The system is out of physical RAM or swap space
#   The process is running with CompressedOops enabled, and the Java Heap may be blocking the growth of the native heap
# Possible solutions:
#   Reduce memory load on the system
#   Increase physical memory or swap space
#   Check if swap backing store is full
#   Decrease Java heap size (-Xmx/-Xms)
#   Decrease number of Java threads
#   Decrease Java thread stack sizes (-Xss)
#   Set larger code cache with -XX:ReservedCodeCacheSize=
#   JVM is running with Unscaled Compressed Oops mode in which the Java heap is
#     placed in the first 4GB address space. The Java Heap base address is the
#     maximum limit for the native heap growth. Please use -XX:HeapBaseMinAddress
#     to set the Java Heap base and to place the Java Heap above 4GB virtual address.
# This output file may be truncated or incomplete.
#
#  Out of Memory Error (allocation.cpp:389), pid=2988, tid=0x0000000000001574
#
# JRE version: OpenJDK Runtime Environment (Zulu 8.52.0.23-CA-win64) (8.0_282-b08) (build 1.8.0_282-b08)
# Java VM: OpenJDK 64-Bit Server VM (25.282-b08 mixed mode windows-amd64 compressed oops)
# Failed to write core dump. Minidumps are not enabled by default on client versions of Windows
#

---------------  T H R E A D  ---------------

Current thread (0x0000000017f2c000):  JavaThread "C2 CompilerThread0" daemon [_thread_in_native, id=5492, stack(0x0000000018230000,0x0000000018330000)]

Stack: [0x0000000018230000,0x0000000018330000]
[error occurred during error reporting (printing stack bounds), id 0xc0000005]

Native frames: (J=compiled Java code, j=interpreted, Vv=VM code, C=native code)


Current CompileTask:
C2:   3962  955   !   4       sun.misc.URLClassPath$JarLoader::getResource (353 bytes)


---------------  P R O C E S S  ---------------

Java Threads: ( => current thread )
  0x0000000017fe0000 JavaThread "Service Thread" daemon [_thread_blocked, id=5764, stack(0x0000000018430000,0x0000000018530000)]
  0x0000000017f2d000 JavaThread "C1 CompilerThread1" daemon [_thread_blocked, id=6428, stack(0x0000000018330000,0x0000000018430000)]
=>0x0000000017f2c000 JavaThread "C2 CompilerThread0" daemon [_thread_in_native, id=5492, stack(0x0000000018230000,0x0000000018330000)]
  0x0000000017f88800 JavaThread "Attach Listener" daemon [_thread_blocked, id=9432, stack(0x0000000018130000,0x0000000018230000)]
  0x0000000017ec4800 JavaThread "Signal Dispatcher" daemon [_thread_blocked, id=8980, stack(0x0000000018030000,0x0000000018130000)]
  0x0000000016dd3800 JavaThread "Finalizer" daemon [_thread_blocked, id=14524, stack(0x0000000017a30000,0x0000000017b30000)]
  0x0000000016dcc000 JavaThread "Reference Handler" daemon [_thread_blocked, id=5228, stack(0x0000000017930000,0x0000000017a30000)]
  0x0000000002314800 JavaThread "main" [_thread_in_native, id=10796, stack(0x0000000002200000,0x0000000002300000)]

Other Threads:
  0x0000000016da6800 VMThread [stack: 0x0000000017830000,0x0000000017930000] [id=14036]
  0x0000000017fe3000 WatcherThread [stack: 0x0000000018530000,0x0000000018630000] [id=6108]

VM state:not at safepoint (normal execution)

VM Mutex/Monitor currently owned by a thread: None

heap address: 0x0000000080000000, size: 2048 MB, Compressed Oops mode: 32-bit
Narrow klass base: 0x0000000000000000, Narrow klass shift: 3
Compressed class space size: 1073741824 Address: 0x0000000100000000

Heap:
 PSYoungGen      total 38400K, used 18677K [0x00000000d5580000, 0x00000000da080000, 0x0000000100000000)
  eden space 33280K, 41% used [0x00000000d5580000,0x00000000d62de758,0x00000000d7600000)
  from space 5120K, 97% used [0x00000000d7600000,0x00000000d7aded80,0x00000000d7b00000)
  to   space 5120K, 0% used [0x00000000d9b80000,0x00000000d9b80000,0x00000000da080000)
 ParOldGen       total 87552K, used 8K [0x0000000080000000, 0x0000000085580000, 0x00000000d5580000)
  object space 87552K, 0% used [0x0000000080000000,0x0000000080002000,0x0000000085580000)
 Metaspace       used 10405K, capacity 10582K, committed 10752K, reserved 1058816K
  class space    used 1148K, capacity 1209K, committed 1280K, reserved 1048576K

Card table byte_map: [0x00000000117c0000,0x0000000011bd0000] byte_map_base: 0x00000000113c0000

Marking Bits: (ParMarkBitMap*) 0x0000000065891f00
 Begin Bits: [0x0000000012080000, 0x0000000014080000)
 End Bits:   [0x0000000014080000, 0x0000000016080000)

Polling page: 0x0000000000420000

CodeCache: size=245760Kb used=4003Kb max_used=4007Kb free=241756Kb
 bounds [0x0000000002400000, 0x00000000027f0000, 0x0000000011400000]
 total_blobs=1228 nmethods=947 adapters=192
 compilation: enabled

Compilation events (10 events):
Event: 3.785 Thread 0x0000000017f2d000 nmethod 950 0x00000000027e69d0 code [0x00000000027e6b20, 0x00000000027e6c30]
Event: 3.798 Thread 0x0000000017f2c000  951       4       org.codehaus.groovy.ast.ClassNode::redirect (17 bytes)
Event: 3.798 Thread 0x0000000017f2d000  952       3       org.codehaus.groovy.ast.ClassNode::getInterfaces (37 bytes)
Event: 3.799 Thread 0x0000000017f2d000 nmethod 952 0x00000000027e8950 code [0x00000000027e8b40, 0x00000000027e9708]
Event: 3.799 Thread 0x0000000017f2c000 nmethod 951 0x00000000027ec750 code [0x00000000027ec8a0, 0x00000000027ec948]
Event: 3.799 Thread 0x0000000017f2d000  953       3       org.codehaus.groovy.control.ResolveVisitor$ConstructedClassWithPackage::getName (38 bytes)
Event: 3.800 Thread 0x0000000017f2d000 nmethod 953 0x00000000027eb250 code [0x00000000027eb460, 0x00000000027ec228]
Event: 3.800 Thread 0x0000000017f2d000  954       3       org.codehaus.groovy.ast.ClassNode::getModule (8 bytes)
Event: 3.800 Thread 0x0000000017f2d000 nmethod 954 0x00000000027eaad0 code [0x00000000027eac40, 0x00000000027eb0a8]
Event: 3.822 Thread 0x0000000017f2c000  955   !   4       sun.misc.URLClassPath$JarLoader::getResource (353 bytes)

GC Heap History (6 events):
Event: 1.942 GC heap before
{Heap before GC invocations=1 (full 0):
 PSYoungGen      total 38400K, used 33280K [0x00000000d5580000, 0x00000000d8000000, 0x0000000100000000)
  eden space 33280K, 100% used [0x00000000d5580000,0x00000000d7600000,0x00000000d7600000)
  from space 5120K, 0% used [0x00000000d7b00000,0x00000000d7b00000,0x00000000d8000000)
  to   space 5120K, 0% used [0x00000000d7600000,0x00000000d7600000,0x00000000d7b00000)
 ParOldGen       total 87552K, used 0K [0x0000000080000000, 0x0000000085580000, 0x00000000d5580000)
  object space 87552K, 0% used [0x0000000080000000,0x0000000080000000,0x0000000085580000)
 Metaspace       used 4647K, capacity 5312K, committed 5504K, reserved 1056768K
  class space    used 493K, capacity 568K, committed 640K, reserved 1048576K
Event: 1.956 GC heap after
Heap after GC invocations=1 (full 0):
 PSYoungGen      total 38400K, used 4038K [0x00000000d5580000, 0x00000000d8000000, 0x0000000100000000)
  eden space 33280K, 0% used [0x00000000d5580000,0x00000000d5580000,0x00000000d7600000)
  from space 5120K, 78% used [0x00000000d7600000,0x00000000d79f1bf8,0x00000000d7b00000)
  to   space 5120K, 0% used [0x00000000d7b00000,0x00000000d7b00000,0x00000000d8000000)
 ParOldGen       total 87552K, used 8K [0x0000000080000000, 0x0000000085580000, 0x00000000d5580000)
  object space 87552K, 0% used [0x0000000080000000,0x0000000080002000,0x0000000085580000)
 Metaspace       used 4647K, capacity 5312K, committed 5504K, reserved 1056768K
  class space    used 493K, capacity 568K, committed 640K, reserved 1048576K
}
Event: 2.885 GC heap before
{Heap before GC invocations=2 (full 0):
 PSYoungGen      total 38400K, used 37318K [0x00000000d5580000, 0x00000000d8000000, 0x0000000100000000)
  eden space 33280K, 100% used [0x00000000d5580000,0x00000000d7600000,0x00000000d7600000)
  from space 5120K, 78% used [0x00000000d7600000,0x00000000d79f1bf8,0x00000000d7b00000)
  to   space 5120K, 0% used [0x00000000d7b00000,0x00000000d7b00000,0x00000000d8000000)
 ParOldGen       total 87552K, used 8K [0x0000000080000000, 0x0000000085580000, 0x00000000d5580000)
  object space 87552K, 0% used [0x0000000080000000,0x0000000080002000,0x0000000085580000)
 Metaspace       used 8510K, capacity 8688K, committed 8960K, reserved 1056768K
  class space    used 929K, capacity 984K, committed 1024K, reserved 1048576K
Event: 2.937 GC heap after
Heap after GC invocations=2 (full 0):
 PSYoungGen      total 38400K, used 4513K [0x00000000d5580000, 0x00000000da080000, 0x0000000100000000)
  eden space 33280K, 0% used [0x00000000d5580000,0x00000000d5580000,0x00000000d7600000)
  from space 5120K, 88% used [0x00000000d7b00000,0x00000000d7f686b8,0x00000000d8000000)
  to   space 5120K, 0% used [0x00000000d7600000,0x00000000d7600000,0x00000000d7b00000)
 ParOldGen       total 87552K, used 8K [0x0000000080000000, 0x0000000085580000, 0x00000000d5580000)
  object space 87552K, 0% used [0x0000000080000000,0x0000000080002000,0x0000000085580000)
 Metaspace       used 8510K, capacity 8688K, committed 8960K, reserved 1056768K
  class space    used 929K, capacity 984K, committed 1024K, reserved 1048576K
}
Event: 3.707 GC heap before
{Heap before GC invocations=3 (full 0):
 PSYoungGen      total 38400K, used 37793K [0x00000000d5580000, 0x00000000da080000, 0x0000000100000000)
  eden space 33280K, 100% used [0x00000000d5580000,0x00000000d7600000,0x00000000d7600000)
  from space 5120K, 88% used [0x00000000d7b00000,0x00000000d7f686b8,0x00000000d8000000)
  to   space 5120K, 0% used [0x00000000d7600000,0x00000000d7600000,0x00000000d7b00000)
 ParOldGen       total 87552K, used 8K [0x0000000080000000, 0x0000000085580000, 0x00000000d5580000)
  object space 87552K, 0% used [0x0000000080000000,0x0000000080002000,0x0000000085580000)
 Metaspace       used 10369K, capacity 10518K, committed 10752K, reserved 1058816K
  class space    used 1146K, capacity 1209K, committed 1280K, reserved 1048576K
Event: 3.737 GC heap after
Heap after GC invocations=3 (full 0):
 PSYoungGen      total 38400K, used 4987K [0x00000000d5580000, 0x00000000da080000, 0x0000000100000000)
  eden space 33280K, 0% used [0x00000000d5580000,0x00000000d5580000,0x00000000d7600000)
  from space 5120K, 97% used [0x00000000d7600000,0x00000000d7aded80,0x00000000d7b00000)
  to   space 5120K, 0% used [0x00000000d9b80000,0x00000000d9b80000,0x00000000da080000)
 ParOldGen       total 87552K, used 8K [0x0000000080000000, 0x0000000085580000, 0x00000000d5580000)
  object space 87552K, 0% used [0x0000000080000000,0x0000000080002000,0x0000000085580000)
 Metaspace       used 10369K, capacity 10518K, committed 10752K, reserved 1058816K
  class space    used 1146K, capacity 1209K, committed 1280K, reserved 1048576K
}

Deoptimization events (10 events):
Event: 2.120 Thread 0x0000000002314800 Uncommon trap: reason=unstable_if action=reinterpret pc=0x00000000025fc82c method=java.lang.String.indexOf([CII[CIII)I @ 3
Event: 2.236 Thread 0x0000000002314800 Uncommon trap: reason=predicate action=maybe_recompile pc=0x0000000002643c7c method=sun.net.www.ParseUtil.encodePath(Ljava/lang/String;Z)Ljava/lang/String; @ 36
Event: 2.239 Thread 0x0000000002314800 Uncommon trap: reason=bimorphic action=maybe_recompile pc=0x000000000265a62c method=java.util.HashMap.getNode(ILjava/lang/Object;)Ljava/util/HashMap$Node; @ 126
Event: 2.240 Thread 0x0000000002314800 Uncommon trap: reason=bimorphic action=maybe_recompile pc=0x000000000265a62c method=java.util.HashMap.getNode(ILjava/lang/Object;)Ljava/util/HashMap$Node; @ 126
Event: 2.240 Thread 0x0000000002314800 Uncommon trap: reason=bimorphic action=maybe_recompile pc=0x000000000265a62c method=java.util.HashMap.getNode(ILjava/lang/Object;)Ljava/util/HashMap$Node; @ 126
Event: 3.237 Thread 0x0000000002314800 Uncommon trap: reason=bimorphic action=maybe_recompile pc=0x000000000265a62c method=java.util.HashMap.getNode(ILjava/lang/Object;)Ljava/util/HashMap$Node; @ 126
Event: 3.237 Thread 0x0000000002314800 Uncommon trap: reason=unstable_if action=reinterpret pc=0x00000000026b756c method=java.util.HashMap.getNode(ILjava/lang/Object;)Ljava/util/HashMap$Node; @ 62
Event: 3.634 Thread 0x0000000002314800 Uncommon trap: reason=unstable_if action=reinterpret pc=0x00000000025317a0 method=java.net.URI.match(CJJ)Z @ 45
Event: 3.658 Thread 0x0000000002314800 Uncommon trap: reason=unstable_if action=reinterpret pc=0x0000000002793068 method=java.lang.String.lastIndexOf([CII[CIII)I @ 66
Event: 3.658 Thread 0x0000000002314800 Uncommon trap: reason=unstable_if action=reinterpret pc=0x0000000002687574 method=java.lang.String.lastIndexOf([CII[CIII)I @ 66

Classes redefined (0 events):
No events

Internal exceptions (10 events):
Event: 3.776 Thread 0x0000000002314800 Exception <a 'java/security/PrivilegedActionException'> (0x00000000d5c6d5b8) thrown at [C:\jenkins\workspace\zulu8-silver-build-win64\zulu-src\hotspot\src\share\vm\prims\jvm.cpp, line 1529]
Event: 3.776 Thread 0x0000000002314800 Exception <a 'java/security/PrivilegedActionException'> (0x00000000d5c6d9b0) thrown at [C:\jenkins\workspace\zulu8-silver-build-win64\zulu-src\hotspot\src\share\vm\prims\jvm.cpp, line 1529]
Event: 3.791 Thread 0x0000000002314800 Exception <a 'java/security/PrivilegedActionException'> (0x00000000d5ed96c8) thrown at [C:\jenkins\workspace\zulu8-silver-build-win64\zulu-src\hotspot\src\share\vm\prims\jvm.cpp, line 1529]
Event: 3.791 Thread 0x0000000002314800 Exception <a 'java/security/PrivilegedActionException'> (0x00000000d5ed9ac0) thrown at [C:\jenkins\workspace\zulu8-silver-build-win64\zulu-src\hotspot\src\share\vm\prims\jvm.cpp, line 1529]
Event: 3.792 Thread 0x0000000002314800 Exception <a 'java/security/PrivilegedActionException'> (0x00000000d5eee640) thrown at [C:\jenkins\workspace\zulu8-silver-build-win64\zulu-src\hotspot\src\share\vm\prims\jvm.cpp, line 1529]
Event: 3.792 Thread 0x0000000002314800 Exception <a 'java/security/PrivilegedActionException'> (0x00000000d5eeea38) thrown at [C:\jenkins\workspace\zulu8-silver-build-win64\zulu-src\hotspot\src\share\vm\prims\jvm.cpp, line 1529]
Event: 3.818 Thread 0x0000000002314800 Exception <a 'java/security/PrivilegedActionException'> (0x00000000d61b2f48) thrown at [C:\jenkins\workspace\zulu8-silver-build-win64\zulu-src\hotspot\src\share\vm\prims\jvm.cpp, line 1529]
Event: 3.818 Thread 0x0000000002314800 Exception <a 'java/security/PrivilegedActionException'> (0x00000000d61b3340) thrown at [C:\jenkins\workspace\zulu8-silver-build-win64\zulu-src\hotspot\src\share\vm\prims\jvm.cpp, line 1529]
Event: 3.819 Thread 0x0000000002314800 Exception <a 'java/security/PrivilegedActionException'> (0x00000000d61ca5a0) thrown at [C:\jenkins\workspace\zulu8-silver-build-win64\zulu-src\hotspot\src\share\vm\prims\jvm.cpp, line 1529]
Event: 3.819 Thread 0x0000000002314800 Exception <a 'java/security/PrivilegedActionException'> (0x00000000d61ca998) thrown at [C:\jenkins\workspace\zulu8-silver-build-win64\zulu-src\hotspot\src\share\vm\prims\jvm.cpp, line 1529]

Events (10 events):
Event: 3.819 loading class com/kms$katalon$core$cucumber$keyword$internal$CucumberDriverCleaner
Event: 3.819 loading class com/kms$katalon$core$cucumber$keyword$internal$CucumberDriverCleaner done
Event: 3.819 loading class com/kms/katalon$core$cucumber$keyword$internal$CucumberDriverCleaner
Event: 3.819 loading class com/kms/katalon$core$cucumber$keyword$internal$CucumberDriverCleaner done
Event: 3.820 loading class com/kms/katalon/core$cucumber$keyword$internal$CucumberDriverCleaner
Event: 3.820 loading class com/kms/katalon/core$cucumber$keyword$internal$CucumberDriverCleaner done
Event: 3.821 loading class com/kms/katalon/core/cucumber$keyword$internal$CucumberDriverCleaner
Event: 3.821 loading class com/kms/katalon/core/cucumber$keyword$internal$CucumberDriverCleaner done
Event: 3.822 loading class com/kms/katalon/core/cucumber/keyword$internal$CucumberDriverCleaner
Event: 3.822 loading class com/kms/katalon/core/cucumber/keyword$internal$CucumberDriverCleaner done


Dynamic libraries:
0x00007ff6c7dd0000 - 0x00007ff6c7e05000 	C:\Users\menen.desta\Documents\Katalon\Katalon_Studio_Windows_64-8.1.0\jre\bin\javaw.exe
0x00007ffd3b5b0000 - 0x00007ffd3b7a5000 	C:\Windows\SYSTEM32\ntdll.dll
0x00007ffd39710000 - 0x00007ffd397ce000 	C:\Windows\System32\KERNEL32.DLL
0x00007ffd38dd0000 - 0x00007ffd39099000 	C:\Windows\System32\KERNELBASE.dll
0x00007ffd39600000 - 0x00007ffd396ac000 	C:\Windows\System32\ADVAPI32.dll
0x00007ffd39b30000 - 0x00007ffd39bce000 	C:\Windows\System32\msvcrt.dll
0x00007ffd399e0000 - 0x00007ffd39a7b000 	C:\Windows\System32\sechost.dll
0x00007ffd3a060000 - 0x00007ffd3a18a000 	C:\Windows\System32\RPCRT4.dll
0x00007ffd3b300000 - 0x00007ffd3b4a1000 	C:\Windows\System32\USER32.dll
0x00007ffd394a0000 - 0x00007ffd394c2000 	C:\Windows\System32\win32u.dll
0x00007ffd3b2c0000 - 0x00007ffd3b2eb000 	C:\Windows\System32\GDI32.dll
0x00007ffd39140000 - 0x00007ffd3924b000 	C:\Windows\System32\gdi32full.dll
0x00007ffd390a0000 - 0x00007ffd3913d000 	C:\Windows\System32\msvcp_win.dll
0x00007ffd39500000 - 0x00007ffd39600000 	C:\Windows\System32\ucrtbase.dll
0x00007ffd18060000 - 0x00007ffd182fa000 	C:\Windows\WinSxS\amd64_microsoft.windows.common-controls_6595b64144ccf1df_6.0.19041.1110_none_60b5254171f9507e\COMCTL32.dll
0x00007ffd3a190000 - 0x00007ffd3a1c0000 	C:\Windows\System32\IMM32.DLL
0x0000000064e90000 - 0x0000000064f62000 	C:\Users\menen.desta\Documents\Katalon\Katalon_Studio_Windows_64-8.1.0\jre\bin\msvcr100.dll
0x0000000065050000 - 0x0000000065915000 	C:\Users\menen.desta\Documents\Katalon\Katalon_Studio_Windows_64-8.1.0\jre\bin\server\jvm.dll
0x00007ffd3b2f0000 - 0x00007ffd3b2f8000 	C:\Windows\System32\PSAPI.DLL
0x00007ffd23100000 - 0x00007ffd23109000 	C:\Windows\SYSTEM32\WSOCK32.dll
0x00007ffd3ae20000 - 0x00007ffd3ae8b000 	C:\Windows\System32\WS2_32.dll
0x00007ffd1e080000 - 0x00007ffd1e0a7000 	C:\Windows\SYSTEM32\WINMM.dll
0x00007ffd30b70000 - 0x00007ffd30b7a000 	C:\Windows\SYSTEM32\VERSION.dll
0x00007ffd04650000 - 0x00007ffd0465f000 	C:\Users\menen.desta\Documents\Katalon\Katalon_Studio_Windows_64-8.1.0\jre\bin\verify.dll
0x00007ffcf6920000 - 0x00007ffcf6949000 	C:\Users\menen.desta\Documents\Katalon\Katalon_Studio_Windows_64-8.1.0\jre\bin\java.dll
0x00007ffcf6680000 - 0x00007ffcf6696000 	C:\Users\menen.desta\Documents\Katalon\Katalon_Studio_Windows_64-8.1.0\jre\bin\zip.dll
0x00007ffd3a5a0000 - 0x00007ffd3acdf000 	C:\Windows\System32\SHELL32.dll
0x00007ffd36ce0000 - 0x00007ffd37470000 	C:\Windows\SYSTEM32\windows.storage.dll
0x00007ffd3a240000 - 0x00007ffd3a595000 	C:\Windows\System32\combase.dll
0x00007ffd38650000 - 0x00007ffd3867c000 	C:\Windows\SYSTEM32\Wldp.dll
0x00007ffd3b0d0000 - 0x00007ffd3b17d000 	C:\Windows\System32\SHCORE.dll
0x00007ffd3b260000 - 0x00007ffd3b2b5000 	C:\Windows\System32\shlwapi.dll
0x00007ffd38c10000 - 0x00007ffd38c2f000 	C:\Windows\SYSTEM32\profapi.dll

VM Arguments:
jvm_args: -Dgroovy.home=C:\Users\menen.desta/.groovy -Djava.system.class.loader=groovy.lang.GroovyClassLoader -Xmx2048m -Dfile.encoding=UTF-8 
java_command: org.codehaus.groovy.tools.GroovyStarter --classpath C:\Users\menen.desta\git\modpims-testing\Transfer Workflow\Transfer Workflow\bin\keyword;C:\Users\menen.desta\git\modpims-testing\Transfer Workflow\Transfer Workflow\Keywords;C:\Users\menen.desta\git\modpims-testing\Transfer Workflow\Transfer Workflow\bin\listener;C:\Users\menen.desta\git\modpims-testing\Transfer Workflow\Transfer Workflow\Test Listeners;C:\Users\menen.desta\git\modpims-testing\Transfer Workflow\Transfer Workflow\bin\lib;C:\Users\menen.desta\git\modpims-testing\Transfer Workflow\Transfer Workflow\Libs;C:\Users\menen.desta\git\modpims-testing\Transfer Workflow\Transfer Workflow\bin\groovy;C:\Users\menen.desta\git\modpims-testing\Transfer Workflow\Transfer Workflow\Include\scripts\groovy;C:\Users\menen.desta\Documents\Katalon\Katalon_Studio_Windows_64-8.1.0\plugins\com.kms.katalon.core_1.0.0.202108170301.jar;C:\Users\menen.desta\Documents\Katalon\Katalon_Studio_Windows_64-8.1.0\configuration\resources\lib\aalto-xml-1.0.0.jar;C:\Users\menen.desta\Documents\Katalon\Katalon_Studio_Windows_64-8.1.0\configuration\resources\lib\aspectjweaver-1.9.1.jar;C:\Users\menen.desta\Documents\Katalon\Katalon_Studio_Windows_64-8.1.0\configuration\resources\lib\bcpkix-jdk15on-1.64.jar;C:\Users\menen.desta\Documents\Katalon\Katalon_Studio_Windows_64-8.1.0\configuration\resources\lib\bcprov-jdk15on-1.64.jar;C:\Users\menen.desta\Documents\Katalon\Katalon_Studio_Windows_64-8.1.0\configuration\resources\lib\browsermob-core-2.1.5.jar;C:\Users\menen.desta\Documents\Katalon\Katalon_Studio_Windows_64-8.1.0\configuration\resources\lib\cglib-3.2.10.jar;C:\Users\menen.desta\Documents\Katalon\Katalon_Studio_Windows_64-8.1.0\configuration\resources\lib\commons-codec-1.10.jar;C:\Users\menen.desta\Documents\Katalon\Katalon_Studio_Windows_64-8.1.0\configuration\resources\lib\commons-collections4-4.1.jar;C:\Users\menen.desta\Documents\Katalon\Katalon_Studio_Windows_64-8.1.0\configuration\resources\lib\commons-validator-1
java_class_path (initial): C:\Users\menen.desta\git\modpims-testing\Transfer Workflow\Transfer Workflow\bin\keyword;C:\Users\menen.desta\git\modpims-testing\Transfer Workflow\Transfer Workflow\bin\listener;C:\Users\menen.desta\git\modpims-testing\Transfer Workflow\Transfer Workflow\bin\lib;C:\Users\menen.desta\git\modpims-testing\Transfer Workflow\Transfer Workflow\bin\groovy;C:\Users\menen.desta\git\modpims-testing\Transfer Workflow\Transfer Workflow\bin;C:\Users\menen.desta\Documents\Katalon\Katalon_Studio_Windows_64-8.1.0\plugins\com.kms.katalon.core_1.0.0.202108170301.jar;C:\Users\menen.desta\Documents\Katalon\Katalon_Studio_Windows_64-8.1.0\configuration\resources\lib\aalto-xml-1.0.0.jar;C:\Users\menen.desta\Documents\Katalon\Katalon_Studio_Windows_64-8.1.0\configuration\resources\lib\aspectjweaver-1.9.1.jar;C:\Users\menen.desta\Documents\Katalon\Katalon_Studio_Windows_64-8.1.0\configuration\resources\lib\bcpkix-jdk15on-1.64.jar;C:\Users\menen.desta\Documents\Katalon\Katalon_Studio_Windows_64-8.1.0\configuration\resources\lib\bcprov-jdk15on-1.64.jar;C:\Users\menen.desta\Documents\Katalon\Katalon_Studio_Windows_64-8.1.0\configuration\resources\lib\browsermob-core-2.1.5.jar;C:\Users\menen.desta\Documents\Katalon\Katalon_Studio_Windows_64-8.1.0\configuration\resources\lib\cglib-3.2.10.jar;C:\Users\menen.desta\Documents\Katalon\Katalon_Studio_Windows_64-8.1.0\configuration\resources\lib\commons-codec-1.10.jar;C:\Users\menen.desta\Documents\Katalon\Katalon_Studio_Windows_64-8.1.0\configuration\resources\lib\commons-collections4-4.1.jar;C:\Users\menen.desta\Documents\Katalon\Katalon_Studio_Windows_64-8.1.0\configuration\resources\lib\commons-validator-1.6.jar;C:\Users\menen.desta\Documents\Katalon\Katalon_Studio_Windows_64-8.1.0\configuration\resources\lib\curvesapi-1.04.jar;C:\Users\menen.desta\Documents\Katalon\Katalon_Studio_Windows_64-8.1.0\configuration\resources\lib\dnsjava-2.1.8.jar;C:\Users\menen.desta\Documents\Katalon\Katalon_Studio_Windows_64-8.1.0\confi
Launcher Type: SUN_STANDARD

Environment Variables:
PATH=C:/Users/menen.desta/Documents/Katalon/Katalon_Studio_Windows_64-8.1.0/jre/bin/server;C:/Users/menen.desta/Documents/Katalon/Katalon_Studio_Windows_64-8.1.0/jre/bin;C:/Users/menen.desta/Documents/Katalon/Katalon_Studio_Windows_64-8.1.0/jre/lib/amd64;C:\Windows\system32;C:\Windows;C:\Windows\System32\Wbem;C:\Windows\System32\WindowsPowerShell\v1.0\;C:\Windows\System32\OpenSSH\;C:\Program Files (x86)\Microsoft SQL Server\150\DTS\Binn\;C:\Program Files\Azure Data Studio\bin;C:\Program Files\Git\cmd;C:\Users\menen.desta\AppData\Local\Microsoft\WindowsApps;;C:\Users\menen.desta\Documents\Katalon\Katalon_Studio_Windows_64-8.1.0;
USERNAME=menen.desta
OS=Windows_NT
PROCESSOR_IDENTIFIER=Intel64 Family 6 Model 85 Stepping 4, GenuineIntel



---------------  S Y S T E M  ---------------

OS: Windows 10.0 , 64 bit Build 19041 (10.0.19041.1202)
HyperV virtualization detected

CPU:total 2 (initial active 2) (2 cores per cpu, 1 threads per core) family 6 model 85 stepping 4, cmov, cx8, fxsr, mmx, sse, sse2, sse3, ssse3, sse4.1, sse4.2, popcnt, avx, avx2, aes, clmul, erms, rtm, 3dnowpref, lzcnt, tsc, bmi1, bmi2, adx

Memory: 4k page, physical 8388148k(1406568k free), swap 10485040k(5748k free)

vm_info: OpenJDK 64-Bit Server VM (25.282-b08) for windows-amd64 JRE (Zulu 8.52.0.23-CA-win64) (1.8.0_282-b08), built on Jan 12 2021 07:45:49 by "tester" with MS VC++ 10.0 (VS2010)

time: Tue Nov 02 12:38:44 2021
timezone: Coordinated Universal Time
elapsed time: 3.966667 seconds (0d 0h 0m 3s)

