#
# There is insufficient memory for the Java Runtime Environment to continue.
# Native memory allocation (malloc) failed to allocate 513536 bytes for Chunk::new
# Possible reasons:
#   The system is out of physical RAM or swap space
#   The process is running with CompressedOops enabled, and the Java Heap may be blocking the growth of the native heap
# Possible solutions:
#   Reduce memory load on the system
#   Increase physical memory or swap space
#   Check if swap backing store is full
#   Decrease Java heap size (-Xmx/-Xms)
#   Decrease number of Java threads
#   Decrease Java thread stack sizes (-Xss)
#   Set larger code cache with -XX:ReservedCodeCacheSize=
#   JVM is running with Unscaled Compressed Oops mode in which the Java heap is
#     placed in the first 4GB address space. The Java Heap base address is the
#     maximum limit for the native heap growth. Please use -XX:HeapBaseMinAddress
#     to set the Java Heap base and to place the Java Heap above 4GB virtual address.
# This output file may be truncated or incomplete.
#
#  Out of Memory Error (allocation.cpp:389), pid=10504, tid=0x00000000000022dc
#
# JRE version: OpenJDK Runtime Environment (Zulu 8.52.0.23-CA-win64) (8.0_282-b08) (build 1.8.0_282-b08)
# Java VM: OpenJDK 64-Bit Server VM (25.282-b08 mixed mode windows-amd64 compressed oops)
# Failed to write core dump. Minidumps are not enabled by default on client versions of Windows
#

---------------  T H R E A D  ---------------

Current thread (0x0000000018072800):  JavaThread "C2 CompilerThread0" daemon [_thread_in_native, id=8924, stack(0x0000000018b50000,0x0000000018c50000)]

Stack: [0x0000000018b50000,0x0000000018c50000]
[error occurred during error reporting (printing stack bounds), id 0xc0000005]

Native frames: (J=compiled Java code, j=interpreted, Vv=VM code, C=native code)


Current CompileTask:
C2:  14892 3860       4       java.beans.Introspector::addMethod (196 bytes)


---------------  P R O C E S S  ---------------

Java Threads: ( => current thread )
  0x00000000190fd000 JavaThread "Okio Watchdog" daemon [_thread_blocked, id=11864, stack(0x000000001e490000,0x000000001e590000)]
  0x0000000019373800 JavaThread "OkHttp ConnectionPool" daemon [_thread_blocked, id=11524, stack(0x000000001e390000,0x000000001e490000)]
  0x000000001b06f800 JavaThread "Keep-Alive-Timer" daemon [_thread_blocked, id=13832, stack(0x000000001df90000,0x000000001e090000)]
  0x00000000196d9000 JavaThread "Exec Stream Pumper" daemon [_thread_in_native, id=5196, stack(0x000000001dd90000,0x000000001de90000)]
  0x0000000019dd6000 JavaThread "Exec Stream Pumper" daemon [_thread_in_native, id=5156, stack(0x000000001dc90000,0x000000001dd90000)]
  0x0000000019dd5000 JavaThread "UrlChecker-2" daemon [_thread_blocked, id=7116, stack(0x000000001db90000,0x000000001dc90000)]
  0x0000000019624800 JavaThread "Exec Default Executor" daemon [_thread_in_native, id=2664, stack(0x000000001c870000,0x000000001c970000)]
  0x000000001819d800 JavaThread "Service Thread" daemon [_thread_blocked, id=4908, stack(0x0000000018d50000,0x0000000018e50000)]
  0x0000000018073800 JavaThread "C1 CompilerThread1" daemon [_thread_blocked, id=14204, stack(0x0000000018c50000,0x0000000018d50000)]
=>0x0000000018072800 JavaThread "C2 CompilerThread0" daemon [_thread_in_native, id=8924, stack(0x0000000018b50000,0x0000000018c50000)]
  0x000000001805f800 JavaThread "Attach Listener" daemon [_thread_blocked, id=11960, stack(0x0000000018a50000,0x0000000018b50000)]
  0x000000001805f000 JavaThread "Signal Dispatcher" daemon [_thread_blocked, id=6328, stack(0x0000000018950000,0x0000000018a50000)]
  0x0000000016f1b000 JavaThread "Finalizer" daemon [_thread_blocked, id=4132, stack(0x0000000017b50000,0x0000000017c50000)]
  0x0000000016f13000 JavaThread "Reference Handler" daemon [_thread_blocked, id=7340, stack(0x0000000017a50000,0x0000000017b50000)]
  0x000000000245c000 JavaThread "main" [_thread_in_native, id=5220, stack(0x00000000022d0000,0x00000000023d0000)]

Other Threads:
  0x0000000016eea000 VMThread [stack: 0x0000000017950000,0x0000000017a50000] [id=6056]
  0x000000001809e800 WatcherThread [stack: 0x0000000018e50000,0x0000000018f50000] [id=3160]

VM state:not at safepoint (normal execution)

VM Mutex/Monitor currently owned by a thread: None

heap address: 0x0000000080000000, size: 2048 MB, Compressed Oops mode: 32-bit
Narrow klass base: 0x0000000000000000, Narrow klass shift: 3
Compressed class space size: 1073741824 Address: 0x0000000100000000

Heap:
 PSYoungGen      total 318464K, used 49270K [0x00000000d5580000, 0x00000000ecc80000, 0x0000000100000000)
  eden space 306176K, 16% used [0x00000000d5580000,0x00000000d859d880,0x00000000e8080000)
  from space 12288K, 0% used [0x00000000e8f80000,0x00000000e8f80000,0x00000000e9b80000)
  to   space 15360K, 0% used [0x00000000e8080000,0x00000000e8080000,0x00000000e8f80000)
 ParOldGen       total 89088K, used 24827K [0x0000000080000000, 0x0000000085700000, 0x00000000d5580000)
  object space 89088K, 27% used [0x0000000080000000,0x000000008183ec58,0x0000000085700000)
 Metaspace       used 36604K, capacity 37496K, committed 37672K, reserved 1083392K
  class space    used 4309K, capacity 4567K, committed 4648K, reserved 1048576K

Card table byte_map: [0x0000000011900000,0x0000000011d10000] byte_map_base: 0x0000000011500000

Marking Bits: (ParMarkBitMap*) 0x000000005a6c1f00
 Begin Bits: [0x00000000121c0000, 0x00000000141c0000)
 End Bits:   [0x00000000141c0000, 0x00000000161c0000)

Polling page: 0x0000000000640000

CodeCache: size=245760Kb used=12281Kb max_used=13264Kb free=233478Kb
 bounds [0x0000000002540000, 0x0000000003240000, 0x0000000011540000]
 total_blobs=4231 nmethods=3476 adapters=664
 compilation: enabled

Compilation events (10 events):
Event: 14.865 Thread 0x0000000018073800 3865       3       org.apache.commons.lang.IntHashMap$Entry::<init> (26 bytes)
Event: 14.865 Thread 0x0000000018073800 nmethod 3865 0x0000000002801710 code [0x0000000002801860, 0x0000000002801a50]
Event: 14.866 Thread 0x0000000018073800 3866       1       org.dom4j.QName::getName (5 bytes)
Event: 14.866 Thread 0x0000000018073800 nmethod 3866 0x0000000002801450 code [0x00000000028015a0, 0x00000000028016b0]
Event: 14.867 Thread 0x0000000018073800 3867       1       org.dom4j.tree.AbstractText::getNodeType (2 bytes)
Event: 14.867 Thread 0x0000000018073800 nmethod 3867 0x0000000002bb1bd0 code [0x0000000002bb1d20, 0x0000000002bb1e30]
Event: 14.867 Thread 0x0000000018073800 3868       1       org.dom4j.tree.FlyweightText::getText (5 bytes)
Event: 14.867 Thread 0x0000000018073800 nmethod 3868 0x0000000002bb1910 code [0x0000000002bb1a60, 0x0000000002bb1b70]
Event: 14.871 Thread 0x0000000018073800 3869       3       java.lang.AbstractStringBuilder::append (54 bytes)
Event: 14.871 Thread 0x0000000018073800 nmethod 3869 0x00000000027988d0 code [0x0000000002798aa0, 0x00000000027993a8]

GC Heap History (10 events):
Event: 4.347 GC heap before
{Heap before GC invocations=8 (full 1):
 PSYoungGen      total 141312K, used 4141K [0x00000000d5580000, 0x00000000e6980000, 0x0000000100000000)
  eden space 132096K, 0% used [0x00000000d5580000,0x00000000d5580000,0x00000000dd680000)
  from space 9216K, 44% used [0x00000000dd680000,0x00000000dda8b7d0,0x00000000ddf80000)
  to   space 9216K, 0% used [0x00000000e6080000,0x00000000e6080000,0x00000000e6980000)
 ParOldGen       total 87552K, used 7111K [0x0000000080000000, 0x0000000085580000, 0x00000000d5580000)
  object space 87552K, 8% used [0x0000000080000000,0x00000000806f1f98,0x0000000085580000)
 Metaspace       used 20824K, capacity 21072K, committed 21296K, reserved 1069056K
  class space    used 2313K, capacity 2424K, committed 2432K, reserved 1048576K
Event: 4.410 GC heap after
Heap after GC invocations=8 (full 1):
 PSYoungGen      total 141312K, used 0K [0x00000000d5580000, 0x00000000e6980000, 0x0000000100000000)
  eden space 132096K, 0% used [0x00000000d5580000,0x00000000d5580000,0x00000000dd680000)
  from space 9216K, 0% used [0x00000000dd680000,0x00000000dd680000,0x00000000ddf80000)
  to   space 9216K, 0% used [0x00000000e6080000,0x00000000e6080000,0x00000000e6980000)
 ParOldGen       total 54784K, used 8853K [0x0000000080000000, 0x0000000083580000, 0x00000000d5580000)
  object space 54784K, 16% used [0x0000000080000000,0x00000000808a5508,0x0000000083580000)
 Metaspace       used 20824K, capacity 21072K, committed 21296K, reserved 1069056K
  class space    used 2313K, capacity 2424K, committed 2432K, reserved 1048576K
}
Event: 5.556 GC heap before
{Heap before GC invocations=9 (full 1):
 PSYoungGen      total 141312K, used 132096K [0x00000000d5580000, 0x00000000e6980000, 0x0000000100000000)
  eden space 132096K, 100% used [0x00000000d5580000,0x00000000dd680000,0x00000000dd680000)
  from space 9216K, 0% used [0x00000000dd680000,0x00000000dd680000,0x00000000ddf80000)
  to   space 9216K, 0% used [0x00000000e6080000,0x00000000e6080000,0x00000000e6980000)
 ParOldGen       total 54784K, used 8853K [0x0000000080000000, 0x0000000083580000, 0x00000000d5580000)
  object space 54784K, 16% used [0x0000000080000000,0x00000000808a5508,0x0000000083580000)
 Metaspace       used 22104K, capacity 22456K, committed 22704K, reserved 1069056K
  class space    used 2419K, capacity 2541K, committed 2560K, reserved 1048576K
Event: 5.565 GC heap after
Heap after GC invocations=9 (full 1):
 PSYoungGen      total 224768K, used 2736K [0x00000000d5580000, 0x00000000e6380000, 0x0000000100000000)
  eden space 221696K, 0% used [0x00000000d5580000,0x00000000d5580000,0x00000000e2e00000)
  from space 3072K, 89% used [0x00000000e6080000,0x00000000e632c3c8,0x00000000e6380000)
  to   space 9728K, 0% used [0x00000000e5080000,0x00000000e5080000,0x00000000e5a00000)
 ParOldGen       total 54784K, used 8853K [0x0000000080000000, 0x0000000083580000, 0x00000000d5580000)
  object space 54784K, 16% used [0x0000000080000000,0x00000000808a5508,0x0000000083580000)
 Metaspace       used 22104K, capacity 22456K, committed 22704K, reserved 1069056K
  class space    used 2419K, capacity 2541K, committed 2560K, reserved 1048576K
}
Event: 8.889 GC heap before
{Heap before GC invocations=10 (full 1):
 PSYoungGen      total 224768K, used 224432K [0x00000000d5580000, 0x00000000e6380000, 0x0000000100000000)
  eden space 221696K, 100% used [0x00000000d5580000,0x00000000e2e00000,0x00000000e2e00000)
  from space 3072K, 89% used [0x00000000e6080000,0x00000000e632c3c8,0x00000000e6380000)
  to   space 9728K, 0% used [0x00000000e5080000,0x00000000e5080000,0x00000000e5a00000)
 ParOldGen       total 54784K, used 8853K [0x0000000080000000, 0x0000000083580000, 0x00000000d5580000)
  object space 54784K, 16% used [0x0000000080000000,0x00000000808a5508,0x0000000083580000)
 Metaspace       used 29735K, capacity 30142K, committed 30336K, reserved 1077248K
  class space    used 3295K, capacity 3454K, committed 3456K, reserved 1048576K
Event: 8.956 GC heap after
Heap after GC invocations=10 (full 1):
 PSYoungGen      total 266752K, used 9726K [0x00000000d5580000, 0x00000000e9b80000, 0x0000000100000000)
  eden space 257024K, 0% used [0x00000000d5580000,0x00000000d5580000,0x00000000e5080000)
  from space 9728K, 99% used [0x00000000e5080000,0x00000000e59ff8e0,0x00000000e5a00000)
  to   space 12288K, 0% used [0x00000000e8f80000,0x00000000e8f80000,0x00000000e9b80000)
 ParOldGen       total 54784K, used 12423K [0x0000000080000000, 0x0000000083580000, 0x00000000d5580000)
  object space 54784K, 22% used [0x0000000080000000,0x0000000080c21de8,0x0000000083580000)
 Metaspace       used 29735K, capacity 30142K, committed 30336K, reserved 1077248K
  class space    used 3295K, capacity 3454K, committed 3456K, reserved 1048576K
}
Event: 11.683 GC heap before
{Heap before GC invocations=11 (full 1):
 PSYoungGen      total 266752K, used 236909K [0x00000000d5580000, 0x00000000e9b80000, 0x0000000100000000)
  eden space 257024K, 88% used [0x00000000d5580000,0x00000000e335bd38,0x00000000e5080000)
  from space 9728K, 99% used [0x00000000e5080000,0x00000000e59ff8e0,0x00000000e5a00000)
  to   space 12288K, 0% used [0x00000000e8f80000,0x00000000e8f80000,0x00000000e9b80000)
 ParOldGen       total 54784K, used 12423K [0x0000000080000000, 0x0000000083580000, 0x00000000d5580000)
  object space 54784K, 22% used [0x0000000080000000,0x0000000080c21de8,0x0000000083580000)
 Metaspace       used 34687K, capacity 35464K, committed 35496K, reserved 1081344K
  class space    used 4038K, capacity 4256K, committed 4264K, reserved 1048576K
Event: 11.714 GC heap after
Heap after GC invocations=11 (full 1):
 PSYoungGen      total 318464K, used 12279K [0x00000000d5580000, 0x00000000ecc80000, 0x0000000100000000)
  eden space 306176K, 0% used [0x00000000d5580000,0x00000000d5580000,0x00000000e8080000)
  from space 12288K, 99% used [0x00000000e8f80000,0x00000000e9b7ddd0,0x00000000e9b80000)
  to   space 15360K, 0% used [0x00000000e8080000,0x00000000e8080000,0x00000000e8f80000)
 ParOldGen       total 54784K, used 15903K [0x0000000080000000, 0x0000000083580000, 0x00000000d5580000)
  object space 54784K, 29% used [0x0000000080000000,0x0000000080f87c88,0x0000000083580000)
 Metaspace       used 34687K, capacity 35464K, committed 35496K, reserved 1081344K
  class space    used 4038K, capacity 4256K, committed 4264K, reserved 1048576K
}
Event: 11.714 GC heap before
{Heap before GC invocations=12 (full 2):
 PSYoungGen      total 318464K, used 12279K [0x00000000d5580000, 0x00000000ecc80000, 0x0000000100000000)
  eden space 306176K, 0% used [0x00000000d5580000,0x00000000d5580000,0x00000000e8080000)
  from space 12288K, 99% used [0x00000000e8f80000,0x00000000e9b7ddd0,0x00000000e9b80000)
  to   space 15360K, 0% used [0x00000000e8080000,0x00000000e8080000,0x00000000e8f80000)
 ParOldGen       total 54784K, used 15903K [0x0000000080000000, 0x0000000083580000, 0x00000000d5580000)
  object space 54784K, 29% used [0x0000000080000000,0x0000000080f87c88,0x0000000083580000)
 Metaspace       used 34687K, capacity 35464K, committed 35496K, reserved 1081344K
  class space    used 4038K, capacity 4256K, committed 4264K, reserved 1048576K
Event: 11.829 GC heap after
Heap after GC invocations=12 (full 2):
 PSYoungGen      total 318464K, used 0K [0x00000000d5580000, 0x00000000ecc80000, 0x0000000100000000)
  eden space 306176K, 0% used [0x00000000d5580000,0x00000000d5580000,0x00000000e8080000)
  from space 12288K, 0% used [0x00000000e8f80000,0x00000000e8f80000,0x00000000e9b80000)
  to   space 15360K, 0% used [0x00000000e8080000,0x00000000e8080000,0x00000000e8f80000)
 ParOldGen       total 89088K, used 24827K [0x0000000080000000, 0x0000000085700000, 0x00000000d5580000)
  object space 89088K, 27% used [0x0000000080000000,0x000000008183ec58,0x0000000085700000)
 Metaspace       used 34687K, capacity 35464K, committed 35496K, reserved 1081344K
  class space    used 4038K, capacity 4256K, committed 4264K, reserved 1048576K
}

Deoptimization events (10 events):
Event: 12.021 Thread 0x000000000245c000 Uncommon trap: reason=class_check action=maybe_recompile pc=0x00000000030f1cf0 method=java.util.regex.Matcher.match(II)Z @ 86
Event: 12.022 Thread 0x000000000245c000 Uncommon trap: reason=class_check action=maybe_recompile pc=0x00000000030f1cf0 method=java.util.regex.Matcher.match(II)Z @ 86
Event: 12.062 Thread 0x000000000245c000 Uncommon trap: reason=class_check action=maybe_recompile pc=0x000000000311ee5c method=java.util.HashSet.contains(Ljava/lang/Object;)Z @ 5
Event: 12.062 Thread 0x000000000245c000 Uncommon trap: reason=class_check action=maybe_recompile pc=0x000000000311ee5c method=java.util.HashSet.contains(Ljava/lang/Object;)Z @ 5
Event: 13.562 Thread 0x000000000245c000 Uncommon trap: reason=class_check action=maybe_recompile pc=0x0000000003236134 method=org.openqa.selenium.json.Input.init()V @ 18
Event: 13.562 Thread 0x000000000245c000 Uncommon trap: reason=class_check action=maybe_recompile pc=0x0000000003236134 method=org.openqa.selenium.json.Input.init()V @ 18
Event: 13.563 Thread 0x000000000245c000 Uncommon trap: reason=class_check action=maybe_recompile pc=0x0000000003236134 method=org.openqa.selenium.json.Input.init()V @ 18
Event: 13.563 Thread 0x000000000245c000 Uncommon trap: reason=class_check action=maybe_recompile pc=0x0000000003236134 method=org.openqa.selenium.json.Input.init()V @ 18
Event: 13.712 Thread 0x000000000245c000 Uncommon trap: reason=class_check action=maybe_recompile pc=0x00000000030f1cf0 method=java.util.regex.Matcher.match(II)Z @ 86
Event: 14.413 Thread 0x000000000245c000 Uncommon trap: reason=unstable_if action=reinterpret pc=0x00000000026989b8 method=java.util.regex.Pattern$Slice.match(Ljava/util/regex/Matcher;ILjava/lang/CharSequence;)Z @ 29

Classes redefined (0 events):
No events

Internal exceptions (10 events):
Event: 14.794 Thread 0x000000000245c000 Exception <a 'java/security/PrivilegedActionException'> (0x00000000d7bf3f58) thrown at [C:\jenkins\workspace\zulu8-silver-build-win64\zulu-src\hotspot\src\share\vm\prims\jvm.cpp, line 1529]
Event: 14.795 Thread 0x000000000245c000 Exception <a 'java/security/PrivilegedActionException'> (0x00000000d7c07cd0) thrown at [C:\jenkins\workspace\zulu8-silver-build-win64\zulu-src\hotspot\src\share\vm\prims\jvm.cpp, line 1529]
Event: 14.795 Thread 0x000000000245c000 Exception <a 'java/security/PrivilegedActionException'> (0x00000000d7c08498) thrown at [C:\jenkins\workspace\zulu8-silver-build-win64\zulu-src\hotspot\src\share\vm\prims\jvm.cpp, line 1529]
Event: 14.809 Thread 0x000000000245c000 Exception <a 'java/security/PrivilegedActionException'> (0x00000000d7e33cd0) thrown at [C:\jenkins\workspace\zulu8-silver-build-win64\zulu-src\hotspot\src\share\vm\prims\jvm.cpp, line 1529]
Event: 14.809 Thread 0x000000000245c000 Exception <a 'java/security/PrivilegedActionException'> (0x00000000d7e34498) thrown at [C:\jenkins\workspace\zulu8-silver-build-win64\zulu-src\hotspot\src\share\vm\prims\jvm.cpp, line 1529]
Event: 14.809 Thread 0x000000000245c000 Exception <a 'java/security/PrivilegedActionException'> (0x00000000d7e48ae0) thrown at [C:\jenkins\workspace\zulu8-silver-build-win64\zulu-src\hotspot\src\share\vm\prims\jvm.cpp, line 1529]
Event: 14.809 Thread 0x000000000245c000 Exception <a 'java/security/PrivilegedActionException'> (0x00000000d7e492a8) thrown at [C:\jenkins\workspace\zulu8-silver-build-win64\zulu-src\hotspot\src\share\vm\prims\jvm.cpp, line 1529]
Event: 14.835 Thread 0x000000000245c000 Exception <a 'java/lang/ClassNotFoundException': Script1BeanInfo> (0x00000000d802c2f0) thrown at [C:\jenkins\workspace\zulu8-silver-build-win64\zulu-src\hotspot\src\share\vm\classfile\systemDictionary.cpp, line 220]
Event: 14.845 Thread 0x000000000245c000 Exception <a 'java/lang/ClassNotFoundException': Script1Customizer> (0x00000000d80c6e18) thrown at [C:\jenkins\workspace\zulu8-silver-build-win64\zulu-src\hotspot\src\share\vm\classfile\systemDictionary.cpp, line 220]
Event: 14.889 Thread 0x000000000245c000 Exception <a 'java/lang/ClassNotFoundException': com/kms/katalon/core/webui/keyword/builtin/ClickKeywordBeanInfo> (0x00000000d83c02b8) thrown at [C:\jenkins\workspace\zulu8-silver-build-win64\zulu-src\hotspot\src\share\vm\classfile\systemDictionary.cpp, l

Events (10 events):
Event: 14.878 loading class groovy/runtime/metaclass/com/kms/katalon/core/webui/keyword/builtin/ClickKeywordMetaClass
Event: 14.878 loading class groovy/runtime/metaclass/com/kms/katalon/core/webui/keyword/builtin/ClickKeywordMetaClass done
Event: 14.882 loading class com/kms/katalon/core/webui/keyword/builtin/ClickKeywordBeanInfo
Event: 14.882 loading class com/kms/katalon/core/webui/keyword/builtin/ClickKeywordBeanInfo done
Event: 14.882 loading class com/kms/katalon/core/webui/keyword/builtin/ClickKeywordBeanInfo
Event: 14.882 loading class com/kms/katalon/core/webui/keyword/builtin/ClickKeywordBeanInfo done
Event: 14.889 loading class com/kms/katalon/core/webui/keyword/builtin/ClickKeywordBeanInfo
Event: 14.889 loading class com/kms/katalon/core/webui/keyword/builtin/ClickKeywordBeanInfo done
Event: 14.890 loading class com/kms/katalon/core/webui/keyword/builtin/ClickKeywordCustomizer
Event: 14.890 loading class com/kms/katalon/core/webui/keyword/builtin/ClickKeywordCustomizer done


Dynamic libraries:
0x00007ff60c710000 - 0x00007ff60c745000 	C:\Users\bilguun.amarsaikhan\Downloads\Katalon_Studio_Windows_64-8.1.0 (1)\Katalon_Studio_Windows_64-8.1.0\jre\bin\javaw.exe
0x00007ffbbaff0000 - 0x00007ffbbb1e5000 	C:\windows\SYSTEM32\ntdll.dll
0x00007ffbb9a00000 - 0x00007ffbb9abe000 	C:\windows\System32\KERNEL32.DLL
0x00007ffbb8a90000 - 0x00007ffbb8d59000 	C:\windows\System32\KERNELBASE.dll
0x00007ffbbad30000 - 0x00007ffbbaddc000 	C:\windows\System32\ADVAPI32.dll
0x00007ffbb9ac0000 - 0x00007ffbb9b5e000 	C:\windows\System32\msvcrt.dll
0x00007ffbba9c0000 - 0x00007ffbbaa5b000 	C:\windows\System32\sechost.dll
0x00007ffbba4c0000 - 0x00007ffbba5ea000 	C:\windows\System32\RPCRT4.dll
0x00007ffbb9050000 - 0x00007ffbb91f1000 	C:\windows\System32\USER32.dll
0x00007ffbb8e10000 - 0x00007ffbb8e32000 	C:\windows\System32\win32u.dll
0x00007ffbb99d0000 - 0x00007ffbb99fb000 	C:\windows\System32\GDI32.dll
0x00007ffbb8950000 - 0x00007ffbb8a5b000 	C:\windows\System32\gdi32full.dll
0x00007ffbb8fa0000 - 0x00007ffbb903d000 	C:\windows\System32\msvcp_win.dll
0x00007ffbb8ea0000 - 0x00007ffbb8fa0000 	C:\windows\System32\ucrtbase.dll
0x00007ffba7270000 - 0x00007ffba750a000 	C:\windows\WinSxS\amd64_microsoft.windows.common-controls_6595b64144ccf1df_6.0.19041.1110_none_60b5254171f9507e\COMCTL32.dll
0x00007ffbbac20000 - 0x00007ffbbac50000 	C:\windows\System32\IMM32.DLL
0x0000000059c10000 - 0x0000000059ce2000 	C:\Users\bilguun.amarsaikhan\Downloads\Katalon_Studio_Windows_64-8.1.0 (1)\Katalon_Studio_Windows_64-8.1.0\jre\bin\msvcr100.dll
0x0000000059e80000 - 0x000000005a745000 	C:\Users\bilguun.amarsaikhan\Downloads\Katalon_Studio_Windows_64-8.1.0 (1)\Katalon_Studio_Windows_64-8.1.0\jre\bin\server\jvm.dll
0x00007ffbbaa60000 - 0x00007ffbbaa68000 	C:\windows\System32\PSAPI.DLL
0x00007ffbb4210000 - 0x00007ffbb4219000 	C:\windows\SYSTEM32\WSOCK32.dll
0x00007ffbba5f0000 - 0x00007ffbba65b000 	C:\windows\System32\WS2_32.dll
0x00007ffb98170000 - 0x00007ffb98197000 	C:\windows\SYSTEM32\WINMM.dll
0x00007ffbb0610000 - 0x00007ffbb061a000 	C:\windows\SYSTEM32\VERSION.dll
0x00007ffbb41b0000 - 0x00007ffbb41bf000 	C:\Users\bilguun.amarsaikhan\Downloads\Katalon_Studio_Windows_64-8.1.0 (1)\Katalon_Studio_Windows_64-8.1.0\jre\bin\verify.dll
0x00007ffbaa540000 - 0x00007ffbaa569000 	C:\Users\bilguun.amarsaikhan\Downloads\Katalon_Studio_Windows_64-8.1.0 (1)\Katalon_Studio_Windows_64-8.1.0\jre\bin\java.dll
0x00007ffba62c0000 - 0x00007ffba62d6000 	C:\Users\bilguun.amarsaikhan\Downloads\Katalon_Studio_Windows_64-8.1.0 (1)\Katalon_Studio_Windows_64-8.1.0\jre\bin\zip.dll
0x00007ffbb9200000 - 0x00007ffbb993f000 	C:\windows\System32\SHELL32.dll
0x00007ffbb6720000 - 0x00007ffbb6eb0000 	C:\windows\SYSTEM32\windows.storage.dll
0x00007ffbba660000 - 0x00007ffbba9b5000 	C:\windows\System32\combase.dll
0x00007ffbb8090000 - 0x00007ffbb80bc000 	C:\windows\SYSTEM32\Wldp.dll
0x00007ffbba3b0000 - 0x00007ffbba45d000 	C:\windows\System32\SHCORE.dll
0x00007ffbbacb0000 - 0x00007ffbbad05000 	C:\windows\System32\shlwapi.dll
0x00007ffbb85e0000 - 0x00007ffbb85ff000 	C:\windows\SYSTEM32\profapi.dll
0x00007ffba6070000 - 0x00007ffba608b000 	C:\Users\bilguun.amarsaikhan\Downloads\Katalon_Studio_Windows_64-8.1.0 (1)\Katalon_Studio_Windows_64-8.1.0\jre\bin\net.dll
0x00007ffbb7df0000 - 0x00007ffbb7e5a000 	C:\windows\system32\mswsock.dll
0x00007ffba02d0000 - 0x00007ffba02e1000 	C:\Users\bilguun.amarsaikhan\Downloads\Katalon_Studio_Windows_64-8.1.0 (1)\Katalon_Studio_Windows_64-8.1.0\jre\bin\nio.dll
0x00007ffbb0e90000 - 0x00007ffbb0e9d000 	C:\Users\bilguun.amarsaikhan\Downloads\Katalon_Studio_Windows_64-8.1.0 (1)\Katalon_Studio_Windows_64-8.1.0\jre\bin\management.dll
0x00007ffb9ed00000 - 0x00007ffb9ed17000 	C:\windows\system32\napinsp.dll
0x00007ffb9ece0000 - 0x00007ffb9ecfb000 	C:\windows\system32\pnrpnsp.dll
0x00007ffb9eaf0000 - 0x00007ffb9eb05000 	C:\windows\system32\wshbth.dll
0x00007ffbb4030000 - 0x00007ffbb404d000 	C:\windows\system32\NLAapi.dll
0x00007ffbb7ae0000 - 0x00007ffbb7b1b000 	C:\windows\SYSTEM32\IPHLPAPI.DLL
0x00007ffbb7b20000 - 0x00007ffbb7bec000 	C:\windows\SYSTEM32\DNSAPI.dll
0x00007ffbb9ea0000 - 0x00007ffbb9ea8000 	C:\windows\System32\NSI.dll
0x00007ffb9ead0000 - 0x00007ffb9eae2000 	C:\windows\System32\winrnr.dll
0x00007ffbafb20000 - 0x00007ffbafb2a000 	C:\Windows\System32\rasadhlp.dll
0x00007ffbaff20000 - 0x00007ffbaff9f000 	C:\windows\System32\fwpuclnt.dll
0x00007ffbb8a60000 - 0x00007ffbb8a87000 	C:\windows\System32\bcrypt.dll
0x00007ffbb7fe0000 - 0x00007ffbb7ff8000 	C:\windows\SYSTEM32\CRYPTSP.dll
0x00007ffbb7660000 - 0x00007ffbb7694000 	C:\windows\system32\rsaenh.dll
0x00007ffbb8500000 - 0x00007ffbb852e000 	C:\windows\SYSTEM32\USERENV.dll
0x00007ffbb8710000 - 0x00007ffbb8793000 	C:\windows\System32\bcryptprimitives.dll
0x00007ffbb8000000 - 0x00007ffbb800c000 	C:\windows\SYSTEM32\CRYPTBASE.dll
0x00007ffbb0b30000 - 0x00007ffbb0b47000 	C:\windows\SYSTEM32\dhcpcsvc6.DLL
0x00007ffbb09a0000 - 0x00007ffbb09bd000 	C:\windows\SYSTEM32\dhcpcsvc.DLL
0x00007ffb9f440000 - 0x00007ffb9f464000 	C:\Users\bilguun.amarsaikhan\Downloads\Katalon_Studio_Windows_64-8.1.0 (1)\Katalon_Studio_Windows_64-8.1.0\jre\bin\sunec.dll
0x00007ffbb3590000 - 0x00007ffbb359c000 	C:\Users\bilguun.amarsaikhan\Downloads\Katalon_Studio_Windows_64-8.1.0 (1)\Katalon_Studio_Windows_64-8.1.0\jre\bin\sunmscapi.dll
0x00007ffbb87f0000 - 0x00007ffbb8946000 	C:\windows\System32\CRYPT32.dll
0x00007ffbb8100000 - 0x00007ffbb8127000 	C:\windows\SYSTEM32\ncrypt.dll
0x00007ffbb80c0000 - 0x00007ffbb80fb000 	C:\windows\SYSTEM32\NTASN1.dll

VM Arguments:
jvm_args: -Dgroovy.home=C:\Users\bilguun.amarsaikhan/.groovy -Djava.system.class.loader=groovy.lang.GroovyClassLoader -Xmx2048m -Dfile.encoding=UTF-8 
java_command: org.codehaus.groovy.tools.GroovyStarter --classpath C:\Users\bilguun.amarsaikhan\git\modpims-testing\Transfer Workflow\Transfer Workflow\bin\keyword;C:\Users\bilguun.amarsaikhan\git\modpims-testing\Transfer Workflow\Transfer Workflow\Keywords;C:\Users\bilguun.amarsaikhan\git\modpims-testing\Transfer Workflow\Transfer Workflow\bin\listener;C:\Users\bilguun.amarsaikhan\git\modpims-testing\Transfer Workflow\Transfer Workflow\Test Listeners;C:\Users\bilguun.amarsaikhan\git\modpims-testing\Transfer Workflow\Transfer Workflow\bin\lib;C:\Users\bilguun.amarsaikhan\git\modpims-testing\Transfer Workflow\Transfer Workflow\Libs;C:\Users\bilguun.amarsaikhan\git\modpims-testing\Transfer Workflow\Transfer Workflow\bin\groovy;C:\Users\bilguun.amarsaikhan\git\modpims-testing\Transfer Workflow\Transfer Workflow\Include\scripts\groovy;C:\Users\bilguun.amarsaikhan\Downloads\Katalon_Studio_Engine_Windows_64-8.1.0\Katalon_Studio_Engine_Windows_64-8.1.0\plugins\com.kms.katalon.core_1.0.0.202108170301.jar;C:\Users\bilguun.amarsaikhan\Downloads\Katalon_Studio_Engine_Windows_64-8.1.0\Katalon_Studio_Engine_Windows_64-8.1.0\configuration\resources\lib\aalto-xml-1.0.0.jar;C:\Users\bilguun.amarsaikhan\Downloads\Katalon_Studio_Engine_Windows_64-8.1.0\Katalon_Studio_Engine_Windows_64-8.1.0\configuration\resources\lib\aspectjweaver-1.9.1.jar;C:\Users\bilguun.amarsaikhan\Downloads\Katalon_Studio_Engine_Windows_64-8.1.0\Katalon_Studio_Engine_Windows_64-8.1.0\configuration\resources\lib\bcpkix-jdk15on-1.64.jar;C:\Users\bilguun.amarsaikhan\Downloads\Katalon_Studio_Engine_Windows_64-8.1.0\Katalon_Studio_Engine_Windows_64-8.1.0\configuration\resources\lib\bcprov-jdk15on-1.64.jar;C:\Users\bilguun.amarsaikhan\Downloads\Katalon_Studio_Engine_Windows_64-8.1.0\Katalon_Studio_Engine_Windows_64-8.1.0\configuration\resources\lib\browsermob-core-2.1.5.jar;C:\Users\bilguun.amarsaikhan\Downloads\Katalon_Studio_Engine_Windows_64-8.1.0\Katalon_Studio_Engine_Windows_64-8.1.0\configuration\resources\lib
java_class_path (initial): C:\Users\bilguun.amarsaikhan\git\modpims-testing\Transfer Workflow\Transfer Workflow\bin\keyword;C:\Users\bilguun.amarsaikhan\git\modpims-testing\Transfer Workflow\Transfer Workflow\bin\listener;C:\Users\bilguun.amarsaikhan\git\modpims-testing\Transfer Workflow\Transfer Workflow\bin\lib;C:\Users\bilguun.amarsaikhan\git\modpims-testing\Transfer Workflow\Transfer Workflow\bin\groovy;C:\Users\bilguun.amarsaikhan\git\modpims-testing\Transfer Workflow\Transfer Workflow\bin;C:\Users\bilguun.amarsaikhan\Downloads\Katalon_Studio_Engine_Windows_64-8.1.0\Katalon_Studio_Engine_Windows_64-8.1.0\plugins\com.kms.katalon.core_1.0.0.202108170301.jar;C:\Users\bilguun.amarsaikhan\Downloads\Katalon_Studio_Engine_Windows_64-8.1.0\Katalon_Studio_Engine_Windows_64-8.1.0\configuration\resources\lib\aalto-xml-1.0.0.jar;C:\Users\bilguun.amarsaikhan\Downloads\Katalon_Studio_Engine_Windows_64-8.1.0\Katalon_Studio_Engine_Windows_64-8.1.0\configuration\resources\lib\aspectjweaver-1.9.1.jar;C:\Users\bilguun.amarsaikhan\Downloads\Katalon_Studio_Engine_Windows_64-8.1.0\Katalon_Studio_Engine_Windows_64-8.1.0\configuration\resources\lib\bcpkix-jdk15on-1.64.jar;C:\Users\bilguun.amarsaikhan\Downloads\Katalon_Studio_Engine_Windows_64-8.1.0\Katalon_Studio_Engine_Windows_64-8.1.0\configuration\resources\lib\bcprov-jdk15on-1.64.jar;C:\Users\bilguun.amarsaikhan\Downloads\Katalon_Studio_Engine_Windows_64-8.1.0\Katalon_Studio_Engine_Windows_64-8.1.0\configuration\resources\lib\browsermob-core-2.1.5.jar;C:\Users\bilguun.amarsaikhan\Downloads\Katalon_Studio_Engine_Windows_64-8.1.0\Katalon_Studio_Engine_Windows_64-8.1.0\configuration\resources\lib\cglib-3.2.10.jar;C:\Users\bilguun.amarsaikhan\Downloads\Katalon_Studio_Engine_Windows_64-8.1.0\Katalon_Studio_Engine_Windows_64-8.1.0\configuration\resources\lib\commons-codec-1.10.jar;C:\Users\bilguun.amarsaikhan\Downloads\Katalon_Studio_Engine_Windows_64-8.1.0\Katalon_Studio_Engine_Windows_64-8.1.0\configuration\resources\lib\commons-col
Launcher Type: SUN_STANDARD

Environment Variables:
PATH=C:/Users/bilguun.amarsaikhan/Downloads/Katalon_Studio_Windows_64-8.1.0 (1)/Katalon_Studio_Windows_64-8.1.0/jre/bin/server;C:/Users/bilguun.amarsaikhan/Downloads/Katalon_Studio_Windows_64-8.1.0 (1)/Katalon_Studio_Windows_64-8.1.0/jre/bin;C:/Users/bilguun.amarsaikhan/Downloads/Katalon_Studio_Windows_64-8.1.0 (1)/Katalon_Studio_Windows_64-8.1.0/jre/lib/amd64;C:\Program Files\Common Files\Oracle\Java\javapath;C:\windows\system32;C:\windows;C:\windows\System32\Wbem;C:\windows\System32\WindowsPowerShell\v1.0\;C:\windows\System32\OpenSSH\;C:\Program Files (x86)\Microsoft SQL Server\150\DTS\Binn\;C:\Program Files\Azure Data Studio\bin;C:\Program Files\Git\cmd;C:\Program Files\dotnet\;C:\Program Files\Microsoft SQL Server\130\Tools\Binn\;C:\Program Files\Microsoft SQL Server\Client SDK\ODBC\170\Tools\Binn\;C:\Users\bilguun.amarsaikhan\AppData\Local\Microsoft\WindowsApps;C:\Users\bilguun.amarsaikhan\Desktop;C:\Users\bilguun.amarsaikhan\.dotnet\tools;C:\Users\bilguun.amarsaikhan\AppData\Local\Programs\Microsoft VS Code\bin;C:\Users\bilguun.amarsaikhan\Downloads\Katalon_Studio_Windows_64-8.1.0 (1)\Katalon_Studio_Windows_64-8.1.0;
USERNAME=bilguun.amarsaikhan
OS=Windows_NT
PROCESSOR_IDENTIFIER=Intel64 Family 6 Model 63 Stepping 2, GenuineIntel



---------------  S Y S T E M  ---------------

OS: Windows 10.0 , 64 bit Build 19041 (10.0.19041.1202)
HyperV virtualization detected

CPU:total 2 (initial active 2) (2 cores per cpu, 1 threads per core) family 6 model 63 stepping 2, cmov, cx8, fxsr, mmx, sse, sse2, sse3, ssse3, sse4.1, sse4.2, popcnt, avx, avx2, aes, clmul, erms, lzcnt, tsc, bmi1, bmi2

Memory: 4k page, physical 8388148k(808308k free), swap 10485040k(2240k free)

vm_info: OpenJDK 64-Bit Server VM (25.282-b08) for windows-amd64 JRE (Zulu 8.52.0.23-CA-win64) (1.8.0_282-b08), built on Jan 12 2021 07:45:49 by "tester" with MS VC++ 10.0 (VS2010)

time: Wed Nov 10 08:59:18 2021
timezone: Eastern Standard Time
elapsed time: 14.898581 seconds (0d 0h 0m 14s)

