#
# There is insufficient memory for the Java Runtime Environment to continue.
# Native memory allocation (malloc) failed to allocate 173536 bytes for Chunk::new
# Possible reasons:
#   The system is out of physical RAM or swap space
#   The process is running with CompressedOops enabled, and the Java Heap may be blocking the growth of the native heap
# Possible solutions:
#   Reduce memory load on the system
#   Increase physical memory or swap space
#   Check if swap backing store is full
#   Decrease Java heap size (-Xmx/-Xms)
#   Decrease number of Java threads
#   Decrease Java thread stack sizes (-Xss)
#   Set larger code cache with -XX:ReservedCodeCacheSize=
#   JVM is running with Unscaled Compressed Oops mode in which the Java heap is
#     placed in the first 4GB address space. The Java Heap base address is the
#     maximum limit for the native heap growth. Please use -XX:HeapBaseMinAddress
#     to set the Java Heap base and to place the Java Heap above 4GB virtual address.
# This output file may be truncated or incomplete.
#
#  Out of Memory Error (allocation.cpp:389), pid=6192, tid=0x000000000000351c
#
# JRE version: OpenJDK Runtime Environment (Zulu 8.52.0.23-CA-win64) (8.0_282-b08) (build 1.8.0_282-b08)
# Java VM: OpenJDK 64-Bit Server VM (25.282-b08 mixed mode windows-amd64 compressed oops)
# Failed to write core dump. Minidumps are not enabled by default on client versions of Windows
#

---------------  T H R E A D  ---------------

Current thread (0x0000000018925800):  JavaThread "C2 CompilerThread0" daemon [_thread_in_native, id=13596, stack(0x0000000018c30000,0x0000000018d30000)]

Stack: [0x0000000018c30000,0x0000000018d30000]
[error occurred during error reporting (printing stack bounds), id 0xc0000005]

Native frames: (J=compiled Java code, j=interpreted, Vv=VM code, C=native code)


Current CompileTask:
C2:  24182 3053       4       java.io.File::<init> (113 bytes)


---------------  P R O C E S S  ---------------

Java Threads: ( => current thread )
  0x000000001bf5f000 JavaThread "Okio Watchdog" daemon [_thread_blocked, id=13328, stack(0x000000001d850000,0x000000001d950000)]
  0x000000001beb4000 JavaThread "OkHttp ConnectionPool" daemon [_thread_blocked, id=9740, stack(0x000000001d750000,0x000000001d850000)]
  0x0000000019c56800 JavaThread "Exec Stream Pumper" daemon [_thread_in_native, id=6480, stack(0x000000001cf50000,0x000000001d050000)]
  0x0000000019c5b800 JavaThread "Exec Stream Pumper" daemon [_thread_in_native, id=9212, stack(0x000000001ce50000,0x000000001cf50000)]
  0x0000000019c5b000 JavaThread "UrlChecker-2" daemon [_thread_blocked, id=10688, stack(0x000000001cd50000,0x000000001ce50000)]
  0x0000000019c5a000 JavaThread "Exec Default Executor" daemon [_thread_in_native, id=6464, stack(0x000000001cc50000,0x000000001cd50000)]
  0x00000000189df000 JavaThread "Service Thread" daemon [_thread_blocked, id=3332, stack(0x0000000018e30000,0x0000000018f30000)]
  0x0000000018926800 JavaThread "C1 CompilerThread1" daemon [_thread_in_native, id=13968, stack(0x0000000018d30000,0x0000000018e30000)]
=>0x0000000018925800 JavaThread "C2 CompilerThread0" daemon [_thread_in_native, id=13596, stack(0x0000000018c30000,0x0000000018d30000)]
  0x0000000018912000 JavaThread "Attach Listener" daemon [_thread_blocked, id=12796, stack(0x0000000018b30000,0x0000000018c30000)]
  0x000000001897b000 JavaThread "Signal Dispatcher" daemon [_thread_blocked, id=2032, stack(0x0000000018a30000,0x0000000018b30000)]
  0x00000000177f3800 JavaThread "Finalizer" daemon [_thread_blocked, id=13832, stack(0x0000000018430000,0x0000000018530000)]
  0x00000000177ec000 JavaThread "Reference Handler" daemon [_thread_blocked, id=8296, stack(0x0000000018330000,0x0000000018430000)]
  0x0000000002d34800 JavaThread "Forwarding newSession on session null to remote" [_thread_in_native, id=11988, stack(0x0000000002bc0000,0x0000000002cc0000)]

Other Threads:
  0x0000000002e1b000 VMThread [stack: 0x0000000018230000,0x0000000018330000] [id=12904]
  0x00000000189fc000 WatcherThread [stack: 0x0000000018f30000,0x0000000019030000] [id=14716]

VM state:not at safepoint (normal execution)

VM Mutex/Monitor currently owned by a thread: None

heap address: 0x0000000080000000, size: 2048 MB, Compressed Oops mode: 32-bit
Narrow klass base: 0x0000000000000000, Narrow klass shift: 3
Compressed class space size: 1073741824 Address: 0x0000000100000000

Heap:
 PSYoungGen      total 266240K, used 155695K [0x00000000d5580000, 0x00000000eb780000, 0x0000000100000000)
  eden space 256512K, 57% used [0x00000000d5580000,0x00000000de648248,0x00000000e5000000)
  from space 9728K, 76% used [0x00000000e5000000,0x00000000e5743d90,0x00000000e5980000)
  to   space 10240K, 0% used [0x00000000ead80000,0x00000000ead80000,0x00000000eb780000)
 ParOldGen       total 51200K, used 8524K [0x0000000080000000, 0x0000000083200000, 0x00000000d5580000)
  object space 51200K, 16% used [0x0000000080000000,0x0000000080853370,0x0000000083200000)
 Metaspace       used 30152K, capacity 30996K, committed 31232K, reserved 1077248K
  class space    used 3573K, capacity 3835K, committed 3840K, reserved 1048576K

Card table byte_map: [0x00000000121e0000,0x00000000125f0000] byte_map_base: 0x0000000011de0000

Marking Bits: (ParMarkBitMap*) 0x0000000065891f00
 Begin Bits: [0x0000000012aa0000, 0x0000000014aa0000)
 End Bits:   [0x0000000014aa0000, 0x0000000016aa0000)

Polling page: 0x0000000000f50000

CodeCache: size=245760Kb used=11851Kb max_used=11967Kb free=233908Kb
 bounds [0x0000000002e20000, 0x00000000039e0000, 0x0000000011e20000]
 total_blobs=3705 nmethods=3028 adapters=586
 compilation: enabled

Compilation events (10 events):
Event: 8.851 Thread 0x0000000018925800 nmethod 3046 0x00000000039c8bd0 code [0x00000000039c8d00, 0x00000000039c8db8]
Event: 24.168 Thread 0x0000000018926800 3051       3       java.util.regex.Pattern$TreeInfo::reset (21 bytes)
Event: 24.168 Thread 0x0000000018926800 nmethod 3051 0x00000000039ca010 code [0x00000000039ca160, 0x00000000039ca2d0]
Event: 24.175 Thread 0x0000000018926800 3052       1       java.util.stream.ReferencePipeline$StatelessOp::opIsStateful (2 bytes)
Event: 24.175 Thread 0x0000000018926800 nmethod 3052 0x0000000002f25150 code [0x0000000002f252a0, 0x0000000002f253b0]
Event: 24.175 Thread 0x0000000018925800 3053       4       java.io.File::<init> (113 bytes)
Event: 24.179 Thread 0x0000000018926800 3055       3       java.nio.CharBuffer::array (35 bytes)
Event: 24.180 Thread 0x0000000018926800 nmethod 3055 0x0000000002f77410 code [0x0000000002f775a0, 0x0000000002f778b8]
Event: 24.180 Thread 0x0000000018926800 3057       3       java.nio.CharBuffer::allocate (22 bytes)
Event: 24.180 Thread 0x0000000018926800 nmethod 3057 0x0000000002f4e3d0 code [0x0000000002f4e560, 0x0000000002f4e9b8]

GC Heap History (10 events):
Event: 3.915 GC heap before
{Heap before GC invocations=6 (full 0):
 PSYoungGen      total 71680K, used 71661K [0x00000000d5580000, 0x00000000de780000, 0x0000000100000000)
  eden space 66560K, 100% used [0x00000000d5580000,0x00000000d9680000,0x00000000d9680000)
  from space 5120K, 99% used [0x00000000d9680000,0x00000000d9b7b7a8,0x00000000d9b80000)
  to   space 8192K, 0% used [0x00000000ddf80000,0x00000000ddf80000,0x00000000de780000)
 ParOldGen       total 87552K, used 3464K [0x0000000080000000, 0x0000000085580000, 0x00000000d5580000)
  object space 87552K, 3% used [0x0000000080000000,0x0000000080362388,0x0000000085580000)
 Metaspace       used 20412K, capacity 20682K, committed 21120K, reserved 1069056K
  class space    used 2258K, capacity 2357K, committed 2432K, reserved 1048576K
Event: 3.930 GC heap after
Heap after GC invocations=6 (full 0):
 PSYoungGen      total 139776K, used 8191K [0x00000000d5580000, 0x00000000dea80000, 0x0000000100000000)
  eden space 131584K, 0% used [0x00000000d5580000,0x00000000d5580000,0x00000000dd600000)
  from space 8192K, 99% used [0x00000000ddf80000,0x00000000de77fe68,0x00000000de780000)
  to   space 9728K, 0% used [0x00000000dd600000,0x00000000dd600000,0x00000000ddf80000)
 ParOldGen       total 87552K, used 4120K [0x0000000080000000, 0x0000000085580000, 0x00000000d5580000)
  object space 87552K, 4% used [0x0000000080000000,0x00000000804063b0,0x0000000085580000)
 Metaspace       used 20412K, capacity 20682K, committed 21120K, reserved 1069056K
  class space    used 2258K, capacity 2357K, committed 2432K, reserved 1048576K
}
Event: 4.006 GC heap before
{Heap before GC invocations=7 (full 0):
 PSYoungGen      total 139776K, used 13415K [0x00000000d5580000, 0x00000000dea80000, 0x0000000100000000)
  eden space 131584K, 3% used [0x00000000d5580000,0x00000000d5a99f10,0x00000000dd600000)
  from space 8192K, 99% used [0x00000000ddf80000,0x00000000de77fe68,0x00000000de780000)
  to   space 9728K, 0% used [0x00000000dd600000,0x00000000dd600000,0x00000000ddf80000)
 ParOldGen       total 87552K, used 4120K [0x0000000080000000, 0x0000000085580000, 0x00000000d5580000)
  object space 87552K, 4% used [0x0000000080000000,0x00000000804063b0,0x0000000085580000)
 Metaspace       used 20809K, capacity 21072K, committed 21296K, reserved 1069056K
  class space    used 2311K, capacity 2424K, committed 2432K, reserved 1048576K
Event: 4.028 GC heap after
Heap after GC invocations=7 (full 0):
 PSYoungGen      total 141312K, used 3924K [0x00000000d5580000, 0x00000000e6980000, 0x0000000100000000)
  eden space 131584K, 0% used [0x00000000d5580000,0x00000000d5580000,0x00000000dd600000)
  from space 9728K, 40% used [0x00000000dd600000,0x00000000dd9d5360,0x00000000ddf80000)
  to   space 9728K, 0% used [0x00000000e6000000,0x00000000e6000000,0x00000000e6980000)
 ParOldGen       total 87552K, used 7286K [0x0000000080000000, 0x0000000085580000, 0x00000000d5580000)
  object space 87552K, 8% used [0x0000000080000000,0x000000008071d908,0x0000000085580000)
 Metaspace       used 20809K, capacity 21072K, committed 21296K, reserved 1069056K
  class space    used 2311K, capacity 2424K, committed 2432K, reserved 1048576K
}
Event: 4.028 GC heap before
{Heap before GC invocations=8 (full 1):
 PSYoungGen      total 141312K, used 3924K [0x00000000d5580000, 0x00000000e6980000, 0x0000000100000000)
  eden space 131584K, 0% used [0x00000000d5580000,0x00000000d5580000,0x00000000dd600000)
  from space 9728K, 40% used [0x00000000dd600000,0x00000000dd9d5360,0x00000000ddf80000)
  to   space 9728K, 0% used [0x00000000e6000000,0x00000000e6000000,0x00000000e6980000)
 ParOldGen       total 87552K, used 7286K [0x0000000080000000, 0x0000000085580000, 0x00000000d5580000)
  object space 87552K, 8% used [0x0000000080000000,0x000000008071d908,0x0000000085580000)
 Metaspace       used 20809K, capacity 21072K, committed 21296K, reserved 1069056K
  class space    used 2311K, capacity 2424K, committed 2432K, reserved 1048576K
Event: 4.088 GC heap after
Heap after GC invocations=8 (full 1):
 PSYoungGen      total 141312K, used 0K [0x00000000d5580000, 0x00000000e6980000, 0x0000000100000000)
  eden space 131584K, 0% used [0x00000000d5580000,0x00000000d5580000,0x00000000dd600000)
  from space 9728K, 0% used [0x00000000dd600000,0x00000000dd600000,0x00000000ddf80000)
  to   space 9728K, 0% used [0x00000000e6000000,0x00000000e6000000,0x00000000e6980000)
 ParOldGen       total 51200K, used 8516K [0x0000000080000000, 0x0000000083200000, 0x00000000d5580000)
  object space 51200K, 16% used [0x0000000080000000,0x0000000080851370,0x0000000083200000)
 Metaspace       used 20809K, capacity 21072K, committed 21296K, reserved 1069056K
  class space    used 2311K, capacity 2424K, committed 2432K, reserved 1048576K
}
Event: 4.949 GC heap before
{Heap before GC invocations=9 (full 1):
 PSYoungGen      total 141312K, used 131584K [0x00000000d5580000, 0x00000000e6980000, 0x0000000100000000)
  eden space 131584K, 100% used [0x00000000d5580000,0x00000000dd600000,0x00000000dd600000)
  from space 9728K, 0% used [0x00000000dd600000,0x00000000dd600000,0x00000000ddf80000)
  to   space 9728K, 0% used [0x00000000e6000000,0x00000000e6000000,0x00000000e6980000)
 ParOldGen       total 51200K, used 8516K [0x0000000080000000, 0x0000000083200000, 0x00000000d5580000)
  object space 51200K, 16% used [0x0000000080000000,0x0000000080851370,0x0000000083200000)
 Metaspace       used 22047K, capacity 22392K, committed 22704K, reserved 1069056K
  class space    used 2413K, capacity 2541K, committed 2560K, reserved 1048576K
Event: 4.955 GC heap after
Heap after GC invocations=9 (full 1):
 PSYoungGen      total 238080K, used 2688K [0x00000000d5580000, 0x00000000e6300000, 0x0000000100000000)
  eden space 235008K, 0% used [0x00000000d5580000,0x00000000d5580000,0x00000000e3b00000)
  from space 3072K, 87% used [0x00000000e6000000,0x00000000e62a03b8,0x00000000e6300000)
  to   space 9728K, 0% used [0x00000000e5000000,0x00000000e5000000,0x00000000e5980000)
 ParOldGen       total 51200K, used 8524K [0x0000000080000000, 0x0000000083200000, 0x00000000d5580000)
  object space 51200K, 16% used [0x0000000080000000,0x0000000080853370,0x0000000083200000)
 Metaspace       used 22047K, capacity 22392K, committed 22704K, reserved 1069056K
  class space    used 2413K, capacity 2541K, committed 2560K, reserved 1048576K
}
Event: 6.567 GC heap before
{Heap before GC invocations=10 (full 1):
 PSYoungGen      total 238080K, used 237696K [0x00000000d5580000, 0x00000000e6300000, 0x0000000100000000)
  eden space 235008K, 100% used [0x00000000d5580000,0x00000000e3b00000,0x00000000e3b00000)
  from space 3072K, 87% used [0x00000000e6000000,0x00000000e62a03b8,0x00000000e6300000)
  to   space 9728K, 0% used [0x00000000e5000000,0x00000000e5000000,0x00000000e5980000)
 ParOldGen       total 51200K, used 8524K [0x0000000080000000, 0x0000000083200000, 0x00000000d5580000)
  object space 51200K, 16% used [0x0000000080000000,0x0000000080853370,0x0000000083200000)
 Metaspace       used 22815K, capacity 23142K, committed 23424K, reserved 1071104K
  class space    used 2502K, capacity 2619K, committed 2688K, reserved 1048576K
Event: 6.603 GC heap after
Heap after GC invocations=10 (full 1):
 PSYoungGen      total 266240K, used 7439K [0x00000000d5580000, 0x00000000eb780000, 0x0000000100000000)
  eden space 256512K, 0% used [0x00000000d5580000,0x00000000d5580000,0x00000000e5000000)
  from space 9728K, 76% used [0x00000000e5000000,0x00000000e5743d90,0x00000000e5980000)
  to   space 10240K, 0% used [0x00000000ead80000,0x00000000ead80000,0x00000000eb780000)
 ParOldGen       total 51200K, used 8524K [0x0000000080000000, 0x0000000083200000, 0x00000000d5580000)
  object space 51200K, 16% used [0x0000000080000000,0x0000000080853370,0x0000000083200000)
 Metaspace       used 22815K, capacity 23142K, committed 23424K, reserved 1071104K
  class space    used 2502K, capacity 2619K, committed 2688K, reserved 1048576K
}

Deoptimization events (10 events):
Event: 8.623 Thread 0x0000000002d34800 Uncommon trap: reason=bimorphic action=maybe_recompile pc=0x00000000037ff4f0 method=java.util.regex.Matcher.search(I)Z @ 86
Event: 8.623 Thread 0x0000000002d34800 Uncommon trap: reason=bimorphic action=maybe_recompile pc=0x00000000037ff4f0 method=java.util.regex.Matcher.search(I)Z @ 86
Event: 8.623 Thread 0x0000000002d34800 Uncommon trap: reason=bimorphic action=maybe_recompile pc=0x00000000037ff4f0 method=java.util.regex.Matcher.search(I)Z @ 86
Event: 8.623 Thread 0x0000000002d34800 Uncommon trap: reason=unstable_if action=reinterpret pc=0x00000000037d9410 method=java.util.regex.Pattern$CharProperty.match(Ljava/util/regex/Matcher;ILjava/lang/CharSequence;)Z @ 21
Event: 8.792 Thread 0x0000000002d34800 Uncommon trap: reason=class_check action=maybe_recompile pc=0x000000000383439c method=java.util.HashSet.contains(Ljava/lang/Object;)Z @ 5
Event: 8.792 Thread 0x0000000002d34800 Uncommon trap: reason=class_check action=maybe_recompile pc=0x000000000383439c method=java.util.HashSet.contains(Ljava/lang/Object;)Z @ 5
Event: 24.179 Thread 0x0000000002d34800 Uncommon trap: reason=class_check action=maybe_recompile pc=0x00000000039c0174 method=org.openqa.selenium.json.Input.init()V @ 18
Event: 24.179 Thread 0x0000000002d34800 Uncommon trap: reason=class_check action=maybe_recompile pc=0x00000000039c0174 method=org.openqa.selenium.json.Input.init()V @ 18
Event: 24.179 Thread 0x0000000002d34800 Uncommon trap: reason=class_check action=maybe_recompile pc=0x00000000039c0174 method=org.openqa.selenium.json.Input.init()V @ 18
Event: 24.179 Thread 0x0000000002d34800 Uncommon trap: reason=class_check action=maybe_recompile pc=0x00000000039c0174 method=org.openqa.selenium.json.Input.init()V @ 18

Classes redefined (0 events):
No events

Internal exceptions (10 events):
Event: 7.067 Thread 0x0000000002d34800 Exception <a 'java/lang/ClassNotFoundException': com/kms/katalon/core/webui/keyword/builtin/OpenBrowserKeywordBeanInfo> (0x00000000d947fe90) thrown at [C:\jenkins\workspace\zulu8-silver-build-win64\zulu-src\hotspot\src\share\vm\classfile\systemDictionary.
Event: 7.071 Thread 0x0000000002d34800 Exception <a 'java/lang/ClassNotFoundException': com/kms/katalon/core/webui/keyword/internal/WebUIAbstractKeywordBeanInfo> (0x00000000d956eba8) thrown at [C:\jenkins\workspace\zulu8-silver-build-win64\zulu-src\hotspot\src\share\vm\classfile\systemDictiona
Event: 7.075 Thread 0x0000000002d34800 Exception <a 'java/lang/ClassNotFoundException': com/kms/katalon/core/webui/keyword/internal/WebUIAbstractKeywordCustomizer> (0x00000000d96627e8) thrown at [C:\jenkins\workspace\zulu8-silver-build-win64\zulu-src\hotspot\src\share\vm\classfile\systemDictio
Event: 7.080 Thread 0x0000000002d34800 Exception <a 'java/lang/ClassNotFoundException': com/kms/katalon/core/webui/keyword/builtin/OpenBrowserKeywordCustomizer> (0x00000000d9756eb0) thrown at [C:\jenkins\workspace\zulu8-silver-build-win64\zulu-src\hotspot\src\share\vm\classfile\systemDictionar
Event: 7.098 Thread 0x0000000002d34800 Exception <a 'java/lang/ClassNotFoundException': com/kms/katalon/core/webui/keyword/builtin/InternalSmartWaitGroovyWrapperBeanInfo> (0x00000000d99dd6f0) thrown at [C:\jenkins\workspace\zulu8-silver-build-win64\zulu-src\hotspot\src\share\vm\classfile\syste
Event: 7.101 Thread 0x0000000002d34800 Exception <a 'java/lang/ClassNotFoundException': com/kms/katalon/core/webui/keyword/builtin/InternalSmartWaitGroovyWrapperCustomizer> (0x00000000d9ae5740) thrown at [C:\jenkins\workspace\zulu8-silver-build-win64\zulu-src\hotspot\src\share\vm\classfile\sys
Event: 8.313 Thread 0x0000000019c5b000 Exception <a 'java/net/SocketTimeoutException': connect timed out> (0x00000000dc0e6fc0) thrown at [C:\jenkins\workspace\zulu8-silver-build-win64\zulu-src\hotspot\src\share\vm\prims\jni.cpp, line 738]
Event: 8.369 Thread 0x0000000002d34800 Exception <a 'java/lang/IncompatibleClassChangeError': Found class java.lang.Object, but interface was expected> (0x00000000dbcda380) thrown at [C:\jenkins\workspace\zulu8-silver-build-win64\zulu-src\hotspot\src\share\vm\interpreter\linkResolver.cpp, line
Event: 8.375 Thread 0x0000000002d34800 Exception <a 'java/lang/NoSuchMethodError': java.lang.Object.lambda$or$2(Ljava/util/function/Predicate;Ljava/lang/Object;)Z> (0x00000000dbcf88e0) thrown at [C:\jenkins\workspace\zulu8-silver-build-win64\zulu-src\hotspot\src\share\vm\interpreter\linkResolv
Event: 8.473 Thread 0x0000000002d34800 Exception <a 'java/lang/NoSuchMethodError': java.lang.Object.lambda$chars$0()Ljava/util/Spliterator$OfInt;> (0x00000000dcadaf68) thrown at [C:\jenkins\workspace\zulu8-silver-build-win64\zulu-src\hotspot\src\share\vm\interpreter\linkResolver.cpp, line 620]

Events (10 events):
Event: 24.179 Thread 0x0000000002d34800 DEOPT UNPACKING pc=0x0000000002e6567b sp=0x0000000002cbbc60 mode 2
Event: 24.179 Thread 0x0000000002d34800 Uncommon trap: trap_request=0xffffffde fr.pc=0x00000000039c0174
Event: 24.179 Thread 0x0000000002d34800 DEOPT PACKING pc=0x00000000039c0174 sp=0x0000000002cbb8e0
Event: 24.179 Thread 0x0000000002d34800 DEOPT UNPACKING pc=0x0000000002e6567b sp=0x0000000002cbb8e0 mode 2
Event: 24.179 Thread 0x0000000002d34800 Uncommon trap: trap_request=0xffffffde fr.pc=0x00000000039c0174
Event: 24.179 Thread 0x0000000002d34800 DEOPT PACKING pc=0x00000000039c0174 sp=0x0000000002cbb370
Event: 24.179 Thread 0x0000000002d34800 DEOPT UNPACKING pc=0x0000000002e6567b sp=0x0000000002cbb370 mode 2
Event: 24.179 Thread 0x0000000002d34800 Uncommon trap: trap_request=0xffffffde fr.pc=0x00000000039c0174
Event: 24.179 Thread 0x0000000002d34800 DEOPT PACKING pc=0x00000000039c0174 sp=0x0000000002cbb370
Event: 24.179 Thread 0x0000000002d34800 DEOPT UNPACKING pc=0x0000000002e6567b sp=0x0000000002cbb370 mode 2


Dynamic libraries:
0x00007ff6ff3b0000 - 0x00007ff6ff3e5000 	C:\Users\menen.desta\Documents\Katalon\Katalon_Studio_Windows_64-8.1.0\jre\bin\javaw.exe
0x00007ffd3b5b0000 - 0x00007ffd3b7a5000 	C:\Windows\SYSTEM32\ntdll.dll
0x00007ffd39710000 - 0x00007ffd397ce000 	C:\Windows\System32\KERNEL32.DLL
0x00007ffd38dd0000 - 0x00007ffd39099000 	C:\Windows\System32\KERNELBASE.dll
0x00007ffd39600000 - 0x00007ffd396ac000 	C:\Windows\System32\ADVAPI32.dll
0x00007ffd39b30000 - 0x00007ffd39bce000 	C:\Windows\System32\msvcrt.dll
0x00007ffd399e0000 - 0x00007ffd39a7b000 	C:\Windows\System32\sechost.dll
0x00007ffd3a060000 - 0x00007ffd3a18a000 	C:\Windows\System32\RPCRT4.dll
0x00007ffd3b300000 - 0x00007ffd3b4a1000 	C:\Windows\System32\USER32.dll
0x00007ffd394a0000 - 0x00007ffd394c2000 	C:\Windows\System32\win32u.dll
0x00007ffd3b2c0000 - 0x00007ffd3b2eb000 	C:\Windows\System32\GDI32.dll
0x00007ffd39140000 - 0x00007ffd3924b000 	C:\Windows\System32\gdi32full.dll
0x00007ffd390a0000 - 0x00007ffd3913d000 	C:\Windows\System32\msvcp_win.dll
0x00007ffd39500000 - 0x00007ffd39600000 	C:\Windows\System32\ucrtbase.dll
0x00007ffd18060000 - 0x00007ffd182fa000 	C:\Windows\WinSxS\amd64_microsoft.windows.common-controls_6595b64144ccf1df_6.0.19041.1110_none_60b5254171f9507e\COMCTL32.dll
0x00007ffd3a190000 - 0x00007ffd3a1c0000 	C:\Windows\System32\IMM32.DLL
0x0000000064e90000 - 0x0000000064f62000 	C:\Users\menen.desta\Documents\Katalon\Katalon_Studio_Windows_64-8.1.0\jre\bin\msvcr100.dll
0x0000000065050000 - 0x0000000065915000 	C:\Users\menen.desta\Documents\Katalon\Katalon_Studio_Windows_64-8.1.0\jre\bin\server\jvm.dll
0x00007ffd3b2f0000 - 0x00007ffd3b2f8000 	C:\Windows\System32\PSAPI.DLL
0x00007ffd23100000 - 0x00007ffd23109000 	C:\Windows\SYSTEM32\WSOCK32.dll
0x00007ffd3ae20000 - 0x00007ffd3ae8b000 	C:\Windows\System32\WS2_32.dll
0x00007ffd1e080000 - 0x00007ffd1e0a7000 	C:\Windows\SYSTEM32\WINMM.dll
0x00007ffd30b70000 - 0x00007ffd30b7a000 	C:\Windows\SYSTEM32\VERSION.dll
0x00007ffd04650000 - 0x00007ffd0465f000 	C:\Users\menen.desta\Documents\Katalon\Katalon_Studio_Windows_64-8.1.0\jre\bin\verify.dll
0x00007ffcf6920000 - 0x00007ffcf6949000 	C:\Users\menen.desta\Documents\Katalon\Katalon_Studio_Windows_64-8.1.0\jre\bin\java.dll
0x00007ffcf6680000 - 0x00007ffcf6696000 	C:\Users\menen.desta\Documents\Katalon\Katalon_Studio_Windows_64-8.1.0\jre\bin\zip.dll
0x00007ffd3a5a0000 - 0x00007ffd3acdf000 	C:\Windows\System32\SHELL32.dll
0x00007ffd36ce0000 - 0x00007ffd37470000 	C:\Windows\SYSTEM32\windows.storage.dll
0x00007ffd3a240000 - 0x00007ffd3a595000 	C:\Windows\System32\combase.dll
0x00007ffd38650000 - 0x00007ffd3867c000 	C:\Windows\SYSTEM32\Wldp.dll
0x00007ffd3b0d0000 - 0x00007ffd3b17d000 	C:\Windows\System32\SHCORE.dll
0x00007ffd3b260000 - 0x00007ffd3b2b5000 	C:\Windows\System32\shlwapi.dll
0x00007ffd38c10000 - 0x00007ffd38c2f000 	C:\Windows\SYSTEM32\profapi.dll
0x00007ffcf6510000 - 0x00007ffcf652b000 	C:\Users\menen.desta\Documents\Katalon\Katalon_Studio_Windows_64-8.1.0\jre\bin\net.dll
0x00007ffd383b0000 - 0x00007ffd3841a000 	C:\Windows\system32\mswsock.dll
0x00007ffcf64f0000 - 0x00007ffcf6501000 	C:\Users\menen.desta\Documents\Katalon\Katalon_Studio_Windows_64-8.1.0\jre\bin\nio.dll
0x00007ffd380e0000 - 0x00007ffd381ac000 	C:\Windows\SYSTEM32\DNSAPI.dll
0x00007ffd380a0000 - 0x00007ffd380db000 	C:\Windows\SYSTEM32\IPHLPAPI.DLL
0x00007ffd3ace0000 - 0x00007ffd3ace8000 	C:\Windows\System32\NSI.dll
0x00007ffd301a0000 - 0x00007ffd301aa000 	C:\Windows\System32\rasadhlp.dll
0x00007ffd30440000 - 0x00007ffd304bf000 	C:\Windows\System32\fwpuclnt.dll
0x00007ffd394d0000 - 0x00007ffd394f7000 	C:\Windows\System32\bcrypt.dll
0x00007ffd06db0000 - 0x00007ffd06dd4000 	C:\Users\menen.desta\Documents\Katalon\Katalon_Studio_Windows_64-8.1.0\jre\bin\sunec.dll
0x00007ffd2a2d0000 - 0x00007ffd2a2dc000 	C:\Users\menen.desta\Documents\Katalon\Katalon_Studio_Windows_64-8.1.0\jre\bin\sunmscapi.dll
0x00007ffd392b0000 - 0x00007ffd39406000 	C:\Windows\System32\CRYPT32.dll
0x00007ffd386c0000 - 0x00007ffd386e7000 	C:\Windows\SYSTEM32\ncrypt.dll
0x00007ffd38680000 - 0x00007ffd386bb000 	C:\Windows\SYSTEM32\NTASN1.dll
0x00007ffd385a0000 - 0x00007ffd385b8000 	C:\Windows\SYSTEM32\CRYPTSP.dll
0x00007ffd37c20000 - 0x00007ffd37c54000 	C:\Windows\system32\rsaenh.dll
0x00007ffd38b90000 - 0x00007ffd38bbe000 	C:\Windows\SYSTEM32\USERENV.dll
0x00007ffd39410000 - 0x00007ffd39493000 	C:\Windows\System32\bcryptprimitives.dll
0x00007ffd385c0000 - 0x00007ffd385cc000 	C:\Windows\SYSTEM32\CRYPTBASE.dll
0x00007ffd310b0000 - 0x00007ffd310c7000 	C:\Windows\SYSTEM32\dhcpcsvc6.DLL
0x00007ffd31070000 - 0x00007ffd3108d000 	C:\Windows\SYSTEM32\dhcpcsvc.DLL

VM Arguments:
jvm_args: -Dgroovy.home=C:\Users\menen.desta/.groovy -Djava.system.class.loader=groovy.lang.GroovyClassLoader -Xmx2048m -Dfile.encoding=UTF-8 
java_command: org.codehaus.groovy.tools.GroovyStarter --classpath C:\Users\menen.desta\git\modpims-testing\Transfer Workflow\Transfer Workflow\bin\keyword;C:\Users\menen.desta\git\modpims-testing\Transfer Workflow\Transfer Workflow\Keywords;C:\Users\menen.desta\git\modpims-testing\Transfer Workflow\Transfer Workflow\bin\listener;C:\Users\menen.desta\git\modpims-testing\Transfer Workflow\Transfer Workflow\Test Listeners;C:\Users\menen.desta\git\modpims-testing\Transfer Workflow\Transfer Workflow\bin\lib;C:\Users\menen.desta\git\modpims-testing\Transfer Workflow\Transfer Workflow\Libs;C:\Users\menen.desta\git\modpims-testing\Transfer Workflow\Transfer Workflow\bin\groovy;C:\Users\menen.desta\git\modpims-testing\Transfer Workflow\Transfer Workflow\Include\scripts\groovy;C:\Users\menen.desta\Documents\Katalon\Katalon_Studio_Windows_64-8.1.0\plugins\com.kms.katalon.core_1.0.0.202108170301.jar;C:\Users\menen.desta\Documents\Katalon\Katalon_Studio_Windows_64-8.1.0\configuration\resources\lib\aalto-xml-1.0.0.jar;C:\Users\menen.desta\Documents\Katalon\Katalon_Studio_Windows_64-8.1.0\configuration\resources\lib\aspectjweaver-1.9.1.jar;C:\Users\menen.desta\Documents\Katalon\Katalon_Studio_Windows_64-8.1.0\configuration\resources\lib\bcpkix-jdk15on-1.64.jar;C:\Users\menen.desta\Documents\Katalon\Katalon_Studio_Windows_64-8.1.0\configuration\resources\lib\bcprov-jdk15on-1.64.jar;C:\Users\menen.desta\Documents\Katalon\Katalon_Studio_Windows_64-8.1.0\configuration\resources\lib\browsermob-core-2.1.5.jar;C:\Users\menen.desta\Documents\Katalon\Katalon_Studio_Windows_64-8.1.0\configuration\resources\lib\cglib-3.2.10.jar;C:\Users\menen.desta\Documents\Katalon\Katalon_Studio_Windows_64-8.1.0\configuration\resources\lib\commons-codec-1.10.jar;C:\Users\menen.desta\Documents\Katalon\Katalon_Studio_Windows_64-8.1.0\configuration\resources\lib\commons-collections4-4.1.jar;C:\Users\menen.desta\Documents\Katalon\Katalon_Studio_Windows_64-8.1.0\configuration\resources\lib\commons-validator-1
java_class_path (initial): C:\Users\menen.desta\git\modpims-testing\Transfer Workflow\Transfer Workflow\bin\keyword;C:\Users\menen.desta\git\modpims-testing\Transfer Workflow\Transfer Workflow\bin\listener;C:\Users\menen.desta\git\modpims-testing\Transfer Workflow\Transfer Workflow\bin\lib;C:\Users\menen.desta\git\modpims-testing\Transfer Workflow\Transfer Workflow\bin\groovy;C:\Users\menen.desta\git\modpims-testing\Transfer Workflow\Transfer Workflow\bin;C:\Users\menen.desta\Documents\Katalon\Katalon_Studio_Windows_64-8.1.0\plugins\com.kms.katalon.core_1.0.0.202108170301.jar;C:\Users\menen.desta\Documents\Katalon\Katalon_Studio_Windows_64-8.1.0\configuration\resources\lib\aalto-xml-1.0.0.jar;C:\Users\menen.desta\Documents\Katalon\Katalon_Studio_Windows_64-8.1.0\configuration\resources\lib\aspectjweaver-1.9.1.jar;C:\Users\menen.desta\Documents\Katalon\Katalon_Studio_Windows_64-8.1.0\configuration\resources\lib\bcpkix-jdk15on-1.64.jar;C:\Users\menen.desta\Documents\Katalon\Katalon_Studio_Windows_64-8.1.0\configuration\resources\lib\bcprov-jdk15on-1.64.jar;C:\Users\menen.desta\Documents\Katalon\Katalon_Studio_Windows_64-8.1.0\configuration\resources\lib\browsermob-core-2.1.5.jar;C:\Users\menen.desta\Documents\Katalon\Katalon_Studio_Windows_64-8.1.0\configuration\resources\lib\cglib-3.2.10.jar;C:\Users\menen.desta\Documents\Katalon\Katalon_Studio_Windows_64-8.1.0\configuration\resources\lib\commons-codec-1.10.jar;C:\Users\menen.desta\Documents\Katalon\Katalon_Studio_Windows_64-8.1.0\configuration\resources\lib\commons-collections4-4.1.jar;C:\Users\menen.desta\Documents\Katalon\Katalon_Studio_Windows_64-8.1.0\configuration\resources\lib\commons-validator-1.6.jar;C:\Users\menen.desta\Documents\Katalon\Katalon_Studio_Windows_64-8.1.0\configuration\resources\lib\curvesapi-1.04.jar;C:\Users\menen.desta\Documents\Katalon\Katalon_Studio_Windows_64-8.1.0\configuration\resources\lib\dnsjava-2.1.8.jar;C:\Users\menen.desta\Documents\Katalon\Katalon_Studio_Windows_64-8.1.0\confi
Launcher Type: SUN_STANDARD

Environment Variables:
PATH=C:/Users/menen.desta/Documents/Katalon/Katalon_Studio_Windows_64-8.1.0/jre/bin/server;C:/Users/menen.desta/Documents/Katalon/Katalon_Studio_Windows_64-8.1.0/jre/bin;C:/Users/menen.desta/Documents/Katalon/Katalon_Studio_Windows_64-8.1.0/jre/lib/amd64;C:\Windows\system32;C:\Windows;C:\Windows\System32\Wbem;C:\Windows\System32\WindowsPowerShell\v1.0\;C:\Windows\System32\OpenSSH\;C:\Program Files (x86)\Microsoft SQL Server\150\DTS\Binn\;C:\Program Files\Azure Data Studio\bin;C:\Program Files\Git\cmd;C:\Users\menen.desta\AppData\Local\Microsoft\WindowsApps;;C:\Users\menen.desta\Documents\Katalon\Katalon_Studio_Windows_64-8.1.0;
USERNAME=menen.desta
OS=Windows_NT
PROCESSOR_IDENTIFIER=Intel64 Family 6 Model 85 Stepping 4, GenuineIntel



---------------  S Y S T E M  ---------------

OS: Windows 10.0 , 64 bit Build 19041 (10.0.19041.1202)
HyperV virtualization detected

CPU:total 2 (initial active 2) (2 cores per cpu, 1 threads per core) family 6 model 85 stepping 4, cmov, cx8, fxsr, mmx, sse, sse2, sse3, ssse3, sse4.1, sse4.2, popcnt, avx, avx2, aes, clmul, erms, rtm, 3dnowpref, lzcnt, tsc, bmi1, bmi2, adx

Memory: 4k page, physical 8388148k(2259092k free), swap 10485040k(4104k free)

vm_info: OpenJDK 64-Bit Server VM (25.282-b08) for windows-amd64 JRE (Zulu 8.52.0.23-CA-win64) (1.8.0_282-b08), built on Jan 12 2021 07:45:49 by "tester" with MS VC++ 10.0 (VS2010)

time: Mon Nov 01 12:37:34 2021
timezone: Coordinated Universal Time
elapsed time: 24.188246 seconds (0d 0h 0m 24s)

