#
# There is insufficient memory for the Java Runtime Environment to continue.
# Native memory allocation (malloc) failed to allocate 704016 bytes for Chunk::new
# Possible reasons:
#   The system is out of physical RAM or swap space
#   The process is running with CompressedOops enabled, and the Java Heap may be blocking the growth of the native heap
# Possible solutions:
#   Reduce memory load on the system
#   Increase physical memory or swap space
#   Check if swap backing store is full
#   Decrease Java heap size (-Xmx/-Xms)
#   Decrease number of Java threads
#   Decrease Java thread stack sizes (-Xss)
#   Set larger code cache with -XX:ReservedCodeCacheSize=
#   JVM is running with Unscaled Compressed Oops mode in which the Java heap is
#     placed in the first 4GB address space. The Java Heap base address is the
#     maximum limit for the native heap growth. Please use -XX:HeapBaseMinAddress
#     to set the Java Heap base and to place the Java Heap above 4GB virtual address.
# This output file may be truncated or incomplete.
#
#  Out of Memory Error (allocation.cpp:389), pid=13336, tid=0x00000000000011e0
#
# JRE version: OpenJDK Runtime Environment (Zulu 8.52.0.23-CA-win64) (8.0_282-b08) (build 1.8.0_282-b08)
# Java VM: OpenJDK 64-Bit Server VM (25.282-b08 mixed mode windows-amd64 compressed oops)
# Failed to write core dump. Minidumps are not enabled by default on client versions of Windows
#

---------------  T H R E A D  ---------------

Current thread (0x0000000018976000):  JavaThread "C2 CompilerThread0" daemon [_thread_in_native, id=4576, stack(0x0000000019450000,0x0000000019550000)]

Stack: [0x0000000019450000,0x0000000019550000]
[error occurred during error reporting (printing stack bounds), id 0xc0000005]

Native frames: (J=compiled Java code, j=interpreted, Vv=VM code, C=native code)


Current CompileTask:
C2:  23281 3545       4       sun.reflect.generics.parser.SignatureParser::parseFieldTypeSignature (73 bytes)


---------------  P R O C E S S  ---------------

Java Threads: ( => current thread )
  0x000000001bc01000 JavaThread "Okio Watchdog" daemon [_thread_blocked, id=15072, stack(0x000000001da70000,0x000000001db70000)]
  0x000000001919a800 JavaThread "OkHttp ConnectionPool" daemon [_thread_blocked, id=12296, stack(0x000000001d970000,0x000000001da70000)]
  0x000000001990f800 JavaThread "Exec Stream Pumper" daemon [_thread_in_native, id=2108, stack(0x000000001d070000,0x000000001d170000)]
  0x000000001bd2e000 JavaThread "Exec Stream Pumper" daemon [_thread_in_native, id=12056, stack(0x000000001cf70000,0x000000001d070000)]
  0x000000001bd2d000 JavaThread "UrlChecker-2" daemon [_thread_blocked, id=4748, stack(0x000000001c870000,0x000000001c970000)]
  0x0000000018bc8000 JavaThread "Exec Default Executor" daemon [_thread_in_native, id=6776, stack(0x000000001b360000,0x000000001b460000)]
  0x0000000018aa3800 JavaThread "Service Thread" daemon [_thread_blocked, id=11148, stack(0x0000000019650000,0x0000000019750000)]
  0x0000000018a86000 JavaThread "C1 CompilerThread1" daemon [_thread_blocked, id=5304, stack(0x0000000019550000,0x0000000019650000)]
=>0x0000000018976000 JavaThread "C2 CompilerThread0" daemon [_thread_in_native, id=4576, stack(0x0000000019450000,0x0000000019550000)]
  0x0000000018969000 JavaThread "Attach Listener" daemon [_thread_blocked, id=6532, stack(0x0000000019350000,0x0000000019450000)]
  0x00000000189c0800 JavaThread "Signal Dispatcher" daemon [_thread_blocked, id=9364, stack(0x0000000019250000,0x0000000019350000)]
  0x000000001781b000 JavaThread "Finalizer" daemon [_thread_blocked, id=7656, stack(0x0000000018450000,0x0000000018550000)]
  0x0000000017813000 JavaThread "Reference Handler" daemon [_thread_blocked, id=6104, stack(0x0000000018350000,0x0000000018450000)]
  0x0000000002d2c000 JavaThread "main" [_thread_in_vm, id=16188, stack(0x0000000002b10000,0x0000000002c10000)]

Other Threads:
  0x00000000177ea000 VMThread [stack: 0x0000000018250000,0x0000000018350000] [id=9180]
  0x0000000018aa6800 WatcherThread [stack: 0x0000000019750000,0x0000000019850000] [id=15212]

VM state:not at safepoint (normal execution)

VM Mutex/Monitor currently owned by a thread: None

heap address: 0x0000000080000000, size: 2048 MB, Compressed Oops mode: 32-bit
Narrow klass base: 0x0000000000000000, Narrow klass shift: 3
Compressed class space size: 1073741824 Address: 0x0000000100000000

Heap:
 PSYoungGen      total 266752K, used 179071K [0x00000000d5580000, 0x00000000e7800000, 0x0000000100000000)
  eden space 257024K, 65% used [0x00000000d5580000,0x00000000dfae3770,0x00000000e5080000)
  from space 9728K, 99% used [0x00000000e5080000,0x00000000e59fc690,0x00000000e5a00000)
  to   space 11264K, 0% used [0x00000000e6d00000,0x00000000e6d00000,0x00000000e7800000)
 ParOldGen       total 58880K, used 10039K [0x0000000080000000, 0x0000000083980000, 0x00000000d5580000)
  object space 58880K, 17% used [0x0000000080000000,0x00000000809cdc20,0x0000000083980000)
 Metaspace       used 31485K, capacity 32488K, committed 32768K, reserved 1077248K
  class space    used 3729K, capacity 4053K, committed 4096K, reserved 1048576K

Card table byte_map: [0x00000000121d0000,0x00000000125e0000] byte_map_base: 0x0000000011dd0000

Marking Bits: (ParMarkBitMap*) 0x000000005d4f1f00
 Begin Bits: [0x0000000012a90000, 0x0000000014a90000)
 End Bits:   [0x0000000014a90000, 0x0000000016a90000)

Polling page: 0x0000000000f30000

CodeCache: size=245760Kb used=11906Kb max_used=13282Kb free=233853Kb
 bounds [0x0000000002e10000, 0x0000000003b10000, 0x0000000011e10000]
 total_blobs=3851 nmethods=3149 adapters=612
 compilation: enabled

Compilation events (10 events):
Event: 23.201 Thread 0x0000000018a86000 3578       2       org.codehaus.groovy.control.CompilationUnit::addPhaseOperation (56 bytes)
Event: 23.202 Thread 0x0000000018a86000 nmethod 3578 0x000000000346c490 code [0x000000000346c660, 0x000000000346cab8]
Event: 23.202 Thread 0x0000000018a86000 3579       1       org.codehaus.groovy.control.CompilePhase::getPhaseNumber (5 bytes)
Event: 23.202 Thread 0x0000000018a86000 nmethod 3579 0x00000000035aeb90 code [0x00000000035aece0, 0x00000000035aedf0]
Event: 23.202 Thread 0x0000000018a86000 3580       2       org.codehaus.groovy.control.CompilationUnit$PrimaryClassNodeOperation::<init> (5 bytes)
Event: 23.202 Thread 0x0000000018a86000 nmethod 3580 0x00000000035af350 code [0x00000000035af4a0, 0x00000000035af5f0]
Event: 23.211 Thread 0x0000000018a86000 3581       2       java.net.URL::openConnection (9 bytes)
Event: 23.211 Thread 0x0000000018a86000 nmethod 3581 0x0000000003222510 code [0x0000000003222680, 0x0000000003222808]
Event: 23.247 Thread 0x0000000018a86000 3582       2       java.io.FileNotFoundException::<init> (6 bytes)
Event: 23.248 Thread 0x0000000018a86000 nmethod 3582 0x00000000034d6190 code [0x00000000034d6300, 0x00000000034d6468]

GC Heap History (10 events):
Event: 4.083 GC heap before
{Heap before GC invocations=6 (full 0):
 PSYoungGen      total 71680K, used 71663K [0x00000000d5580000, 0x00000000de780000, 0x0000000100000000)
  eden space 66560K, 100% used [0x00000000d5580000,0x00000000d9680000,0x00000000d9680000)
  from space 5120K, 99% used [0x00000000d9680000,0x00000000d9b7bf18,0x00000000d9b80000)
  to   space 8192K, 0% used [0x00000000ddf80000,0x00000000ddf80000,0x00000000de780000)
 ParOldGen       total 87552K, used 3630K [0x0000000080000000, 0x0000000085580000, 0x00000000d5580000)
  object space 87552K, 4% used [0x0000000080000000,0x000000008038bb08,0x0000000085580000)
 Metaspace       used 19982K, capacity 20312K, committed 20608K, reserved 1067008K
  class space    used 2212K, capacity 2321K, committed 2432K, reserved 1048576K
Event: 4.096 GC heap after
Heap after GC invocations=6 (full 0):
 PSYoungGen      total 140288K, used 8171K [0x00000000d5580000, 0x00000000de980000, 0x0000000100000000)
  eden space 132096K, 0% used [0x00000000d5580000,0x00000000d5580000,0x00000000dd680000)
  from space 8192K, 99% used [0x00000000ddf80000,0x00000000de77ad80,0x00000000de780000)
  to   space 9216K, 0% used [0x00000000dd680000,0x00000000dd680000,0x00000000ddf80000)
 ParOldGen       total 87552K, used 3884K [0x0000000080000000, 0x0000000085580000, 0x00000000d5580000)
  object space 87552K, 4% used [0x0000000080000000,0x00000000803cb0e0,0x0000000085580000)
 Metaspace       used 19982K, capacity 20312K, committed 20608K, reserved 1067008K
  class space    used 2212K, capacity 2321K, committed 2432K, reserved 1048576K
}
Event: 4.387 GC heap before
{Heap before GC invocations=7 (full 0):
 PSYoungGen      total 140288K, used 18906K [0x00000000d5580000, 0x00000000de980000, 0x0000000100000000)
  eden space 132096K, 8% used [0x00000000d5580000,0x00000000d5ffbba8,0x00000000dd680000)
  from space 8192K, 99% used [0x00000000ddf80000,0x00000000de77ad80,0x00000000de780000)
  to   space 9216K, 0% used [0x00000000dd680000,0x00000000dd680000,0x00000000ddf80000)
 ParOldGen       total 87552K, used 3884K [0x0000000080000000, 0x0000000085580000, 0x00000000d5580000)
  object space 87552K, 4% used [0x0000000080000000,0x00000000803cb0e0,0x0000000085580000)
 Metaspace       used 20815K, capacity 21072K, committed 21296K, reserved 1069056K
  class space    used 2314K, capacity 2424K, committed 2432K, reserved 1048576K
Event: 4.399 GC heap after
Heap after GC invocations=7 (full 0):
 PSYoungGen      total 141312K, used 4149K [0x00000000d5580000, 0x00000000e6980000, 0x0000000100000000)
  eden space 132096K, 0% used [0x00000000d5580000,0x00000000d5580000,0x00000000dd680000)
  from space 9216K, 45% used [0x00000000dd680000,0x00000000dda8d6f0,0x00000000ddf80000)
  to   space 9216K, 0% used [0x00000000e6080000,0x00000000e6080000,0x00000000e6980000)
 ParOldGen       total 87552K, used 7156K [0x0000000080000000, 0x0000000085580000, 0x00000000d5580000)
  object space 87552K, 8% used [0x0000000080000000,0x00000000806fd310,0x0000000085580000)
 Metaspace       used 20815K, capacity 21072K, committed 21296K, reserved 1069056K
  class space    used 2314K, capacity 2424K, committed 2432K, reserved 1048576K
}
Event: 4.399 GC heap before
{Heap before GC invocations=8 (full 1):
 PSYoungGen      total 141312K, used 4149K [0x00000000d5580000, 0x00000000e6980000, 0x0000000100000000)
  eden space 132096K, 0% used [0x00000000d5580000,0x00000000d5580000,0x00000000dd680000)
  from space 9216K, 45% used [0x00000000dd680000,0x00000000dda8d6f0,0x00000000ddf80000)
  to   space 9216K, 0% used [0x00000000e6080000,0x00000000e6080000,0x00000000e6980000)
 ParOldGen       total 87552K, used 7156K [0x0000000080000000, 0x0000000085580000, 0x00000000d5580000)
  object space 87552K, 8% used [0x0000000080000000,0x00000000806fd310,0x0000000085580000)
 Metaspace       used 20815K, capacity 21072K, committed 21296K, reserved 1069056K
  class space    used 2314K, capacity 2424K, committed 2432K, reserved 1048576K
Event: 4.458 GC heap after
Heap after GC invocations=8 (full 1):
 PSYoungGen      total 141312K, used 0K [0x00000000d5580000, 0x00000000e6980000, 0x0000000100000000)
  eden space 132096K, 0% used [0x00000000d5580000,0x00000000d5580000,0x00000000dd680000)
  from space 9216K, 0% used [0x00000000dd680000,0x00000000dd680000,0x00000000ddf80000)
  to   space 9216K, 0% used [0x00000000e6080000,0x00000000e6080000,0x00000000e6980000)
 ParOldGen       total 58880K, used 8990K [0x0000000080000000, 0x0000000083980000, 0x00000000d5580000)
  object space 58880K, 15% used [0x0000000080000000,0x00000000808c78b0,0x0000000083980000)
 Metaspace       used 20815K, capacity 21072K, committed 21296K, reserved 1069056K
  class space    used 2314K, capacity 2424K, committed 2432K, reserved 1048576K
}
Event: 5.463 GC heap before
{Heap before GC invocations=9 (full 1):
 PSYoungGen      total 141312K, used 132096K [0x00000000d5580000, 0x00000000e6980000, 0x0000000100000000)
  eden space 132096K, 100% used [0x00000000d5580000,0x00000000dd680000,0x00000000dd680000)
  from space 9216K, 0% used [0x00000000dd680000,0x00000000dd680000,0x00000000ddf80000)
  to   space 9216K, 0% used [0x00000000e6080000,0x00000000e6080000,0x00000000e6980000)
 ParOldGen       total 58880K, used 8990K [0x0000000080000000, 0x0000000083980000, 0x00000000d5580000)
  object space 58880K, 15% used [0x0000000080000000,0x00000000808c78b0,0x0000000083980000)
 Metaspace       used 22111K, capacity 22456K, committed 22704K, reserved 1069056K
  class space    used 2422K, capacity 2541K, committed 2560K, reserved 1048576K
Event: 5.469 GC heap after
Heap after GC invocations=9 (full 1):
 PSYoungGen      total 210944K, used 2688K [0x00000000d5580000, 0x00000000e6380000, 0x0000000100000000)
  eden space 207872K, 0% used [0x00000000d5580000,0x00000000d5580000,0x00000000e2080000)
  from space 3072K, 87% used [0x00000000e6080000,0x00000000e63203b8,0x00000000e6380000)
  to   space 9728K, 0% used [0x00000000e5080000,0x00000000e5080000,0x00000000e5a00000)
 ParOldGen       total 58880K, used 8998K [0x0000000080000000, 0x0000000083980000, 0x00000000d5580000)
  object space 58880K, 15% used [0x0000000080000000,0x00000000808c98b0,0x0000000083980000)
 Metaspace       used 22111K, capacity 22456K, committed 22704K, reserved 1069056K
  class space    used 2422K, capacity 2541K, committed 2560K, reserved 1048576K
}
Event: 7.362 GC heap before
{Heap before GC invocations=10 (full 1):
 PSYoungGen      total 210944K, used 210560K [0x00000000d5580000, 0x00000000e6380000, 0x0000000100000000)
  eden space 207872K, 100% used [0x00000000d5580000,0x00000000e2080000,0x00000000e2080000)
  from space 3072K, 87% used [0x00000000e6080000,0x00000000e63203b8,0x00000000e6380000)
  to   space 9728K, 0% used [0x00000000e5080000,0x00000000e5080000,0x00000000e5a00000)
 ParOldGen       total 58880K, used 8998K [0x0000000080000000, 0x0000000083980000, 0x00000000d5580000)
  object space 58880K, 15% used [0x0000000080000000,0x00000000808c98b0,0x0000000083980000)
 Metaspace       used 25550K, capacity 25928K, committed 26112K, reserved 1073152K
  class space    used 2924K, capacity 3059K, committed 3072K, reserved 1048576K
Event: 7.378 GC heap after
Heap after GC invocations=10 (full 1):
 PSYoungGen      total 266752K, used 9713K [0x00000000d5580000, 0x00000000e7800000, 0x0000000100000000)
  eden space 257024K, 0% used [0x00000000d5580000,0x00000000d5580000,0x00000000e5080000)
  from space 9728K, 99% used [0x00000000e5080000,0x00000000e59fc690,0x00000000e5a00000)
  to   space 11264K, 0% used [0x00000000e6d00000,0x00000000e6d00000,0x00000000e7800000)
 ParOldGen       total 58880K, used 10039K [0x0000000080000000, 0x0000000083980000, 0x00000000d5580000)
  object space 58880K, 17% used [0x0000000080000000,0x00000000809cdc20,0x0000000083980000)
 Metaspace       used 25550K, capacity 25928K, committed 26112K, reserved 1073152K
  class space    used 2924K, capacity 3059K, committed 3072K, reserved 1048576K
}

Deoptimization events (10 events):
Event: 10.078 Thread 0x0000000002d2c000 Uncommon trap: reason=class_check action=maybe_recompile pc=0x000000000301e0b4 method=org.openqa.selenium.json.Input.init()V @ 18
Event: 10.078 Thread 0x0000000002d2c000 Uncommon trap: reason=class_check action=maybe_recompile pc=0x000000000301e0b4 method=org.openqa.selenium.json.Input.init()V @ 18
Event: 10.138 Thread 0x0000000002d2c000 Uncommon trap: reason=bimorphic action=maybe_recompile pc=0x00000000033a255c method=java.util.HashMap.putVal(ILjava/lang/Object;Ljava/lang/Object;ZZ)Ljava/lang/Object; @ 203
Event: 10.141 Thread 0x0000000002d2c000 Uncommon trap: reason=bimorphic action=maybe_recompile pc=0x00000000033a255c method=java.util.HashMap.putVal(ILjava/lang/Object;Ljava/lang/Object;ZZ)Ljava/lang/Object; @ 203
Event: 10.141 Thread 0x0000000002d2c000 Uncommon trap: reason=bimorphic action=maybe_recompile pc=0x00000000033a255c method=java.util.HashMap.putVal(ILjava/lang/Object;Ljava/lang/Object;ZZ)Ljava/lang/Object; @ 203
Event: 14.389 Thread 0x0000000002d2c000 Uncommon trap: reason=unstable_if action=reinterpret pc=0x0000000003a9a1b4 method=sun.misc.Resource.cachedInputStream()Ljava/io/InputStream; @ 4
Event: 19.153 Thread 0x0000000002d2c000 Uncommon trap: reason=unstable_if action=reinterpret pc=0x0000000003788c84 method=org.codehaus.groovy.util.AbstractConcurrentMap$Segment.getOrPut(Ljava/lang/Object;ILjava/lang/Object;)Lorg/codehaus/groovy/util/AbstractConcurrentMap$Entry; @ 74
Event: 19.281 Thread 0x0000000002d2c000 Uncommon trap: reason=unstable_if action=reinterpret pc=0x0000000002fd3d94 method=groovy.lang.MetaClassImpl.checkIfStdMethod(Lgroovy/lang/MetaMethod;)V @ 118
Event: 19.420 Thread 0x0000000002d2c000 Uncommon trap: reason=unstable_if action=reinterpret pc=0x0000000003adb390 method=java.util.regex.Pattern$BmpCharProperty.match(Ljava/util/regex/Matcher;ILjava/lang/CharSequence;)Z @ 5
Event: 19.421 Thread 0x0000000002d2c000 Uncommon trap: reason=unstable_if action=reinterpret pc=0x0000000003a3a418 method=java.util.regex.Pattern$Curly.match0(Ljava/util/regex/Matcher;IILjava/lang/CharSequence;)Z @ 5

Classes redefined (0 events):
No events

Internal exceptions (10 events):
Event: 23.221 Thread 0x0000000002d2c000 Exception <a 'java/security/PrivilegedActionException'> (0x00000000df2c5b98) thrown at [C:\jenkins\workspace\zulu8-silver-build-win64\zulu-src\hotspot\src\share\vm\prims\jvm.cpp, line 1529]
Event: 23.221 Thread 0x0000000002d2c000 Exception <a 'java/security/PrivilegedActionException'> (0x00000000df2c6178) thrown at [C:\jenkins\workspace\zulu8-silver-build-win64\zulu-src\hotspot\src\share\vm\prims\jvm.cpp, line 1529]
Event: 23.234 Thread 0x0000000002d2c000 Exception <a 'java/security/PrivilegedActionException'> (0x00000000df4f1d28) thrown at [C:\jenkins\workspace\zulu8-silver-build-win64\zulu-src\hotspot\src\share\vm\prims\jvm.cpp, line 1529]
Event: 23.234 Thread 0x0000000002d2c000 Exception <a 'java/security/PrivilegedActionException'> (0x00000000df4f2308) thrown at [C:\jenkins\workspace\zulu8-silver-build-win64\zulu-src\hotspot\src\share\vm\prims\jvm.cpp, line 1529]
Event: 23.235 Thread 0x0000000002d2c000 Exception <a 'java/security/PrivilegedActionException'> (0x00000000df505cb0) thrown at [C:\jenkins\workspace\zulu8-silver-build-win64\zulu-src\hotspot\src\share\vm\prims\jvm.cpp, line 1529]
Event: 23.235 Thread 0x0000000002d2c000 Exception <a 'java/security/PrivilegedActionException'> (0x00000000df506290) thrown at [C:\jenkins\workspace\zulu8-silver-build-win64\zulu-src\hotspot\src\share\vm\prims\jvm.cpp, line 1529]
Event: 23.248 Thread 0x0000000002d2c000 Exception <a 'java/security/PrivilegedActionException'> (0x00000000df724218) thrown at [C:\jenkins\workspace\zulu8-silver-build-win64\zulu-src\hotspot\src\share\vm\prims\jvm.cpp, line 1529]
Event: 23.248 Thread 0x0000000002d2c000 Exception <a 'java/security/PrivilegedActionException'> (0x00000000df7247f8) thrown at [C:\jenkins\workspace\zulu8-silver-build-win64\zulu-src\hotspot\src\share\vm\prims\jvm.cpp, line 1529]
Event: 23.248 Thread 0x0000000002d2c000 Exception <a 'java/security/PrivilegedActionException'> (0x00000000df7381a0) thrown at [C:\jenkins\workspace\zulu8-silver-build-win64\zulu-src\hotspot\src\share\vm\prims\jvm.cpp, line 1529]
Event: 23.248 Thread 0x0000000002d2c000 Exception <a 'java/security/PrivilegedActionException'> (0x00000000df738780) thrown at [C:\jenkins\workspace\zulu8-silver-build-win64\zulu-src\hotspot\src\share\vm\prims\jvm.cpp, line 1529]

Events (10 events):
Event: 23.249 loading class com/kms/katalon/core$testdata$TestDataFactory
Event: 23.249 loading class com/kms/katalon/core$testdata$TestDataFactory done
Event: 23.250 loading class com/kms/katalon/core/testdata$TestDataFactory
Event: 23.250 loading class com/kms/katalon/core/testdata$TestDataFactory done
Event: 23.253 loading class groovy/lang/GroovyObject$com$kms$katalon$core$testobject$ObjectRepository
Event: 23.253 loading class groovy/lang/GroovyObject$com$kms$katalon$core$testobject$ObjectRepository done
Event: 23.254 loading class java/lang/com$kms$katalon$core$testobject$ObjectRepository
Event: 23.254 loading class java/lang/com$kms$katalon$core$testobject$ObjectRepository done
Event: 23.255 loading class java/io/com$kms$katalon$core$testobject$ObjectRepository
Event: 23.255 loading class java/io/com$kms$katalon$core$testobject$ObjectRepository done


Dynamic libraries:
0x00007ff7f9f70000 - 0x00007ff7f9fa5000 	C:\Users\bilguun.amarsaikhan\Downloads\Katalon_Studio_Windows_64-8.1.0 (1)\Katalon_Studio_Windows_64-8.1.0\jre\bin\javaw.exe
0x00007ffd40530000 - 0x00007ffd40725000 	C:\windows\SYSTEM32\ntdll.dll
0x00007ffd3f4f0000 - 0x00007ffd3f5ae000 	C:\windows\System32\KERNEL32.DLL
0x00007ffd3e2b0000 - 0x00007ffd3e579000 	C:\windows\System32\KERNELBASE.dll
0x00007ffd3fdc0000 - 0x00007ffd3fe6c000 	C:\windows\System32\ADVAPI32.dll
0x00007ffd3eb80000 - 0x00007ffd3ec1e000 	C:\windows\System32\msvcrt.dll
0x00007ffd3f360000 - 0x00007ffd3f3fb000 	C:\windows\System32\sechost.dll
0x00007ffd3faf0000 - 0x00007ffd3fc1a000 	C:\windows\System32\RPCRT4.dll
0x00007ffd40340000 - 0x00007ffd404e1000 	C:\windows\System32\USER32.dll
0x00007ffd3ddf0000 - 0x00007ffd3de12000 	C:\windows\System32\win32u.dll
0x00007ffd3f4b0000 - 0x00007ffd3f4db000 	C:\windows\System32\GDI32.dll
0x00007ffd3deb0000 - 0x00007ffd3dfbb000 	C:\windows\System32\gdi32full.dll
0x00007ffd3dc50000 - 0x00007ffd3dced000 	C:\windows\System32\msvcp_win.dll
0x00007ffd3dcf0000 - 0x00007ffd3ddf0000 	C:\windows\System32\ucrtbase.dll
0x00007ffd330b0000 - 0x00007ffd3334a000 	C:\windows\WinSxS\amd64_microsoft.windows.common-controls_6595b64144ccf1df_6.0.19041.1110_none_60b5254171f9507e\COMCTL32.dll
0x00007ffd3fd90000 - 0x00007ffd3fdc0000 	C:\windows\System32\IMM32.DLL
0x000000005caf0000 - 0x000000005cbc2000 	C:\Users\bilguun.amarsaikhan\Downloads\Katalon_Studio_Windows_64-8.1.0 (1)\Katalon_Studio_Windows_64-8.1.0\jre\bin\msvcr100.dll
0x000000005ccb0000 - 0x000000005d575000 	C:\Users\bilguun.amarsaikhan\Downloads\Katalon_Studio_Windows_64-8.1.0 (1)\Katalon_Studio_Windows_64-8.1.0\jre\bin\server\jvm.dll
0x00007ffd401c0000 - 0x00007ffd401c8000 	C:\windows\System32\PSAPI.DLL
0x00007ffd244a0000 - 0x00007ffd244a9000 	C:\windows\SYSTEM32\WSOCK32.dll
0x00007ffd3fc20000 - 0x00007ffd3fc8b000 	C:\windows\System32\WS2_32.dll
0x00007ffd1cf70000 - 0x00007ffd1cf97000 	C:\windows\SYSTEM32\WINMM.dll
0x00007ffd350a0000 - 0x00007ffd350aa000 	C:\windows\SYSTEM32\VERSION.dll
0x00007ffd1ef50000 - 0x00007ffd1ef5f000 	C:\Users\bilguun.amarsaikhan\Downloads\Katalon_Studio_Windows_64-8.1.0 (1)\Katalon_Studio_Windows_64-8.1.0\jre\bin\verify.dll
0x00007ffd1ef20000 - 0x00007ffd1ef49000 	C:\Users\bilguun.amarsaikhan\Downloads\Katalon_Studio_Windows_64-8.1.0 (1)\Katalon_Studio_Windows_64-8.1.0\jre\bin\java.dll
0x00007ffd1ef00000 - 0x00007ffd1ef16000 	C:\Users\bilguun.amarsaikhan\Downloads\Katalon_Studio_Windows_64-8.1.0 (1)\Katalon_Studio_Windows_64-8.1.0\jre\bin\zip.dll
0x00007ffd3ec20000 - 0x00007ffd3f35f000 	C:\windows\System32\SHELL32.dll
0x00007ffd3bc60000 - 0x00007ffd3c3f0000 	C:\windows\SYSTEM32\windows.storage.dll
0x00007ffd3e580000 - 0x00007ffd3e8d5000 	C:\windows\System32\combase.dll
0x00007ffd3d5d0000 - 0x00007ffd3d5fc000 	C:\windows\SYSTEM32\Wldp.dll
0x00007ffd401d0000 - 0x00007ffd4027d000 	C:\windows\System32\SHCORE.dll
0x00007ffd3f5b0000 - 0x00007ffd3f605000 	C:\windows\System32\shlwapi.dll
0x00007ffd3db90000 - 0x00007ffd3dbaf000 	C:\windows\SYSTEM32\profapi.dll
0x00007ffd1eee0000 - 0x00007ffd1eefb000 	C:\Users\bilguun.amarsaikhan\Downloads\Katalon_Studio_Windows_64-8.1.0 (1)\Katalon_Studio_Windows_64-8.1.0\jre\bin\net.dll
0x00007ffd3d330000 - 0x00007ffd3d39a000 	C:\windows\system32\mswsock.dll
0x00007ffd1eec0000 - 0x00007ffd1eed1000 	C:\Users\bilguun.amarsaikhan\Downloads\Katalon_Studio_Windows_64-8.1.0 (1)\Katalon_Studio_Windows_64-8.1.0\jre\bin\nio.dll
0x00007ffd3d060000 - 0x00007ffd3d12c000 	C:\windows\SYSTEM32\DNSAPI.dll
0x00007ffd3d020000 - 0x00007ffd3d05b000 	C:\windows\SYSTEM32\IPHLPAPI.DLL
0x00007ffd3f4e0000 - 0x00007ffd3f4e8000 	C:\windows\System32\NSI.dll
0x00007ffd34a90000 - 0x00007ffd34a9a000 	C:\Windows\System32\rasadhlp.dll
0x00007ffd353e0000 - 0x00007ffd3545f000 	C:\windows\System32\fwpuclnt.dll
0x00007ffd3e020000 - 0x00007ffd3e047000 	C:\windows\System32\bcrypt.dll
0x00007ffd08050000 - 0x00007ffd08074000 	C:\Users\bilguun.amarsaikhan\Downloads\Katalon_Studio_Windows_64-8.1.0 (1)\Katalon_Studio_Windows_64-8.1.0\jre\bin\sunec.dll
0x00007ffd1edb0000 - 0x00007ffd1edbc000 	C:\Users\bilguun.amarsaikhan\Downloads\Katalon_Studio_Windows_64-8.1.0 (1)\Katalon_Studio_Windows_64-8.1.0\jre\bin\sunmscapi.dll
0x00007ffd3e150000 - 0x00007ffd3e2a6000 	C:\windows\System32\CRYPT32.dll
0x00007ffd3d640000 - 0x00007ffd3d667000 	C:\windows\SYSTEM32\ncrypt.dll
0x00007ffd3d600000 - 0x00007ffd3d63b000 	C:\windows\SYSTEM32\NTASN1.dll
0x00007ffd3d530000 - 0x00007ffd3d548000 	C:\windows\SYSTEM32\CRYPTSP.dll
0x00007ffd3cba0000 - 0x00007ffd3cbd4000 	C:\windows\system32\rsaenh.dll
0x00007ffd3db10000 - 0x00007ffd3db3e000 	C:\windows\SYSTEM32\USERENV.dll
0x00007ffd3de20000 - 0x00007ffd3dea3000 	C:\windows\System32\bcryptprimitives.dll
0x00007ffd3d520000 - 0x00007ffd3d52c000 	C:\windows\SYSTEM32\CRYPTBASE.dll
0x00007ffd36c50000 - 0x00007ffd36c67000 	C:\windows\SYSTEM32\dhcpcsvc6.DLL
0x00007ffd36c30000 - 0x00007ffd36c4d000 	C:\windows\SYSTEM32\dhcpcsvc.DLL

VM Arguments:
jvm_args: -Dgroovy.home=C:\Users\bilguun.amarsaikhan/.groovy -Djava.system.class.loader=groovy.lang.GroovyClassLoader -Xmx2048m -Dfile.encoding=UTF-8 
java_command: org.codehaus.groovy.tools.GroovyStarter --classpath C:\Users\bilguun.amarsaikhan\git\modpims-testing\Transfer Workflow\Transfer Workflow\bin\keyword;C:\Users\bilguun.amarsaikhan\git\modpims-testing\Transfer Workflow\Transfer Workflow\Keywords;C:\Users\bilguun.amarsaikhan\git\modpims-testing\Transfer Workflow\Transfer Workflow\bin\listener;C:\Users\bilguun.amarsaikhan\git\modpims-testing\Transfer Workflow\Transfer Workflow\Test Listeners;C:\Users\bilguun.amarsaikhan\git\modpims-testing\Transfer Workflow\Transfer Workflow\bin\lib;C:\Users\bilguun.amarsaikhan\git\modpims-testing\Transfer Workflow\Transfer Workflow\Libs;C:\Users\bilguun.amarsaikhan\git\modpims-testing\Transfer Workflow\Transfer Workflow\bin\groovy;C:\Users\bilguun.amarsaikhan\git\modpims-testing\Transfer Workflow\Transfer Workflow\Include\scripts\groovy;C:\Users\bilguun.amarsaikhan\Downloads\Katalon_Studio_Engine_Windows_64-8.1.0\Katalon_Studio_Engine_Windows_64-8.1.0\plugins\com.kms.katalon.core_1.0.0.202108170301.jar;C:\Users\bilguun.amarsaikhan\Downloads\Katalon_Studio_Engine_Windows_64-8.1.0\Katalon_Studio_Engine_Windows_64-8.1.0\configuration\resources\lib\aalto-xml-1.0.0.jar;C:\Users\bilguun.amarsaikhan\Downloads\Katalon_Studio_Engine_Windows_64-8.1.0\Katalon_Studio_Engine_Windows_64-8.1.0\configuration\resources\lib\aspectjweaver-1.9.1.jar;C:\Users\bilguun.amarsaikhan\Downloads\Katalon_Studio_Engine_Windows_64-8.1.0\Katalon_Studio_Engine_Windows_64-8.1.0\configuration\resources\lib\bcpkix-jdk15on-1.64.jar;C:\Users\bilguun.amarsaikhan\Downloads\Katalon_Studio_Engine_Windows_64-8.1.0\Katalon_Studio_Engine_Windows_64-8.1.0\configuration\resources\lib\bcprov-jdk15on-1.64.jar;C:\Users\bilguun.amarsaikhan\Downloads\Katalon_Studio_Engine_Windows_64-8.1.0\Katalon_Studio_Engine_Windows_64-8.1.0\configuration\resources\lib\browsermob-core-2.1.5.jar;C:\Users\bilguun.amarsaikhan\Downloads\Katalon_Studio_Engine_Windows_64-8.1.0\Katalon_Studio_Engine_Windows_64-8.1.0\configuration\resources\lib
java_class_path (initial): C:\Users\bilguun.amarsaikhan\git\modpims-testing\Transfer Workflow\Transfer Workflow\bin\keyword;C:\Users\bilguun.amarsaikhan\git\modpims-testing\Transfer Workflow\Transfer Workflow\bin\listener;C:\Users\bilguun.amarsaikhan\git\modpims-testing\Transfer Workflow\Transfer Workflow\bin\lib;C:\Users\bilguun.amarsaikhan\git\modpims-testing\Transfer Workflow\Transfer Workflow\bin\groovy;C:\Users\bilguun.amarsaikhan\git\modpims-testing\Transfer Workflow\Transfer Workflow\bin;C:\Users\bilguun.amarsaikhan\Downloads\Katalon_Studio_Engine_Windows_64-8.1.0\Katalon_Studio_Engine_Windows_64-8.1.0\plugins\com.kms.katalon.core_1.0.0.202108170301.jar;C:\Users\bilguun.amarsaikhan\Downloads\Katalon_Studio_Engine_Windows_64-8.1.0\Katalon_Studio_Engine_Windows_64-8.1.0\configuration\resources\lib\aalto-xml-1.0.0.jar;C:\Users\bilguun.amarsaikhan\Downloads\Katalon_Studio_Engine_Windows_64-8.1.0\Katalon_Studio_Engine_Windows_64-8.1.0\configuration\resources\lib\aspectjweaver-1.9.1.jar;C:\Users\bilguun.amarsaikhan\Downloads\Katalon_Studio_Engine_Windows_64-8.1.0\Katalon_Studio_Engine_Windows_64-8.1.0\configuration\resources\lib\bcpkix-jdk15on-1.64.jar;C:\Users\bilguun.amarsaikhan\Downloads\Katalon_Studio_Engine_Windows_64-8.1.0\Katalon_Studio_Engine_Windows_64-8.1.0\configuration\resources\lib\bcprov-jdk15on-1.64.jar;C:\Users\bilguun.amarsaikhan\Downloads\Katalon_Studio_Engine_Windows_64-8.1.0\Katalon_Studio_Engine_Windows_64-8.1.0\configuration\resources\lib\browsermob-core-2.1.5.jar;C:\Users\bilguun.amarsaikhan\Downloads\Katalon_Studio_Engine_Windows_64-8.1.0\Katalon_Studio_Engine_Windows_64-8.1.0\configuration\resources\lib\cglib-3.2.10.jar;C:\Users\bilguun.amarsaikhan\Downloads\Katalon_Studio_Engine_Windows_64-8.1.0\Katalon_Studio_Engine_Windows_64-8.1.0\configuration\resources\lib\commons-codec-1.10.jar;C:\Users\bilguun.amarsaikhan\Downloads\Katalon_Studio_Engine_Windows_64-8.1.0\Katalon_Studio_Engine_Windows_64-8.1.0\configuration\resources\lib\commons-col
Launcher Type: SUN_STANDARD

Environment Variables:
PATH=C:/Users/bilguun.amarsaikhan/Downloads/Katalon_Studio_Windows_64-8.1.0 (1)/Katalon_Studio_Windows_64-8.1.0/jre/bin/server;C:/Users/bilguun.amarsaikhan/Downloads/Katalon_Studio_Windows_64-8.1.0 (1)/Katalon_Studio_Windows_64-8.1.0/jre/bin;C:/Users/bilguun.amarsaikhan/Downloads/Katalon_Studio_Windows_64-8.1.0 (1)/Katalon_Studio_Windows_64-8.1.0/jre/lib/amd64;C:\Program Files\Common Files\Oracle\Java\javapath;C:\windows\system32;C:\windows;C:\windows\System32\Wbem;C:\windows\System32\WindowsPowerShell\v1.0\;C:\windows\System32\OpenSSH\;C:\Program Files (x86)\Microsoft SQL Server\150\DTS\Binn\;C:\Program Files\Azure Data Studio\bin;C:\Program Files\Git\cmd;C:\Program Files\dotnet\;C:\Program Files\Microsoft SQL Server\130\Tools\Binn\;C:\Program Files\Microsoft SQL Server\Client SDK\ODBC\170\Tools\Binn\;C:\Users\bilguun.amarsaikhan\AppData\Local\Microsoft\WindowsApps;C:\Users\bilguun.amarsaikhan\Desktop;C:\Users\bilguun.amarsaikhan\.dotnet\tools;C:\Users\bilguun.amarsaikhan\AppData\Local\Programs\Microsoft VS Code\bin;C:\Users\bilguun.amarsaikhan\Downloads\Katalon_Studio_Windows_64-8.1.0 (1)\Katalon_Studio_Windows_64-8.1.0;
USERNAME=bilguun.amarsaikhan
OS=Windows_NT
PROCESSOR_IDENTIFIER=Intel64 Family 6 Model 63 Stepping 2, GenuineIntel



---------------  S Y S T E M  ---------------

OS: Windows 10.0 , 64 bit Build 19041 (10.0.19041.1202)
HyperV virtualization detected

CPU:total 2 (initial active 2) (2 cores per cpu, 1 threads per core) family 6 model 63 stepping 2, cmov, cx8, fxsr, mmx, sse, sse2, sse3, ssse3, sse4.1, sse4.2, popcnt, avx, avx2, aes, clmul, erms, lzcnt, tsc, bmi1, bmi2

Memory: 4k page, physical 8388148k(1028368k free), swap 10485040k(5432k free)

vm_info: OpenJDK 64-Bit Server VM (25.282-b08) for windows-amd64 JRE (Zulu 8.52.0.23-CA-win64) (1.8.0_282-b08), built on Jan 12 2021 07:45:49 by "tester" with MS VC++ 10.0 (VS2010)

time: Thu Nov 04 10:47:26 2021
timezone: Eastern Daylight Time
elapsed time: 23.286987 seconds (0d 0h 0m 23s)

