#
# There is insufficient memory for the Java Runtime Environment to continue.
# Native memory allocation (malloc) failed to allocate 514096 bytes for Chunk::new
# Possible reasons:
#   The system is out of physical RAM or swap space
#   The process is running with CompressedOops enabled, and the Java Heap may be blocking the growth of the native heap
# Possible solutions:
#   Reduce memory load on the system
#   Increase physical memory or swap space
#   Check if swap backing store is full
#   Decrease Java heap size (-Xmx/-Xms)
#   Decrease number of Java threads
#   Decrease Java thread stack sizes (-Xss)
#   Set larger code cache with -XX:ReservedCodeCacheSize=
#   JVM is running with Unscaled Compressed Oops mode in which the Java heap is
#     placed in the first 4GB address space. The Java Heap base address is the
#     maximum limit for the native heap growth. Please use -XX:HeapBaseMinAddress
#     to set the Java Heap base and to place the Java Heap above 4GB virtual address.
# This output file may be truncated or incomplete.
#
#  Out of Memory Error (allocation.cpp:389), pid=7940, tid=0x0000000000004294
#
# JRE version: OpenJDK Runtime Environment (Zulu 8.52.0.23-CA-win64) (8.0_282-b08) (build 1.8.0_282-b08)
# Java VM: OpenJDK 64-Bit Server VM (25.282-b08 mixed mode windows-amd64 compressed oops)
# Failed to write core dump. Minidumps are not enabled by default on client versions of Windows
#

---------------  T H R E A D  ---------------

Current thread (0x0000000017ff2800):  JavaThread "C2 CompilerThread0" daemon [_thread_in_native, id=17044, stack(0x00000000182f0000,0x00000000183f0000)]

Stack: [0x00000000182f0000,0x00000000183f0000]
[error occurred during error reporting (printing stack bounds), id 0xc0000005]

Native frames: (J=compiled Java code, j=interpreted, Vv=VM code, C=native code)


Current CompileTask:
C2:  16179 2167       4       java.io.WinNTFileSystem::normalize (231 bytes)


---------------  P R O C E S S  ---------------

Java Threads: ( => current thread )
  0x00000000180ce800 JavaThread "Service Thread" daemon [_thread_blocked, id=13444, stack(0x00000000184f0000,0x00000000185f0000)]
  0x000000001808e800 JavaThread "C1 CompilerThread1" daemon [_thread_blocked, id=11224, stack(0x00000000183f0000,0x00000000184f0000)]
=>0x0000000017ff2800 JavaThread "C2 CompilerThread0" daemon [_thread_in_native, id=17044, stack(0x00000000182f0000,0x00000000183f0000)]
  0x0000000018049000 JavaThread "Attach Listener" daemon [_thread_blocked, id=13348, stack(0x00000000181f0000,0x00000000182f0000)]
  0x0000000017fe8800 JavaThread "Signal Dispatcher" daemon [_thread_blocked, id=15208, stack(0x00000000180f0000,0x00000000181f0000)]
  0x0000000016eb9800 JavaThread "Finalizer" daemon [_thread_blocked, id=11556, stack(0x0000000017af0000,0x0000000017bf0000)]
  0x0000000016eb1800 JavaThread "Reference Handler" daemon [_thread_blocked, id=18784, stack(0x00000000179f0000,0x0000000017af0000)]
  0x00000000023fa800 JavaThread "main" [_thread_in_native, id=18788, stack(0x0000000002250000,0x0000000002350000)]

Other Threads:
  0x0000000016e88800 VMThread [stack: 0x00000000178f0000,0x00000000179f0000] [id=18812]
  0x00000000180d9000 WatcherThread [stack: 0x00000000185f0000,0x00000000186f0000] [id=17104]

VM state:not at safepoint (normal execution)

VM Mutex/Monitor currently owned by a thread: None

heap address: 0x0000000080000000, size: 2048 MB, Compressed Oops mode: 32-bit
Narrow klass base: 0x0000000000000000, Narrow klass shift: 3
Compressed class space size: 1073741824 Address: 0x0000000100000000

Heap:
 PSYoungGen      total 138752K, used 16383K [0x00000000d5580000, 0x00000000e0880000, 0x0000000100000000)
  eden space 131072K, 10% used [0x00000000d5580000,0x00000000d624e090,0x00000000dd580000)
  from space 7680K, 42% used [0x00000000dd580000,0x00000000dd8b1d10,0x00000000ddd00000)
  to   space 8192K, 0% used [0x00000000e0080000,0x00000000e0080000,0x00000000e0880000)
 ParOldGen       total 60928K, used 8770K [0x0000000080000000, 0x0000000083b80000, 0x00000000d5580000)
  object space 60928K, 14% used [0x0000000080000000,0x0000000080890a90,0x0000000083b80000)
 Metaspace       used 22409K, capacity 22714K, committed 23088K, reserved 1069056K
  class space    used 2448K, capacity 2581K, committed 2688K, reserved 1048576K

Card table byte_map: [0x00000000118a0000,0x0000000011cb0000] byte_map_base: 0x00000000114a0000

Marking Bits: (ParMarkBitMap*) 0x0000000060881f00
 Begin Bits: [0x0000000012160000, 0x0000000014160000)
 End Bits:   [0x0000000014160000, 0x0000000016160000)

Polling page: 0x00000000001d0000

CodeCache: size=245760Kb used=9506Kb max_used=9506Kb free=236253Kb
 bounds [0x00000000024e0000, 0x0000000002e30000, 0x00000000114e0000]
 total_blobs=2780 nmethods=2140 adapters=550
 compilation: enabled

Compilation events (10 events):
Event: 16.042 Thread 0x000000001808e800 nmethod 2164 0x0000000002e1e210 code [0x0000000002e1e380, 0x0000000002e1e5d0]
Event: 16.042 Thread 0x000000001808e800 2165       3       java.util.regex.ASCII::isUpper (18 bytes)
Event: 16.042 Thread 0x000000001808e800 nmethod 2165 0x0000000002e1de90 code [0x0000000002e1dfe0, 0x0000000002e1e190]
Event: 16.042 Thread 0x000000001808e800 2166       3       sun.security.util.ObjectIdentifier::<init> (152 bytes)
Event: 16.043 Thread 0x000000001808e800 nmethod 2166 0x0000000002e2b550 code [0x0000000002e2b900, 0x0000000002e2daa8]
Event: 16.075 Thread 0x0000000017ff2800 2167       4       java.io.WinNTFileSystem::normalize (231 bytes)
Event: 16.076 Thread 0x000000001808e800 2168       1       sun.misc.URLClassPath$JarLoader::access$1300 (5 bytes)
Event: 16.076 Thread 0x000000001808e800 nmethod 2168 0x0000000002609790 code [0x00000000026098e0, 0x00000000026099d0]
Event: 16.076 Thread 0x000000001808e800 2169       1       sun.misc.URLClassPath$JarLoader::access$1400 (5 bytes)
Event: 16.076 Thread 0x000000001808e800 nmethod 2169 0x0000000002e1dbd0 code [0x0000000002e1dd20, 0x0000000002e1de10]

GC Heap History (10 events):
Event: 8.744 GC heap before
{Heap before GC invocations=6 (full 0):
 PSYoungGen      total 38400K, used 38391K [0x00000000d5580000, 0x00000000da380000, 0x0000000100000000)
  eden space 33280K, 100% used [0x00000000d5580000,0x00000000d7600000,0x00000000d7600000)
  from space 5120K, 99% used [0x00000000d7600000,0x00000000d7afdf40,0x00000000d7b00000)
  to   space 6656K, 0% used [0x00000000d9d00000,0x00000000d9d00000,0x00000000da380000)
 ParOldGen       total 87552K, used 1295K [0x0000000080000000, 0x0000000085580000, 0x00000000d5580000)
  object space 87552K, 1% used [0x0000000080000000,0x0000000080143f10,0x0000000085580000)
 Metaspace       used 15080K, capacity 15270K, committed 15488K, reserved 1062912K
  class space    used 1549K, capacity 1639K, committed 1664K, reserved 1048576K
Event: 8.757 GC heap after
Heap after GC invocations=6 (full 0):
 PSYoungGen      total 72192K, used 6637K [0x00000000d5580000, 0x00000000da580000, 0x0000000100000000)
  eden space 65536K, 0% used [0x00000000d5580000,0x00000000d5580000,0x00000000d9580000)
  from space 6656K, 99% used [0x00000000d9d00000,0x00000000da37b758,0x00000000da380000)
  to   space 7680K, 0% used [0x00000000d9580000,0x00000000d9580000,0x00000000d9d00000)
 ParOldGen       total 87552K, used 1805K [0x0000000080000000, 0x0000000085580000, 0x00000000d5580000)
  object space 87552K, 2% used [0x0000000080000000,0x00000000801c3578,0x0000000085580000)
 Metaspace       used 15080K, capacity 15270K, committed 15488K, reserved 1062912K
  class space    used 1549K, capacity 1639K, committed 1664K, reserved 1048576K
}
Event: 11.449 GC heap before
{Heap before GC invocations=7 (full 0):
 PSYoungGen      total 72192K, used 72173K [0x00000000d5580000, 0x00000000da580000, 0x0000000100000000)
  eden space 65536K, 100% used [0x00000000d5580000,0x00000000d9580000,0x00000000d9580000)
  from space 6656K, 99% used [0x00000000d9d00000,0x00000000da37b758,0x00000000da380000)
  to   space 7680K, 0% used [0x00000000d9580000,0x00000000d9580000,0x00000000d9d00000)
 ParOldGen       total 87552K, used 1805K [0x0000000080000000, 0x0000000085580000, 0x00000000d5580000)
  object space 87552K, 2% used [0x0000000080000000,0x00000000801c3578,0x0000000085580000)
 Metaspace       used 19804K, capacity 20068K, committed 20224K, reserved 1067008K
  class space    used 2180K, capacity 2304K, committed 2304K, reserved 1048576K
Event: 11.473 GC heap after
Heap after GC invocations=7 (full 0):
 PSYoungGen      total 73216K, used 6499K [0x00000000d5580000, 0x00000000de580000, 0x0000000100000000)
  eden space 65536K, 0% used [0x00000000d5580000,0x00000000d5580000,0x00000000d9580000)
  from space 7680K, 84% used [0x00000000d9580000,0x00000000d9bd8dc0,0x00000000d9d00000)
  to   space 8192K, 0% used [0x00000000ddd80000,0x00000000ddd80000,0x00000000de580000)
 ParOldGen       total 87552K, used 5098K [0x0000000080000000, 0x0000000085580000, 0x00000000d5580000)
  object space 87552K, 5% used [0x0000000080000000,0x00000000804fab20,0x0000000085580000)
 Metaspace       used 19804K, capacity 20068K, committed 20224K, reserved 1067008K
  class space    used 2180K, capacity 2304K, committed 2304K, reserved 1048576K
}
Event: 12.324 GC heap before
{Heap before GC invocations=8 (full 0):
 PSYoungGen      total 73216K, used 29923K [0x00000000d5580000, 0x00000000de580000, 0x0000000100000000)
  eden space 65536K, 35% used [0x00000000d5580000,0x00000000d6c5fec8,0x00000000d9580000)
  from space 7680K, 84% used [0x00000000d9580000,0x00000000d9bd8dc0,0x00000000d9d00000)
  to   space 8192K, 0% used [0x00000000ddd80000,0x00000000ddd80000,0x00000000de580000)
 ParOldGen       total 87552K, used 5098K [0x0000000080000000, 0x0000000085580000, 0x00000000d5580000)
  object space 87552K, 5% used [0x0000000080000000,0x00000000804fab20,0x0000000085580000)
 Metaspace       used 20859K, capacity 21136K, committed 21296K, reserved 1069056K
  class space    used 2297K, capacity 2425K, committed 2432K, reserved 1048576K
Event: 12.333 GC heap after
Heap after GC invocations=8 (full 0):
 PSYoungGen      total 138240K, used 4777K [0x00000000d5580000, 0x00000000de480000, 0x0000000100000000)
  eden space 131072K, 0% used [0x00000000d5580000,0x00000000d5580000,0x00000000dd580000)
  from space 7168K, 66% used [0x00000000ddd80000,0x00000000de22a438,0x00000000de480000)
  to   space 7680K, 0% used [0x00000000dd580000,0x00000000dd580000,0x00000000ddd00000)
 ParOldGen       total 87552K, used 5743K [0x0000000080000000, 0x0000000085580000, 0x00000000d5580000)
  object space 87552K, 6% used [0x0000000080000000,0x000000008059bde0,0x0000000085580000)
 Metaspace       used 20859K, capacity 21136K, committed 21296K, reserved 1069056K
  class space    used 2297K, capacity 2425K, committed 2432K, reserved 1048576K
}
Event: 12.333 GC heap before
{Heap before GC invocations=9 (full 1):
 PSYoungGen      total 138240K, used 4777K [0x00000000d5580000, 0x00000000de480000, 0x0000000100000000)
  eden space 131072K, 0% used [0x00000000d5580000,0x00000000d5580000,0x00000000dd580000)
  from space 7168K, 66% used [0x00000000ddd80000,0x00000000de22a438,0x00000000de480000)
  to   space 7680K, 0% used [0x00000000dd580000,0x00000000dd580000,0x00000000ddd00000)
 ParOldGen       total 87552K, used 5743K [0x0000000080000000, 0x0000000085580000, 0x00000000d5580000)
  object space 87552K, 6% used [0x0000000080000000,0x000000008059bde0,0x0000000085580000)
 Metaspace       used 20859K, capacity 21136K, committed 21296K, reserved 1069056K
  class space    used 2297K, capacity 2425K, committed 2432K, reserved 1048576K
Event: 12.578 GC heap after
Heap after GC invocations=9 (full 1):
 PSYoungGen      total 138240K, used 0K [0x00000000d5580000, 0x00000000de480000, 0x0000000100000000)
  eden space 131072K, 0% used [0x00000000d5580000,0x00000000d5580000,0x00000000dd580000)
  from space 7168K, 0% used [0x00000000ddd80000,0x00000000ddd80000,0x00000000de480000)
  to   space 7680K, 0% used [0x00000000dd580000,0x00000000dd580000,0x00000000ddd00000)
 ParOldGen       total 60928K, used 8762K [0x0000000080000000, 0x0000000083b80000, 0x00000000d5580000)
  object space 60928K, 14% used [0x0000000080000000,0x000000008088ea90,0x0000000083b80000)
 Metaspace       used 20859K, capacity 21136K, committed 21296K, reserved 1069056K
  class space    used 2297K, capacity 2425K, committed 2432K, reserved 1048576K
}
Event: 15.977 GC heap before
{Heap before GC invocations=10 (full 1):
 PSYoungGen      total 138240K, used 131072K [0x00000000d5580000, 0x00000000de480000, 0x0000000100000000)
  eden space 131072K, 100% used [0x00000000d5580000,0x00000000dd580000,0x00000000dd580000)
  from space 7168K, 0% used [0x00000000ddd80000,0x00000000ddd80000,0x00000000de480000)
  to   space 7680K, 0% used [0x00000000dd580000,0x00000000dd580000,0x00000000ddd00000)
 ParOldGen       total 60928K, used 8762K [0x0000000080000000, 0x0000000083b80000, 0x00000000d5580000)
  object space 60928K, 14% used [0x0000000080000000,0x000000008088ea90,0x0000000083b80000)
 Metaspace       used 22377K, capacity 22714K, committed 23088K, reserved 1069056K
  class space    used 2448K, capacity 2581K, committed 2688K, reserved 1048576K
Event: 15.984 GC heap after
Heap after GC invocations=10 (full 1):
 PSYoungGen      total 138752K, used 3271K [0x00000000d5580000, 0x00000000e0880000, 0x0000000100000000)
  eden space 131072K, 0% used [0x00000000d5580000,0x00000000d5580000,0x00000000dd580000)
  from space 7680K, 42% used [0x00000000dd580000,0x00000000dd8b1d10,0x00000000ddd00000)
  to   space 8192K, 0% used [0x00000000e0080000,0x00000000e0080000,0x00000000e0880000)
 ParOldGen       total 60928K, used 8770K [0x0000000080000000, 0x0000000083b80000, 0x00000000d5580000)
  object space 60928K, 14% used [0x0000000080000000,0x0000000080890a90,0x0000000083b80000)
 Metaspace       used 22377K, capacity 22714K, committed 23088K, reserved 1069056K
  class space    used 2448K, capacity 2581K, committed 2688K, reserved 1048576K
}

Deoptimization events (10 events):
Event: 10.878 Thread 0x00000000023fa800 Uncommon trap: reason=unstable_if action=reinterpret pc=0x000000000293b164 method=java.io.WinNTFileSystem.prefixLength(Ljava/lang/String;)I @ 42
Event: 12.232 Thread 0x00000000023fa800 Uncommon trap: reason=unstable_if action=reinterpret pc=0x000000000293bb3c method=java.util.HashMap.getNode(ILjava/lang/Object;)Ljava/util/HashMap$Node; @ 129
Event: 12.232 Thread 0x00000000023fa800 Uncommon trap: reason=bimorphic action=maybe_recompile pc=0x0000000002b09cb4 method=java.util.HashMap.putVal(ILjava/lang/Object;Ljava/lang/Object;ZZ)Ljava/lang/Object; @ 203
Event: 12.322 Thread 0x00000000023fa800 Uncommon trap: reason=predicate action=maybe_recompile pc=0x0000000002c124dc method=java.lang.String.regionMatches(ZILjava/lang/String;II)Z @ 63
Event: 12.715 Thread 0x00000000023fa800 Uncommon trap: reason=unstable_if action=reinterpret pc=0x00000000026feff0 method=java.io.WinNTFileSystem.normalize(Ljava/lang/String;II)Ljava/lang/String; @ 8
Event: 13.167 Thread 0x00000000023fa800 Uncommon trap: reason=predicate action=maybe_recompile pc=0x00000000028a82e0 method=groovyjarjarantlr.InputBuffer.syncConsume()V @ 7
Event: 13.167 Thread 0x00000000023fa800 Uncommon trap: reason=predicate action=maybe_recompile pc=0x00000000028b1714 method=groovyjarjarantlr.InputBuffer.syncConsume()V @ 7
Event: 13.167 Thread 0x00000000023fa800 Uncommon trap: reason=predicate action=maybe_recompile pc=0x00000000028b49f4 method=groovyjarjarantlr.InputBuffer.syncConsume()V @ 7
Event: 13.308 Thread 0x00000000023fa800 Uncommon trap: reason=unstable_if action=reinterpret pc=0x0000000002c0f7e4 method=java.lang.Class$MethodArray.addIfNotPresent(Ljava/lang/reflect/Method;)V @ 19
Event: 13.580 Thread 0x00000000023fa800 Uncommon trap: reason=unstable_if action=reinterpret pc=0x0000000002d66e14 method=groovy.lang.MetaClassImpl.checkIfStdMethod(Lgroovy/lang/MetaMethod;)V @ 31

Classes redefined (0 events):
No events

Internal exceptions (10 events):
Event: 16.157 Thread 0x00000000023fa800 Exception <a 'java/security/PrivilegedActionException'> (0x00000000d6046c08) thrown at [C:\jenkins\workspace\zulu8-silver-build-win64\zulu-src\hotspot\src\share\vm\prims\jvm.cpp, line 1529]
Event: 16.157 Thread 0x00000000023fa800 Exception <a 'java/security/PrivilegedActionException'> (0x00000000d60471e8) thrown at [C:\jenkins\workspace\zulu8-silver-build-win64\zulu-src\hotspot\src\share\vm\prims\jvm.cpp, line 1529]
Event: 16.157 Thread 0x00000000023fa800 Exception <a 'java/security/PrivilegedActionException'> (0x00000000d604e278) thrown at [C:\jenkins\workspace\zulu8-silver-build-win64\zulu-src\hotspot\src\share\vm\prims\jvm.cpp, line 1529]
Event: 16.158 Thread 0x00000000023fa800 Exception <a 'java/security/PrivilegedActionException'> (0x00000000d604e858) thrown at [C:\jenkins\workspace\zulu8-silver-build-win64\zulu-src\hotspot\src\share\vm\prims\jvm.cpp, line 1529]
Event: 16.158 Thread 0x00000000023fa800 Exception <a 'java/security/PrivilegedActionException'> (0x00000000d60618d0) thrown at [C:\jenkins\workspace\zulu8-silver-build-win64\zulu-src\hotspot\src\share\vm\prims\jvm.cpp, line 1529]
Event: 16.158 Thread 0x00000000023fa800 Exception <a 'java/security/PrivilegedActionException'> (0x00000000d6061eb0) thrown at [C:\jenkins\workspace\zulu8-silver-build-win64\zulu-src\hotspot\src\share\vm\prims\jvm.cpp, line 1529]
Event: 16.158 Thread 0x00000000023fa800 Exception <a 'java/security/PrivilegedActionException'> (0x00000000d6066460) thrown at [C:\jenkins\workspace\zulu8-silver-build-win64\zulu-src\hotspot\src\share\vm\prims\jvm.cpp, line 1529]
Event: 16.158 Thread 0x00000000023fa800 Exception <a 'java/security/PrivilegedActionException'> (0x00000000d6066a40) thrown at [C:\jenkins\workspace\zulu8-silver-build-win64\zulu-src\hotspot\src\share\vm\prims\jvm.cpp, line 1529]
Event: 16.158 Thread 0x00000000023fa800 Exception <a 'java/security/PrivilegedActionException'> (0x00000000d606dad0) thrown at [C:\jenkins\workspace\zulu8-silver-build-win64\zulu-src\hotspot\src\share\vm\prims\jvm.cpp, line 1529]
Event: 16.158 Thread 0x00000000023fa800 Exception <a 'java/security/PrivilegedActionException'> (0x00000000d606e0b0) thrown at [C:\jenkins\workspace\zulu8-silver-build-win64\zulu-src\hotspot\src\share\vm\prims\jvm.cpp, line 1529]

Events (10 events):
Event: 16.144 loading class groovy/lang/org$openqa$selenium$Keys
Event: 16.144 loading class groovy/lang/org$openqa$selenium$Keys done
Event: 16.148 loading class groovy/util/org$openqa$selenium$Keys
Event: 16.148 loading class groovy/util/org$openqa$selenium$Keys done
Event: 16.152 loading class org$openqa$selenium$Keys
Event: 16.152 loading class org$openqa$selenium$Keys done
Event: 16.154 loading class org/openqa$selenium$Keys
Event: 16.154 loading class org/openqa$selenium$Keys done
Event: 16.159 loading class org/openqa/selenium$Keys
Event: 16.159 loading class org/openqa/selenium$Keys done


Dynamic libraries:
0x00007ff78a680000 - 0x00007ff78a6b5000 	C:\Users\bilguun.amarsaikhan\Downloads\Katalon_Studio_Windows_64-8.1.0 (1)\Katalon_Studio_Windows_64-8.1.0\jre\bin\javaw.exe
0x00007ff834110000 - 0x00007ff834305000 	C:\windows\SYSTEM32\ntdll.dll
0x00007ff833dd0000 - 0x00007ff833e8e000 	C:\windows\System32\KERNEL32.DLL
0x00007ff831cb0000 - 0x00007ff831f79000 	C:\windows\System32\KERNELBASE.dll
0x00007ff832c70000 - 0x00007ff832d1c000 	C:\windows\System32\ADVAPI32.dll
0x00007ff833cd0000 - 0x00007ff833d6e000 	C:\windows\System32\msvcrt.dll
0x00007ff833f80000 - 0x00007ff83401b000 	C:\windows\System32\sechost.dll
0x00007ff832d50000 - 0x00007ff832e7a000 	C:\windows\System32\RPCRT4.dll
0x00007ff832860000 - 0x00007ff832a01000 	C:\windows\System32\USER32.dll
0x00007ff832020000 - 0x00007ff832042000 	C:\windows\System32\win32u.dll
0x00007ff832830000 - 0x00007ff83285b000 	C:\windows\System32\GDI32.dll
0x00007ff832050000 - 0x00007ff83215b000 	C:\windows\System32\gdi32full.dll
0x00007ff831f80000 - 0x00007ff83201d000 	C:\windows\System32\msvcp_win.dll
0x00007ff831990000 - 0x00007ff831a90000 	C:\windows\System32\ucrtbase.dll
0x00007ff828e90000 - 0x00007ff82912a000 	C:\windows\WinSxS\amd64_microsoft.windows.common-controls_6595b64144ccf1df_6.0.19041.1110_none_60b5254171f9507e\COMCTL32.dll
0x00007ff8338d0000 - 0x00007ff833900000 	C:\windows\System32\IMM32.DLL
0x000000005fe80000 - 0x000000005ff52000 	C:\Users\bilguun.amarsaikhan\Downloads\Katalon_Studio_Windows_64-8.1.0 (1)\Katalon_Studio_Windows_64-8.1.0\jre\bin\msvcr100.dll
0x0000000060040000 - 0x0000000060905000 	C:\Users\bilguun.amarsaikhan\Downloads\Katalon_Studio_Windows_64-8.1.0 (1)\Katalon_Studio_Windows_64-8.1.0\jre\bin\server\jvm.dll
0x00007ff833e90000 - 0x00007ff833e98000 	C:\windows\System32\PSAPI.DLL
0x00007ff807410000 - 0x00007ff807419000 	C:\windows\SYSTEM32\WSOCK32.dll
0x00007ff833690000 - 0x00007ff8336fb000 	C:\windows\System32\WS2_32.dll
0x00007ff814870000 - 0x00007ff814897000 	C:\windows\SYSTEM32\WINMM.dll
0x00007ff82a310000 - 0x00007ff82a31a000 	C:\windows\SYSTEM32\VERSION.dll
0x00007fffe6460000 - 0x00007fffe646f000 	C:\Users\bilguun.amarsaikhan\Downloads\Katalon_Studio_Windows_64-8.1.0 (1)\Katalon_Studio_Windows_64-8.1.0\jre\bin\verify.dll
0x00007fffe6430000 - 0x00007fffe6459000 	C:\Users\bilguun.amarsaikhan\Downloads\Katalon_Studio_Windows_64-8.1.0 (1)\Katalon_Studio_Windows_64-8.1.0\jre\bin\java.dll
0x00007fffe6410000 - 0x00007fffe6426000 	C:\Users\bilguun.amarsaikhan\Downloads\Katalon_Studio_Windows_64-8.1.0 (1)\Katalon_Studio_Windows_64-8.1.0\jre\bin\zip.dll
0x00007ff832e80000 - 0x00007ff8335bf000 	C:\windows\System32\SHELL32.dll
0x00007ff82f840000 - 0x00007ff82ffd0000 	C:\windows\SYSTEM32\windows.storage.dll
0x00007ff833900000 - 0x00007ff833c55000 	C:\windows\System32\combase.dll
0x00007ff8311b0000 - 0x00007ff8311dc000 	C:\windows\SYSTEM32\Wldp.dll
0x00007ff832bc0000 - 0x00007ff832c6d000 	C:\windows\System32\SHCORE.dll
0x00007ff833d70000 - 0x00007ff833dc5000 	C:\windows\System32\shlwapi.dll
0x00007ff831770000 - 0x00007ff83178f000 	C:\windows\SYSTEM32\profapi.dll
0x00007fffe5fc0000 - 0x00007fffe5fdb000 	C:\Users\bilguun.amarsaikhan\Downloads\Katalon_Studio_Windows_64-8.1.0 (1)\Katalon_Studio_Windows_64-8.1.0\jre\bin\net.dll
0x00007ff830f10000 - 0x00007ff830f7a000 	C:\windows\system32\mswsock.dll
0x00007fffe4500000 - 0x00007fffe4511000 	C:\Users\bilguun.amarsaikhan\Downloads\Katalon_Studio_Windows_64-8.1.0 (1)\Katalon_Studio_Windows_64-8.1.0\jre\bin\nio.dll

VM Arguments:
jvm_args: -Dgroovy.home=C:\Users\bilguun.amarsaikhan/.groovy -Djava.system.class.loader=groovy.lang.GroovyClassLoader -Xmx2048m -Dfile.encoding=UTF-8 
java_command: org.codehaus.groovy.tools.GroovyStarter --classpath C:\Users\bilguun.amarsaikhan\git\modpims-testing\Transfer Workflow\Transfer Workflow\bin\keyword;C:\Users\bilguun.amarsaikhan\git\modpims-testing\Transfer Workflow\Transfer Workflow\Keywords;C:\Users\bilguun.amarsaikhan\git\modpims-testing\Transfer Workflow\Transfer Workflow\bin\listener;C:\Users\bilguun.amarsaikhan\git\modpims-testing\Transfer Workflow\Transfer Workflow\Test Listeners;C:\Users\bilguun.amarsaikhan\git\modpims-testing\Transfer Workflow\Transfer Workflow\bin\lib;C:\Users\bilguun.amarsaikhan\git\modpims-testing\Transfer Workflow\Transfer Workflow\Libs;C:\Users\bilguun.amarsaikhan\git\modpims-testing\Transfer Workflow\Transfer Workflow\bin\groovy;C:\Users\bilguun.amarsaikhan\git\modpims-testing\Transfer Workflow\Transfer Workflow\Include\scripts\groovy;C:\Users\bilguun.amarsaikhan\Downloads\Katalon_Studio_Windows_64-8.1.0 (1)\Katalon_Studio_Windows_64-8.1.0\plugins\com.kms.katalon.core_1.0.0.202108170301.jar;C:\Users\bilguun.amarsaikhan\Downloads\Katalon_Studio_Windows_64-8.1.0 (1)\Katalon_Studio_Windows_64-8.1.0\configuration\resources\lib\aalto-xml-1.0.0.jar;C:\Users\bilguun.amarsaikhan\Downloads\Katalon_Studio_Windows_64-8.1.0 (1)\Katalon_Studio_Windows_64-8.1.0\configuration\resources\lib\aspectjweaver-1.9.1.jar;C:\Users\bilguun.amarsaikhan\Downloads\Katalon_Studio_Windows_64-8.1.0 (1)\Katalon_Studio_Windows_64-8.1.0\configuration\resources\lib\bcpkix-jdk15on-1.64.jar;C:\Users\bilguun.amarsaikhan\Downloads\Katalon_Studio_Windows_64-8.1.0 (1)\Katalon_Studio_Windows_64-8.1.0\configuration\resources\lib\bcprov-jdk15on-1.64.jar;C:\Users\bilguun.amarsaikhan\Downloads\Katalon_Studio_Windows_64-8.1.0 (1)\Katalon_Studio_Windows_64-8.1.0\configuration\resources\lib\browsermob-core-2.1.5.jar;C:\Users\bilguun.amarsaikhan\Downloads\Katalon_Studio_Windows_64-8.1.0 (1)\Katalon_Studio_Windows_64-8.1.0\configuration\resources\lib\cglib-3.2.10.jar;C:\Users\bilguun.amarsaikhan\Downloads\Katalon_Studi
java_class_path (initial): C:\Users\bilguun.amarsaikhan\git\modpims-testing\Transfer Workflow\Transfer Workflow\bin\keyword;C:\Users\bilguun.amarsaikhan\git\modpims-testing\Transfer Workflow\Transfer Workflow\bin\listener;C:\Users\bilguun.amarsaikhan\git\modpims-testing\Transfer Workflow\Transfer Workflow\bin\lib;C:\Users\bilguun.amarsaikhan\git\modpims-testing\Transfer Workflow\Transfer Workflow\bin\groovy;C:\Users\bilguun.amarsaikhan\git\modpims-testing\Transfer Workflow\Transfer Workflow\bin;C:\Users\bilguun.amarsaikhan\Downloads\Katalon_Studio_Windows_64-8.1.0 (1)\Katalon_Studio_Windows_64-8.1.0\plugins\com.kms.katalon.core_1.0.0.202108170301.jar;C:\Users\bilguun.amarsaikhan\Downloads\Katalon_Studio_Windows_64-8.1.0 (1)\Katalon_Studio_Windows_64-8.1.0\configuration\resources\lib\aalto-xml-1.0.0.jar;C:\Users\bilguun.amarsaikhan\Downloads\Katalon_Studio_Windows_64-8.1.0 (1)\Katalon_Studio_Windows_64-8.1.0\configuration\resources\lib\aspectjweaver-1.9.1.jar;C:\Users\bilguun.amarsaikhan\Downloads\Katalon_Studio_Windows_64-8.1.0 (1)\Katalon_Studio_Windows_64-8.1.0\configuration\resources\lib\bcpkix-jdk15on-1.64.jar;C:\Users\bilguun.amarsaikhan\Downloads\Katalon_Studio_Windows_64-8.1.0 (1)\Katalon_Studio_Windows_64-8.1.0\configuration\resources\lib\bcprov-jdk15on-1.64.jar;C:\Users\bilguun.amarsaikhan\Downloads\Katalon_Studio_Windows_64-8.1.0 (1)\Katalon_Studio_Windows_64-8.1.0\configuration\resources\lib\browsermob-core-2.1.5.jar;C:\Users\bilguun.amarsaikhan\Downloads\Katalon_Studio_Windows_64-8.1.0 (1)\Katalon_Studio_Windows_64-8.1.0\configuration\resources\lib\cglib-3.2.10.jar;C:\Users\bilguun.amarsaikhan\Downloads\Katalon_Studio_Windows_64-8.1.0 (1)\Katalon_Studio_Windows_64-8.1.0\configuration\resources\lib\commons-codec-1.10.jar;C:\Users\bilguun.amarsaikhan\Downloads\Katalon_Studio_Windows_64-8.1.0 (1)\Katalon_Studio_Windows_64-8.1.0\configuration\resources\lib\commons-collections4-4.1.jar;C:\Users\bilguun.amarsaikhan\Downloads\Katalon_Studio_Windows_64-8.1.0 (
Launcher Type: SUN_STANDARD

Environment Variables:
PATH=C:/Users/bilguun.amarsaikhan/Downloads/Katalon_Studio_Windows_64-8.1.0 (1)/Katalon_Studio_Windows_64-8.1.0/jre/bin/server;C:/Users/bilguun.amarsaikhan/Downloads/Katalon_Studio_Windows_64-8.1.0 (1)/Katalon_Studio_Windows_64-8.1.0/jre/bin;C:/Users/bilguun.amarsaikhan/Downloads/Katalon_Studio_Windows_64-8.1.0 (1)/Katalon_Studio_Windows_64-8.1.0/jre/lib/amd64;C:\Program Files\Common Files\Oracle\Java\javapath;C:\windows\system32;C:\windows;C:\windows\System32\Wbem;C:\windows\System32\WindowsPowerShell\v1.0\;C:\windows\System32\OpenSSH\;C:\Program Files (x86)\Microsoft SQL Server\150\DTS\Binn\;C:\Program Files\Azure Data Studio\bin;C:\Program Files\Git\cmd;C:\Program Files\dotnet\;C:\Program Files\Microsoft SQL Server\130\Tools\Binn\;C:\Program Files\Microsoft SQL Server\Client SDK\ODBC\170\Tools\Binn\;C:\Users\bilguun.amarsaikhan\AppData\Local\Microsoft\WindowsApps;C:\Users\bilguun.amarsaikhan\Desktop;C:\Users\bilguun.amarsaikhan\.dotnet\tools;C:\Users\bilguun.amarsaikhan\AppData\Local\Programs\Microsoft VS Code\bin;C:\Users\bilguun.amarsaikhan\Downloads\Katalon_Studio_Windows_64-8.1.0 (1)\Katalon_Studio_Windows_64-8.1.0;
USERNAME=bilguun.amarsaikhan
OS=Windows_NT
PROCESSOR_IDENTIFIER=Intel64 Family 6 Model 63 Stepping 2, GenuineIntel



---------------  S Y S T E M  ---------------

OS: Windows 10.0 , 64 bit Build 19041 (10.0.19041.1202)
HyperV virtualization detected

CPU:total 2 (initial active 2) (2 cores per cpu, 1 threads per core) family 6 model 63 stepping 2, cmov, cx8, fxsr, mmx, sse, sse2, sse3, ssse3, sse4.1, sse4.2, popcnt, avx, avx2, aes, clmul, erms, lzcnt, tsc, bmi1, bmi2

Memory: 4k page, physical 8388148k(751488k free), swap 10485040k(5144k free)

vm_info: OpenJDK 64-Bit Server VM (25.282-b08) for windows-amd64 JRE (Zulu 8.52.0.23-CA-win64) (1.8.0_282-b08), built on Jan 12 2021 07:45:49 by "tester" with MS VC++ 10.0 (VS2010)

time: Thu Oct 14 20:01:51 2021
timezone: Coordinated Universal Time
elapsed time: 16.183057 seconds (0d 0h 0m 16s)

