#
# There is insufficient memory for the Java Runtime Environment to continue.
# Native memory allocation (malloc) failed to allocate 32744 bytes for ChunkPool::allocate
# Possible reasons:
#   The system is out of physical RAM or swap space
#   The process is running with CompressedOops enabled, and the Java Heap may be blocking the growth of the native heap
# Possible solutions:
#   Reduce memory load on the system
#   Increase physical memory or swap space
#   Check if swap backing store is full
#   Decrease Java heap size (-Xmx/-Xms)
#   Decrease number of Java threads
#   Decrease Java thread stack sizes (-Xss)
#   Set larger code cache with -XX:ReservedCodeCacheSize=
#   JVM is running with Unscaled Compressed Oops mode in which the Java heap is
#     placed in the first 4GB address space. The Java Heap base address is the
#     maximum limit for the native heap growth. Please use -XX:HeapBaseMinAddress
#     to set the Java Heap base and to place the Java Heap above 4GB virtual address.
# This output file may be truncated or incomplete.
#
#  Out of Memory Error (allocation.cpp:272), pid=8568, tid=0x0000000000004fd8
#
# JRE version: OpenJDK Runtime Environment (Zulu 8.52.0.23-CA-win64) (8.0_282-b08) (build 1.8.0_282-b08)
# Java VM: OpenJDK 64-Bit Server VM (25.282-b08 mixed mode windows-amd64 compressed oops)
# Failed to write core dump. Minidumps are not enabled by default on client versions of Windows
#

---------------  T H R E A D  ---------------

Current thread (0x00000000180ef000):  JavaThread "C1 CompilerThread1" daemon [_thread_in_native, id=20440, stack(0x0000000018450000,0x0000000018550000)]

Stack: [0x0000000018450000,0x0000000018550000]
[error occurred during error reporting (printing stack bounds), id 0xc0000005]

Native frames: (J=compiled Java code, j=interpreted, Vv=VM code, C=native code)


Current CompileTask:
C1:  43128 3126       3       java.nio.HeapCharBuffer::<init> (13 bytes)


---------------  P R O C E S S  ---------------

Java Threads: ( => current thread )
  0x000000001bb99000 JavaThread "Okio Watchdog" daemon [_thread_blocked, id=8328, stack(0x000000001e0e0000,0x000000001e1e0000)]
  0x0000000019a0b000 JavaThread "OkHttp ConnectionPool" daemon [_thread_blocked, id=19404, stack(0x000000001dfe0000,0x000000001e0e0000)]
  0x000000001b408800 JavaThread "Keep-Alive-Timer" daemon [_thread_blocked, id=4224, stack(0x000000001dbe0000,0x000000001dce0000)]
  0x0000000018da9800 JavaThread "Exec Stream Pumper" daemon [_thread_in_native, id=8572, stack(0x000000001d9e0000,0x000000001dae0000)]
  0x000000001c4a9800 JavaThread "Exec Stream Pumper" daemon [_thread_in_native, id=20500, stack(0x000000001d8e0000,0x000000001d9e0000)]
  0x000000001c432800 JavaThread "UrlChecker-2" daemon [_thread_blocked, id=16716, stack(0x000000001c130000,0x000000001c230000)]
  0x000000001c432000 JavaThread "Exec Default Executor" daemon [_thread_in_native, id=14904, stack(0x000000001c030000,0x000000001c130000)]
  0x000000001812e000 JavaThread "Service Thread" daemon [_thread_blocked, id=7988, stack(0x0000000018550000,0x0000000018650000)]
=>0x00000000180ef000 JavaThread "C1 CompilerThread1" daemon [_thread_in_native, id=20440, stack(0x0000000018450000,0x0000000018550000)]
  0x0000000018053800 JavaThread "C2 CompilerThread0" daemon [_thread_in_native, id=21080, stack(0x0000000018350000,0x0000000018450000)]
  0x0000000017fed800 JavaThread "Attach Listener" daemon [_thread_blocked, id=19516, stack(0x0000000018250000,0x0000000018350000)]
  0x00000000180ab000 JavaThread "Signal Dispatcher" daemon [_thread_blocked, id=12040, stack(0x0000000018150000,0x0000000018250000)]
  0x0000000016f19800 JavaThread "Finalizer" daemon [_thread_blocked, id=8984, stack(0x0000000017b50000,0x0000000017c50000)]
  0x0000000016f11800 JavaThread "Reference Handler" daemon [_thread_blocked, id=21200, stack(0x0000000017a50000,0x0000000017b50000)]
  0x000000000245a800 JavaThread "Forwarding newSession on session null to remote" [_thread_in_vm, id=12124, stack(0x0000000002340000,0x0000000002440000)]

Other Threads:
  0x0000000016ee8800 VMThread [stack: 0x0000000017950000,0x0000000017a50000] [id=5612]
  0x0000000018130800 WatcherThread [stack: 0x0000000018650000,0x0000000018750000] [id=19944]

VM state:not at safepoint (normal execution)

VM Mutex/Monitor currently owned by a thread: None

heap address: 0x0000000080000000, size: 2048 MB, Compressed Oops mode: 32-bit
Narrow klass base: 0x0000000000000000, Narrow klass shift: 3
Compressed class space size: 1073741824 Address: 0x0000000100000000

Heap:
 PSYoungGen      total 260608K, used 86528K [0x00000000d5580000, 0x00000000e6480000, 0x0000000100000000)
  eden space 250880K, 30% used [0x00000000d5580000,0x00000000da0dc400,0x00000000e4a80000)
  from space 9728K, 96% used [0x00000000e5280000,0x00000000e5ba3d90,0x00000000e5c00000)
  to   space 8704K, 0% used [0x00000000e5c00000,0x00000000e5c00000,0x00000000e6480000)
 ParOldGen       total 70144K, used 12689K [0x0000000080000000, 0x0000000084480000, 0x00000000d5580000)
  object space 70144K, 18% used [0x0000000080000000,0x0000000080c647a0,0x0000000084480000)
 Metaspace       used 30290K, capacity 31266K, committed 31488K, reserved 1077248K
  class space    used 3573K, capacity 3839K, committed 3840K, reserved 1048576K

Card table byte_map: [0x0000000011900000,0x0000000011d10000] byte_map_base: 0x0000000011500000

Marking Bits: (ParMarkBitMap*) 0x0000000060881f00
 Begin Bits: [0x00000000121c0000, 0x00000000141c0000)
 End Bits:   [0x00000000141c0000, 0x00000000161c0000)

Polling page: 0x00000000006b0000

CodeCache: size=245760Kb used=11965Kb max_used=11970Kb free=233794Kb
 bounds [0x0000000002540000, 0x0000000003100000, 0x0000000011540000]
 total_blobs=3636 nmethods=2941 adapters=604
 compilation: enabled

Compilation events (10 events):
Event: 43.119 Thread 0x00000000180ef000 3121       1       java.lang.invoke.InnerClassLambdaMetafactory::access$000 (5 bytes)
Event: 43.119 Thread 0x00000000180ef000 nmethod 3121 0x00000000030f55d0 code [0x00000000030f5720, 0x00000000030f5810]
Event: 43.119 Thread 0x00000000180ef000 3122       1       java.lang.invoke.InnerClassLambdaMetafactory::access$400 (5 bytes)
Event: 43.119 Thread 0x00000000180ef000 nmethod 3122 0x00000000030f5310 code [0x00000000030f5460, 0x00000000030f5550]
Event: 43.121 Thread 0x0000000018053800 3123       4       java.io.File::<init> (113 bytes)
Event: 43.123 Thread 0x00000000180ef000 3124       1       java.util.stream.ReferencePipeline$StatelessOp::opIsStateful (2 bytes)
Event: 43.123 Thread 0x00000000180ef000 nmethod 3124 0x00000000030f5050 code [0x00000000030f51a0, 0x00000000030f52b0]
Event: 43.123 Thread 0x00000000180ef000 3125       3       java.nio.CharBuffer::allocate (22 bytes)
Event: 43.124 Thread 0x00000000180ef000 nmethod 3125 0x00000000030f4890 code [0x00000000030f4a20, 0x00000000030f4e78]
Event: 43.124 Thread 0x00000000180ef000 3126       3       java.nio.HeapCharBuffer::<init> (13 bytes)

GC Heap History (10 events):
Event: 13.622 GC heap before
{Heap before GC invocations=4 (full 0):
 PSYoungGen      total 71680K, used 71673K [0x00000000d5580000, 0x00000000de180000, 0x0000000100000000)
  eden space 66560K, 100% used [0x00000000d5580000,0x00000000d9680000,0x00000000d9680000)
  from space 5120K, 99% used [0x00000000d9680000,0x00000000d9b7e680,0x00000000d9b80000)
  to   space 5120K, 0% used [0x00000000ddc80000,0x00000000ddc80000,0x00000000de180000)
 ParOldGen       total 87552K, used 372K [0x0000000080000000, 0x0000000085580000, 0x00000000d5580000)
  object space 87552K, 0% used [0x0000000080000000,0x000000008005d0e8,0x0000000085580000)
 Metaspace       used 15066K, capacity 15238K, committed 15488K, reserved 1062912K
  class space    used 1546K, capacity 1607K, committed 1664K, reserved 1048576K
Event: 13.690 GC heap after
Heap after GC invocations=4 (full 0):
 PSYoungGen      total 138240K, used 5108K [0x00000000d5580000, 0x00000000de180000, 0x0000000100000000)
  eden space 133120K, 0% used [0x00000000d5580000,0x00000000d5580000,0x00000000dd780000)
  from space 5120K, 99% used [0x00000000ddc80000,0x00000000de17d228,0x00000000de180000)
  to   space 5120K, 0% used [0x00000000dd780000,0x00000000dd780000,0x00000000ddc80000)
 ParOldGen       total 87552K, used 3495K [0x0000000080000000, 0x0000000085580000, 0x00000000d5580000)
  object space 87552K, 3% used [0x0000000080000000,0x0000000080369de8,0x0000000085580000)
 Metaspace       used 15066K, capacity 15238K, committed 15488K, reserved 1062912K
  class space    used 1546K, capacity 1607K, committed 1664K, reserved 1048576K
}
Event: 20.412 GC heap before
{Heap before GC invocations=5 (full 0):
 PSYoungGen      total 138240K, used 94491K [0x00000000d5580000, 0x00000000de180000, 0x0000000100000000)
  eden space 133120K, 67% used [0x00000000d5580000,0x00000000dacc9a20,0x00000000dd780000)
  from space 5120K, 99% used [0x00000000ddc80000,0x00000000de17d228,0x00000000de180000)
  to   space 5120K, 0% used [0x00000000dd780000,0x00000000dd780000,0x00000000ddc80000)
 ParOldGen       total 87552K, used 3495K [0x0000000080000000, 0x0000000085580000, 0x00000000d5580000)
  object space 87552K, 3% used [0x0000000080000000,0x0000000080369de8,0x0000000085580000)
 Metaspace       used 20860K, capacity 21136K, committed 21296K, reserved 1069056K
  class space    used 2295K, capacity 2425K, committed 2432K, reserved 1048576K
Event: 20.565 GC heap after
Heap after GC invocations=5 (full 0):
 PSYoungGen      total 138240K, used 5112K [0x00000000d5580000, 0x00000000e6e80000, 0x0000000100000000)
  eden space 133120K, 0% used [0x00000000d5580000,0x00000000d5580000,0x00000000dd780000)
  from space 5120K, 99% used [0x00000000dd780000,0x00000000ddc7e278,0x00000000ddc80000)
  to   space 10752K, 0% used [0x00000000e6400000,0x00000000e6400000,0x00000000e6e80000)
 ParOldGen       total 87552K, used 8206K [0x0000000080000000, 0x0000000085580000, 0x00000000d5580000)
  object space 87552K, 9% used [0x0000000080000000,0x0000000080803a68,0x0000000085580000)
 Metaspace       used 20860K, capacity 21136K, committed 21296K, reserved 1069056K
  class space    used 2295K, capacity 2425K, committed 2432K, reserved 1048576K
}
Event: 20.565 GC heap before
{Heap before GC invocations=6 (full 1):
 PSYoungGen      total 138240K, used 5112K [0x00000000d5580000, 0x00000000e6e80000, 0x0000000100000000)
  eden space 133120K, 0% used [0x00000000d5580000,0x00000000d5580000,0x00000000dd780000)
  from space 5120K, 99% used [0x00000000dd780000,0x00000000ddc7e278,0x00000000ddc80000)
  to   space 10752K, 0% used [0x00000000e6400000,0x00000000e6400000,0x00000000e6e80000)
 ParOldGen       total 87552K, used 8206K [0x0000000080000000, 0x0000000085580000, 0x00000000d5580000)
  object space 87552K, 9% used [0x0000000080000000,0x0000000080803a68,0x0000000085580000)
 Metaspace       used 20860K, capacity 21136K, committed 21296K, reserved 1069056K
  class space    used 2295K, capacity 2425K, committed 2432K, reserved 1048576K
Event: 21.058 GC heap after
Heap after GC invocations=6 (full 1):
 PSYoungGen      total 138240K, used 0K [0x00000000d5580000, 0x00000000e6e80000, 0x0000000100000000)
  eden space 133120K, 0% used [0x00000000d5580000,0x00000000d5580000,0x00000000dd780000)
  from space 5120K, 0% used [0x00000000dd780000,0x00000000dd780000,0x00000000ddc80000)
  to   space 10752K, 0% used [0x00000000e6400000,0x00000000e6400000,0x00000000e6e80000)
 ParOldGen       total 70144K, used 12681K [0x0000000080000000, 0x0000000084480000, 0x00000000d5580000)
  object space 70144K, 18% used [0x0000000080000000,0x0000000080c627a0,0x0000000084480000)
 Metaspace       used 20860K, capacity 21136K, committed 21296K, reserved 1069056K
  class space    used 2295K, capacity 2425K, committed 2432K, reserved 1048576K
}
Event: 26.781 GC heap before
{Heap before GC invocations=7 (full 1):
 PSYoungGen      total 138240K, used 133120K [0x00000000d5580000, 0x00000000e6e80000, 0x0000000100000000)
  eden space 133120K, 100% used [0x00000000d5580000,0x00000000dd780000,0x00000000dd780000)
  from space 5120K, 0% used [0x00000000dd780000,0x00000000dd780000,0x00000000ddc80000)
  to   space 10752K, 0% used [0x00000000e6400000,0x00000000e6400000,0x00000000e6e80000)
 ParOldGen       total 70144K, used 12681K [0x0000000080000000, 0x0000000084480000, 0x00000000d5580000)
  object space 70144K, 18% used [0x0000000080000000,0x0000000080c627a0,0x0000000084480000)
 Metaspace       used 22439K, capacity 22778K, committed 23088K, reserved 1069056K
  class space    used 2450K, capacity 2581K, committed 2688K, reserved 1048576K
Event: 26.832 GC heap after
Heap after GC invocations=7 (full 1):
 PSYoungGen      total 189952K, used 3349K [0x00000000d5580000, 0x00000000e6780000, 0x0000000100000000)
  eden space 186368K, 0% used [0x00000000d5580000,0x00000000d5580000,0x00000000e0b80000)
  from space 3584K, 93% used [0x00000000e6400000,0x00000000e6745790,0x00000000e6780000)
  to   space 10752K, 0% used [0x00000000e5280000,0x00000000e5280000,0x00000000e5d00000)
 ParOldGen       total 70144K, used 12681K [0x0000000080000000, 0x0000000084480000, 0x00000000d5580000)
  object space 70144K, 18% used [0x0000000080000000,0x0000000080c627a0,0x0000000084480000)
 Metaspace       used 22439K, capacity 22778K, committed 23088K, reserved 1069056K
  class space    used 2450K, capacity 2581K, committed 2688K, reserved 1048576K
}
Event: 32.667 GC heap before
{Heap before GC invocations=8 (full 1):
 PSYoungGen      total 189952K, used 189717K [0x00000000d5580000, 0x00000000e6780000, 0x0000000100000000)
  eden space 186368K, 100% used [0x00000000d5580000,0x00000000e0b80000,0x00000000e0b80000)
  from space 3584K, 93% used [0x00000000e6400000,0x00000000e6745790,0x00000000e6780000)
  to   space 10752K, 0% used [0x00000000e5280000,0x00000000e5280000,0x00000000e5d00000)
 ParOldGen       total 70144K, used 12681K [0x0000000080000000, 0x0000000084480000, 0x00000000d5580000)
  object space 70144K, 18% used [0x0000000080000000,0x0000000080c627a0,0x0000000084480000)
 Metaspace       used 24581K, capacity 25016K, committed 25216K, reserved 1071104K
  class space    used 2767K, capacity 2902K, committed 2944K, reserved 1048576K
Event: 32.682 GC heap after
Heap after GC invocations=8 (full 1):
 PSYoungGen      total 260608K, used 9359K [0x00000000d5580000, 0x00000000e6480000, 0x0000000100000000)
  eden space 250880K, 0% used [0x00000000d5580000,0x00000000d5580000,0x00000000e4a80000)
  from space 9728K, 96% used [0x00000000e5280000,0x00000000e5ba3d90,0x00000000e5c00000)
  to   space 8704K, 0% used [0x00000000e5c00000,0x00000000e5c00000,0x00000000e6480000)
 ParOldGen       total 70144K, used 12689K [0x0000000080000000, 0x0000000084480000, 0x00000000d5580000)
  object space 70144K, 18% used [0x0000000080000000,0x0000000080c647a0,0x0000000084480000)
 Metaspace       used 24581K, capacity 25016K, committed 25216K, reserved 1071104K
  class space    used 2767K, capacity 2902K, committed 2944K, reserved 1048576K
}

Deoptimization events (10 events):
Event: 40.715 Thread 0x000000000245a800 Uncommon trap: reason=bimorphic action=maybe_recompile pc=0x0000000002f25774 method=java.util.regex.Matcher.search(I)Z @ 86
Event: 40.715 Thread 0x000000000245a800 Uncommon trap: reason=bimorphic action=maybe_recompile pc=0x0000000002f25774 method=java.util.regex.Matcher.search(I)Z @ 86
Event: 40.715 Thread 0x000000000245a800 Uncommon trap: reason=bimorphic action=maybe_recompile pc=0x0000000002f25774 method=java.util.regex.Matcher.search(I)Z @ 86
Event: 41.043 Thread 0x000000000245a800 Uncommon trap: reason=unstable_if action=reinterpret pc=0x00000000030200d8 method=java.util.regex.Pattern$BmpCharProperty.match(Ljava/util/regex/Matcher;ILjava/lang/CharSequence;)Z @ 34
Event: 41.159 Thread 0x000000000245a800 Uncommon trap: reason=class_check action=maybe_recompile pc=0x0000000002ffc71c method=java.util.HashSet.contains(Ljava/lang/Object;)Z @ 5
Event: 41.159 Thread 0x000000000245a800 Uncommon trap: reason=class_check action=maybe_recompile pc=0x0000000002ffc71c method=java.util.HashSet.contains(Ljava/lang/Object;)Z @ 5
Event: 43.123 Thread 0x000000000245a800 Uncommon trap: reason=class_check action=maybe_recompile pc=0x00000000030d4374 method=org.openqa.selenium.json.Input.init()V @ 18
Event: 43.123 Thread 0x000000000245a800 Uncommon trap: reason=class_check action=maybe_recompile pc=0x00000000030d4374 method=org.openqa.selenium.json.Input.init()V @ 18
Event: 43.123 Thread 0x000000000245a800 Uncommon trap: reason=class_check action=maybe_recompile pc=0x00000000030d4374 method=org.openqa.selenium.json.Input.init()V @ 18
Event: 43.123 Thread 0x000000000245a800 Uncommon trap: reason=class_check action=maybe_recompile pc=0x00000000030d4374 method=org.openqa.selenium.json.Input.init()V @ 18

Classes redefined (0 events):
No events

Internal exceptions (10 events):
Event: 35.415 Thread 0x000000001c432800 Exception <a 'java/net/SocketTimeoutException': connect timed out> (0x00000000d7eefc48) thrown at [C:\jenkins\workspace\zulu8-silver-build-win64\zulu-src\hotspot\src\share\vm\prims\jni.cpp, line 738]
Event: 35.947 Thread 0x000000001c432800 Exception <a 'java/net/SocketTimeoutException': connect timed out> (0x00000000d7ef1120) thrown at [C:\jenkins\workspace\zulu8-silver-build-win64\zulu-src\hotspot\src\share\vm\prims\jni.cpp, line 738]
Event: 36.533 Thread 0x000000001c432800 Exception <a 'java/net/SocketTimeoutException': connect timed out> (0x00000000d7ef25f8) thrown at [C:\jenkins\workspace\zulu8-silver-build-win64\zulu-src\hotspot\src\share\vm\prims\jni.cpp, line 738]
Event: 37.092 Thread 0x000000001c432800 Exception <a 'java/net/SocketTimeoutException': connect timed out> (0x00000000d7ef3ad0) thrown at [C:\jenkins\workspace\zulu8-silver-build-win64\zulu-src\hotspot\src\share\vm\prims\jni.cpp, line 738]
Event: 37.710 Thread 0x000000001c432800 Exception <a 'java/net/SocketTimeoutException': connect timed out> (0x00000000d7ef4fa8) thrown at [C:\jenkins\workspace\zulu8-silver-build-win64\zulu-src\hotspot\src\share\vm\prims\jni.cpp, line 738]
Event: 38.379 Thread 0x000000001c432800 Exception <a 'java/net/SocketTimeoutException': connect timed out> (0x00000000d7ef6480) thrown at [C:\jenkins\workspace\zulu8-silver-build-win64\zulu-src\hotspot\src\share\vm\prims\jni.cpp, line 738]
Event: 39.234 Thread 0x000000001c432800 Exception <a 'java/net/SocketTimeoutException': connect timed out> (0x00000000d7ef7958) thrown at [C:\jenkins\workspace\zulu8-silver-build-win64\zulu-src\hotspot\src\share\vm\prims\jni.cpp, line 738]
Event: 39.690 Thread 0x000000000245a800 Exception <a 'java/lang/IncompatibleClassChangeError': Found class java.lang.Object, but interface was expected> (0x00000000d7be0350) thrown at [C:\jenkins\workspace\zulu8-silver-build-win64\zulu-src\hotspot\src\share\vm\interpreter\linkResolver.cpp, line
Event: 39.694 Thread 0x000000000245a800 Exception <a 'java/lang/NoSuchMethodError': java.lang.Object.lambda$or$2(Ljava/util/function/Predicate;Ljava/lang/Object;)Z> (0x00000000d7bfec40) thrown at [C:\jenkins\workspace\zulu8-silver-build-win64\zulu-src\hotspot\src\share\vm\interpreter\linkResolv
Event: 40.063 Thread 0x000000000245a800 Exception <a 'java/lang/NoSuchMethodError': java.lang.Object.lambda$chars$0()Ljava/util/Spliterator$OfInt;> (0x00000000d89c0a98) thrown at [C:\jenkins\workspace\zulu8-silver-build-win64\zulu-src\hotspot\src\share\vm\interpreter\linkResolver.cpp, line 620]

Events (10 events):
Event: 43.123 Thread 0x000000000245a800 DEOPT UNPACKING pc=0x000000000258567b sp=0x000000000243d1c0 mode 2
Event: 43.123 Thread 0x000000000245a800 Uncommon trap: trap_request=0xffffffde fr.pc=0x00000000030d4374
Event: 43.123 Thread 0x000000000245a800 DEOPT PACKING pc=0x00000000030d4374 sp=0x000000000243ce40
Event: 43.123 Thread 0x000000000245a800 DEOPT UNPACKING pc=0x000000000258567b sp=0x000000000243ce40 mode 2
Event: 43.123 Thread 0x000000000245a800 Uncommon trap: trap_request=0xffffffde fr.pc=0x00000000030d4374
Event: 43.123 Thread 0x000000000245a800 DEOPT PACKING pc=0x00000000030d4374 sp=0x000000000243c8f0
Event: 43.123 Thread 0x000000000245a800 DEOPT UNPACKING pc=0x000000000258567b sp=0x000000000243c8f0 mode 2
Event: 43.123 Thread 0x000000000245a800 Uncommon trap: trap_request=0xffffffde fr.pc=0x00000000030d4374
Event: 43.123 Thread 0x000000000245a800 DEOPT PACKING pc=0x00000000030d4374 sp=0x000000000243c8f0
Event: 43.123 Thread 0x000000000245a800 DEOPT UNPACKING pc=0x000000000258567b sp=0x000000000243c8f0 mode 2


Dynamic libraries:
0x00007ff71ce80000 - 0x00007ff71ceb5000 	C:\Users\bilguun.amarsaikhan\Downloads\Katalon_Studio_Windows_64-8.1.0 (1)\Katalon_Studio_Windows_64-8.1.0\jre\bin\javaw.exe
0x00007ff834110000 - 0x00007ff834305000 	C:\windows\SYSTEM32\ntdll.dll
0x00007ff833dd0000 - 0x00007ff833e8e000 	C:\windows\System32\KERNEL32.DLL
0x00007ff831cb0000 - 0x00007ff831f79000 	C:\windows\System32\KERNELBASE.dll
0x00007ff832c70000 - 0x00007ff832d1c000 	C:\windows\System32\ADVAPI32.dll
0x00007ff833cd0000 - 0x00007ff833d6e000 	C:\windows\System32\msvcrt.dll
0x00007ff833f80000 - 0x00007ff83401b000 	C:\windows\System32\sechost.dll
0x00007ff832d50000 - 0x00007ff832e7a000 	C:\windows\System32\RPCRT4.dll
0x00007ff832860000 - 0x00007ff832a01000 	C:\windows\System32\USER32.dll
0x00007ff832020000 - 0x00007ff832042000 	C:\windows\System32\win32u.dll
0x00007ff832830000 - 0x00007ff83285b000 	C:\windows\System32\GDI32.dll
0x00007ff832050000 - 0x00007ff83215b000 	C:\windows\System32\gdi32full.dll
0x00007ff831f80000 - 0x00007ff83201d000 	C:\windows\System32\msvcp_win.dll
0x00007ff831990000 - 0x00007ff831a90000 	C:\windows\System32\ucrtbase.dll
0x00007ff828e90000 - 0x00007ff82912a000 	C:\windows\WinSxS\amd64_microsoft.windows.common-controls_6595b64144ccf1df_6.0.19041.1110_none_60b5254171f9507e\COMCTL32.dll
0x00007ff8338d0000 - 0x00007ff833900000 	C:\windows\System32\IMM32.DLL
0x000000005fe80000 - 0x000000005ff52000 	C:\Users\bilguun.amarsaikhan\Downloads\Katalon_Studio_Windows_64-8.1.0 (1)\Katalon_Studio_Windows_64-8.1.0\jre\bin\msvcr100.dll
0x0000000060040000 - 0x0000000060905000 	C:\Users\bilguun.amarsaikhan\Downloads\Katalon_Studio_Windows_64-8.1.0 (1)\Katalon_Studio_Windows_64-8.1.0\jre\bin\server\jvm.dll
0x00007ff833e90000 - 0x00007ff833e98000 	C:\windows\System32\PSAPI.DLL
0x00007ff807410000 - 0x00007ff807419000 	C:\windows\SYSTEM32\WSOCK32.dll
0x00007ff833690000 - 0x00007ff8336fb000 	C:\windows\System32\WS2_32.dll
0x00007ff814870000 - 0x00007ff814897000 	C:\windows\SYSTEM32\WINMM.dll
0x00007ff82a310000 - 0x00007ff82a31a000 	C:\windows\SYSTEM32\VERSION.dll
0x00007fffe6460000 - 0x00007fffe646f000 	C:\Users\bilguun.amarsaikhan\Downloads\Katalon_Studio_Windows_64-8.1.0 (1)\Katalon_Studio_Windows_64-8.1.0\jre\bin\verify.dll
0x00007fffe6430000 - 0x00007fffe6459000 	C:\Users\bilguun.amarsaikhan\Downloads\Katalon_Studio_Windows_64-8.1.0 (1)\Katalon_Studio_Windows_64-8.1.0\jre\bin\java.dll
0x00007fffe6410000 - 0x00007fffe6426000 	C:\Users\bilguun.amarsaikhan\Downloads\Katalon_Studio_Windows_64-8.1.0 (1)\Katalon_Studio_Windows_64-8.1.0\jre\bin\zip.dll
0x00007ff832e80000 - 0x00007ff8335bf000 	C:\windows\System32\SHELL32.dll
0x00007ff82f840000 - 0x00007ff82ffd0000 	C:\windows\SYSTEM32\windows.storage.dll
0x00007ff833900000 - 0x00007ff833c55000 	C:\windows\System32\combase.dll
0x00007ff8311b0000 - 0x00007ff8311dc000 	C:\windows\SYSTEM32\Wldp.dll
0x00007ff832bc0000 - 0x00007ff832c6d000 	C:\windows\System32\SHCORE.dll
0x00007ff833d70000 - 0x00007ff833dc5000 	C:\windows\System32\shlwapi.dll
0x00007ff831770000 - 0x00007ff83178f000 	C:\windows\SYSTEM32\profapi.dll
0x00007fffe5fc0000 - 0x00007fffe5fdb000 	C:\Users\bilguun.amarsaikhan\Downloads\Katalon_Studio_Windows_64-8.1.0 (1)\Katalon_Studio_Windows_64-8.1.0\jre\bin\net.dll
0x00007ff830f10000 - 0x00007ff830f7a000 	C:\windows\system32\mswsock.dll
0x00007fffe4500000 - 0x00007fffe4511000 	C:\Users\bilguun.amarsaikhan\Downloads\Katalon_Studio_Windows_64-8.1.0 (1)\Katalon_Studio_Windows_64-8.1.0\jre\bin\nio.dll
0x00007ff830c40000 - 0x00007ff830d0c000 	C:\windows\SYSTEM32\DNSAPI.dll
0x00007ff830c00000 - 0x00007ff830c3b000 	C:\windows\SYSTEM32\IPHLPAPI.DLL
0x00007ff832d40000 - 0x00007ff832d48000 	C:\windows\System32\NSI.dll
0x00007ff829540000 - 0x00007ff82954a000 	C:\Windows\System32\rasadhlp.dll
0x00007ff829cf0000 - 0x00007ff829d6f000 	C:\windows\System32\fwpuclnt.dll
0x00007ff831a90000 - 0x00007ff831ab7000 	C:\windows\System32\bcrypt.dll
0x00007ff818030000 - 0x00007ff818054000 	C:\Users\bilguun.amarsaikhan\Downloads\Katalon_Studio_Windows_64-8.1.0 (1)\Katalon_Studio_Windows_64-8.1.0\jre\bin\sunec.dll
0x00007ff81a480000 - 0x00007ff81a48c000 	C:\Users\bilguun.amarsaikhan\Downloads\Katalon_Studio_Windows_64-8.1.0 (1)\Katalon_Studio_Windows_64-8.1.0\jre\bin\sunmscapi.dll
0x00007ff831830000 - 0x00007ff831986000 	C:\windows\System32\CRYPT32.dll
0x00007ff831220000 - 0x00007ff831247000 	C:\windows\SYSTEM32\ncrypt.dll
0x00007ff8311e0000 - 0x00007ff83121b000 	C:\windows\SYSTEM32\NTASN1.dll
0x00007ff831100000 - 0x00007ff831118000 	C:\windows\SYSTEM32\CRYPTSP.dll
0x00007ff830780000 - 0x00007ff8307b4000 	C:\windows\system32\rsaenh.dll
0x00007ff831730000 - 0x00007ff83175e000 	C:\windows\SYSTEM32\USERENV.dll
0x00007ff831ac0000 - 0x00007ff831b43000 	C:\windows\System32\bcryptprimitives.dll
0x00007ff831120000 - 0x00007ff83112c000 	C:\windows\SYSTEM32\CRYPTBASE.dll
0x00007ff82b910000 - 0x00007ff82b927000 	C:\windows\SYSTEM32\dhcpcsvc6.DLL
0x00007ff82b8f0000 - 0x00007ff82b90d000 	C:\windows\SYSTEM32\dhcpcsvc.DLL

VM Arguments:
jvm_args: -Dgroovy.home=C:\Users\bilguun.amarsaikhan/.groovy -Djava.system.class.loader=groovy.lang.GroovyClassLoader -Xmx2048m -Dfile.encoding=UTF-8 
java_command: org.codehaus.groovy.tools.GroovyStarter --classpath C:\Users\bilguun.amarsaikhan\git\modpims-testing\Transfer Workflow\Transfer Workflow\bin\keyword;C:\Users\bilguun.amarsaikhan\git\modpims-testing\Transfer Workflow\Transfer Workflow\Keywords;C:\Users\bilguun.amarsaikhan\git\modpims-testing\Transfer Workflow\Transfer Workflow\bin\listener;C:\Users\bilguun.amarsaikhan\git\modpims-testing\Transfer Workflow\Transfer Workflow\Test Listeners;C:\Users\bilguun.amarsaikhan\git\modpims-testing\Transfer Workflow\Transfer Workflow\bin\lib;C:\Users\bilguun.amarsaikhan\git\modpims-testing\Transfer Workflow\Transfer Workflow\Libs;C:\Users\bilguun.amarsaikhan\git\modpims-testing\Transfer Workflow\Transfer Workflow\bin\groovy;C:\Users\bilguun.amarsaikhan\git\modpims-testing\Transfer Workflow\Transfer Workflow\Include\scripts\groovy;C:\Users\bilguun.amarsaikhan\Downloads\Katalon_Studio_Windows_64-8.1.0 (1)\Katalon_Studio_Windows_64-8.1.0\plugins\com.kms.katalon.core_1.0.0.202108170301.jar;C:\Users\bilguun.amarsaikhan\Downloads\Katalon_Studio_Windows_64-8.1.0 (1)\Katalon_Studio_Windows_64-8.1.0\configuration\resources\lib\aalto-xml-1.0.0.jar;C:\Users\bilguun.amarsaikhan\Downloads\Katalon_Studio_Windows_64-8.1.0 (1)\Katalon_Studio_Windows_64-8.1.0\configuration\resources\lib\aspectjweaver-1.9.1.jar;C:\Users\bilguun.amarsaikhan\Downloads\Katalon_Studio_Windows_64-8.1.0 (1)\Katalon_Studio_Windows_64-8.1.0\configuration\resources\lib\bcpkix-jdk15on-1.64.jar;C:\Users\bilguun.amarsaikhan\Downloads\Katalon_Studio_Windows_64-8.1.0 (1)\Katalon_Studio_Windows_64-8.1.0\configuration\resources\lib\bcprov-jdk15on-1.64.jar;C:\Users\bilguun.amarsaikhan\Downloads\Katalon_Studio_Windows_64-8.1.0 (1)\Katalon_Studio_Windows_64-8.1.0\configuration\resources\lib\browsermob-core-2.1.5.jar;C:\Users\bilguun.amarsaikhan\Downloads\Katalon_Studio_Windows_64-8.1.0 (1)\Katalon_Studio_Windows_64-8.1.0\configuration\resources\lib\cglib-3.2.10.jar;C:\Users\bilguun.amarsaikhan\Downloads\Katalon_Studi
java_class_path (initial): C:\Users\bilguun.amarsaikhan\git\modpims-testing\Transfer Workflow\Transfer Workflow\bin\keyword;C:\Users\bilguun.amarsaikhan\git\modpims-testing\Transfer Workflow\Transfer Workflow\bin\listener;C:\Users\bilguun.amarsaikhan\git\modpims-testing\Transfer Workflow\Transfer Workflow\bin\lib;C:\Users\bilguun.amarsaikhan\git\modpims-testing\Transfer Workflow\Transfer Workflow\bin\groovy;C:\Users\bilguun.amarsaikhan\git\modpims-testing\Transfer Workflow\Transfer Workflow\bin;C:\Users\bilguun.amarsaikhan\Downloads\Katalon_Studio_Windows_64-8.1.0 (1)\Katalon_Studio_Windows_64-8.1.0\plugins\com.kms.katalon.core_1.0.0.202108170301.jar;C:\Users\bilguun.amarsaikhan\Downloads\Katalon_Studio_Windows_64-8.1.0 (1)\Katalon_Studio_Windows_64-8.1.0\configuration\resources\lib\aalto-xml-1.0.0.jar;C:\Users\bilguun.amarsaikhan\Downloads\Katalon_Studio_Windows_64-8.1.0 (1)\Katalon_Studio_Windows_64-8.1.0\configuration\resources\lib\aspectjweaver-1.9.1.jar;C:\Users\bilguun.amarsaikhan\Downloads\Katalon_Studio_Windows_64-8.1.0 (1)\Katalon_Studio_Windows_64-8.1.0\configuration\resources\lib\bcpkix-jdk15on-1.64.jar;C:\Users\bilguun.amarsaikhan\Downloads\Katalon_Studio_Windows_64-8.1.0 (1)\Katalon_Studio_Windows_64-8.1.0\configuration\resources\lib\bcprov-jdk15on-1.64.jar;C:\Users\bilguun.amarsaikhan\Downloads\Katalon_Studio_Windows_64-8.1.0 (1)\Katalon_Studio_Windows_64-8.1.0\configuration\resources\lib\browsermob-core-2.1.5.jar;C:\Users\bilguun.amarsaikhan\Downloads\Katalon_Studio_Windows_64-8.1.0 (1)\Katalon_Studio_Windows_64-8.1.0\configuration\resources\lib\cglib-3.2.10.jar;C:\Users\bilguun.amarsaikhan\Downloads\Katalon_Studio_Windows_64-8.1.0 (1)\Katalon_Studio_Windows_64-8.1.0\configuration\resources\lib\commons-codec-1.10.jar;C:\Users\bilguun.amarsaikhan\Downloads\Katalon_Studio_Windows_64-8.1.0 (1)\Katalon_Studio_Windows_64-8.1.0\configuration\resources\lib\commons-collections4-4.1.jar;C:\Users\bilguun.amarsaikhan\Downloads\Katalon_Studio_Windows_64-8.1.0 (
Launcher Type: SUN_STANDARD

Environment Variables:
PATH=C:/Users/bilguun.amarsaikhan/Downloads/Katalon_Studio_Windows_64-8.1.0 (1)/Katalon_Studio_Windows_64-8.1.0/jre/bin/server;C:/Users/bilguun.amarsaikhan/Downloads/Katalon_Studio_Windows_64-8.1.0 (1)/Katalon_Studio_Windows_64-8.1.0/jre/bin;C:/Users/bilguun.amarsaikhan/Downloads/Katalon_Studio_Windows_64-8.1.0 (1)/Katalon_Studio_Windows_64-8.1.0/jre/lib/amd64;C:\Program Files\Common Files\Oracle\Java\javapath;C:\windows\system32;C:\windows;C:\windows\System32\Wbem;C:\windows\System32\WindowsPowerShell\v1.0\;C:\windows\System32\OpenSSH\;C:\Program Files (x86)\Microsoft SQL Server\150\DTS\Binn\;C:\Program Files\Azure Data Studio\bin;C:\Program Files\Git\cmd;C:\Program Files\dotnet\;C:\Program Files\Microsoft SQL Server\130\Tools\Binn\;C:\Program Files\Microsoft SQL Server\Client SDK\ODBC\170\Tools\Binn\;C:\Users\bilguun.amarsaikhan\AppData\Local\Microsoft\WindowsApps;C:\Users\bilguun.amarsaikhan\Desktop;C:\Users\bilguun.amarsaikhan\.dotnet\tools;C:\Users\bilguun.amarsaikhan\AppData\Local\Programs\Microsoft VS Code\bin;C:\Users\bilguun.amarsaikhan\Downloads\Katalon_Studio_Windows_64-8.1.0 (1)\Katalon_Studio_Windows_64-8.1.0;
USERNAME=bilguun.amarsaikhan
OS=Windows_NT
PROCESSOR_IDENTIFIER=Intel64 Family 6 Model 63 Stepping 2, GenuineIntel



---------------  S Y S T E M  ---------------

OS: Windows 10.0 , 64 bit Build 19041 (10.0.19041.1202)
HyperV virtualization detected

CPU:total 2 (initial active 2) (2 cores per cpu, 1 threads per core) family 6 model 63 stepping 2, cmov, cx8, fxsr, mmx, sse, sse2, sse3, ssse3, sse4.1, sse4.2, popcnt, avx, avx2, aes, clmul, erms, lzcnt, tsc, bmi1, bmi2

Memory: 4k page, physical 8388148k(1066576k free), swap 10485040k(180k free)

vm_info: OpenJDK 64-Bit Server VM (25.282-b08) for windows-amd64 JRE (Zulu 8.52.0.23-CA-win64) (1.8.0_282-b08), built on Jan 12 2021 07:45:49 by "tester" with MS VC++ 10.0 (VS2010)

time: Wed Oct 20 14:37:48 2021
timezone: Coordinated Universal Time
elapsed time: 43.136187 seconds (0d 0h 0m 43s)

