#
# There is insufficient memory for the Java Runtime Environment to continue.
# Native memory allocation (malloc) failed to allocate 32744 bytes for ChunkPool::allocate
# Possible reasons:
#   The system is out of physical RAM or swap space
#   The process is running with CompressedOops enabled, and the Java Heap may be blocking the growth of the native heap
# Possible solutions:
#   Reduce memory load on the system
#   Increase physical memory or swap space
#   Check if swap backing store is full
#   Decrease Java heap size (-Xmx/-Xms)
#   Decrease number of Java threads
#   Decrease Java thread stack sizes (-Xss)
#   Set larger code cache with -XX:ReservedCodeCacheSize=
#   JVM is running with Unscaled Compressed Oops mode in which the Java heap is
#     placed in the first 4GB address space. The Java Heap base address is the
#     maximum limit for the native heap growth. Please use -XX:HeapBaseMinAddress
#     to set the Java Heap base and to place the Java Heap above 4GB virtual address.
# This output file may be truncated or incomplete.
#
#  Out of Memory Error (allocation.cpp:272), pid=15780, tid=0x0000000000001714
#
# JRE version: OpenJDK Runtime Environment (Zulu 8.52.0.23-CA-win64) (8.0_282-b08) (build 1.8.0_282-b08)
# Java VM: OpenJDK 64-Bit Server VM (25.282-b08 mixed mode windows-amd64 compressed oops)
# Failed to write core dump. Minidumps are not enabled by default on client versions of Windows
#

---------------  T H R E A D  ---------------

Current thread (0x00000000180cb000):  JavaThread "C2 CompilerThread0" daemon [_thread_in_native, id=5908, stack(0x00000000183c0000,0x00000000184c0000)]

Stack: [0x00000000183c0000,0x00000000184c0000]
[error occurred during error reporting (printing stack bounds), id 0xc0000005]

Native frames: (J=compiled Java code, j=interpreted, Vv=VM code, C=native code)


Current CompileTask:
C2:  70716 3511 %     4       java.lang.String::toLowerCase @ 20 (439 bytes)


---------------  P R O C E S S  ---------------

Java Threads: ( => current thread )
  0x00000000191e3000 JavaThread "Okio Watchdog" daemon [_thread_blocked, id=9644, stack(0x000000001e510000,0x000000001e610000)]
  0x000000001b12c800 JavaThread "OkHttp ConnectionPool" daemon [_thread_blocked, id=3288, stack(0x000000001e410000,0x000000001e510000)]
  0x000000001af22000 JavaThread "Exec Stream Pumper" daemon [_thread_in_native, id=10968, stack(0x000000001c6e0000,0x000000001c7e0000)]
  0x0000000018c59800 JavaThread "Exec Stream Pumper" daemon [_thread_in_native, id=8820, stack(0x000000001c5e0000,0x000000001c6e0000)]
  0x000000001af21800 JavaThread "UrlChecker-2" daemon [_thread_blocked, id=18208, stack(0x000000001c4e0000,0x000000001c5e0000)]
  0x00000000194ee800 JavaThread "Exec Default Executor" daemon [_thread_in_native, id=15308, stack(0x000000001c3e0000,0x000000001c4e0000)]
  0x0000000018183000 JavaThread "Service Thread" daemon [_thread_blocked, id=10996, stack(0x00000000185c0000,0x00000000186c0000)]
  0x00000000180cc000 JavaThread "C1 CompilerThread1" daemon [_thread_blocked, id=19920, stack(0x00000000184c0000,0x00000000185c0000)]
=>0x00000000180cb000 JavaThread "C2 CompilerThread0" daemon [_thread_in_native, id=5908, stack(0x00000000183c0000,0x00000000184c0000)]
  0x0000000018120000 JavaThread "Attach Listener" daemon [_thread_blocked, id=20660, stack(0x00000000182c0000,0x00000000183c0000)]
  0x00000000180bd000 JavaThread "Signal Dispatcher" daemon [_thread_blocked, id=20132, stack(0x00000000181c0000,0x00000000182c0000)]
  0x0000000016f69800 JavaThread "Finalizer" daemon [_thread_blocked, id=6512, stack(0x0000000017bc0000,0x0000000017cc0000)]
  0x0000000016f61800 JavaThread "Reference Handler" daemon [_thread_blocked, id=13516, stack(0x0000000017ac0000,0x0000000017bc0000)]
  0x00000000024aa800 JavaThread "main" [_thread_in_native, id=14352, stack(0x0000000002390000,0x0000000002490000)]

Other Threads:
  0x0000000016f38800 VMThread [stack: 0x00000000179c0000,0x0000000017ac0000] [id=21292]
  0x000000001700a000 WatcherThread [stack: 0x00000000186c0000,0x00000000187c0000] [id=20716]

VM state:not at safepoint (normal execution)

VM Mutex/Monitor currently owned by a thread: None

heap address: 0x0000000080000000, size: 2048 MB, Compressed Oops mode: 32-bit
Narrow klass base: 0x0000000000000000, Narrow klass shift: 3
Compressed class space size: 1073741824 Address: 0x0000000100000000

Heap:
 PSYoungGen      total 226816K, used 132031K [0x00000000d5580000, 0x00000000e6000000, 0x0000000100000000)
  eden space 217600K, 56% used [0x00000000d5580000,0x00000000dcd76988,0x00000000e2a00000)
  from space 9216K, 99% used [0x00000000e5100000,0x00000000e59f9648,0x00000000e5a00000)
  to   space 6144K, 0% used [0x00000000e5a00000,0x00000000e5a00000,0x00000000e6000000)
 ParOldGen       total 65024K, used 8763K [0x0000000080000000, 0x0000000083f80000, 0x00000000d5580000)
  object space 65024K, 13% used [0x0000000080000000,0x000000008088edf0,0x0000000083f80000)
 Metaspace       used 31063K, capacity 32036K, committed 32128K, reserved 1077248K
  class space    used 3665K, capacity 3933K, committed 3968K, reserved 1048576K

Card table byte_map: [0x0000000011950000,0x0000000011d60000] byte_map_base: 0x0000000011550000

Marking Bits: (ParMarkBitMap*) 0x0000000060881f00
 Begin Bits: [0x0000000012210000, 0x0000000014210000)
 End Bits:   [0x0000000014210000, 0x0000000016210000)

Polling page: 0x0000000000970000

CodeCache: size=245760Kb used=12255Kb max_used=12958Kb free=233504Kb
 bounds [0x0000000002590000, 0x0000000003240000, 0x0000000011590000]
 total_blobs=3794 nmethods=3100 adapters=604
 compilation: enabled

Compilation events (10 events):
Event: 68.176 Thread 0x00000000180cb000 3509       4       sun.reflect.DelegatingConstructorAccessorImpl::newInstance (9 bytes)
Event: 68.177 Thread 0x00000000180cc000 nmethod 3507 0x00000000027cf910 code [0x00000000027cfb20, 0x00000000027d0658]
Event: 68.177 Thread 0x00000000180cb000 nmethod 3509 0x00000000028031d0 code [0x0000000002803300, 0x0000000002803378]
Event: 68.177 Thread 0x00000000180cc000 3508       1       org.codehaus.groovy.control.CompilePhase::getPhaseNumber (5 bytes)
Event: 68.177 Thread 0x00000000180cc000 nmethod 3508 0x00000000027f9550 code [0x00000000027f96a0, 0x00000000027f97b0]
Event: 68.177 Thread 0x00000000180cc000 3510       3       org.codehaus.groovy.ast.VariableScope::getDeclaredVariable (14 bytes)
Event: 68.177 Thread 0x00000000180cc000 nmethod 3510 0x00000000027c3390 code [0x00000000027c3500, 0x00000000027c3828]
Event: 68.186 Thread 0x00000000180cb000 3511 %     4       java.lang.String::toLowerCase @ 20 (439 bytes)
Event: 68.188 Thread 0x00000000180cc000 3512       3       java.lang.StringBuilder::append (10 bytes)
Event: 68.188 Thread 0x00000000180cc000 nmethod 3512 0x00000000027f9150 code [0x00000000027f92c0, 0x00000000027f9448]

GC Heap History (10 events):
Event: 5.335 GC heap before
{Heap before GC invocations=6 (full 0):
 PSYoungGen      total 71680K, used 71676K [0x00000000d5580000, 0x00000000de780000, 0x0000000100000000)
  eden space 66560K, 100% used [0x00000000d5580000,0x00000000d9680000,0x00000000d9680000)
  from space 5120K, 99% used [0x00000000d9680000,0x00000000d9b7f2b0,0x00000000d9b80000)
  to   space 8192K, 0% used [0x00000000ddf80000,0x00000000ddf80000,0x00000000de780000)
 ParOldGen       total 87552K, used 3331K [0x0000000080000000, 0x0000000085580000, 0x00000000d5580000)
  object space 87552K, 3% used [0x0000000080000000,0x0000000080340e28,0x0000000085580000)
 Metaspace       used 19841K, capacity 20138K, committed 20608K, reserved 1067008K
  class space    used 2187K, capacity 2306K, committed 2432K, reserved 1048576K
Event: 5.350 GC heap after
Heap after GC invocations=6 (full 0):
 PSYoungGen      total 139776K, used 8179K [0x00000000d5580000, 0x00000000dea80000, 0x0000000100000000)
  eden space 131584K, 0% used [0x00000000d5580000,0x00000000d5580000,0x00000000dd600000)
  from space 8192K, 99% used [0x00000000ddf80000,0x00000000de77ceb0,0x00000000de780000)
  to   space 9728K, 0% used [0x00000000dd600000,0x00000000dd600000,0x00000000ddf80000)
 ParOldGen       total 87552K, used 3824K [0x0000000080000000, 0x0000000085580000, 0x00000000d5580000)
  object space 87552K, 4% used [0x0000000080000000,0x00000000803bc3c8,0x0000000085580000)
 Metaspace       used 19841K, capacity 20138K, committed 20608K, reserved 1067008K
  class space    used 2187K, capacity 2306K, committed 2432K, reserved 1048576K
}
Event: 6.512 GC heap before
{Heap before GC invocations=7 (full 0):
 PSYoungGen      total 139776K, used 28982K [0x00000000d5580000, 0x00000000dea80000, 0x0000000100000000)
  eden space 131584K, 15% used [0x00000000d5580000,0x00000000d69d09a0,0x00000000dd600000)
  from space 8192K, 99% used [0x00000000ddf80000,0x00000000de77ceb0,0x00000000de780000)
  to   space 9728K, 0% used [0x00000000dd600000,0x00000000dd600000,0x00000000ddf80000)
 ParOldGen       total 87552K, used 3824K [0x0000000080000000, 0x0000000085580000, 0x00000000d5580000)
  object space 87552K, 4% used [0x0000000080000000,0x00000000803bc3c8,0x0000000085580000)
 Metaspace       used 20856K, capacity 21136K, committed 21296K, reserved 1069056K
  class space    used 2295K, capacity 2425K, committed 2432K, reserved 1048576K
Event: 6.523 GC heap after
Heap after GC invocations=7 (full 0):
 PSYoungGen      total 141312K, used 4429K [0x00000000d5580000, 0x00000000e6880000, 0x0000000100000000)
  eden space 131584K, 0% used [0x00000000d5580000,0x00000000d5580000,0x00000000dd600000)
  from space 9728K, 45% used [0x00000000dd600000,0x00000000dda53458,0x00000000ddf80000)
  to   space 9216K, 0% used [0x00000000e5f80000,0x00000000e5f80000,0x00000000e6880000)
 ParOldGen       total 87552K, used 6952K [0x0000000080000000, 0x0000000085580000, 0x00000000d5580000)
  object space 87552K, 7% used [0x0000000080000000,0x00000000806ca3f8,0x0000000085580000)
 Metaspace       used 20856K, capacity 21136K, committed 21296K, reserved 1069056K
  class space    used 2295K, capacity 2425K, committed 2432K, reserved 1048576K
}
Event: 6.523 GC heap before
{Heap before GC invocations=8 (full 1):
 PSYoungGen      total 141312K, used 4429K [0x00000000d5580000, 0x00000000e6880000, 0x0000000100000000)
  eden space 131584K, 0% used [0x00000000d5580000,0x00000000d5580000,0x00000000dd600000)
  from space 9728K, 45% used [0x00000000dd600000,0x00000000dda53458,0x00000000ddf80000)
  to   space 9216K, 0% used [0x00000000e5f80000,0x00000000e5f80000,0x00000000e6880000)
 ParOldGen       total 87552K, used 6952K [0x0000000080000000, 0x0000000085580000, 0x00000000d5580000)
  object space 87552K, 7% used [0x0000000080000000,0x00000000806ca3f8,0x0000000085580000)
 Metaspace       used 20856K, capacity 21136K, committed 21296K, reserved 1069056K
  class space    used 2295K, capacity 2425K, committed 2432K, reserved 1048576K
Event: 6.645 GC heap after
Heap after GC invocations=8 (full 1):
 PSYoungGen      total 141312K, used 0K [0x00000000d5580000, 0x00000000e6880000, 0x0000000100000000)
  eden space 131584K, 0% used [0x00000000d5580000,0x00000000d5580000,0x00000000dd600000)
  from space 9728K, 0% used [0x00000000dd600000,0x00000000dd600000,0x00000000ddf80000)
  to   space 9216K, 0% used [0x00000000e5f80000,0x00000000e5f80000,0x00000000e6880000)
 ParOldGen       total 65024K, used 8755K [0x0000000080000000, 0x0000000083f80000, 0x00000000d5580000)
  object space 65024K, 13% used [0x0000000080000000,0x000000008088cdf0,0x0000000083f80000)
 Metaspace       used 20856K, capacity 21136K, committed 21296K, reserved 1069056K
  class space    used 2295K, capacity 2425K, committed 2432K, reserved 1048576K
}
Event: 8.758 GC heap before
{Heap before GC invocations=9 (full 1):
 PSYoungGen      total 141312K, used 131584K [0x00000000d5580000, 0x00000000e6880000, 0x0000000100000000)
  eden space 131584K, 100% used [0x00000000d5580000,0x00000000dd600000,0x00000000dd600000)
  from space 9728K, 0% used [0x00000000dd600000,0x00000000dd600000,0x00000000ddf80000)
  to   space 9216K, 0% used [0x00000000e5f80000,0x00000000e5f80000,0x00000000e6880000)
 ParOldGen       total 65024K, used 8755K [0x0000000080000000, 0x0000000083f80000, 0x00000000d5580000)
  object space 65024K, 13% used [0x0000000080000000,0x000000008088cdf0,0x0000000083f80000)
 Metaspace       used 22386K, capacity 22714K, committed 23088K, reserved 1069056K
  class space    used 2448K, capacity 2581K, committed 2688K, reserved 1048576K
Event: 8.766 GC heap after
Heap after GC invocations=9 (full 1):
 PSYoungGen      total 184832K, used 3301K [0x00000000d5580000, 0x00000000e6300000, 0x0000000100000000)
  eden space 181248K, 0% used [0x00000000d5580000,0x00000000d5580000,0x00000000e0680000)
  from space 3584K, 92% used [0x00000000e5f80000,0x00000000e62b97a0,0x00000000e6300000)
  to   space 9216K, 0% used [0x00000000e5100000,0x00000000e5100000,0x00000000e5a00000)
 ParOldGen       total 65024K, used 8755K [0x0000000080000000, 0x0000000083f80000, 0x00000000d5580000)
  object space 65024K, 13% used [0x0000000080000000,0x000000008088cdf0,0x0000000083f80000)
 Metaspace       used 22386K, capacity 22714K, committed 23088K, reserved 1069056K
  class space    used 2448K, capacity 2581K, committed 2688K, reserved 1048576K
}
Event: 13.055 GC heap before
{Heap before GC invocations=10 (full 1):
 PSYoungGen      total 184832K, used 184549K [0x00000000d5580000, 0x00000000e6300000, 0x0000000100000000)
  eden space 181248K, 100% used [0x00000000d5580000,0x00000000e0680000,0x00000000e0680000)
  from space 3584K, 92% used [0x00000000e5f80000,0x00000000e62b97a0,0x00000000e6300000)
  to   space 9216K, 0% used [0x00000000e5100000,0x00000000e5100000,0x00000000e5a00000)
 ParOldGen       total 65024K, used 8755K [0x0000000080000000, 0x0000000083f80000, 0x00000000d5580000)
  object space 65024K, 13% used [0x0000000080000000,0x000000008088cdf0,0x0000000083f80000)
 Metaspace       used 24501K, capacity 24896K, committed 24960K, reserved 1071104K
  class space    used 2764K, capacity 2902K, committed 2944K, reserved 1048576K
Event: 13.070 GC heap after
Heap after GC invocations=10 (full 1):
 PSYoungGen      total 226816K, used 9189K [0x00000000d5580000, 0x00000000e6000000, 0x0000000100000000)
  eden space 217600K, 0% used [0x00000000d5580000,0x00000000d5580000,0x00000000e2a00000)
  from space 9216K, 99% used [0x00000000e5100000,0x00000000e59f9648,0x00000000e5a00000)
  to   space 6144K, 0% used [0x00000000e5a00000,0x00000000e5a00000,0x00000000e6000000)
 ParOldGen       total 65024K, used 8763K [0x0000000080000000, 0x0000000083f80000, 0x00000000d5580000)
  object space 65024K, 13% used [0x0000000080000000,0x000000008088edf0,0x0000000083f80000)
 Metaspace       used 24501K, capacity 24896K, committed 24960K, reserved 1071104K
  class space    used 2764K, capacity 2902K, committed 2944K, reserved 1048576K
}

Deoptimization events (10 events):
Event: 17.774 Thread 0x00000000024aa800 Uncommon trap: reason=unstable_if action=reinterpret pc=0x000000000310c058 method=java.util.regex.Pattern$BmpCharProperty.match(Ljava/util/regex/Matcher;ILjava/lang/CharSequence;)Z @ 34
Event: 17.939 Thread 0x00000000024aa800 Uncommon trap: reason=class_check action=maybe_recompile pc=0x00000000026a2a9c method=java.util.HashSet.contains(Ljava/lang/Object;)Z @ 5
Event: 17.939 Thread 0x00000000024aa800 Uncommon trap: reason=class_check action=maybe_recompile pc=0x00000000026a2a9c method=java.util.HashSet.contains(Ljava/lang/Object;)Z @ 5
Event: 21.415 Thread 0x00000000024aa800 Uncommon trap: reason=class_check action=maybe_recompile pc=0x00000000031bcbf4 method=org.openqa.selenium.json.Input.init()V @ 18
Event: 21.415 Thread 0x00000000024aa800 Uncommon trap: reason=class_check action=maybe_recompile pc=0x00000000031bcbf4 method=org.openqa.selenium.json.Input.init()V @ 18
Event: 21.415 Thread 0x00000000024aa800 Uncommon trap: reason=class_check action=maybe_recompile pc=0x00000000031bcbf4 method=org.openqa.selenium.json.Input.init()V @ 18
Event: 21.415 Thread 0x00000000024aa800 Uncommon trap: reason=class_check action=maybe_recompile pc=0x00000000031bcbf4 method=org.openqa.selenium.json.Input.init()V @ 18
Event: 21.532 Thread 0x00000000024aa800 Uncommon trap: reason=bimorphic action=maybe_recompile pc=0x0000000002b755f0 method=java.util.HashMap.putVal(ILjava/lang/Object;Ljava/lang/Object;ZZ)Ljava/lang/Object; @ 203
Event: 21.536 Thread 0x00000000024aa800 Uncommon trap: reason=bimorphic action=maybe_recompile pc=0x0000000002b755f0 method=java.util.HashMap.putVal(ILjava/lang/Object;Ljava/lang/Object;ZZ)Ljava/lang/Object; @ 203
Event: 21.536 Thread 0x00000000024aa800 Uncommon trap: reason=bimorphic action=maybe_recompile pc=0x0000000002b755f0 method=java.util.HashMap.putVal(ILjava/lang/Object;Ljava/lang/Object;ZZ)Ljava/lang/Object; @ 203

Classes redefined (0 events):
No events

Internal exceptions (10 events):
Event: 57.405 Thread 0x00000000024aa800 Exception <a 'java/net/SocketTimeoutException': Read timed out> (0x00000000dc608d38) thrown at [C:\jenkins\workspace\zulu8-silver-build-win64\zulu-src\hotspot\src\share\vm\prims\jni.cpp, line 738]
Event: 57.533 Thread 0x00000000024aa800 Exception <a 'java/net/SocketTimeoutException': Read timed out> (0x00000000dc63a3e8) thrown at [C:\jenkins\workspace\zulu8-silver-build-win64\zulu-src\hotspot\src\share\vm\prims\jni.cpp, line 738]
Event: 57.662 Thread 0x00000000024aa800 Exception <a 'java/net/SocketTimeoutException': Read timed out> (0x00000000dc651640) thrown at [C:\jenkins\workspace\zulu8-silver-build-win64\zulu-src\hotspot\src\share\vm\prims\jni.cpp, line 738]
Event: 57.693 Thread 0x00000000024aa800 Exception <a 'java/net/SocketTimeoutException': Read timed out> (0x00000000dc66d800) thrown at [C:\jenkins\workspace\zulu8-silver-build-win64\zulu-src\hotspot\src\share\vm\prims\jni.cpp, line 738]
Event: 57.822 Thread 0x00000000024aa800 Exception <a 'java/net/SocketTimeoutException': Read timed out> (0x00000000dc689760) thrown at [C:\jenkins\workspace\zulu8-silver-build-win64\zulu-src\hotspot\src\share\vm\prims\jni.cpp, line 738]
Event: 57.950 Thread 0x00000000024aa800 Exception <a 'java/net/SocketTimeoutException': Read timed out> (0x00000000dc69dfe8) thrown at [C:\jenkins\workspace\zulu8-silver-build-win64\zulu-src\hotspot\src\share\vm\prims\jni.cpp, line 738]
Event: 57.965 Thread 0x00000000024aa800 Exception <a 'java/net/SocketTimeoutException': Read timed out> (0x00000000dc6ba1f0) thrown at [C:\jenkins\workspace\zulu8-silver-build-win64\zulu-src\hotspot\src\share\vm\prims\jni.cpp, line 738]
Event: 58.093 Thread 0x00000000024aa800 Exception <a 'java/net/SocketTimeoutException': Read timed out> (0x00000000dc6d64a8) thrown at [C:\jenkins\workspace\zulu8-silver-build-win64\zulu-src\hotspot\src\share\vm\prims\jni.cpp, line 738]
Event: 58.538 Thread 0x00000000024aa800 Exception <a 'java/net/SocketTimeoutException': Read timed out> (0x00000000dc6ead30) thrown at [C:\jenkins\workspace\zulu8-silver-build-win64\zulu-src\hotspot\src\share\vm\prims\jni.cpp, line 738]
Event: 66.060 Thread 0x00000000024aa800 Exception <a 'java/net/SocketTimeoutException': Read timed out> (0x00000000dc7a4218) thrown at [C:\jenkins\workspace\zulu8-silver-build-win64\zulu-src\hotspot\src\share\vm\prims\jni.cpp, line 738]

Events (10 events):
Event: 68.183 loading class java/net/internal$GlobalVariable
Event: 68.183 loading class java/net/internal$GlobalVariable done
Event: 68.184 loading class java/util/internal$GlobalVariable
Event: 68.184 loading class java/util/internal$GlobalVariable done
Event: 68.185 loading class groovy/lang/internal$GlobalVariable
Event: 68.185 loading class groovy/lang/internal$GlobalVariable done
Event: 68.186 loading class groovy/util/internal$GlobalVariable
Event: 68.186 loading class groovy/util/internal$GlobalVariable done
Event: 68.186 loading class internal$GlobalVariable
Event: 68.186 loading class internal$GlobalVariable done


Dynamic libraries:
0x00007ff71ce80000 - 0x00007ff71ceb5000 	C:\Users\bilguun.amarsaikhan\Downloads\Katalon_Studio_Windows_64-8.1.0 (1)\Katalon_Studio_Windows_64-8.1.0\jre\bin\javaw.exe
0x00007ff834110000 - 0x00007ff834305000 	C:\windows\SYSTEM32\ntdll.dll
0x00007ff833dd0000 - 0x00007ff833e8e000 	C:\windows\System32\KERNEL32.DLL
0x00007ff831cb0000 - 0x00007ff831f79000 	C:\windows\System32\KERNELBASE.dll
0x00007ff832c70000 - 0x00007ff832d1c000 	C:\windows\System32\ADVAPI32.dll
0x00007ff833cd0000 - 0x00007ff833d6e000 	C:\windows\System32\msvcrt.dll
0x00007ff833f80000 - 0x00007ff83401b000 	C:\windows\System32\sechost.dll
0x00007ff832d50000 - 0x00007ff832e7a000 	C:\windows\System32\RPCRT4.dll
0x00007ff832860000 - 0x00007ff832a01000 	C:\windows\System32\USER32.dll
0x00007ff832020000 - 0x00007ff832042000 	C:\windows\System32\win32u.dll
0x00007ff832830000 - 0x00007ff83285b000 	C:\windows\System32\GDI32.dll
0x00007ff832050000 - 0x00007ff83215b000 	C:\windows\System32\gdi32full.dll
0x00007ff831f80000 - 0x00007ff83201d000 	C:\windows\System32\msvcp_win.dll
0x00007ff831990000 - 0x00007ff831a90000 	C:\windows\System32\ucrtbase.dll
0x00007ff828e90000 - 0x00007ff82912a000 	C:\windows\WinSxS\amd64_microsoft.windows.common-controls_6595b64144ccf1df_6.0.19041.1110_none_60b5254171f9507e\COMCTL32.dll
0x00007ff8338d0000 - 0x00007ff833900000 	C:\windows\System32\IMM32.DLL
0x000000005fe80000 - 0x000000005ff52000 	C:\Users\bilguun.amarsaikhan\Downloads\Katalon_Studio_Windows_64-8.1.0 (1)\Katalon_Studio_Windows_64-8.1.0\jre\bin\msvcr100.dll
0x0000000060040000 - 0x0000000060905000 	C:\Users\bilguun.amarsaikhan\Downloads\Katalon_Studio_Windows_64-8.1.0 (1)\Katalon_Studio_Windows_64-8.1.0\jre\bin\server\jvm.dll
0x00007ff833e90000 - 0x00007ff833e98000 	C:\windows\System32\PSAPI.DLL
0x00007ff807410000 - 0x00007ff807419000 	C:\windows\SYSTEM32\WSOCK32.dll
0x00007ff833690000 - 0x00007ff8336fb000 	C:\windows\System32\WS2_32.dll
0x00007ff814870000 - 0x00007ff814897000 	C:\windows\SYSTEM32\WINMM.dll
0x00007ff82a310000 - 0x00007ff82a31a000 	C:\windows\SYSTEM32\VERSION.dll
0x00007fffe6460000 - 0x00007fffe646f000 	C:\Users\bilguun.amarsaikhan\Downloads\Katalon_Studio_Windows_64-8.1.0 (1)\Katalon_Studio_Windows_64-8.1.0\jre\bin\verify.dll
0x00007fffe6430000 - 0x00007fffe6459000 	C:\Users\bilguun.amarsaikhan\Downloads\Katalon_Studio_Windows_64-8.1.0 (1)\Katalon_Studio_Windows_64-8.1.0\jre\bin\java.dll
0x00007fffe6410000 - 0x00007fffe6426000 	C:\Users\bilguun.amarsaikhan\Downloads\Katalon_Studio_Windows_64-8.1.0 (1)\Katalon_Studio_Windows_64-8.1.0\jre\bin\zip.dll
0x00007ff832e80000 - 0x00007ff8335bf000 	C:\windows\System32\SHELL32.dll
0x00007ff82f840000 - 0x00007ff82ffd0000 	C:\windows\SYSTEM32\windows.storage.dll
0x00007ff833900000 - 0x00007ff833c55000 	C:\windows\System32\combase.dll
0x00007ff8311b0000 - 0x00007ff8311dc000 	C:\windows\SYSTEM32\Wldp.dll
0x00007ff832bc0000 - 0x00007ff832c6d000 	C:\windows\System32\SHCORE.dll
0x00007ff833d70000 - 0x00007ff833dc5000 	C:\windows\System32\shlwapi.dll
0x00007ff831770000 - 0x00007ff83178f000 	C:\windows\SYSTEM32\profapi.dll
0x00007fffe5fc0000 - 0x00007fffe5fdb000 	C:\Users\bilguun.amarsaikhan\Downloads\Katalon_Studio_Windows_64-8.1.0 (1)\Katalon_Studio_Windows_64-8.1.0\jre\bin\net.dll
0x00007ff830f10000 - 0x00007ff830f7a000 	C:\windows\system32\mswsock.dll
0x00007fffe4500000 - 0x00007fffe4511000 	C:\Users\bilguun.amarsaikhan\Downloads\Katalon_Studio_Windows_64-8.1.0 (1)\Katalon_Studio_Windows_64-8.1.0\jre\bin\nio.dll
0x00007ff830c40000 - 0x00007ff830d0c000 	C:\windows\SYSTEM32\DNSAPI.dll
0x00007ff830c00000 - 0x00007ff830c3b000 	C:\windows\SYSTEM32\IPHLPAPI.DLL
0x00007ff832d40000 - 0x00007ff832d48000 	C:\windows\System32\NSI.dll
0x00007ff829540000 - 0x00007ff82954a000 	C:\Windows\System32\rasadhlp.dll
0x00007ff829cf0000 - 0x00007ff829d6f000 	C:\windows\System32\fwpuclnt.dll
0x00007ff831a90000 - 0x00007ff831ab7000 	C:\windows\System32\bcrypt.dll
0x00007ff818030000 - 0x00007ff818054000 	C:\Users\bilguun.amarsaikhan\Downloads\Katalon_Studio_Windows_64-8.1.0 (1)\Katalon_Studio_Windows_64-8.1.0\jre\bin\sunec.dll
0x00007ff81a480000 - 0x00007ff81a48c000 	C:\Users\bilguun.amarsaikhan\Downloads\Katalon_Studio_Windows_64-8.1.0 (1)\Katalon_Studio_Windows_64-8.1.0\jre\bin\sunmscapi.dll
0x00007ff831830000 - 0x00007ff831986000 	C:\windows\System32\CRYPT32.dll
0x00007ff831220000 - 0x00007ff831247000 	C:\windows\SYSTEM32\ncrypt.dll
0x00007ff8311e0000 - 0x00007ff83121b000 	C:\windows\SYSTEM32\NTASN1.dll
0x00007ff831100000 - 0x00007ff831118000 	C:\windows\SYSTEM32\CRYPTSP.dll
0x00007ff830780000 - 0x00007ff8307b4000 	C:\windows\system32\rsaenh.dll
0x00007ff831730000 - 0x00007ff83175e000 	C:\windows\SYSTEM32\USERENV.dll
0x00007ff831ac0000 - 0x00007ff831b43000 	C:\windows\System32\bcryptprimitives.dll
0x00007ff831120000 - 0x00007ff83112c000 	C:\windows\SYSTEM32\CRYPTBASE.dll
0x00007ff82b910000 - 0x00007ff82b927000 	C:\windows\SYSTEM32\dhcpcsvc6.DLL
0x00007ff82b8f0000 - 0x00007ff82b90d000 	C:\windows\SYSTEM32\dhcpcsvc.DLL

VM Arguments:
jvm_args: -Dgroovy.home=C:\Users\bilguun.amarsaikhan/.groovy -Djava.system.class.loader=groovy.lang.GroovyClassLoader -Xmx2048m -Dfile.encoding=UTF-8 
java_command: org.codehaus.groovy.tools.GroovyStarter --classpath C:\Users\bilguun.amarsaikhan\git\modpims-testing\Transfer Workflow\Transfer Workflow\bin\keyword;C:\Users\bilguun.amarsaikhan\git\modpims-testing\Transfer Workflow\Transfer Workflow\Keywords;C:\Users\bilguun.amarsaikhan\git\modpims-testing\Transfer Workflow\Transfer Workflow\bin\listener;C:\Users\bilguun.amarsaikhan\git\modpims-testing\Transfer Workflow\Transfer Workflow\Test Listeners;C:\Users\bilguun.amarsaikhan\git\modpims-testing\Transfer Workflow\Transfer Workflow\bin\lib;C:\Users\bilguun.amarsaikhan\git\modpims-testing\Transfer Workflow\Transfer Workflow\Libs;C:\Users\bilguun.amarsaikhan\git\modpims-testing\Transfer Workflow\Transfer Workflow\bin\groovy;C:\Users\bilguun.amarsaikhan\git\modpims-testing\Transfer Workflow\Transfer Workflow\Include\scripts\groovy;C:\Users\bilguun.amarsaikhan\Downloads\Katalon_Studio_Windows_64-8.1.0 (1)\Katalon_Studio_Windows_64-8.1.0\plugins\com.kms.katalon.core_1.0.0.202108170301.jar;C:\Users\bilguun.amarsaikhan\Downloads\Katalon_Studio_Windows_64-8.1.0 (1)\Katalon_Studio_Windows_64-8.1.0\configuration\resources\lib\aalto-xml-1.0.0.jar;C:\Users\bilguun.amarsaikhan\Downloads\Katalon_Studio_Windows_64-8.1.0 (1)\Katalon_Studio_Windows_64-8.1.0\configuration\resources\lib\aspectjweaver-1.9.1.jar;C:\Users\bilguun.amarsaikhan\Downloads\Katalon_Studio_Windows_64-8.1.0 (1)\Katalon_Studio_Windows_64-8.1.0\configuration\resources\lib\bcpkix-jdk15on-1.64.jar;C:\Users\bilguun.amarsaikhan\Downloads\Katalon_Studio_Windows_64-8.1.0 (1)\Katalon_Studio_Windows_64-8.1.0\configuration\resources\lib\bcprov-jdk15on-1.64.jar;C:\Users\bilguun.amarsaikhan\Downloads\Katalon_Studio_Windows_64-8.1.0 (1)\Katalon_Studio_Windows_64-8.1.0\configuration\resources\lib\browsermob-core-2.1.5.jar;C:\Users\bilguun.amarsaikhan\Downloads\Katalon_Studio_Windows_64-8.1.0 (1)\Katalon_Studio_Windows_64-8.1.0\configuration\resources\lib\cglib-3.2.10.jar;C:\Users\bilguun.amarsaikhan\Downloads\Katalon_Studi
java_class_path (initial): C:\Users\bilguun.amarsaikhan\git\modpims-testing\Transfer Workflow\Transfer Workflow\bin\keyword;C:\Users\bilguun.amarsaikhan\git\modpims-testing\Transfer Workflow\Transfer Workflow\bin\listener;C:\Users\bilguun.amarsaikhan\git\modpims-testing\Transfer Workflow\Transfer Workflow\bin\lib;C:\Users\bilguun.amarsaikhan\git\modpims-testing\Transfer Workflow\Transfer Workflow\bin\groovy;C:\Users\bilguun.amarsaikhan\git\modpims-testing\Transfer Workflow\Transfer Workflow\bin;C:\Users\bilguun.amarsaikhan\Downloads\Katalon_Studio_Windows_64-8.1.0 (1)\Katalon_Studio_Windows_64-8.1.0\plugins\com.kms.katalon.core_1.0.0.202108170301.jar;C:\Users\bilguun.amarsaikhan\Downloads\Katalon_Studio_Windows_64-8.1.0 (1)\Katalon_Studio_Windows_64-8.1.0\configuration\resources\lib\aalto-xml-1.0.0.jar;C:\Users\bilguun.amarsaikhan\Downloads\Katalon_Studio_Windows_64-8.1.0 (1)\Katalon_Studio_Windows_64-8.1.0\configuration\resources\lib\aspectjweaver-1.9.1.jar;C:\Users\bilguun.amarsaikhan\Downloads\Katalon_Studio_Windows_64-8.1.0 (1)\Katalon_Studio_Windows_64-8.1.0\configuration\resources\lib\bcpkix-jdk15on-1.64.jar;C:\Users\bilguun.amarsaikhan\Downloads\Katalon_Studio_Windows_64-8.1.0 (1)\Katalon_Studio_Windows_64-8.1.0\configuration\resources\lib\bcprov-jdk15on-1.64.jar;C:\Users\bilguun.amarsaikhan\Downloads\Katalon_Studio_Windows_64-8.1.0 (1)\Katalon_Studio_Windows_64-8.1.0\configuration\resources\lib\browsermob-core-2.1.5.jar;C:\Users\bilguun.amarsaikhan\Downloads\Katalon_Studio_Windows_64-8.1.0 (1)\Katalon_Studio_Windows_64-8.1.0\configuration\resources\lib\cglib-3.2.10.jar;C:\Users\bilguun.amarsaikhan\Downloads\Katalon_Studio_Windows_64-8.1.0 (1)\Katalon_Studio_Windows_64-8.1.0\configuration\resources\lib\commons-codec-1.10.jar;C:\Users\bilguun.amarsaikhan\Downloads\Katalon_Studio_Windows_64-8.1.0 (1)\Katalon_Studio_Windows_64-8.1.0\configuration\resources\lib\commons-collections4-4.1.jar;C:\Users\bilguun.amarsaikhan\Downloads\Katalon_Studio_Windows_64-8.1.0 (
Launcher Type: SUN_STANDARD

Environment Variables:
PATH=C:/Users/bilguun.amarsaikhan/Downloads/Katalon_Studio_Windows_64-8.1.0 (1)/Katalon_Studio_Windows_64-8.1.0/jre/bin/server;C:/Users/bilguun.amarsaikhan/Downloads/Katalon_Studio_Windows_64-8.1.0 (1)/Katalon_Studio_Windows_64-8.1.0/jre/bin;C:/Users/bilguun.amarsaikhan/Downloads/Katalon_Studio_Windows_64-8.1.0 (1)/Katalon_Studio_Windows_64-8.1.0/jre/lib/amd64;C:\Program Files\Common Files\Oracle\Java\javapath;C:\windows\system32;C:\windows;C:\windows\System32\Wbem;C:\windows\System32\WindowsPowerShell\v1.0\;C:\windows\System32\OpenSSH\;C:\Program Files (x86)\Microsoft SQL Server\150\DTS\Binn\;C:\Program Files\Azure Data Studio\bin;C:\Program Files\Git\cmd;C:\Program Files\dotnet\;C:\Program Files\Microsoft SQL Server\130\Tools\Binn\;C:\Program Files\Microsoft SQL Server\Client SDK\ODBC\170\Tools\Binn\;C:\Users\bilguun.amarsaikhan\AppData\Local\Microsoft\WindowsApps;C:\Users\bilguun.amarsaikhan\Desktop;C:\Users\bilguun.amarsaikhan\.dotnet\tools;C:\Users\bilguun.amarsaikhan\AppData\Local\Programs\Microsoft VS Code\bin;C:\Users\bilguun.amarsaikhan\Downloads\Katalon_Studio_Windows_64-8.1.0 (1)\Katalon_Studio_Windows_64-8.1.0;
USERNAME=bilguun.amarsaikhan
OS=Windows_NT
PROCESSOR_IDENTIFIER=Intel64 Family 6 Model 63 Stepping 2, GenuineIntel



---------------  S Y S T E M  ---------------

OS: Windows 10.0 , 64 bit Build 19041 (10.0.19041.1202)
HyperV virtualization detected

CPU:total 2 (initial active 2) (2 cores per cpu, 1 threads per core) family 6 model 63 stepping 2, cmov, cx8, fxsr, mmx, sse, sse2, sse3, ssse3, sse4.1, sse4.2, popcnt, avx, avx2, aes, clmul, erms, lzcnt, tsc, bmi1, bmi2

Memory: 4k page, physical 8388148k(1029900k free), swap 10485040k(108664k free)

vm_info: OpenJDK 64-Bit Server VM (25.282-b08) for windows-amd64 JRE (Zulu 8.52.0.23-CA-win64) (1.8.0_282-b08), built on Jan 12 2021 07:45:49 by "tester" with MS VC++ 10.0 (VS2010)

time: Wed Oct 20 14:56:43 2021
timezone: Coordinated Universal Time
elapsed time: 70.725376 seconds (0d 0h 1m 10s)

