#
# There is insufficient memory for the Java Runtime Environment to continue.
# Native memory allocation (malloc) failed to allocate 438336 bytes for Chunk::new
# Possible reasons:
#   The system is out of physical RAM or swap space
#   The process is running with CompressedOops enabled, and the Java Heap may be blocking the growth of the native heap
# Possible solutions:
#   Reduce memory load on the system
#   Increase physical memory or swap space
#   Check if swap backing store is full
#   Decrease Java heap size (-Xmx/-Xms)
#   Decrease number of Java threads
#   Decrease Java thread stack sizes (-Xss)
#   Set larger code cache with -XX:ReservedCodeCacheSize=
#   JVM is running with Unscaled Compressed Oops mode in which the Java heap is
#     placed in the first 4GB address space. The Java Heap base address is the
#     maximum limit for the native heap growth. Please use -XX:HeapBaseMinAddress
#     to set the Java Heap base and to place the Java Heap above 4GB virtual address.
# This output file may be truncated or incomplete.
#
#  Out of Memory Error (allocation.cpp:389), pid=11140, tid=0x0000000000002240
#
# JRE version: OpenJDK Runtime Environment (Zulu 8.52.0.23-CA-win64) (8.0_282-b08) (build 1.8.0_282-b08)
# Java VM: OpenJDK 64-Bit Server VM (25.282-b08 mixed mode windows-amd64 compressed oops)
# Failed to write core dump. Minidumps are not enabled by default on client versions of Windows
#

---------------  T H R E A D  ---------------

Current thread (0x000000001829f000):  JavaThread "C2 CompilerThread0" daemon [_thread_in_native, id=8768, stack(0x00000000185a0000,0x00000000186a0000)]

Stack: [0x00000000185a0000,0x00000000186a0000]
[error occurred during error reporting (printing stack bounds), id 0xc0000005]

Native frames: (J=compiled Java code, j=interpreted, Vv=VM code, C=native code)


Current CompileTask:
C2:  35495 2623  s!   4       sun.misc.URLClassPath::getLoader (243 bytes)


---------------  P R O C E S S  ---------------

Java Threads: ( => current thread )
  0x000000001720e000 JavaThread "Service Thread" daemon [_thread_blocked, id=19868, stack(0x00000000187a0000,0x00000000188a0000)]
  0x000000001720b000 JavaThread "C1 CompilerThread1" daemon [_thread_blocked, id=20560, stack(0x00000000186a0000,0x00000000187a0000)]
=>0x000000001829f000 JavaThread "C2 CompilerThread0" daemon [_thread_in_native, id=8768, stack(0x00000000185a0000,0x00000000186a0000)]
  0x000000001823a000 JavaThread "Attach Listener" daemon [_thread_blocked, id=20888, stack(0x00000000184a0000,0x00000000185a0000)]
  0x00000000182f7000 JavaThread "Signal Dispatcher" daemon [_thread_blocked, id=13912, stack(0x00000000183a0000,0x00000000184a0000)]
  0x000000001716a800 JavaThread "Finalizer" daemon [_thread_blocked, id=4948, stack(0x0000000017da0000,0x0000000017ea0000)]
  0x0000000017161800 JavaThread "Reference Handler" daemon [_thread_blocked, id=19176, stack(0x0000000017ca0000,0x0000000017da0000)]
  0x00000000026aa800 JavaThread "main" [_thread_in_native, id=17568, stack(0x0000000002590000,0x0000000002690000)]

Other Threads:
  0x0000000017138800 VMThread [stack: 0x0000000017ba0000,0x0000000017ca0000] [id=17432]
  0x00000000182d9800 WatcherThread [stack: 0x00000000188a0000,0x00000000189a0000] [id=13564]

VM state:not at safepoint (normal execution)

VM Mutex/Monitor currently owned by a thread: None

heap address: 0x0000000080000000, size: 2048 MB, Compressed Oops mode: 32-bit
Narrow klass base: 0x0000000000000000, Narrow klass shift: 3
Compressed class space size: 1073741824 Address: 0x0000000100000000

Heap:
 PSYoungGen      total 269312K, used 84417K [0x00000000d5580000, 0x00000000e9700000, 0x0000000100000000)
  eden space 258048K, 29% used [0x00000000d5580000,0x00000000da083008,0x00000000e5180000)
  from space 11264K, 67% used [0x00000000e5180000,0x00000000e58ed638,0x00000000e5c80000)
  to   space 11264K, 0% used [0x00000000e8c00000,0x00000000e8c00000,0x00000000e9700000)
 ParOldGen       total 64512K, used 12763K [0x0000000080000000, 0x0000000083f00000, 0x00000000d5580000)
  object space 64512K, 19% used [0x0000000080000000,0x0000000080c76db0,0x0000000083f00000)
 Metaspace       used 24966K, capacity 25332K, committed 25600K, reserved 1073152K
  class space    used 2846K, capacity 3006K, committed 3072K, reserved 1048576K

Card table byte_map: [0x0000000011b50000,0x0000000011f60000] byte_map_base: 0x0000000011750000

Marking Bits: (ParMarkBitMap*) 0x0000000060881f00
 Begin Bits: [0x0000000012410000, 0x0000000014410000)
 End Bits:   [0x0000000014410000, 0x0000000016410000)

Polling page: 0x00000000003d0000

CodeCache: size=245760Kb used=10286Kb max_used=10297Kb free=235473Kb
 bounds [0x0000000002790000, 0x00000000031b0000, 0x0000000011790000]
 total_blobs=3164 nmethods=2502 adapters=572
 compilation: enabled

Compilation events (10 events):
Event: 35.345 Thread 0x000000001720b000 2618       3       sun.reflect.FieldAccessorImpl::<init> (5 bytes)
Event: 35.345 Thread 0x000000001720b000 nmethod 2618 0x000000000319d790 code [0x000000000319d900, 0x000000000319db10]
Event: 35.345 Thread 0x000000001720b000 2619       3       sun.reflect.UnsafeFieldAccessorImpl::<init> (56 bytes)
Event: 35.345 Thread 0x000000001720b000 nmethod 2619 0x000000000319ccd0 code [0x000000000319ce80, 0x000000000319d598]
Event: 35.350 Thread 0x000000001829f000 nmethod 2620% 0x00000000031a5310 code [0x00000000031a54a0, 0x00000000031a5d58]
Event: 35.434 Thread 0x000000001720b000 2621       3       java.lang.StringBuilder::append (8 bytes)
Event: 35.434 Thread 0x000000001720b000 nmethod 2621 0x000000000318f010 code [0x000000000318f180, 0x000000000318f308]
Event: 35.435 Thread 0x000000001720b000 2622       3       java.lang.StringBuilder::append (6 bytes)
Event: 35.435 Thread 0x000000001720b000 nmethod 2622 0x000000000319c810 code [0x000000000319c980, 0x000000000319cbe8]
Event: 35.460 Thread 0x000000001829f000 2623  s!   4       sun.misc.URLClassPath::getLoader (243 bytes)

GC Heap History (10 events):
Event: 17.338 GC heap before
{Heap before GC invocations=4 (full 0):
 PSYoungGen      total 71680K, used 71651K [0x00000000d5580000, 0x00000000de180000, 0x0000000100000000)
  eden space 66560K, 100% used [0x00000000d5580000,0x00000000d9680000,0x00000000d9680000)
  from space 5120K, 99% used [0x00000000d9680000,0x00000000d9b78f58,0x00000000d9b80000)
  to   space 5120K, 0% used [0x00000000ddc80000,0x00000000ddc80000,0x00000000de180000)
 ParOldGen       total 87552K, used 381K [0x0000000080000000, 0x0000000085580000, 0x00000000d5580000)
  object space 87552K, 0% used [0x0000000080000000,0x000000008005f738,0x0000000085580000)
 Metaspace       used 14947K, capacity 15110K, committed 15232K, reserved 1062912K
  class space    used 1549K, capacity 1607K, committed 1664K, reserved 1048576K
Event: 17.459 GC heap after
Heap after GC invocations=4 (full 0):
 PSYoungGen      total 138240K, used 5108K [0x00000000d5580000, 0x00000000de180000, 0x0000000100000000)
  eden space 133120K, 0% used [0x00000000d5580000,0x00000000d5580000,0x00000000dd780000)
  from space 5120K, 99% used [0x00000000ddc80000,0x00000000de17d228,0x00000000de180000)
  to   space 5120K, 0% used [0x00000000dd780000,0x00000000dd780000,0x00000000ddc80000)
 ParOldGen       total 87552K, used 3500K [0x0000000080000000, 0x0000000085580000, 0x00000000d5580000)
  object space 87552K, 3% used [0x0000000080000000,0x000000008036b028,0x0000000085580000)
 Metaspace       used 14947K, capacity 15110K, committed 15232K, reserved 1062912K
  class space    used 1549K, capacity 1607K, committed 1664K, reserved 1048576K
}
Event: 22.407 GC heap before
{Heap before GC invocations=5 (full 0):
 PSYoungGen      total 138240K, used 111272K [0x00000000d5580000, 0x00000000de180000, 0x0000000100000000)
  eden space 133120K, 79% used [0x00000000d5580000,0x00000000dbd2d068,0x00000000dd780000)
  from space 5120K, 99% used [0x00000000ddc80000,0x00000000de17d228,0x00000000de180000)
  to   space 5120K, 0% used [0x00000000dd780000,0x00000000dd780000,0x00000000ddc80000)
 ParOldGen       total 87552K, used 3500K [0x0000000080000000, 0x0000000085580000, 0x00000000d5580000)
  object space 87552K, 3% used [0x0000000080000000,0x000000008036b028,0x0000000085580000)
 Metaspace       used 20880K, capacity 21136K, committed 21296K, reserved 1069056K
  class space    used 2312K, capacity 2425K, committed 2432K, reserved 1048576K
Event: 22.425 GC heap after
Heap after GC invocations=5 (full 0):
 PSYoungGen      total 138240K, used 5104K [0x00000000d5580000, 0x00000000e6e80000, 0x0000000100000000)
  eden space 133120K, 0% used [0x00000000d5580000,0x00000000d5580000,0x00000000dd780000)
  from space 5120K, 99% used [0x00000000dd780000,0x00000000ddc7c1a8,0x00000000ddc80000)
  to   space 10752K, 0% used [0x00000000e6400000,0x00000000e6400000,0x00000000e6e80000)
 ParOldGen       total 87552K, used 8296K [0x0000000080000000, 0x0000000085580000, 0x00000000d5580000)
  object space 87552K, 9% used [0x0000000080000000,0x000000008081a3d0,0x0000000085580000)
 Metaspace       used 20880K, capacity 21136K, committed 21296K, reserved 1069056K
  class space    used 2312K, capacity 2425K, committed 2432K, reserved 1048576K
}
Event: 22.425 GC heap before
{Heap before GC invocations=6 (full 1):
 PSYoungGen      total 138240K, used 5104K [0x00000000d5580000, 0x00000000e6e80000, 0x0000000100000000)
  eden space 133120K, 0% used [0x00000000d5580000,0x00000000d5580000,0x00000000dd780000)
  from space 5120K, 99% used [0x00000000dd780000,0x00000000ddc7c1a8,0x00000000ddc80000)
  to   space 10752K, 0% used [0x00000000e6400000,0x00000000e6400000,0x00000000e6e80000)
 ParOldGen       total 87552K, used 8296K [0x0000000080000000, 0x0000000085580000, 0x00000000d5580000)
  object space 87552K, 9% used [0x0000000080000000,0x000000008081a3d0,0x0000000085580000)
 Metaspace       used 20880K, capacity 21136K, committed 21296K, reserved 1069056K
  class space    used 2312K, capacity 2425K, committed 2432K, reserved 1048576K
Event: 22.667 GC heap after
Heap after GC invocations=6 (full 1):
 PSYoungGen      total 138240K, used 0K [0x00000000d5580000, 0x00000000e6e80000, 0x0000000100000000)
  eden space 133120K, 0% used [0x00000000d5580000,0x00000000d5580000,0x00000000dd780000)
  from space 5120K, 0% used [0x00000000dd780000,0x00000000dd780000,0x00000000ddc80000)
  to   space 10752K, 0% used [0x00000000e6400000,0x00000000e6400000,0x00000000e6e80000)
 ParOldGen       total 64512K, used 12747K [0x0000000080000000, 0x0000000083f00000, 0x00000000d5580000)
  object space 64512K, 19% used [0x0000000080000000,0x0000000080c72db0,0x0000000083f00000)
 Metaspace       used 20880K, capacity 21136K, committed 21296K, reserved 1069056K
  class space    used 2312K, capacity 2425K, committed 2432K, reserved 1048576K
}
Event: 28.459 GC heap before
{Heap before GC invocations=7 (full 1):
 PSYoungGen      total 138240K, used 133120K [0x00000000d5580000, 0x00000000e6e80000, 0x0000000100000000)
  eden space 133120K, 100% used [0x00000000d5580000,0x00000000dd780000,0x00000000dd780000)
  from space 5120K, 0% used [0x00000000dd780000,0x00000000dd780000,0x00000000ddc80000)
  to   space 10752K, 0% used [0x00000000e6400000,0x00000000e6400000,0x00000000e6e80000)
 ParOldGen       total 64512K, used 12747K [0x0000000080000000, 0x0000000083f00000, 0x00000000d5580000)
  object space 64512K, 19% used [0x0000000080000000,0x0000000080c72db0,0x0000000083f00000)
 Metaspace       used 22363K, capacity 22714K, committed 23088K, reserved 1069056K
  class space    used 2450K, capacity 2581K, committed 2688K, reserved 1048576K
Event: 28.468 GC heap after
Heap after GC invocations=7 (full 1):
 PSYoungGen      total 209408K, used 3232K [0x00000000d5580000, 0x00000000e6780000, 0x0000000100000000)
  eden space 205824K, 0% used [0x00000000d5580000,0x00000000d5580000,0x00000000e1e80000)
  from space 3584K, 90% used [0x00000000e6400000,0x00000000e6728048,0x00000000e6780000)
  to   space 11264K, 0% used [0x00000000e5180000,0x00000000e5180000,0x00000000e5c80000)
 ParOldGen       total 64512K, used 12755K [0x0000000080000000, 0x0000000083f00000, 0x00000000d5580000)
  object space 64512K, 19% used [0x0000000080000000,0x0000000080c74db0,0x0000000083f00000)
 Metaspace       used 22363K, capacity 22714K, committed 23088K, reserved 1069056K
  class space    used 2450K, capacity 2581K, committed 2688K, reserved 1048576K
}
Event: 33.974 GC heap before
{Heap before GC invocations=8 (full 1):
 PSYoungGen      total 209408K, used 209056K [0x00000000d5580000, 0x00000000e6780000, 0x0000000100000000)
  eden space 205824K, 100% used [0x00000000d5580000,0x00000000e1e80000,0x00000000e1e80000)
  from space 3584K, 90% used [0x00000000e6400000,0x00000000e6728048,0x00000000e6780000)
  to   space 11264K, 0% used [0x00000000e5180000,0x00000000e5180000,0x00000000e5c80000)
 ParOldGen       total 64512K, used 12755K [0x0000000080000000, 0x0000000083f00000, 0x00000000d5580000)
  object space 64512K, 19% used [0x0000000080000000,0x0000000080c74db0,0x0000000083f00000)
 Metaspace       used 23092K, capacity 23464K, committed 23680K, reserved 1071104K
  class space    used 2536K, capacity 2659K, committed 2688K, reserved 1048576K
Event: 33.987 GC heap after
Heap after GC invocations=8 (full 1):
 PSYoungGen      total 269312K, used 7605K [0x00000000d5580000, 0x00000000e9700000, 0x0000000100000000)
  eden space 258048K, 0% used [0x00000000d5580000,0x00000000d5580000,0x00000000e5180000)
  from space 11264K, 67% used [0x00000000e5180000,0x00000000e58ed638,0x00000000e5c80000)
  to   space 11264K, 0% used [0x00000000e8c00000,0x00000000e8c00000,0x00000000e9700000)
 ParOldGen       total 64512K, used 12763K [0x0000000080000000, 0x0000000083f00000, 0x00000000d5580000)
  object space 64512K, 19% used [0x0000000080000000,0x0000000080c76db0,0x0000000083f00000)
 Metaspace       used 23092K, capacity 23464K, committed 23680K, reserved 1071104K
  class space    used 2536K, capacity 2659K, committed 2688K, reserved 1048576K
}

Deoptimization events (10 events):
Event: 25.369 Thread 0x00000000026aa800 Uncommon trap: reason=predicate action=maybe_recompile pc=0x0000000002b2e660 method=groovyjarjarantlr.InputBuffer.syncConsume()V @ 7
Event: 25.369 Thread 0x00000000026aa800 Uncommon trap: reason=predicate action=maybe_recompile pc=0x0000000002b2aed4 method=groovyjarjarantlr.InputBuffer.syncConsume()V @ 7
Event: 25.369 Thread 0x00000000026aa800 Uncommon trap: reason=predicate action=maybe_recompile pc=0x0000000002b38c34 method=groovyjarjarantlr.InputBuffer.syncConsume()V @ 7
Event: 25.494 Thread 0x00000000026aa800 Uncommon trap: reason=unstable_if action=reinterpret pc=0x0000000002f9a968 method=groovy.lang.MetaClassImpl.checkIfStdMethod(Lgroovy/lang/MetaMethod;)V @ 31
Event: 25.494 Thread 0x00000000026aa800 Uncommon trap: reason=unstable_if action=reinterpret pc=0x0000000002f94610 method=groovy.lang.MetaClassImpl.checkIfStdMethod(Lgroovy/lang/MetaMethod;)V @ 31
Event: 25.518 Thread 0x00000000026aa800 Uncommon trap: reason=unstable_if action=reinterpret pc=0x0000000002e3fac0 method=java.lang.Class$MethodArray.addIfNotPresent(Ljava/lang/reflect/Method;)V @ 19
Event: 33.752 Thread 0x00000000026aa800 Uncommon trap: reason=unstable_if action=reinterpret pc=0x0000000002da5ad4 method=java.math.BigInteger.addOne([IIII)I @ 55
Event: 33.834 Thread 0x00000000026aa800 Uncommon trap: reason=unstable_if action=reinterpret pc=0x0000000002d2a4e4 method=java.lang.CharacterDataLatin1.digit(II)I @ 60
Event: 35.230 Thread 0x00000000026aa800 Uncommon trap: reason=unstable_if action=reinterpret pc=0x00000000030ea704 method=groovy.lang.MetaClassImpl$1MOPIter.methodNameAction(Ljava/lang/Class;Lorg/codehaus/groovy/runtime/metaclass/MetaMethodIndex$Entry;)V @ 354
Event: 35.432 Thread 0x00000000026aa800 Uncommon trap: reason=unstable_if action=reinterpret pc=0x0000000003195984 method=java.util.concurrent.ConcurrentHashMap.putVal(Ljava/lang/Object;Ljava/lang/Object;Z)Ljava/lang/Object; @ 181

Classes redefined (0 events):
No events

Internal exceptions (10 events):
Event: 34.420 Thread 0x00000000026aa800 Exception <a 'java/lang/ClassNotFoundException': Script7BeanInfo> (0x00000000d7057410) thrown at [C:\jenkins\workspace\zulu8-silver-build-win64\zulu-src\hotspot\src\share\vm\classfile\systemDictionary.cpp, line 220]
Event: 34.431 Thread 0x00000000026aa800 Exception <a 'java/lang/ClassNotFoundException': Script7Customizer> (0x00000000d7114f38) thrown at [C:\jenkins\workspace\zulu8-silver-build-win64\zulu-src\hotspot\src\share\vm\classfile\systemDictionary.cpp, line 220]
Event: 34.456 Thread 0x00000000026aa800 Exception <a 'java/lang/ClassNotFoundException': Script8BeanInfo> (0x00000000d72670e8) thrown at [C:\jenkins\workspace\zulu8-silver-build-win64\zulu-src\hotspot\src\share\vm\classfile\systemDictionary.cpp, line 220]
Event: 34.463 Thread 0x00000000026aa800 Exception <a 'java/lang/ClassNotFoundException': Script8Customizer> (0x00000000d7324c10) thrown at [C:\jenkins\workspace\zulu8-silver-build-win64\zulu-src\hotspot\src\share\vm\classfile\systemDictionary.cpp, line 220]
Event: 35.236 Thread 0x00000000026aa800 Exception <a 'java/lang/ClassNotFoundException': com/kms/katalon/core/webui/keyword/builtin/OpenBrowserKeywordBeanInfo> (0x00000000d93c1920) thrown at [C:\jenkins\workspace\zulu8-silver-build-win64\zulu-src\hotspot\src\share\vm\classfile\systemDictionary.
Event: 35.240 Thread 0x00000000026aa800 Exception <a 'java/lang/ClassNotFoundException': com/kms/katalon/core/webui/keyword/internal/WebUIAbstractKeywordBeanInfo> (0x00000000d94b3840) thrown at [C:\jenkins\workspace\zulu8-silver-build-win64\zulu-src\hotspot\src\share\vm\classfile\systemDictiona
Event: 35.245 Thread 0x00000000026aa800 Exception <a 'java/lang/ClassNotFoundException': com/kms/katalon/core/webui/keyword/internal/WebUIAbstractKeywordCustomizer> (0x00000000d95aa870) thrown at [C:\jenkins\workspace\zulu8-silver-build-win64\zulu-src\hotspot\src\share\vm\classfile\systemDictio
Event: 35.250 Thread 0x00000000026aa800 Exception <a 'java/lang/ClassNotFoundException': com/kms/katalon/core/webui/keyword/builtin/OpenBrowserKeywordCustomizer> (0x00000000d96a1f60) thrown at [C:\jenkins\workspace\zulu8-silver-build-win64\zulu-src\hotspot\src\share\vm\classfile\systemDictionar
Event: 35.301 Thread 0x00000000026aa800 Exception <a 'java/lang/ClassNotFoundException': com/kms/katalon/core/webui/keyword/builtin/InternalSmartWaitGroovyWrapperBeanInfo> (0x00000000d992c8a8) thrown at [C:\jenkins\workspace\zulu8-silver-build-win64\zulu-src\hotspot\src\share\vm\classfile\syste
Event: 35.307 Thread 0x00000000026aa800 Exception <a 'java/lang/ClassNotFoundException': com/kms/katalon/core/webui/keyword/builtin/InternalSmartWaitGroovyWrapperCustomizer> (0x00000000d9a378f8) thrown at [C:\jenkins\workspace\zulu8-silver-build-win64\zulu-src\hotspot\src\share\vm\classfile\sys

Events (10 events):
Event: 35.458 loading class java/lang/ProcessEnvironment$NameComparator
Event: 35.458 loading class java/lang/ProcessEnvironment$NameComparator done
Event: 35.458 loading class java/lang/ProcessEnvironment$EntryComparator
Event: 35.459 loading class java/lang/ProcessEnvironment$EntryComparator done
Event: 35.459 loading class java/lang/ProcessEnvironment$CheckedEntrySet
Event: 35.459 loading class java/lang/ProcessEnvironment$CheckedEntrySet done
Event: 35.459 loading class java/lang/ProcessEnvironment$CheckedEntrySet$1
Event: 35.459 loading class java/lang/ProcessEnvironment$CheckedEntrySet$1 done
Event: 35.459 loading class java/lang/ProcessEnvironment$CheckedEntry
Event: 35.459 loading class java/lang/ProcessEnvironment$CheckedEntry done


Dynamic libraries:
0x00007ff71ce80000 - 0x00007ff71ceb5000 	C:\Users\bilguun.amarsaikhan\Downloads\Katalon_Studio_Windows_64-8.1.0 (1)\Katalon_Studio_Windows_64-8.1.0\jre\bin\javaw.exe
0x00007ff834110000 - 0x00007ff834305000 	C:\windows\SYSTEM32\ntdll.dll
0x00007ff833dd0000 - 0x00007ff833e8e000 	C:\windows\System32\KERNEL32.DLL
0x00007ff831cb0000 - 0x00007ff831f79000 	C:\windows\System32\KERNELBASE.dll
0x00007ff832c70000 - 0x00007ff832d1c000 	C:\windows\System32\ADVAPI32.dll
0x00007ff833cd0000 - 0x00007ff833d6e000 	C:\windows\System32\msvcrt.dll
0x00007ff833f80000 - 0x00007ff83401b000 	C:\windows\System32\sechost.dll
0x00007ff832d50000 - 0x00007ff832e7a000 	C:\windows\System32\RPCRT4.dll
0x00007ff832860000 - 0x00007ff832a01000 	C:\windows\System32\USER32.dll
0x00007ff832020000 - 0x00007ff832042000 	C:\windows\System32\win32u.dll
0x00007ff832830000 - 0x00007ff83285b000 	C:\windows\System32\GDI32.dll
0x00007ff832050000 - 0x00007ff83215b000 	C:\windows\System32\gdi32full.dll
0x00007ff831f80000 - 0x00007ff83201d000 	C:\windows\System32\msvcp_win.dll
0x00007ff831990000 - 0x00007ff831a90000 	C:\windows\System32\ucrtbase.dll
0x00007ff828e90000 - 0x00007ff82912a000 	C:\windows\WinSxS\amd64_microsoft.windows.common-controls_6595b64144ccf1df_6.0.19041.1110_none_60b5254171f9507e\COMCTL32.dll
0x00007ff8338d0000 - 0x00007ff833900000 	C:\windows\System32\IMM32.DLL
0x000000005fe80000 - 0x000000005ff52000 	C:\Users\bilguun.amarsaikhan\Downloads\Katalon_Studio_Windows_64-8.1.0 (1)\Katalon_Studio_Windows_64-8.1.0\jre\bin\msvcr100.dll
0x0000000060040000 - 0x0000000060905000 	C:\Users\bilguun.amarsaikhan\Downloads\Katalon_Studio_Windows_64-8.1.0 (1)\Katalon_Studio_Windows_64-8.1.0\jre\bin\server\jvm.dll
0x00007ff833e90000 - 0x00007ff833e98000 	C:\windows\System32\PSAPI.DLL
0x00007ff807410000 - 0x00007ff807419000 	C:\windows\SYSTEM32\WSOCK32.dll
0x00007ff833690000 - 0x00007ff8336fb000 	C:\windows\System32\WS2_32.dll
0x00007ff814870000 - 0x00007ff814897000 	C:\windows\SYSTEM32\WINMM.dll
0x00007ff82a310000 - 0x00007ff82a31a000 	C:\windows\SYSTEM32\VERSION.dll
0x00007fffe6460000 - 0x00007fffe646f000 	C:\Users\bilguun.amarsaikhan\Downloads\Katalon_Studio_Windows_64-8.1.0 (1)\Katalon_Studio_Windows_64-8.1.0\jre\bin\verify.dll
0x00007fffe6430000 - 0x00007fffe6459000 	C:\Users\bilguun.amarsaikhan\Downloads\Katalon_Studio_Windows_64-8.1.0 (1)\Katalon_Studio_Windows_64-8.1.0\jre\bin\java.dll
0x00007fffe6410000 - 0x00007fffe6426000 	C:\Users\bilguun.amarsaikhan\Downloads\Katalon_Studio_Windows_64-8.1.0 (1)\Katalon_Studio_Windows_64-8.1.0\jre\bin\zip.dll
0x00007ff832e80000 - 0x00007ff8335bf000 	C:\windows\System32\SHELL32.dll
0x00007ff82f840000 - 0x00007ff82ffd0000 	C:\windows\SYSTEM32\windows.storage.dll
0x00007ff833900000 - 0x00007ff833c55000 	C:\windows\System32\combase.dll
0x00007ff8311b0000 - 0x00007ff8311dc000 	C:\windows\SYSTEM32\Wldp.dll
0x00007ff832bc0000 - 0x00007ff832c6d000 	C:\windows\System32\SHCORE.dll
0x00007ff833d70000 - 0x00007ff833dc5000 	C:\windows\System32\shlwapi.dll
0x00007ff831770000 - 0x00007ff83178f000 	C:\windows\SYSTEM32\profapi.dll
0x00007fffe5fc0000 - 0x00007fffe5fdb000 	C:\Users\bilguun.amarsaikhan\Downloads\Katalon_Studio_Windows_64-8.1.0 (1)\Katalon_Studio_Windows_64-8.1.0\jre\bin\net.dll
0x00007ff830f10000 - 0x00007ff830f7a000 	C:\windows\system32\mswsock.dll
0x00007fffe4500000 - 0x00007fffe4511000 	C:\Users\bilguun.amarsaikhan\Downloads\Katalon_Studio_Windows_64-8.1.0 (1)\Katalon_Studio_Windows_64-8.1.0\jre\bin\nio.dll

VM Arguments:
jvm_args: -Dgroovy.home=C:\Users\bilguun.amarsaikhan/.groovy -Djava.system.class.loader=groovy.lang.GroovyClassLoader -Xmx2048m -Dfile.encoding=UTF-8 
java_command: org.codehaus.groovy.tools.GroovyStarter --classpath C:\Users\bilguun.amarsaikhan\git\modpims-testing\Transfer Workflow\Transfer Workflow\bin\keyword;C:\Users\bilguun.amarsaikhan\git\modpims-testing\Transfer Workflow\Transfer Workflow\Keywords;C:\Users\bilguun.amarsaikhan\git\modpims-testing\Transfer Workflow\Transfer Workflow\bin\listener;C:\Users\bilguun.amarsaikhan\git\modpims-testing\Transfer Workflow\Transfer Workflow\Test Listeners;C:\Users\bilguun.amarsaikhan\git\modpims-testing\Transfer Workflow\Transfer Workflow\bin\lib;C:\Users\bilguun.amarsaikhan\git\modpims-testing\Transfer Workflow\Transfer Workflow\Libs;C:\Users\bilguun.amarsaikhan\git\modpims-testing\Transfer Workflow\Transfer Workflow\bin\groovy;C:\Users\bilguun.amarsaikhan\git\modpims-testing\Transfer Workflow\Transfer Workflow\Include\scripts\groovy;C:\Users\bilguun.amarsaikhan\Downloads\Katalon_Studio_Windows_64-8.1.0 (1)\Katalon_Studio_Windows_64-8.1.0\plugins\com.kms.katalon.core_1.0.0.202108170301.jar;C:\Users\bilguun.amarsaikhan\Downloads\Katalon_Studio_Windows_64-8.1.0 (1)\Katalon_Studio_Windows_64-8.1.0\configuration\resources\lib\aalto-xml-1.0.0.jar;C:\Users\bilguun.amarsaikhan\Downloads\Katalon_Studio_Windows_64-8.1.0 (1)\Katalon_Studio_Windows_64-8.1.0\configuration\resources\lib\aspectjweaver-1.9.1.jar;C:\Users\bilguun.amarsaikhan\Downloads\Katalon_Studio_Windows_64-8.1.0 (1)\Katalon_Studio_Windows_64-8.1.0\configuration\resources\lib\bcpkix-jdk15on-1.64.jar;C:\Users\bilguun.amarsaikhan\Downloads\Katalon_Studio_Windows_64-8.1.0 (1)\Katalon_Studio_Windows_64-8.1.0\configuration\resources\lib\bcprov-jdk15on-1.64.jar;C:\Users\bilguun.amarsaikhan\Downloads\Katalon_Studio_Windows_64-8.1.0 (1)\Katalon_Studio_Windows_64-8.1.0\configuration\resources\lib\browsermob-core-2.1.5.jar;C:\Users\bilguun.amarsaikhan\Downloads\Katalon_Studio_Windows_64-8.1.0 (1)\Katalon_Studio_Windows_64-8.1.0\configuration\resources\lib\cglib-3.2.10.jar;C:\Users\bilguun.amarsaikhan\Downloads\Katalon_Studi
java_class_path (initial): C:\Users\bilguun.amarsaikhan\git\modpims-testing\Transfer Workflow\Transfer Workflow\bin\keyword;C:\Users\bilguun.amarsaikhan\git\modpims-testing\Transfer Workflow\Transfer Workflow\bin\listener;C:\Users\bilguun.amarsaikhan\git\modpims-testing\Transfer Workflow\Transfer Workflow\bin\lib;C:\Users\bilguun.amarsaikhan\git\modpims-testing\Transfer Workflow\Transfer Workflow\bin\groovy;C:\Users\bilguun.amarsaikhan\git\modpims-testing\Transfer Workflow\Transfer Workflow\bin;C:\Users\bilguun.amarsaikhan\Downloads\Katalon_Studio_Windows_64-8.1.0 (1)\Katalon_Studio_Windows_64-8.1.0\plugins\com.kms.katalon.core_1.0.0.202108170301.jar;C:\Users\bilguun.amarsaikhan\Downloads\Katalon_Studio_Windows_64-8.1.0 (1)\Katalon_Studio_Windows_64-8.1.0\configuration\resources\lib\aalto-xml-1.0.0.jar;C:\Users\bilguun.amarsaikhan\Downloads\Katalon_Studio_Windows_64-8.1.0 (1)\Katalon_Studio_Windows_64-8.1.0\configuration\resources\lib\aspectjweaver-1.9.1.jar;C:\Users\bilguun.amarsaikhan\Downloads\Katalon_Studio_Windows_64-8.1.0 (1)\Katalon_Studio_Windows_64-8.1.0\configuration\resources\lib\bcpkix-jdk15on-1.64.jar;C:\Users\bilguun.amarsaikhan\Downloads\Katalon_Studio_Windows_64-8.1.0 (1)\Katalon_Studio_Windows_64-8.1.0\configuration\resources\lib\bcprov-jdk15on-1.64.jar;C:\Users\bilguun.amarsaikhan\Downloads\Katalon_Studio_Windows_64-8.1.0 (1)\Katalon_Studio_Windows_64-8.1.0\configuration\resources\lib\browsermob-core-2.1.5.jar;C:\Users\bilguun.amarsaikhan\Downloads\Katalon_Studio_Windows_64-8.1.0 (1)\Katalon_Studio_Windows_64-8.1.0\configuration\resources\lib\cglib-3.2.10.jar;C:\Users\bilguun.amarsaikhan\Downloads\Katalon_Studio_Windows_64-8.1.0 (1)\Katalon_Studio_Windows_64-8.1.0\configuration\resources\lib\commons-codec-1.10.jar;C:\Users\bilguun.amarsaikhan\Downloads\Katalon_Studio_Windows_64-8.1.0 (1)\Katalon_Studio_Windows_64-8.1.0\configuration\resources\lib\commons-collections4-4.1.jar;C:\Users\bilguun.amarsaikhan\Downloads\Katalon_Studio_Windows_64-8.1.0 (
Launcher Type: SUN_STANDARD

Environment Variables:
PATH=C:/Users/bilguun.amarsaikhan/Downloads/Katalon_Studio_Windows_64-8.1.0 (1)/Katalon_Studio_Windows_64-8.1.0/jre/bin/server;C:/Users/bilguun.amarsaikhan/Downloads/Katalon_Studio_Windows_64-8.1.0 (1)/Katalon_Studio_Windows_64-8.1.0/jre/bin;C:/Users/bilguun.amarsaikhan/Downloads/Katalon_Studio_Windows_64-8.1.0 (1)/Katalon_Studio_Windows_64-8.1.0/jre/lib/amd64;C:\Program Files\Common Files\Oracle\Java\javapath;C:\windows\system32;C:\windows;C:\windows\System32\Wbem;C:\windows\System32\WindowsPowerShell\v1.0\;C:\windows\System32\OpenSSH\;C:\Program Files (x86)\Microsoft SQL Server\150\DTS\Binn\;C:\Program Files\Azure Data Studio\bin;C:\Program Files\Git\cmd;C:\Program Files\dotnet\;C:\Program Files\Microsoft SQL Server\130\Tools\Binn\;C:\Program Files\Microsoft SQL Server\Client SDK\ODBC\170\Tools\Binn\;C:\Users\bilguun.amarsaikhan\AppData\Local\Microsoft\WindowsApps;C:\Users\bilguun.amarsaikhan\Desktop;C:\Users\bilguun.amarsaikhan\.dotnet\tools;C:\Users\bilguun.amarsaikhan\AppData\Local\Programs\Microsoft VS Code\bin;C:\Users\bilguun.amarsaikhan\Downloads\Katalon_Studio_Windows_64-8.1.0 (1)\Katalon_Studio_Windows_64-8.1.0;
USERNAME=bilguun.amarsaikhan
OS=Windows_NT
PROCESSOR_IDENTIFIER=Intel64 Family 6 Model 63 Stepping 2, GenuineIntel



---------------  S Y S T E M  ---------------

OS: Windows 10.0 , 64 bit Build 19041 (10.0.19041.1202)
HyperV virtualization detected

CPU:total 2 (initial active 2) (2 cores per cpu, 1 threads per core) family 6 model 63 stepping 2, cmov, cx8, fxsr, mmx, sse, sse2, sse3, ssse3, sse4.1, sse4.2, popcnt, avx, avx2, aes, clmul, erms, lzcnt, tsc, bmi1, bmi2

Memory: 4k page, physical 8388148k(1066624k free), swap 10485040k(600k free)

vm_info: OpenJDK 64-Bit Server VM (25.282-b08) for windows-amd64 JRE (Zulu 8.52.0.23-CA-win64) (1.8.0_282-b08), built on Jan 12 2021 07:45:49 by "tester" with MS VC++ 10.0 (VS2010)

time: Wed Oct 20 14:37:48 2021
timezone: Coordinated Universal Time
elapsed time: 35.499618 seconds (0d 0h 0m 35s)

