#
# There is insufficient memory for the Java Runtime Environment to continue.
# Native memory allocation (malloc) failed to allocate 41376 bytes for Chunk::new
# Possible reasons:
#   The system is out of physical RAM or swap space
#   The process is running with CompressedOops enabled, and the Java Heap may be blocking the growth of the native heap
# Possible solutions:
#   Reduce memory load on the system
#   Increase physical memory or swap space
#   Check if swap backing store is full
#   Decrease Java heap size (-Xmx/-Xms)
#   Decrease number of Java threads
#   Decrease Java thread stack sizes (-Xss)
#   Set larger code cache with -XX:ReservedCodeCacheSize=
#   JVM is running with Unscaled Compressed Oops mode in which the Java heap is
#     placed in the first 4GB address space. The Java Heap base address is the
#     maximum limit for the native heap growth. Please use -XX:HeapBaseMinAddress
#     to set the Java Heap base and to place the Java Heap above 4GB virtual address.
# This output file may be truncated or incomplete.
#
#  Out of Memory Error (allocation.cpp:389), pid=11596, tid=0x000000000000021c
#
# JRE version: OpenJDK Runtime Environment (Zulu 8.52.0.23-CA-win64) (8.0_282-b08) (build 1.8.0_282-b08)
# Java VM: OpenJDK 64-Bit Server VM (25.282-b08 mixed mode windows-amd64 compressed oops)
# Failed to write core dump. Minidumps are not enabled by default on client versions of Windows
#

---------------  T H R E A D  ---------------

Current thread (0x0000000018242800):  JavaThread "C2 CompilerThread0" daemon [_thread_in_native, id=540, stack(0x0000000018550000,0x0000000018650000)]

Stack: [0x0000000018550000,0x0000000018650000]
[error occurred during error reporting (printing stack bounds), id 0xc0000005]

Native frames: (J=compiled Java code, j=interpreted, Vv=VM code, C=native code)


Current CompileTask:
C2:  12543 3225       4       sun.misc.JarIndex::get (49 bytes)


---------------  P R O C E S S  ---------------

Java Threads: ( => current thread )
  0x000000001b23d800 JavaThread "Okio Watchdog" daemon [_thread_blocked, id=14480, stack(0x000000001d270000,0x000000001d370000)]
  0x0000000018c51000 JavaThread "OkHttp ConnectionPool" daemon [_thread_blocked, id=15232, stack(0x000000001d170000,0x000000001d270000)]
  0x0000000018b05800 JavaThread "Keep-Alive-Timer" daemon [_thread_blocked, id=14456, stack(0x000000001cd70000,0x000000001ce70000)]
  0x0000000019fc6800 JavaThread "Exec Stream Pumper" daemon [_thread_in_native, id=16864, stack(0x000000001c870000,0x000000001c970000)]
  0x000000001afa6800 JavaThread "Exec Stream Pumper" daemon [_thread_in_native, id=19028, stack(0x000000001c770000,0x000000001c870000)]
  0x000000001afa6000 JavaThread "UrlChecker-2" daemon [_thread_blocked, id=18204, stack(0x000000001c670000,0x000000001c770000)]
  0x000000001b190800 JavaThread "Exec Default Executor" daemon [_thread_in_native, id=12284, stack(0x000000001c570000,0x000000001c670000)]
  0x0000000018323800 JavaThread "Service Thread" daemon [_thread_blocked, id=19332, stack(0x0000000018750000,0x0000000018850000)]
  0x00000000182eb000 JavaThread "C1 CompilerThread1" daemon [_thread_in_vm, id=19512, stack(0x0000000018650000,0x0000000018750000)]
=>0x0000000018242800 JavaThread "C2 CompilerThread0" daemon [_thread_in_native, id=540, stack(0x0000000018550000,0x0000000018650000)]
  0x0000000018234800 JavaThread "Attach Listener" daemon [_thread_blocked, id=8704, stack(0x0000000018450000,0x0000000018550000)]
  0x0000000018233800 JavaThread "Signal Dispatcher" daemon [_thread_blocked, id=460, stack(0x0000000018350000,0x0000000018450000)]
  0x0000000017108800 JavaThread "Finalizer" daemon [_thread_blocked, id=19004, stack(0x0000000017d50000,0x0000000017e50000)]
  0x0000000017101800 JavaThread "Reference Handler" daemon [_thread_blocked, id=16820, stack(0x0000000017c50000,0x0000000017d50000)]
  0x000000000264a800 JavaThread "main" [_thread_in_vm, id=4900, stack(0x0000000002530000,0x0000000002630000)]

Other Threads:
  0x00000000170d8800 VMThread [stack: 0x0000000017b50000,0x0000000017c50000] [id=14100]
  0x0000000018326800 WatcherThread [stack: 0x0000000018850000,0x0000000018950000] [id=20084]

VM state:not at safepoint (normal execution)

VM Mutex/Monitor currently owned by a thread: None

heap address: 0x0000000080000000, size: 2048 MB, Compressed Oops mode: 32-bit
Narrow klass base: 0x0000000000000000, Narrow klass shift: 3
Compressed class space size: 1073741824 Address: 0x0000000100000000

Heap:
 PSYoungGen      total 266752K, used 84115K [0x00000000d5580000, 0x00000000e9000000, 0x0000000100000000)
  eden space 257024K, 28% used [0x00000000d5580000,0x00000000d9e26cd8,0x00000000e5080000)
  from space 9728K, 99% used [0x00000000e5080000,0x00000000e59fe148,0x00000000e5a00000)
  to   space 11776K, 0% used [0x00000000e8480000,0x00000000e8480000,0x00000000e9000000)
 ParOldGen       total 55808K, used 11221K [0x0000000080000000, 0x0000000083680000, 0x00000000d5580000)
  object space 55808K, 20% used [0x0000000080000000,0x0000000080af5588,0x0000000083680000)
 Metaspace       used 30732K, capacity 31664K, committed 31872K, reserved 1077248K
  class space    used 3629K, capacity 3886K, committed 3968K, reserved 1048576K

Card table byte_map: [0x0000000011af0000,0x0000000011f00000] byte_map_base: 0x00000000116f0000

Marking Bits: (ParMarkBitMap*) 0x000000005aba1f00
 Begin Bits: [0x00000000123b0000, 0x00000000143b0000)
 End Bits:   [0x00000000143b0000, 0x00000000163b0000)

Polling page: 0x0000000000ae0000

CodeCache: size=245760Kb used=12766Kb max_used=12766Kb free=232993Kb
 bounds [0x0000000002730000, 0x00000000033b0000, 0x0000000011730000]
 total_blobs=3885 nmethods=3191 adapters=604
 compilation: enabled

Compilation events (10 events):
Event: 12.508 Thread 0x00000000182eb000 nmethod 3220 0x00000000033aacd0 code [0x00000000033aaea0, 0x00000000033ab608]
Event: 12.508 Thread 0x00000000182eb000 3221       3       org.codehaus.groovy.ast.expr.VariableExpression::setType (27 bytes)
Event: 12.508 Thread 0x00000000182eb000 nmethod 3221 0x00000000033ab750 code [0x00000000033ab8c0, 0x00000000033abaf0]
Event: 12.508 Thread 0x00000000182eb000 3223       3       org.codehaus.groovy.ast.MethodNode::setParameters (88 bytes)
Event: 12.509 Thread 0x00000000182eb000 nmethod 3223 0x00000000033abb90 code [0x00000000033abd60, 0x00000000033ac638]
Event: 12.509 Thread 0x00000000182eb000 3222       3       org.codehaus.groovy.ast.MethodNode::setReturnType (42 bytes)
Event: 12.509 Thread 0x00000000182eb000 nmethod 3222 0x00000000033ac990 code [0x00000000033acb00, 0x00000000033acdb0]
Event: 12.509 Thread 0x00000000182eb000 3224       3       java.util.LinkedList::removeLast (23 bytes)
Event: 12.510 Thread 0x00000000182eb000 nmethod 3224 0x00000000033ace50 code [0x00000000033acfc0, 0x00000000033ad238]
Event: 12.534 Thread 0x0000000018242800 3225       4       sun.misc.JarIndex::get (49 bytes)

GC Heap History (10 events):
Event: 4.399 GC heap before
{Heap before GC invocations=6 (full 0):
 PSYoungGen      total 71680K, used 71664K [0x00000000d5580000, 0x00000000de780000, 0x0000000100000000)
  eden space 66560K, 100% used [0x00000000d5580000,0x00000000d9680000,0x00000000d9680000)
  from space 5120K, 99% used [0x00000000d9680000,0x00000000d9b7c340,0x00000000d9b80000)
  to   space 8192K, 0% used [0x00000000ddf80000,0x00000000ddf80000,0x00000000de780000)
 ParOldGen       total 87552K, used 3572K [0x0000000080000000, 0x0000000085580000, 0x00000000d5580000)
  object space 87552K, 4% used [0x0000000080000000,0x000000008037d3b8,0x0000000085580000)
 Metaspace       used 20021K, capacity 20312K, committed 20608K, reserved 1067008K
  class space    used 2206K, capacity 2321K, committed 2432K, reserved 1048576K
Event: 4.415 GC heap after
Heap after GC invocations=6 (full 0):
 PSYoungGen      total 140288K, used 8161K [0x00000000d5580000, 0x00000000de980000, 0x0000000100000000)
  eden space 132096K, 0% used [0x00000000d5580000,0x00000000d5580000,0x00000000dd680000)
  from space 8192K, 99% used [0x00000000ddf80000,0x00000000de7785d0,0x00000000de780000)
  to   space 9216K, 0% used [0x00000000dd680000,0x00000000dd680000,0x00000000ddf80000)
 ParOldGen       total 87552K, used 3812K [0x0000000080000000, 0x0000000085580000, 0x00000000d5580000)
  object space 87552K, 4% used [0x0000000080000000,0x00000000803b93b8,0x0000000085580000)
 Metaspace       used 20021K, capacity 20312K, committed 20608K, reserved 1067008K
  class space    used 2206K, capacity 2321K, committed 2432K, reserved 1048576K
}
Event: 4.673 GC heap before
{Heap before GC invocations=7 (full 0):
 PSYoungGen      total 140288K, used 18878K [0x00000000d5580000, 0x00000000de980000, 0x0000000100000000)
  eden space 132096K, 8% used [0x00000000d5580000,0x00000000d5ff72e8,0x00000000dd680000)
  from space 8192K, 99% used [0x00000000ddf80000,0x00000000de7785d0,0x00000000de780000)
  to   space 9216K, 0% used [0x00000000dd680000,0x00000000dd680000,0x00000000ddf80000)
 ParOldGen       total 87552K, used 3812K [0x0000000080000000, 0x0000000085580000, 0x00000000d5580000)
  object space 87552K, 4% used [0x0000000080000000,0x00000000803b93b8,0x0000000085580000)
 Metaspace       used 20851K, capacity 21136K, committed 21296K, reserved 1069056K
  class space    used 2307K, capacity 2424K, committed 2432K, reserved 1048576K
Event: 4.690 GC heap after
Heap after GC invocations=7 (full 0):
 PSYoungGen      total 141312K, used 4326K [0x00000000d5580000, 0x00000000e6980000, 0x0000000100000000)
  eden space 132096K, 0% used [0x00000000d5580000,0x00000000d5580000,0x00000000dd680000)
  from space 9216K, 46% used [0x00000000dd680000,0x00000000ddab98a8,0x00000000ddf80000)
  to   space 9216K, 0% used [0x00000000e6080000,0x00000000e6080000,0x00000000e6980000)
 ParOldGen       total 87552K, used 6940K [0x0000000080000000, 0x0000000085580000, 0x00000000d5580000)
  object space 87552K, 7% used [0x0000000080000000,0x00000000806c73e8,0x0000000085580000)
 Metaspace       used 20851K, capacity 21136K, committed 21296K, reserved 1069056K
  class space    used 2307K, capacity 2424K, committed 2432K, reserved 1048576K
}
Event: 4.690 GC heap before
{Heap before GC invocations=8 (full 1):
 PSYoungGen      total 141312K, used 4326K [0x00000000d5580000, 0x00000000e6980000, 0x0000000100000000)
  eden space 132096K, 0% used [0x00000000d5580000,0x00000000d5580000,0x00000000dd680000)
  from space 9216K, 46% used [0x00000000dd680000,0x00000000ddab98a8,0x00000000ddf80000)
  to   space 9216K, 0% used [0x00000000e6080000,0x00000000e6080000,0x00000000e6980000)
 ParOldGen       total 87552K, used 6940K [0x0000000080000000, 0x0000000085580000, 0x00000000d5580000)
  object space 87552K, 7% used [0x0000000080000000,0x00000000806c73e8,0x0000000085580000)
 Metaspace       used 20851K, capacity 21136K, committed 21296K, reserved 1069056K
  class space    used 2307K, capacity 2424K, committed 2432K, reserved 1048576K
Event: 4.748 GC heap after
Heap after GC invocations=8 (full 1):
 PSYoungGen      total 141312K, used 0K [0x00000000d5580000, 0x00000000e6980000, 0x0000000100000000)
  eden space 132096K, 0% used [0x00000000d5580000,0x00000000d5580000,0x00000000dd680000)
  from space 9216K, 0% used [0x00000000dd680000,0x00000000dd680000,0x00000000ddf80000)
  to   space 9216K, 0% used [0x00000000e6080000,0x00000000e6080000,0x00000000e6980000)
 ParOldGen       total 55808K, used 8926K [0x0000000080000000, 0x0000000083680000, 0x00000000d5580000)
  object space 55808K, 15% used [0x0000000080000000,0x00000000808b7850,0x0000000083680000)
 Metaspace       used 20851K, capacity 21136K, committed 21296K, reserved 1069056K
  class space    used 2307K, capacity 2424K, committed 2432K, reserved 1048576K
}
Event: 5.736 GC heap before
{Heap before GC invocations=9 (full 1):
 PSYoungGen      total 141312K, used 132096K [0x00000000d5580000, 0x00000000e6980000, 0x0000000100000000)
  eden space 132096K, 100% used [0x00000000d5580000,0x00000000dd680000,0x00000000dd680000)
  from space 9216K, 0% used [0x00000000dd680000,0x00000000dd680000,0x00000000ddf80000)
  to   space 9216K, 0% used [0x00000000e6080000,0x00000000e6080000,0x00000000e6980000)
 ParOldGen       total 55808K, used 8926K [0x0000000080000000, 0x0000000083680000, 0x00000000d5580000)
  object space 55808K, 15% used [0x0000000080000000,0x00000000808b7850,0x0000000083680000)
 Metaspace       used 22141K, capacity 22520K, committed 22704K, reserved 1069056K
  class space    used 2414K, capacity 2541K, committed 2560K, reserved 1048576K
Event: 5.741 GC heap after
Heap after GC invocations=9 (full 1):
 PSYoungGen      total 220672K, used 2750K [0x00000000d5580000, 0x00000000e6380000, 0x0000000100000000)
  eden space 217600K, 0% used [0x00000000d5580000,0x00000000d5580000,0x00000000e2a00000)
  from space 3072K, 89% used [0x00000000e6080000,0x00000000e632f850,0x00000000e6380000)
  to   space 9728K, 0% used [0x00000000e5080000,0x00000000e5080000,0x00000000e5a00000)
 ParOldGen       total 55808K, used 8926K [0x0000000080000000, 0x0000000083680000, 0x00000000d5580000)
  object space 55808K, 15% used [0x0000000080000000,0x00000000808b7850,0x0000000083680000)
 Metaspace       used 22141K, capacity 22520K, committed 22704K, reserved 1069056K
  class space    used 2414K, capacity 2541K, committed 2560K, reserved 1048576K
}
Event: 8.047 GC heap before
{Heap before GC invocations=10 (full 1):
 PSYoungGen      total 220672K, used 220350K [0x00000000d5580000, 0x00000000e6380000, 0x0000000100000000)
  eden space 217600K, 100% used [0x00000000d5580000,0x00000000e2a00000,0x00000000e2a00000)
  from space 3072K, 89% used [0x00000000e6080000,0x00000000e632f850,0x00000000e6380000)
  to   space 9728K, 0% used [0x00000000e5080000,0x00000000e5080000,0x00000000e5a00000)
 ParOldGen       total 55808K, used 8926K [0x0000000080000000, 0x0000000083680000, 0x00000000d5580000)
  object space 55808K, 15% used [0x0000000080000000,0x00000000808b7850,0x0000000083680000)
 Metaspace       used 25991K, capacity 26474K, committed 26752K, reserved 1073152K
  class space    used 2953K, capacity 3104K, committed 3200K, reserved 1048576K
Event: 8.074 GC heap after
Heap after GC invocations=10 (full 1):
 PSYoungGen      total 266752K, used 9720K [0x00000000d5580000, 0x00000000e9000000, 0x0000000100000000)
  eden space 257024K, 0% used [0x00000000d5580000,0x00000000d5580000,0x00000000e5080000)
  from space 9728K, 99% used [0x00000000e5080000,0x00000000e59fe148,0x00000000e5a00000)
  to   space 11776K, 0% used [0x00000000e8480000,0x00000000e8480000,0x00000000e9000000)
 ParOldGen       total 55808K, used 11221K [0x0000000080000000, 0x0000000083680000, 0x00000000d5580000)
  object space 55808K, 20% used [0x0000000080000000,0x0000000080af5588,0x0000000083680000)
 Metaspace       used 25991K, capacity 26474K, committed 26752K, reserved 1073152K
  class space    used 2953K, capacity 3104K, committed 3200K, reserved 1048576K
}

Deoptimization events (10 events):
Event: 9.370 Thread 0x000000000264a800 Uncommon trap: reason=unstable_if action=reinterpret pc=0x000000000317bdc0 method=java.util.regex.Pattern$CharProperty.match(Ljava/util/regex/Matcher;ILjava/lang/CharSequence;)Z @ 21
Event: 9.556 Thread 0x000000000264a800 Uncommon trap: reason=class_check action=maybe_recompile pc=0x000000000324569c method=java.util.HashSet.contains(Ljava/lang/Object;)Z @ 5
Event: 9.556 Thread 0x000000000264a800 Uncommon trap: reason=class_check action=maybe_recompile pc=0x000000000324569c method=java.util.HashSet.contains(Ljava/lang/Object;)Z @ 5
Event: 10.671 Thread 0x000000000264a800 Uncommon trap: reason=class_check action=maybe_recompile pc=0x00000000032e7274 method=org.openqa.selenium.json.Input.init()V @ 18
Event: 10.671 Thread 0x000000000264a800 Uncommon trap: reason=class_check action=maybe_recompile pc=0x00000000032e7274 method=org.openqa.selenium.json.Input.init()V @ 18
Event: 10.671 Thread 0x000000000264a800 Uncommon trap: reason=class_check action=maybe_recompile pc=0x00000000032e7274 method=org.openqa.selenium.json.Input.init()V @ 18
Event: 10.671 Thread 0x000000000264a800 Uncommon trap: reason=class_check action=maybe_recompile pc=0x00000000032e7274 method=org.openqa.selenium.json.Input.init()V @ 18
Event: 10.743 Thread 0x000000000264a800 Uncommon trap: reason=bimorphic action=maybe_recompile pc=0x0000000002c907dc method=java.util.HashMap.putVal(ILjava/lang/Object;Ljava/lang/Object;ZZ)Ljava/lang/Object; @ 203
Event: 10.746 Thread 0x000000000264a800 Uncommon trap: reason=bimorphic action=maybe_recompile pc=0x0000000002c907dc method=java.util.HashMap.putVal(ILjava/lang/Object;Ljava/lang/Object;ZZ)Ljava/lang/Object; @ 203
Event: 10.746 Thread 0x000000000264a800 Uncommon trap: reason=bimorphic action=maybe_recompile pc=0x0000000002c907dc method=java.util.HashMap.putVal(ILjava/lang/Object;Ljava/lang/Object;ZZ)Ljava/lang/Object; @ 203

Classes redefined (0 events):
No events

Internal exceptions (10 events):
Event: 11.408 Thread 0x000000000264a800 Exception <a 'java/lang/ClassNotFoundException': com/kms/katalon/core/webui/driver/DriverFactoryCustomizer> (0x00000000d8eaf710) thrown at [C:\jenkins\workspace\zulu8-silver-build-win64\zulu-src\hotspot\src\share\vm\classfile\systemDictionary.cpp, line 22
Event: 11.489 Thread 0x000000000264a800 Exception <a 'java/lang/ClassNotFoundException': com/kms/katalon/core/webui/keyword/builtin/MaximizeWindowKeywordBeanInfo> (0x00000000d913d180) thrown at [C:\jenkins\workspace\zulu8-silver-build-win64\zulu-src\hotspot\src\share\vm\classfile\systemDictiona
Event: 11.494 Thread 0x000000000264a800 Exception <a 'java/lang/ClassNotFoundException': com/kms/katalon/core/webui/keyword/builtin/MaximizeWindowKeywordCustomizer> (0x00000000d9232cc8) thrown at [C:\jenkins\workspace\zulu8-silver-build-win64\zulu-src\hotspot\src\share\vm\classfile\systemDictio
Event: 11.525 Thread 0x000000000264a800 Exception <a 'java/net/SocketTimeoutException': Read timed out> (0x00000000d939c8b8) thrown at [C:\jenkins\workspace\zulu8-silver-build-win64\zulu-src\hotspot\src\share\vm\prims\jni.cpp, line 738]
Event: 12.483 Thread 0x000000000264a800 Exception <a 'java/lang/ClassNotFoundException': com/kms/katalon/core/testobject/ObjectRepositoryBeanInfo> (0x00000000d94e55c0) thrown at [C:\jenkins\workspace\zulu8-silver-build-win64\zulu-src\hotspot\src\share\vm\classfile\systemDictionary.cpp, line 220
Event: 12.487 Thread 0x000000000264a800 Exception <a 'java/lang/ClassNotFoundException': com/kms/katalon/core/testobject/ObjectRepositoryCustomizer> (0x00000000d95b85f8) thrown at [C:\jenkins\workspace\zulu8-silver-build-win64\zulu-src\hotspot\src\share\vm\classfile\systemDictionary.cpp, line 2
Event: 12.530 Thread 0x000000000264a800 Exception <a 'java/security/PrivilegedActionException'> (0x00000000d99d5640) thrown at [C:\jenkins\workspace\zulu8-silver-build-win64\zulu-src\hotspot\src\share\vm\prims\jvm.cpp, line 1529]
Event: 12.530 Thread 0x000000000264a800 Exception <a 'java/security/PrivilegedActionException'> (0x00000000d99d5c20) thrown at [C:\jenkins\workspace\zulu8-silver-build-win64\zulu-src\hotspot\src\share\vm\prims\jvm.cpp, line 1529]
Event: 12.531 Thread 0x000000000264a800 Exception <a 'java/security/PrivilegedActionException'> (0x00000000d99eb590) thrown at [C:\jenkins\workspace\zulu8-silver-build-win64\zulu-src\hotspot\src\share\vm\prims\jvm.cpp, line 1529]
Event: 12.531 Thread 0x000000000264a800 Exception <a 'java/security/PrivilegedActionException'> (0x00000000d99ebb70) thrown at [C:\jenkins\workspace\zulu8-silver-build-win64\zulu-src\hotspot\src\share\vm\prims\jvm.cpp, line 1529]

Events (10 events):
Event: 12.529 loading class com$kms$katalon$core$configuration$RunConfiguration
Event: 12.529 loading class com$kms$katalon$core$configuration$RunConfiguration done
Event: 12.530 loading class com/kms$katalon$core$configuration$RunConfiguration
Event: 12.530 loading class com/kms$katalon$core$configuration$RunConfiguration done
Event: 12.532 loading class com/kms/katalon$core$configuration$RunConfiguration
Event: 12.532 loading class com/kms/katalon$core$configuration$RunConfiguration done
Event: 12.533 loading class com/kms/katalon/core$configuration$RunConfiguration
Event: 12.533 loading class com/kms/katalon/core$configuration$RunConfiguration done
Event: 12.540 loading class com/kms/katalon/core/configuration$RunConfiguration
Event: 12.540 loading class com/kms/katalon/core/configuration$RunConfiguration done


Dynamic libraries:
0x00007ff7c07d0000 - 0x00007ff7c0805000 	C:\Users\bilguun.amarsaikhan\Downloads\Katalon_Studio_Windows_64-8.1.0 (1)\Katalon_Studio_Windows_64-8.1.0\jre\bin\javaw.exe
0x00007ff887930000 - 0x00007ff887b25000 	C:\windows\SYSTEM32\ntdll.dll
0x00007ff886e80000 - 0x00007ff886f3e000 	C:\windows\System32\KERNEL32.DLL
0x00007ff885290000 - 0x00007ff885559000 	C:\windows\System32\KERNELBASE.dll
0x00007ff885c40000 - 0x00007ff885cec000 	C:\windows\System32\ADVAPI32.dll
0x00007ff886a80000 - 0x00007ff886b1e000 	C:\windows\System32\msvcrt.dll
0x00007ff8869e0000 - 0x00007ff886a7b000 	C:\windows\System32\sechost.dll
0x00007ff885fb0000 - 0x00007ff8860da000 	C:\windows\System32\RPCRT4.dll
0x00007ff8859c0000 - 0x00007ff885b61000 	C:\windows\System32\USER32.dll
0x00007ff885560000 - 0x00007ff885582000 	C:\windows\System32\win32u.dll
0x00007ff885990000 - 0x00007ff8859bb000 	C:\windows\System32\GDI32.dll
0x00007ff885720000 - 0x00007ff88582b000 	C:\windows\System32\gdi32full.dll
0x00007ff885830000 - 0x00007ff8858cd000 	C:\windows\System32\msvcp_win.dll
0x00007ff885590000 - 0x00007ff885690000 	C:\windows\System32\ucrtbase.dll
0x00007ff87b3c0000 - 0x00007ff87b65a000 	C:\windows\WinSxS\amd64_microsoft.windows.common-controls_6595b64144ccf1df_6.0.19041.1110_none_60b5254171f9507e\COMCTL32.dll
0x00007ff887790000 - 0x00007ff8877c0000 	C:\windows\System32\IMM32.DLL
0x000000005a1a0000 - 0x000000005a272000 	C:\Users\bilguun.amarsaikhan\Downloads\Katalon_Studio_Windows_64-8.1.0 (1)\Katalon_Studio_Windows_64-8.1.0\jre\bin\msvcr100.dll
0x000000005a360000 - 0x000000005ac25000 	C:\Users\bilguun.amarsaikhan\Downloads\Katalon_Studio_Windows_64-8.1.0 (1)\Katalon_Studio_Windows_64-8.1.0\jre\bin\server\jvm.dll
0x00007ff885980000 - 0x00007ff885988000 	C:\windows\System32\PSAPI.DLL
0x00007ff880a20000 - 0x00007ff880a29000 	C:\windows\SYSTEM32\WSOCK32.dll
0x00007ff887660000 - 0x00007ff8876cb000 	C:\windows\System32\WS2_32.dll
0x00007ff864c10000 - 0x00007ff864c37000 	C:\windows\SYSTEM32\WINMM.dll
0x00007ff87c940000 - 0x00007ff87c94a000 	C:\windows\SYSTEM32\VERSION.dll
0x00007ff880a10000 - 0x00007ff880a1f000 	C:\Users\bilguun.amarsaikhan\Downloads\Katalon_Studio_Windows_64-8.1.0 (1)\Katalon_Studio_Windows_64-8.1.0\jre\bin\verify.dll
0x00007ff87b670000 - 0x00007ff87b699000 	C:\Users\bilguun.amarsaikhan\Downloads\Katalon_Studio_Windows_64-8.1.0 (1)\Katalon_Studio_Windows_64-8.1.0\jre\bin\java.dll
0x00007ff875ae0000 - 0x00007ff875af6000 	C:\Users\bilguun.amarsaikhan\Downloads\Katalon_Studio_Windows_64-8.1.0 (1)\Katalon_Studio_Windows_64-8.1.0\jre\bin\zip.dll
0x00007ff886290000 - 0x00007ff8869cf000 	C:\windows\System32\SHELL32.dll
0x00007ff883060000 - 0x00007ff8837f0000 	C:\windows\SYSTEM32\windows.storage.dll
0x00007ff886b20000 - 0x00007ff886e75000 	C:\windows\System32\combase.dll
0x00007ff8849d0000 - 0x00007ff8849fc000 	C:\windows\SYSTEM32\Wldp.dll
0x00007ff8875b0000 - 0x00007ff88765e000 	C:\windows\System32\SHCORE.dll
0x00007ff887730000 - 0x00007ff887785000 	C:\windows\System32\shlwapi.dll
0x00007ff884f90000 - 0x00007ff884faf000 	C:\windows\SYSTEM32\profapi.dll
0x00007ff875ac0000 - 0x00007ff875adb000 	C:\Users\bilguun.amarsaikhan\Downloads\Katalon_Studio_Windows_64-8.1.0 (1)\Katalon_Studio_Windows_64-8.1.0\jre\bin\net.dll
0x00007ff884730000 - 0x00007ff88479a000 	C:\windows\system32\mswsock.dll
0x00007ff86db30000 - 0x00007ff86db41000 	C:\Users\bilguun.amarsaikhan\Downloads\Katalon_Studio_Windows_64-8.1.0 (1)\Katalon_Studio_Windows_64-8.1.0\jre\bin\nio.dll
0x00007ff884460000 - 0x00007ff88452c000 	C:\windows\SYSTEM32\DNSAPI.dll
0x00007ff884420000 - 0x00007ff88445b000 	C:\windows\SYSTEM32\IPHLPAPI.DLL
0x00007ff885f00000 - 0x00007ff885f08000 	C:\windows\System32\NSI.dll
0x00007ff87c470000 - 0x00007ff87c47a000 	C:\Windows\System32\rasadhlp.dll
0x00007ff87c6d0000 - 0x00007ff87c74f000 	C:\windows\System32\fwpuclnt.dll
0x00007ff885690000 - 0x00007ff8856b7000 	C:\windows\System32\bcrypt.dll
0x00007ff86c090000 - 0x00007ff86c0b4000 	C:\Users\bilguun.amarsaikhan\Downloads\Katalon_Studio_Windows_64-8.1.0 (1)\Katalon_Studio_Windows_64-8.1.0\jre\bin\sunec.dll
0x00007ff86ccf0000 - 0x00007ff86ccfc000 	C:\Users\bilguun.amarsaikhan\Downloads\Katalon_Studio_Windows_64-8.1.0 (1)\Katalon_Studio_Windows_64-8.1.0\jre\bin\sunmscapi.dll
0x00007ff885130000 - 0x00007ff885286000 	C:\windows\System32\CRYPT32.dll
0x00007ff884a40000 - 0x00007ff884a67000 	C:\windows\SYSTEM32\ncrypt.dll
0x00007ff884a00000 - 0x00007ff884a3b000 	C:\windows\SYSTEM32\NTASN1.dll
0x00007ff884920000 - 0x00007ff884938000 	C:\windows\SYSTEM32\CRYPTSP.dll
0x00007ff883fa0000 - 0x00007ff883fd4000 	C:\windows\system32\rsaenh.dll
0x00007ff884f10000 - 0x00007ff884f3e000 	C:\windows\SYSTEM32\USERENV.dll
0x00007ff885050000 - 0x00007ff8850d3000 	C:\windows\System32\bcryptprimitives.dll
0x00007ff884940000 - 0x00007ff88494c000 	C:\windows\SYSTEM32\CRYPTBASE.dll
0x00007ff87d560000 - 0x00007ff87d577000 	C:\windows\SYSTEM32\dhcpcsvc6.DLL
0x00007ff87d5a0000 - 0x00007ff87d5bd000 	C:\windows\SYSTEM32\dhcpcsvc.DLL

VM Arguments:
jvm_args: -Dgroovy.home=C:\Users\bilguun.amarsaikhan/.groovy -Djava.system.class.loader=groovy.lang.GroovyClassLoader -Xmx2048m -Dfile.encoding=UTF-8 
java_command: org.codehaus.groovy.tools.GroovyStarter --classpath C:\Users\bilguun.amarsaikhan\git\modpims-testing\Transfer Workflow\Transfer Workflow\bin\keyword;C:\Users\bilguun.amarsaikhan\git\modpims-testing\Transfer Workflow\Transfer Workflow\Keywords;C:\Users\bilguun.amarsaikhan\git\modpims-testing\Transfer Workflow\Transfer Workflow\bin\listener;C:\Users\bilguun.amarsaikhan\git\modpims-testing\Transfer Workflow\Transfer Workflow\Test Listeners;C:\Users\bilguun.amarsaikhan\git\modpims-testing\Transfer Workflow\Transfer Workflow\bin\lib;C:\Users\bilguun.amarsaikhan\git\modpims-testing\Transfer Workflow\Transfer Workflow\Libs;C:\Users\bilguun.amarsaikhan\git\modpims-testing\Transfer Workflow\Transfer Workflow\bin\groovy;C:\Users\bilguun.amarsaikhan\git\modpims-testing\Transfer Workflow\Transfer Workflow\Include\scripts\groovy;C:\Users\bilguun.amarsaikhan\Downloads\Katalon_Studio_Windows_64-8.1.0 (1)\Katalon_Studio_Windows_64-8.1.0\plugins\com.kms.katalon.core_1.0.0.202108170301.jar;C:\Users\bilguun.amarsaikhan\Downloads\Katalon_Studio_Windows_64-8.1.0 (1)\Katalon_Studio_Windows_64-8.1.0\configuration\resources\lib\aalto-xml-1.0.0.jar;C:\Users\bilguun.amarsaikhan\Downloads\Katalon_Studio_Windows_64-8.1.0 (1)\Katalon_Studio_Windows_64-8.1.0\configuration\resources\lib\aspectjweaver-1.9.1.jar;C:\Users\bilguun.amarsaikhan\Downloads\Katalon_Studio_Windows_64-8.1.0 (1)\Katalon_Studio_Windows_64-8.1.0\configuration\resources\lib\bcpkix-jdk15on-1.64.jar;C:\Users\bilguun.amarsaikhan\Downloads\Katalon_Studio_Windows_64-8.1.0 (1)\Katalon_Studio_Windows_64-8.1.0\configuration\resources\lib\bcprov-jdk15on-1.64.jar;C:\Users\bilguun.amarsaikhan\Downloads\Katalon_Studio_Windows_64-8.1.0 (1)\Katalon_Studio_Windows_64-8.1.0\configuration\resources\lib\browsermob-core-2.1.5.jar;C:\Users\bilguun.amarsaikhan\Downloads\Katalon_Studio_Windows_64-8.1.0 (1)\Katalon_Studio_Windows_64-8.1.0\configuration\resources\lib\cglib-3.2.10.jar;C:\Users\bilguun.amarsaikhan\Downloads\Katalon_Studi
java_class_path (initial): C:\Users\bilguun.amarsaikhan\git\modpims-testing\Transfer Workflow\Transfer Workflow\bin\keyword;C:\Users\bilguun.amarsaikhan\git\modpims-testing\Transfer Workflow\Transfer Workflow\bin\listener;C:\Users\bilguun.amarsaikhan\git\modpims-testing\Transfer Workflow\Transfer Workflow\bin\lib;C:\Users\bilguun.amarsaikhan\git\modpims-testing\Transfer Workflow\Transfer Workflow\bin\groovy;C:\Users\bilguun.amarsaikhan\git\modpims-testing\Transfer Workflow\Transfer Workflow\bin;C:\Users\bilguun.amarsaikhan\Downloads\Katalon_Studio_Windows_64-8.1.0 (1)\Katalon_Studio_Windows_64-8.1.0\plugins\com.kms.katalon.core_1.0.0.202108170301.jar;C:\Users\bilguun.amarsaikhan\Downloads\Katalon_Studio_Windows_64-8.1.0 (1)\Katalon_Studio_Windows_64-8.1.0\configuration\resources\lib\aalto-xml-1.0.0.jar;C:\Users\bilguun.amarsaikhan\Downloads\Katalon_Studio_Windows_64-8.1.0 (1)\Katalon_Studio_Windows_64-8.1.0\configuration\resources\lib\aspectjweaver-1.9.1.jar;C:\Users\bilguun.amarsaikhan\Downloads\Katalon_Studio_Windows_64-8.1.0 (1)\Katalon_Studio_Windows_64-8.1.0\configuration\resources\lib\bcpkix-jdk15on-1.64.jar;C:\Users\bilguun.amarsaikhan\Downloads\Katalon_Studio_Windows_64-8.1.0 (1)\Katalon_Studio_Windows_64-8.1.0\configuration\resources\lib\bcprov-jdk15on-1.64.jar;C:\Users\bilguun.amarsaikhan\Downloads\Katalon_Studio_Windows_64-8.1.0 (1)\Katalon_Studio_Windows_64-8.1.0\configuration\resources\lib\browsermob-core-2.1.5.jar;C:\Users\bilguun.amarsaikhan\Downloads\Katalon_Studio_Windows_64-8.1.0 (1)\Katalon_Studio_Windows_64-8.1.0\configuration\resources\lib\cglib-3.2.10.jar;C:\Users\bilguun.amarsaikhan\Downloads\Katalon_Studio_Windows_64-8.1.0 (1)\Katalon_Studio_Windows_64-8.1.0\configuration\resources\lib\commons-codec-1.10.jar;C:\Users\bilguun.amarsaikhan\Downloads\Katalon_Studio_Windows_64-8.1.0 (1)\Katalon_Studio_Windows_64-8.1.0\configuration\resources\lib\commons-collections4-4.1.jar;C:\Users\bilguun.amarsaikhan\Downloads\Katalon_Studio_Windows_64-8.1.0 (
Launcher Type: SUN_STANDARD

Environment Variables:
PATH=C:/Users/bilguun.amarsaikhan/Downloads/Katalon_Studio_Windows_64-8.1.0 (1)/Katalon_Studio_Windows_64-8.1.0/jre/bin/server;C:/Users/bilguun.amarsaikhan/Downloads/Katalon_Studio_Windows_64-8.1.0 (1)/Katalon_Studio_Windows_64-8.1.0/jre/bin;C:/Users/bilguun.amarsaikhan/Downloads/Katalon_Studio_Windows_64-8.1.0 (1)/Katalon_Studio_Windows_64-8.1.0/jre/lib/amd64;C:\Program Files\Common Files\Oracle\Java\javapath;C:\windows\system32;C:\windows;C:\windows\System32\Wbem;C:\windows\System32\WindowsPowerShell\v1.0\;C:\windows\System32\OpenSSH\;C:\Program Files (x86)\Microsoft SQL Server\150\DTS\Binn\;C:\Program Files\Azure Data Studio\bin;C:\Program Files\Git\cmd;C:\Program Files\dotnet\;C:\Program Files\Microsoft SQL Server\130\Tools\Binn\;C:\Program Files\Microsoft SQL Server\Client SDK\ODBC\170\Tools\Binn\;C:\Users\bilguun.amarsaikhan\AppData\Local\Microsoft\WindowsApps;C:\Users\bilguun.amarsaikhan\Desktop;C:\Users\bilguun.amarsaikhan\.dotnet\tools;C:\Users\bilguun.amarsaikhan\Downloads\Katalon_Studio_Windows_64-8.1.0 (1)\Katalon_Studio_Windows_64-8.1.0;
USERNAME=bilguun.amarsaikhan
OS=Windows_NT
PROCESSOR_IDENTIFIER=Intel64 Family 6 Model 63 Stepping 2, GenuineIntel



---------------  S Y S T E M  ---------------

OS: Windows 10.0 , 64 bit Build 19041 (10.0.19041.1202)
HyperV virtualization detected

CPU:total 2 (initial active 2) (2 cores per cpu, 1 threads per core) family 6 model 63 stepping 2, cmov, cx8, fxsr, mmx, sse, sse2, sse3, ssse3, sse4.1, sse4.2, popcnt, avx, avx2, aes, clmul, erms, lzcnt, tsc, bmi1, bmi2

Memory: 4k page, physical 8388148k(1196384k free), swap 10485040k(532k free)

vm_info: OpenJDK 64-Bit Server VM (25.282-b08) for windows-amd64 JRE (Zulu 8.52.0.23-CA-win64) (1.8.0_282-b08), built on Jan 12 2021 07:45:49 by "tester" with MS VC++ 10.0 (VS2010)

time: Mon Sep 27 21:27:14 2021
timezone: Coordinated Universal Time
elapsed time: 12.551615 seconds (0d 0h 0m 12s)

