#
# There is insufficient memory for the Java Runtime Environment to continue.
# Native memory allocation (malloc) failed to allocate 864496 bytes for Chunk::new
# Possible reasons:
#   The system is out of physical RAM or swap space
#   The process is running with CompressedOops enabled, and the Java Heap may be blocking the growth of the native heap
# Possible solutions:
#   Reduce memory load on the system
#   Increase physical memory or swap space
#   Check if swap backing store is full
#   Decrease Java heap size (-Xmx/-Xms)
#   Decrease number of Java threads
#   Decrease Java thread stack sizes (-Xss)
#   Set larger code cache with -XX:ReservedCodeCacheSize=
#   JVM is running with Unscaled Compressed Oops mode in which the Java heap is
#     placed in the first 4GB address space. The Java Heap base address is the
#     maximum limit for the native heap growth. Please use -XX:HeapBaseMinAddress
#     to set the Java Heap base and to place the Java Heap above 4GB virtual address.
# This output file may be truncated or incomplete.
#
#  Out of Memory Error (allocation.cpp:389), pid=1932, tid=0x0000000000003224
#
# JRE version: OpenJDK Runtime Environment (Zulu 8.52.0.23-CA-win64) (8.0_282-b08) (build 1.8.0_282-b08)
# Java VM: OpenJDK 64-Bit Server VM (25.282-b08 mixed mode windows-amd64 compressed oops)
# Failed to write core dump. Minidumps are not enabled by default on client versions of Windows
#

---------------  T H R E A D  ---------------

Current thread (0x0000000017fcf800):  JavaThread "C2 CompilerThread0" daemon [_thread_in_native, id=12836, stack(0x0000000018aa0000,0x0000000018ba0000)]

Stack: [0x0000000018aa0000,0x0000000018ba0000]
[error occurred during error reporting (printing stack bounds), id 0xc0000005]

Native frames: (J=compiled Java code, j=interpreted, Vv=VM code, C=native code)


Current CompileTask:
C2:  12575 3241   !   4       java.net.URLClassLoader$1::run (63 bytes)


---------------  P R O C E S S  ---------------

Java Threads: ( => current thread )
  0x0000000018252000 JavaThread "Okio Watchdog" daemon [_thread_blocked, id=7584, stack(0x000000001d0b0000,0x000000001d1b0000)]
  0x000000001ae0a800 JavaThread "OkHttp ConnectionPool" daemon [_thread_blocked, id=11104, stack(0x000000001cfb0000,0x000000001d0b0000)]
  0x0000000019d8f000 JavaThread "Keep-Alive-Timer" daemon [_thread_blocked, id=14012, stack(0x000000001c9b0000,0x000000001cab0000)]
  0x0000000019d8c800 JavaThread "Exec Stream Pumper" daemon [_thread_in_native, id=6508, stack(0x000000001c6b0000,0x000000001c7b0000)]
  0x000000001ae74800 JavaThread "Exec Stream Pumper" daemon [_thread_in_native, id=13268, stack(0x000000001c5b0000,0x000000001c6b0000)]
  0x000000001ae73800 JavaThread "UrlChecker-2" daemon [_thread_blocked, id=16168, stack(0x000000001c4b0000,0x000000001c5b0000)]
  0x0000000018ee0800 JavaThread "Exec Default Executor" daemon [_thread_in_native, id=9044, stack(0x000000001c3b0000,0x000000001c4b0000)]
  0x00000000180e1800 JavaThread "Service Thread" daemon [_thread_blocked, id=12796, stack(0x0000000018ca0000,0x0000000018da0000)]
  0x0000000017ffc000 JavaThread "C1 CompilerThread1" daemon [_thread_blocked, id=5664, stack(0x0000000018ba0000,0x0000000018ca0000)]
=>0x0000000017fcf800 JavaThread "C2 CompilerThread0" daemon [_thread_in_native, id=12836, stack(0x0000000018aa0000,0x0000000018ba0000)]
  0x0000000017f1f800 JavaThread "Attach Listener" daemon [_thread_blocked, id=15812, stack(0x00000000189a0000,0x0000000018aa0000)]
  0x0000000018017800 JavaThread "Signal Dispatcher" daemon [_thread_blocked, id=4668, stack(0x00000000188a0000,0x00000000189a0000)]
  0x0000000016e5b000 JavaThread "Finalizer" daemon [_thread_blocked, id=9224, stack(0x0000000017aa0000,0x0000000017ba0000)]
  0x0000000016e53000 JavaThread "Reference Handler" daemon [_thread_blocked, id=14288, stack(0x00000000179a0000,0x0000000017aa0000)]
  0x000000000239c000 JavaThread "main" [_thread_in_Java, id=184, stack(0x0000000002220000,0x0000000002320000)]

Other Threads:
  0x0000000016e2a000 VMThread [stack: 0x00000000178a0000,0x00000000179a0000] [id=12336]
  0x00000000180e4800 WatcherThread [stack: 0x0000000018da0000,0x0000000018ea0000] [id=9112]

VM state:not at safepoint (normal execution)

VM Mutex/Monitor currently owned by a thread: None

heap address: 0x0000000080000000, size: 2048 MB, Compressed Oops mode: 32-bit
Narrow klass base: 0x0000000000000000, Narrow klass shift: 3
Compressed class space size: 1073741824 Address: 0x0000000100000000

Heap:
 PSYoungGen      total 265728K, used 99153K [0x00000000d5580000, 0x00000000e7700000, 0x0000000100000000)
  eden space 256000K, 34% used [0x00000000d5580000,0x00000000dacd4d30,0x00000000e4f80000)
  from space 9728K, 99% used [0x00000000e4f80000,0x00000000e58ff8a8,0x00000000e5900000)
  to   space 11264K, 0% used [0x00000000e6c00000,0x00000000e6c00000,0x00000000e7700000)
 ParOldGen       total 58368K, used 9686K [0x0000000080000000, 0x0000000083900000, 0x00000000d5580000)
  object space 58368K, 16% used [0x0000000080000000,0x0000000080975830,0x0000000083900000)
 Metaspace       used 30646K, capacity 31550K, committed 31872K, reserved 1077248K
  class space    used 3634K, capacity 3888K, committed 3968K, reserved 1048576K

Card table byte_map: [0x0000000011840000,0x0000000011c50000] byte_map_base: 0x0000000011440000

Marking Bits: (ParMarkBitMap*) 0x000000005d4f1f00
 Begin Bits: [0x0000000012100000, 0x0000000014100000)
 End Bits:   [0x0000000014100000, 0x0000000016100000)

Polling page: 0x00000000001d0000

CodeCache: size=245760Kb used=12683Kb max_used=12683Kb free=233076Kb
 bounds [0x0000000002480000, 0x00000000030f0000, 0x0000000011480000]
 total_blobs=3898 nmethods=3204 adapters=604
 compilation: enabled

Compilation events (10 events):
Event: 12.561 Thread 0x0000000017ffc000 3248       3       org.codehaus.groovy.control.ResolveVisitor::visitAnnotations (270 bytes)
Event: 12.563 Thread 0x0000000017ffc000 nmethod 3248 0x00000000030dfb50 code [0x00000000030e0020, 0x00000000030e3068]
Event: 12.563 Thread 0x0000000017ffc000 3249       3       org.codehaus.groovy.ast.ClassNode::visitContents (157 bytes)
Event: 12.564 Thread 0x0000000017ffc000 nmethod 3249 0x00000000030e4890 code [0x00000000030e4be0, 0x00000000030e67f8]
Event: 12.565 Thread 0x0000000017ffc000 3250       1       org.codehaus.groovy.ast.AnnotatedNode::getDeclaringClass (5 bytes)
Event: 12.566 Thread 0x0000000017ffc000 nmethod 3250 0x00000000030c84d0 code [0x00000000030c8620, 0x00000000030c8730]
Event: 12.566 Thread 0x0000000017ffc000 3251       3       java.util.LinkedList::checkPositionIndex (22 bytes)
Event: 12.567 Thread 0x0000000017ffc000 nmethod 3251 0x00000000030e7210 code [0x00000000030e7420, 0x00000000030e7ff8]
Event: 12.567 Thread 0x0000000017ffc000 3252       3       groovyjarjarasm.asm.SymbolTable::hash (7 bytes)
Event: 12.567 Thread 0x0000000017ffc000 nmethod 3252 0x00000000030e85d0 code [0x00000000030e8720, 0x00000000030e8850]

GC Heap History (10 events):
Event: 4.157 GC heap before
{Heap before GC invocations=6 (full 0):
 PSYoungGen      total 71680K, used 71663K [0x00000000d5580000, 0x00000000de780000, 0x0000000100000000)
  eden space 66560K, 100% used [0x00000000d5580000,0x00000000d9680000,0x00000000d9680000)
  from space 5120K, 99% used [0x00000000d9680000,0x00000000d9b7bf38,0x00000000d9b80000)
  to   space 8192K, 0% used [0x00000000ddf80000,0x00000000ddf80000,0x00000000de780000)
 ParOldGen       total 87552K, used 3634K [0x0000000080000000, 0x0000000085580000, 0x00000000d5580000)
  object space 87552K, 4% used [0x0000000080000000,0x000000008038c978,0x0000000085580000)
 Metaspace       used 19967K, capacity 20248K, committed 20608K, reserved 1067008K
  class space    used 2209K, capacity 2321K, committed 2432K, reserved 1048576K
Event: 4.172 GC heap after
Heap after GC invocations=6 (full 0):
 PSYoungGen      total 139776K, used 8189K [0x00000000d5580000, 0x00000000dea80000, 0x0000000100000000)
  eden space 131584K, 0% used [0x00000000d5580000,0x00000000d5580000,0x00000000dd600000)
  from space 8192K, 99% used [0x00000000ddf80000,0x00000000de77f4a8,0x00000000de780000)
  to   space 9728K, 0% used [0x00000000dd600000,0x00000000dd600000,0x00000000ddf80000)
 ParOldGen       total 87552K, used 3864K [0x0000000080000000, 0x0000000085580000, 0x00000000d5580000)
  object space 87552K, 4% used [0x0000000080000000,0x00000000803c6340,0x0000000085580000)
 Metaspace       used 19967K, capacity 20248K, committed 20608K, reserved 1067008K
  class space    used 2209K, capacity 2321K, committed 2432K, reserved 1048576K
}
Event: 4.455 GC heap before
{Heap before GC invocations=7 (full 0):
 PSYoungGen      total 139776K, used 18878K [0x00000000d5580000, 0x00000000dea80000, 0x0000000100000000)
  eden space 131584K, 8% used [0x00000000d5580000,0x00000000d5ff0518,0x00000000dd600000)
  from space 8192K, 99% used [0x00000000ddf80000,0x00000000de77f4a8,0x00000000de780000)
  to   space 9728K, 0% used [0x00000000dd600000,0x00000000dd600000,0x00000000ddf80000)
 ParOldGen       total 87552K, used 3864K [0x0000000080000000, 0x0000000085580000, 0x00000000d5580000)
  object space 87552K, 4% used [0x0000000080000000,0x00000000803c6340,0x0000000085580000)
 Metaspace       used 20811K, capacity 21072K, committed 21296K, reserved 1069056K
  class space    used 2313K, capacity 2424K, committed 2432K, reserved 1048576K
Event: 4.468 GC heap after
Heap after GC invocations=7 (full 0):
 PSYoungGen      total 141312K, used 4389K [0x00000000d5580000, 0x00000000e6880000, 0x0000000100000000)
  eden space 131584K, 0% used [0x00000000d5580000,0x00000000d5580000,0x00000000dd600000)
  from space 9728K, 45% used [0x00000000dd600000,0x00000000dda49710,0x00000000ddf80000)
  to   space 9216K, 0% used [0x00000000e5f80000,0x00000000e5f80000,0x00000000e6880000)
 ParOldGen       total 87552K, used 6907K [0x0000000080000000, 0x0000000085580000, 0x00000000d5580000)
  object space 87552K, 7% used [0x0000000080000000,0x00000000806befd8,0x0000000085580000)
 Metaspace       used 20811K, capacity 21072K, committed 21296K, reserved 1069056K
  class space    used 2313K, capacity 2424K, committed 2432K, reserved 1048576K
}
Event: 4.468 GC heap before
{Heap before GC invocations=8 (full 1):
 PSYoungGen      total 141312K, used 4389K [0x00000000d5580000, 0x00000000e6880000, 0x0000000100000000)
  eden space 131584K, 0% used [0x00000000d5580000,0x00000000d5580000,0x00000000dd600000)
  from space 9728K, 45% used [0x00000000dd600000,0x00000000dda49710,0x00000000ddf80000)
  to   space 9216K, 0% used [0x00000000e5f80000,0x00000000e5f80000,0x00000000e6880000)
 ParOldGen       total 87552K, used 6907K [0x0000000080000000, 0x0000000085580000, 0x00000000d5580000)
  object space 87552K, 7% used [0x0000000080000000,0x00000000806befd8,0x0000000085580000)
 Metaspace       used 20811K, capacity 21072K, committed 21296K, reserved 1069056K
  class space    used 2313K, capacity 2424K, committed 2432K, reserved 1048576K
Event: 4.531 GC heap after
Heap after GC invocations=8 (full 1):
 PSYoungGen      total 141312K, used 0K [0x00000000d5580000, 0x00000000e6880000, 0x0000000100000000)
  eden space 131584K, 0% used [0x00000000d5580000,0x00000000d5580000,0x00000000dd600000)
  from space 9728K, 0% used [0x00000000dd600000,0x00000000dd600000,0x00000000ddf80000)
  to   space 9216K, 0% used [0x00000000e5f80000,0x00000000e5f80000,0x00000000e6880000)
 ParOldGen       total 58368K, used 8855K [0x0000000080000000, 0x0000000083900000, 0x00000000d5580000)
  object space 58368K, 15% used [0x0000000080000000,0x00000000808a5ea8,0x0000000083900000)
 Metaspace       used 20811K, capacity 21072K, committed 21296K, reserved 1069056K
  class space    used 2313K, capacity 2424K, committed 2432K, reserved 1048576K
}
Event: 5.618 GC heap before
{Heap before GC invocations=9 (full 1):
 PSYoungGen      total 141312K, used 131584K [0x00000000d5580000, 0x00000000e6880000, 0x0000000100000000)
  eden space 131584K, 100% used [0x00000000d5580000,0x00000000dd600000,0x00000000dd600000)
  from space 9728K, 0% used [0x00000000dd600000,0x00000000dd600000,0x00000000ddf80000)
  to   space 9216K, 0% used [0x00000000e5f80000,0x00000000e5f80000,0x00000000e6880000)
 ParOldGen       total 58368K, used 8855K [0x0000000080000000, 0x0000000083900000, 0x00000000d5580000)
  object space 58368K, 15% used [0x0000000080000000,0x00000000808a5ea8,0x0000000083900000)
 Metaspace       used 22096K, capacity 22456K, committed 22704K, reserved 1069056K
  class space    used 2419K, capacity 2541K, committed 2560K, reserved 1048576K
Event: 5.626 GC heap after
Heap after GC invocations=9 (full 1):
 PSYoungGen      total 209408K, used 2789K [0x00000000d5580000, 0x00000000e6280000, 0x0000000100000000)
  eden space 206336K, 0% used [0x00000000d5580000,0x00000000d5580000,0x00000000e1f00000)
  from space 3072K, 90% used [0x00000000e5f80000,0x00000000e62397d8,0x00000000e6280000)
  to   space 9728K, 0% used [0x00000000e4f80000,0x00000000e4f80000,0x00000000e5900000)
 ParOldGen       total 58368K, used 8863K [0x0000000080000000, 0x0000000083900000, 0x00000000d5580000)
  object space 58368K, 15% used [0x0000000080000000,0x00000000808a7ea8,0x0000000083900000)
 Metaspace       used 22096K, capacity 22456K, committed 22704K, reserved 1069056K
  class space    used 2419K, capacity 2541K, committed 2560K, reserved 1048576K
}
Event: 7.513 GC heap before
{Heap before GC invocations=10 (full 1):
 PSYoungGen      total 209408K, used 209125K [0x00000000d5580000, 0x00000000e6280000, 0x0000000100000000)
  eden space 206336K, 100% used [0x00000000d5580000,0x00000000e1f00000,0x00000000e1f00000)
  from space 3072K, 90% used [0x00000000e5f80000,0x00000000e62397d8,0x00000000e6280000)
  to   space 9728K, 0% used [0x00000000e4f80000,0x00000000e4f80000,0x00000000e5900000)
 ParOldGen       total 58368K, used 8863K [0x0000000080000000, 0x0000000083900000, 0x00000000d5580000)
  object space 58368K, 15% used [0x0000000080000000,0x00000000808a7ea8,0x0000000083900000)
 Metaspace       used 25305K, capacity 25638K, committed 25856K, reserved 1073152K
  class space    used 2889K, capacity 3026K, committed 3072K, reserved 1048576K
Event: 7.535 GC heap after
Heap after GC invocations=10 (full 1):
 PSYoungGen      total 265728K, used 9726K [0x00000000d5580000, 0x00000000e7700000, 0x0000000100000000)
  eden space 256000K, 0% used [0x00000000d5580000,0x00000000d5580000,0x00000000e4f80000)
  from space 9728K, 99% used [0x00000000e4f80000,0x00000000e58ff8a8,0x00000000e5900000)
  to   space 11264K, 0% used [0x00000000e6c00000,0x00000000e6c00000,0x00000000e7700000)
 ParOldGen       total 58368K, used 9686K [0x0000000080000000, 0x0000000083900000, 0x00000000d5580000)
  object space 58368K, 16% used [0x0000000080000000,0x0000000080975830,0x0000000083900000)
 Metaspace       used 25305K, capacity 25638K, committed 25856K, reserved 1073152K
  class space    used 2889K, capacity 3026K, committed 3072K, reserved 1048576K
}

Deoptimization events (10 events):
Event: 9.242 Thread 0x000000000239c000 Uncommon trap: reason=class_check action=maybe_recompile pc=0x0000000002f84c24 method=java.io.DataInputStream.readInt()I @ 4
Event: 9.298 Thread 0x000000000239c000 Uncommon trap: reason=class_check action=maybe_recompile pc=0x0000000002f10e9c method=java.util.HashSet.contains(Ljava/lang/Object;)Z @ 5
Event: 9.298 Thread 0x000000000239c000 Uncommon trap: reason=class_check action=maybe_recompile pc=0x0000000002f10e9c method=java.util.HashSet.contains(Ljava/lang/Object;)Z @ 5
Event: 10.527 Thread 0x000000000239c000 Uncommon trap: reason=class_check action=maybe_recompile pc=0x000000000303cfb4 method=org.openqa.selenium.json.Input.init()V @ 18
Event: 10.527 Thread 0x000000000239c000 Uncommon trap: reason=class_check action=maybe_recompile pc=0x000000000303cfb4 method=org.openqa.selenium.json.Input.init()V @ 18
Event: 10.527 Thread 0x000000000239c000 Uncommon trap: reason=class_check action=maybe_recompile pc=0x000000000303cfb4 method=org.openqa.selenium.json.Input.init()V @ 18
Event: 10.527 Thread 0x000000000239c000 Uncommon trap: reason=class_check action=maybe_recompile pc=0x000000000303cfb4 method=org.openqa.selenium.json.Input.init()V @ 18
Event: 10.617 Thread 0x000000000239c000 Uncommon trap: reason=bimorphic action=maybe_recompile pc=0x00000000029d239c method=java.util.HashMap.putVal(ILjava/lang/Object;Ljava/lang/Object;ZZ)Ljava/lang/Object; @ 203
Event: 10.621 Thread 0x000000000239c000 Uncommon trap: reason=bimorphic action=maybe_recompile pc=0x00000000029d239c method=java.util.HashMap.putVal(ILjava/lang/Object;Ljava/lang/Object;ZZ)Ljava/lang/Object; @ 203
Event: 10.621 Thread 0x000000000239c000 Uncommon trap: reason=bimorphic action=maybe_recompile pc=0x00000000029d239c method=java.util.HashMap.putVal(ILjava/lang/Object;Ljava/lang/Object;ZZ)Ljava/lang/Object; @ 203

Classes redefined (0 events):
No events

Internal exceptions (10 events):
Event: 12.501 Thread 0x000000000239c000 Exception <a 'java/security/PrivilegedActionException'> (0x00000000da463b00) thrown at [C:\jenkins\workspace\zulu8-silver-build-win64\zulu-src\hotspot\src\share\vm\prims\jvm.cpp, line 1529]
Event: 12.501 Thread 0x000000000239c000 Exception <a 'java/security/PrivilegedActionException'> (0x00000000da4640e0) thrown at [C:\jenkins\workspace\zulu8-silver-build-win64\zulu-src\hotspot\src\share\vm\prims\jvm.cpp, line 1529]
Event: 12.542 Thread 0x000000000239c000 Exception <a 'java/security/PrivilegedActionException'> (0x00000000da685260) thrown at [C:\jenkins\workspace\zulu8-silver-build-win64\zulu-src\hotspot\src\share\vm\prims\jvm.cpp, line 1529]
Event: 12.542 Thread 0x000000000239c000 Exception <a 'java/security/PrivilegedActionException'> (0x00000000da685840) thrown at [C:\jenkins\workspace\zulu8-silver-build-win64\zulu-src\hotspot\src\share\vm\prims\jvm.cpp, line 1529]
Event: 12.542 Thread 0x000000000239c000 Exception <a 'java/security/PrivilegedActionException'> (0x00000000da6991e8) thrown at [C:\jenkins\workspace\zulu8-silver-build-win64\zulu-src\hotspot\src\share\vm\prims\jvm.cpp, line 1529]
Event: 12.542 Thread 0x000000000239c000 Exception <a 'java/security/PrivilegedActionException'> (0x00000000da6997c8) thrown at [C:\jenkins\workspace\zulu8-silver-build-win64\zulu-src\hotspot\src\share\vm\prims\jvm.cpp, line 1529]
Event: 12.554 Thread 0x000000000239c000 Exception <a 'java/security/PrivilegedActionException'> (0x00000000da8c41b8) thrown at [C:\jenkins\workspace\zulu8-silver-build-win64\zulu-src\hotspot\src\share\vm\prims\jvm.cpp, line 1529]
Event: 12.554 Thread 0x000000000239c000 Exception <a 'java/security/PrivilegedActionException'> (0x00000000da8c4798) thrown at [C:\jenkins\workspace\zulu8-silver-build-win64\zulu-src\hotspot\src\share\vm\prims\jvm.cpp, line 1529]
Event: 12.555 Thread 0x000000000239c000 Exception <a 'java/security/PrivilegedActionException'> (0x00000000da8d8a10) thrown at [C:\jenkins\workspace\zulu8-silver-build-win64\zulu-src\hotspot\src\share\vm\prims\jvm.cpp, line 1529]
Event: 12.555 Thread 0x000000000239c000 Exception <a 'java/security/PrivilegedActionException'> (0x00000000da8d8ff0) thrown at [C:\jenkins\workspace\zulu8-silver-build-win64\zulu-src\hotspot\src\share\vm\prims\jvm.cpp, line 1529]

Events (10 events):
Event: 12.555 loading class com/kms/katalon$core$testobject$ObjectRepository
Event: 12.555 loading class com/kms/katalon$core$testobject$ObjectRepository done
Event: 12.556 loading class com/kms/katalon/core$testobject$ObjectRepository
Event: 12.556 loading class com/kms/katalon/core$testobject$ObjectRepository done
Event: 12.557 loading class com/kms/katalon/core/testobject$ObjectRepository
Event: 12.557 loading class com/kms/katalon/core/testobject$ObjectRepository done
Event: 12.561 loading class groovy/lang/GroovyObject$internal
Event: 12.561 loading class groovy/lang/GroovyObject$internal done
Event: 12.568 loading class groovy/runtime/metaclass/Script1MetaClass
Event: 12.568 loading class groovy/runtime/metaclass/Script1MetaClass done


Dynamic libraries:
0x00007ff7f9f70000 - 0x00007ff7f9fa5000 	C:\Users\bilguun.amarsaikhan\Downloads\Katalon_Studio_Windows_64-8.1.0 (1)\Katalon_Studio_Windows_64-8.1.0\jre\bin\javaw.exe
0x00007ffd40530000 - 0x00007ffd40725000 	C:\windows\SYSTEM32\ntdll.dll
0x00007ffd3f4f0000 - 0x00007ffd3f5ae000 	C:\windows\System32\KERNEL32.DLL
0x00007ffd3e2b0000 - 0x00007ffd3e579000 	C:\windows\System32\KERNELBASE.dll
0x00007ffd3fdc0000 - 0x00007ffd3fe6c000 	C:\windows\System32\ADVAPI32.dll
0x00007ffd3eb80000 - 0x00007ffd3ec1e000 	C:\windows\System32\msvcrt.dll
0x00007ffd3f360000 - 0x00007ffd3f3fb000 	C:\windows\System32\sechost.dll
0x00007ffd3faf0000 - 0x00007ffd3fc1a000 	C:\windows\System32\RPCRT4.dll
0x00007ffd40340000 - 0x00007ffd404e1000 	C:\windows\System32\USER32.dll
0x00007ffd3ddf0000 - 0x00007ffd3de12000 	C:\windows\System32\win32u.dll
0x00007ffd3f4b0000 - 0x00007ffd3f4db000 	C:\windows\System32\GDI32.dll
0x00007ffd3deb0000 - 0x00007ffd3dfbb000 	C:\windows\System32\gdi32full.dll
0x00007ffd3dc50000 - 0x00007ffd3dced000 	C:\windows\System32\msvcp_win.dll
0x00007ffd3dcf0000 - 0x00007ffd3ddf0000 	C:\windows\System32\ucrtbase.dll
0x00007ffd330b0000 - 0x00007ffd3334a000 	C:\windows\WinSxS\amd64_microsoft.windows.common-controls_6595b64144ccf1df_6.0.19041.1110_none_60b5254171f9507e\COMCTL32.dll
0x00007ffd3fd90000 - 0x00007ffd3fdc0000 	C:\windows\System32\IMM32.DLL
0x000000005caf0000 - 0x000000005cbc2000 	C:\Users\bilguun.amarsaikhan\Downloads\Katalon_Studio_Windows_64-8.1.0 (1)\Katalon_Studio_Windows_64-8.1.0\jre\bin\msvcr100.dll
0x000000005ccb0000 - 0x000000005d575000 	C:\Users\bilguun.amarsaikhan\Downloads\Katalon_Studio_Windows_64-8.1.0 (1)\Katalon_Studio_Windows_64-8.1.0\jre\bin\server\jvm.dll
0x00007ffd401c0000 - 0x00007ffd401c8000 	C:\windows\System32\PSAPI.DLL
0x00007ffd244a0000 - 0x00007ffd244a9000 	C:\windows\SYSTEM32\WSOCK32.dll
0x00007ffd3fc20000 - 0x00007ffd3fc8b000 	C:\windows\System32\WS2_32.dll
0x00007ffd1cf70000 - 0x00007ffd1cf97000 	C:\windows\SYSTEM32\WINMM.dll
0x00007ffd350a0000 - 0x00007ffd350aa000 	C:\windows\SYSTEM32\VERSION.dll
0x00007ffd1ef50000 - 0x00007ffd1ef5f000 	C:\Users\bilguun.amarsaikhan\Downloads\Katalon_Studio_Windows_64-8.1.0 (1)\Katalon_Studio_Windows_64-8.1.0\jre\bin\verify.dll
0x00007ffd1ef20000 - 0x00007ffd1ef49000 	C:\Users\bilguun.amarsaikhan\Downloads\Katalon_Studio_Windows_64-8.1.0 (1)\Katalon_Studio_Windows_64-8.1.0\jre\bin\java.dll
0x00007ffd1ef00000 - 0x00007ffd1ef16000 	C:\Users\bilguun.amarsaikhan\Downloads\Katalon_Studio_Windows_64-8.1.0 (1)\Katalon_Studio_Windows_64-8.1.0\jre\bin\zip.dll
0x00007ffd3ec20000 - 0x00007ffd3f35f000 	C:\windows\System32\SHELL32.dll
0x00007ffd3bc60000 - 0x00007ffd3c3f0000 	C:\windows\SYSTEM32\windows.storage.dll
0x00007ffd3e580000 - 0x00007ffd3e8d5000 	C:\windows\System32\combase.dll
0x00007ffd3d5d0000 - 0x00007ffd3d5fc000 	C:\windows\SYSTEM32\Wldp.dll
0x00007ffd401d0000 - 0x00007ffd4027d000 	C:\windows\System32\SHCORE.dll
0x00007ffd3f5b0000 - 0x00007ffd3f605000 	C:\windows\System32\shlwapi.dll
0x00007ffd3db90000 - 0x00007ffd3dbaf000 	C:\windows\SYSTEM32\profapi.dll
0x00007ffd1eee0000 - 0x00007ffd1eefb000 	C:\Users\bilguun.amarsaikhan\Downloads\Katalon_Studio_Windows_64-8.1.0 (1)\Katalon_Studio_Windows_64-8.1.0\jre\bin\net.dll
0x00007ffd3d330000 - 0x00007ffd3d39a000 	C:\windows\system32\mswsock.dll
0x00007ffd1eec0000 - 0x00007ffd1eed1000 	C:\Users\bilguun.amarsaikhan\Downloads\Katalon_Studio_Windows_64-8.1.0 (1)\Katalon_Studio_Windows_64-8.1.0\jre\bin\nio.dll
0x00007ffd3d060000 - 0x00007ffd3d12c000 	C:\windows\SYSTEM32\DNSAPI.dll
0x00007ffd3d020000 - 0x00007ffd3d05b000 	C:\windows\SYSTEM32\IPHLPAPI.DLL
0x00007ffd3f4e0000 - 0x00007ffd3f4e8000 	C:\windows\System32\NSI.dll
0x00007ffd34a90000 - 0x00007ffd34a9a000 	C:\Windows\System32\rasadhlp.dll
0x00007ffd353e0000 - 0x00007ffd3545f000 	C:\windows\System32\fwpuclnt.dll
0x00007ffd3e020000 - 0x00007ffd3e047000 	C:\windows\System32\bcrypt.dll
0x00007ffd08050000 - 0x00007ffd08074000 	C:\Users\bilguun.amarsaikhan\Downloads\Katalon_Studio_Windows_64-8.1.0 (1)\Katalon_Studio_Windows_64-8.1.0\jre\bin\sunec.dll
0x00007ffd1edb0000 - 0x00007ffd1edbc000 	C:\Users\bilguun.amarsaikhan\Downloads\Katalon_Studio_Windows_64-8.1.0 (1)\Katalon_Studio_Windows_64-8.1.0\jre\bin\sunmscapi.dll
0x00007ffd3e150000 - 0x00007ffd3e2a6000 	C:\windows\System32\CRYPT32.dll
0x00007ffd3d640000 - 0x00007ffd3d667000 	C:\windows\SYSTEM32\ncrypt.dll
0x00007ffd3d600000 - 0x00007ffd3d63b000 	C:\windows\SYSTEM32\NTASN1.dll
0x00007ffd3d530000 - 0x00007ffd3d548000 	C:\windows\SYSTEM32\CRYPTSP.dll
0x00007ffd3cba0000 - 0x00007ffd3cbd4000 	C:\windows\system32\rsaenh.dll
0x00007ffd3db10000 - 0x00007ffd3db3e000 	C:\windows\SYSTEM32\USERENV.dll
0x00007ffd3de20000 - 0x00007ffd3dea3000 	C:\windows\System32\bcryptprimitives.dll
0x00007ffd3d520000 - 0x00007ffd3d52c000 	C:\windows\SYSTEM32\CRYPTBASE.dll
0x00007ffd36c50000 - 0x00007ffd36c67000 	C:\windows\SYSTEM32\dhcpcsvc6.DLL
0x00007ffd36c30000 - 0x00007ffd36c4d000 	C:\windows\SYSTEM32\dhcpcsvc.DLL

VM Arguments:
jvm_args: -Dgroovy.home=C:\Users\bilguun.amarsaikhan/.groovy -Djava.system.class.loader=groovy.lang.GroovyClassLoader -Xmx2048m -Dfile.encoding=UTF-8 
java_command: org.codehaus.groovy.tools.GroovyStarter --classpath C:\Users\bilguun.amarsaikhan\git\modpims-testing\Transfer Workflow\Transfer Workflow\bin\keyword;C:\Users\bilguun.amarsaikhan\git\modpims-testing\Transfer Workflow\Transfer Workflow\Keywords;C:\Users\bilguun.amarsaikhan\git\modpims-testing\Transfer Workflow\Transfer Workflow\bin\listener;C:\Users\bilguun.amarsaikhan\git\modpims-testing\Transfer Workflow\Transfer Workflow\Test Listeners;C:\Users\bilguun.amarsaikhan\git\modpims-testing\Transfer Workflow\Transfer Workflow\bin\lib;C:\Users\bilguun.amarsaikhan\git\modpims-testing\Transfer Workflow\Transfer Workflow\Libs;C:\Users\bilguun.amarsaikhan\git\modpims-testing\Transfer Workflow\Transfer Workflow\bin\groovy;C:\Users\bilguun.amarsaikhan\git\modpims-testing\Transfer Workflow\Transfer Workflow\Include\scripts\groovy;C:\Users\bilguun.amarsaikhan\Downloads\Katalon_Studio_Engine_Windows_64-8.1.0\Katalon_Studio_Engine_Windows_64-8.1.0\plugins\com.kms.katalon.core_1.0.0.202108170301.jar;C:\Users\bilguun.amarsaikhan\Downloads\Katalon_Studio_Engine_Windows_64-8.1.0\Katalon_Studio_Engine_Windows_64-8.1.0\configuration\resources\lib\aalto-xml-1.0.0.jar;C:\Users\bilguun.amarsaikhan\Downloads\Katalon_Studio_Engine_Windows_64-8.1.0\Katalon_Studio_Engine_Windows_64-8.1.0\configuration\resources\lib\aspectjweaver-1.9.1.jar;C:\Users\bilguun.amarsaikhan\Downloads\Katalon_Studio_Engine_Windows_64-8.1.0\Katalon_Studio_Engine_Windows_64-8.1.0\configuration\resources\lib\bcpkix-jdk15on-1.64.jar;C:\Users\bilguun.amarsaikhan\Downloads\Katalon_Studio_Engine_Windows_64-8.1.0\Katalon_Studio_Engine_Windows_64-8.1.0\configuration\resources\lib\bcprov-jdk15on-1.64.jar;C:\Users\bilguun.amarsaikhan\Downloads\Katalon_Studio_Engine_Windows_64-8.1.0\Katalon_Studio_Engine_Windows_64-8.1.0\configuration\resources\lib\browsermob-core-2.1.5.jar;C:\Users\bilguun.amarsaikhan\Downloads\Katalon_Studio_Engine_Windows_64-8.1.0\Katalon_Studio_Engine_Windows_64-8.1.0\configuration\resources\lib
java_class_path (initial): C:\Users\bilguun.amarsaikhan\git\modpims-testing\Transfer Workflow\Transfer Workflow\bin\keyword;C:\Users\bilguun.amarsaikhan\git\modpims-testing\Transfer Workflow\Transfer Workflow\bin\listener;C:\Users\bilguun.amarsaikhan\git\modpims-testing\Transfer Workflow\Transfer Workflow\bin\lib;C:\Users\bilguun.amarsaikhan\git\modpims-testing\Transfer Workflow\Transfer Workflow\bin\groovy;C:\Users\bilguun.amarsaikhan\git\modpims-testing\Transfer Workflow\Transfer Workflow\bin;C:\Users\bilguun.amarsaikhan\Downloads\Katalon_Studio_Engine_Windows_64-8.1.0\Katalon_Studio_Engine_Windows_64-8.1.0\plugins\com.kms.katalon.core_1.0.0.202108170301.jar;C:\Users\bilguun.amarsaikhan\Downloads\Katalon_Studio_Engine_Windows_64-8.1.0\Katalon_Studio_Engine_Windows_64-8.1.0\configuration\resources\lib\aalto-xml-1.0.0.jar;C:\Users\bilguun.amarsaikhan\Downloads\Katalon_Studio_Engine_Windows_64-8.1.0\Katalon_Studio_Engine_Windows_64-8.1.0\configuration\resources\lib\aspectjweaver-1.9.1.jar;C:\Users\bilguun.amarsaikhan\Downloads\Katalon_Studio_Engine_Windows_64-8.1.0\Katalon_Studio_Engine_Windows_64-8.1.0\configuration\resources\lib\bcpkix-jdk15on-1.64.jar;C:\Users\bilguun.amarsaikhan\Downloads\Katalon_Studio_Engine_Windows_64-8.1.0\Katalon_Studio_Engine_Windows_64-8.1.0\configuration\resources\lib\bcprov-jdk15on-1.64.jar;C:\Users\bilguun.amarsaikhan\Downloads\Katalon_Studio_Engine_Windows_64-8.1.0\Katalon_Studio_Engine_Windows_64-8.1.0\configuration\resources\lib\browsermob-core-2.1.5.jar;C:\Users\bilguun.amarsaikhan\Downloads\Katalon_Studio_Engine_Windows_64-8.1.0\Katalon_Studio_Engine_Windows_64-8.1.0\configuration\resources\lib\cglib-3.2.10.jar;C:\Users\bilguun.amarsaikhan\Downloads\Katalon_Studio_Engine_Windows_64-8.1.0\Katalon_Studio_Engine_Windows_64-8.1.0\configuration\resources\lib\commons-codec-1.10.jar;C:\Users\bilguun.amarsaikhan\Downloads\Katalon_Studio_Engine_Windows_64-8.1.0\Katalon_Studio_Engine_Windows_64-8.1.0\configuration\resources\lib\commons-col
Launcher Type: SUN_STANDARD

Environment Variables:
PATH=C:/Users/bilguun.amarsaikhan/Downloads/Katalon_Studio_Windows_64-8.1.0 (1)/Katalon_Studio_Windows_64-8.1.0/jre/bin/server;C:/Users/bilguun.amarsaikhan/Downloads/Katalon_Studio_Windows_64-8.1.0 (1)/Katalon_Studio_Windows_64-8.1.0/jre/bin;C:/Users/bilguun.amarsaikhan/Downloads/Katalon_Studio_Windows_64-8.1.0 (1)/Katalon_Studio_Windows_64-8.1.0/jre/lib/amd64;C:\Program Files\Common Files\Oracle\Java\javapath;C:\windows\system32;C:\windows;C:\windows\System32\Wbem;C:\windows\System32\WindowsPowerShell\v1.0\;C:\windows\System32\OpenSSH\;C:\Program Files (x86)\Microsoft SQL Server\150\DTS\Binn\;C:\Program Files\Azure Data Studio\bin;C:\Program Files\Git\cmd;C:\Program Files\dotnet\;C:\Program Files\Microsoft SQL Server\130\Tools\Binn\;C:\Program Files\Microsoft SQL Server\Client SDK\ODBC\170\Tools\Binn\;C:\Users\bilguun.amarsaikhan\AppData\Local\Microsoft\WindowsApps;C:\Users\bilguun.amarsaikhan\Desktop;C:\Users\bilguun.amarsaikhan\.dotnet\tools;C:\Users\bilguun.amarsaikhan\AppData\Local\Programs\Microsoft VS Code\bin;C:\Users\bilguun.amarsaikhan\Downloads\Katalon_Studio_Windows_64-8.1.0 (1)\Katalon_Studio_Windows_64-8.1.0;
USERNAME=bilguun.amarsaikhan
OS=Windows_NT
PROCESSOR_IDENTIFIER=Intel64 Family 6 Model 63 Stepping 2, GenuineIntel



---------------  S Y S T E M  ---------------

OS: Windows 10.0 , 64 bit Build 19041 (10.0.19041.1202)
HyperV virtualization detected

CPU:total 2 (initial active 2) (2 cores per cpu, 1 threads per core) family 6 model 63 stepping 2, cmov, cx8, fxsr, mmx, sse, sse2, sse3, ssse3, sse4.1, sse4.2, popcnt, avx, avx2, aes, clmul, erms, lzcnt, tsc, bmi1, bmi2

Memory: 4k page, physical 8388148k(693940k free), swap 10485040k(5620k free)

vm_info: OpenJDK 64-Bit Server VM (25.282-b08) for windows-amd64 JRE (Zulu 8.52.0.23-CA-win64) (1.8.0_282-b08), built on Jan 12 2021 07:45:49 by "tester" with MS VC++ 10.0 (VS2010)

time: Thu Nov 04 11:28:51 2021
timezone: Eastern Daylight Time
elapsed time: 12.585484 seconds (0d 0h 0m 12s)

