#
# There is insufficient memory for the Java Runtime Environment to continue.
# Native memory allocation (malloc) failed to allocate 32744 bytes for ChunkPool::allocate
# Possible reasons:
#   The system is out of physical RAM or swap space
#   The process is running with CompressedOops enabled, and the Java Heap may be blocking the growth of the native heap
# Possible solutions:
#   Reduce memory load on the system
#   Increase physical memory or swap space
#   Check if swap backing store is full
#   Decrease Java heap size (-Xmx/-Xms)
#   Decrease number of Java threads
#   Decrease Java thread stack sizes (-Xss)
#   Set larger code cache with -XX:ReservedCodeCacheSize=
#   JVM is running with Unscaled Compressed Oops mode in which the Java heap is
#     placed in the first 4GB address space. The Java Heap base address is the
#     maximum limit for the native heap growth. Please use -XX:HeapBaseMinAddress
#     to set the Java Heap base and to place the Java Heap above 4GB virtual address.
# This output file may be truncated or incomplete.
#
#  Out of Memory Error (allocation.cpp:272), pid=13988, tid=0x00000000000032e4
#
# JRE version: OpenJDK Runtime Environment (Zulu 8.52.0.23-CA-win64) (8.0_282-b08) (build 1.8.0_282-b08)
# Java VM: OpenJDK 64-Bit Server VM (25.282-b08 mixed mode windows-amd64 compressed oops)
# Failed to write core dump. Minidumps are not enabled by default on client versions of Windows
#

---------------  T H R E A D  ---------------

Current thread (0x0000000002dc4800):  JavaThread "main" [_thread_in_vm, id=13028, stack(0x0000000002cb0000,0x0000000002db0000)]

Stack: [0x0000000002cb0000,0x0000000002db0000]
[error occurred during error reporting (printing stack bounds), id 0xc0000005]

Native frames: (J=compiled Java code, j=interpreted, Vv=VM code, C=native code)

Java frames: (J=compiled Java code, j=interpreted, Vv=VM code)
J 493  java.lang.Throwable.fillInStackTrace(I)Ljava/lang/Throwable; (0 bytes) @ 0x0000000003120bfb [0x0000000003120bc0+0x3b]
J 1595 C1 java.lang.Throwable.fillInStackTrace()Ljava/lang/Throwable; (29 bytes) @ 0x0000000003532954 [0x0000000003532780+0x1d4]
J 926 C1 java.lang.Exception.<init>(Ljava/lang/String;)V (6 bytes) @ 0x0000000003264e74 [0x0000000003264c80+0x1f4]
j  java.io.IOException.<init>(Ljava/lang/String;)V+2
j  java.io.FileNotFoundException.<init>(Ljava/lang/String;)V+2
J 2235 C1 sun.misc.URLClassPath$JarLoader.getJarFile(Ljava/net/URL;)Ljava/util/jar/JarFile; (81 bytes) @ 0x00000000037ead74 [0x00000000037ea9c0+0x3b4]
J 2234 C1 sun.misc.URLClassPath$JarLoader$1.run()Ljava/lang/Void; (184 bytes) @ 0x00000000037e9d5c [0x00000000037e9ce0+0x7c]
J 532 C1 sun.misc.URLClassPath$JarLoader$1.run()Ljava/lang/Object; (5 bytes) @ 0x000000000313fa8c [0x000000000313fa00+0x8c]
v  ~StubRoutines::call_stub
J 197  java.security.AccessController.doPrivileged(Ljava/security/PrivilegedExceptionAction;Ljava/security/AccessControlContext;)Ljava/lang/Object; (0 bytes) @ 0x0000000003041526 [0x00000000030414c0+0x66]
J 323 C2 sun.misc.URLClassPath$JarLoader.ensureOpen()V (36 bytes) @ 0x000000000312928c [0x0000000003129200+0x8c]
J 2065 C1 sun.misc.URLClassPath$JarLoader.<init>(Ljava/net/URL;Ljava/net/URLStreamHandler;Ljava/util/HashMap;Ljava/security/AccessControlContext;)V (147 bytes) @ 0x0000000003773464 [0x0000000003772320+0x1144]
j  sun.misc.URLClassPath$JarLoader$3.run()Lsun/misc/URLClassPath$JarLoader;+29
j  sun.misc.URLClassPath$JarLoader$3.run()Ljava/lang/Object;+1
v  ~StubRoutines::call_stub
J 197  java.security.AccessController.doPrivileged(Ljava/security/PrivilegedExceptionAction;Ljava/security/AccessControlContext;)Ljava/lang/Object; (0 bytes) @ 0x0000000003041526 [0x00000000030414c0+0x66]
J 1592 C2 sun.misc.URLClassPath$JarLoader.getResource(Ljava/lang/String;ZLjava/util/Set;)Lsun/misc/Resource; (353 bytes) @ 0x0000000003582db4 [0x0000000003580aa0+0x2314]
J 1576 C2 sun.misc.URLClassPath$JarLoader.getResource(Ljava/lang/String;Z)Lsun/misc/Resource; (85 bytes) @ 0x00000000035355a4 [0x0000000003535440+0x164]
J 2023 C2 sun.misc.URLClassPath.findResource(Ljava/lang/String;Z)Ljava/net/URL; (47 bytes) @ 0x000000000375ce8c [0x000000000375c740+0x74c]
J 1516 C1 java.net.URLClassLoader$2.run()Ljava/lang/Object; (5 bytes) @ 0x00000000034effdc [0x00000000034efec0+0x11c]
v  ~StubRoutines::call_stub
J 1509  java.security.AccessController.doPrivileged(Ljava/security/PrivilegedAction;Ljava/security/AccessControlContext;)Ljava/lang/Object; (0 bytes) @ 0x00000000034f1226 [0x00000000034f11c0+0x66]
J 1515 C1 java.net.URLClassLoader.findResource(Ljava/lang/String;)Ljava/net/URL; (37 bytes) @ 0x00000000034f058c [0x00000000034f0400+0x18c]
J 2048 C1 org.codehaus.groovy.tools.RootLoader.getResource(Ljava/lang/String;)Ljava/net/URL; (18 bytes) @ 0x000000000375f60c [0x000000000375f500+0x10c]
J 1525 C1 java.lang.ClassLoader.getResource(Ljava/lang/String;)Ljava/net/URL; (36 bytes) @ 0x0000000003501534 [0x00000000035013e0+0x154]
J 2164 C1 groovy.lang.GroovyClassLoader.getSourceFile(Ljava/lang/String;Ljava/lang/String;)Ljava/net/URL; (61 bytes) @ 0x00000000037bd964 [0x00000000037bd1c0+0x7a4]
J 2053 C1 groovy.lang.GroovyClassLoader$1$1.run()Ljava/net/URL; (69 bytes) @ 0x000000000376922c [0x0000000003768de0+0x44c]
J 2052 C1 groovy.lang.GroovyClassLoader$1$1.run()Ljava/lang/Object; (5 bytes) @ 0x0000000003764b8c [0x0000000003764b00+0x8c]
v  ~StubRoutines::call_stub
J 728  java.security.AccessController.doPrivileged(Ljava/security/PrivilegedAction;)Ljava/lang/Object; (0 bytes) @ 0x00000000031cc792 [0x00000000031cc740+0x52]
J 1711 C1 groovy.lang.GroovyClassLoader.loadClass(Ljava/lang/String;ZZZ)Ljava/lang/Class; (360 bytes) @ 0x00000000035a3534 [0x00000000035a1800+0x1d34]
J 2041 C1 groovy.lang.GroovyClassLoader.loadClass(Ljava/lang/String;Z)Ljava/lang/Class; (9 bytes) @ 0x0000000003760b54 [0x0000000003760a40+0x114]
J 326 C1 java.lang.ClassLoader.loadClass(Ljava/lang/String;Z)Ljava/lang/Class; (122 bytes) @ 0x00000000030d33cc [0x00000000030d2cc0+0x70c]
J 1711 C1 groovy.lang.GroovyClassLoader.loadClass(Ljava/lang/String;ZZZ)Ljava/lang/Class; (360 bytes) @ 0x00000000035a1d74 [0x00000000035a1800+0x574]
J 2050 C1 org.codehaus.groovy.control.ClassNodeResolver.tryAsLoaderClassOrScript(Ljava/lang/String;Lorg/codehaus/groovy/control/CompilationUnit;)Lorg/codehaus/groovy/control/ClassNodeResolver$LookupResult; (108 bytes) @ 0x0000000003766714 [0x0000000003766480+0x294]
J 2049 C1 org.codehaus.groovy.control.ClassNodeResolver.findClassNode(Ljava/lang/String;Lorg/codehaus/groovy/control/CompilationUnit;)Lorg/codehaus/groovy/control/ClassNodeResolver$LookupResult; (7 bytes) @ 0x0000000003768a7c [0x0000000003768a00+0x7c]
J 2031 C1 org.codehaus.groovy.control.ClassNodeResolver.resolveName(Ljava/lang/String;Lorg/codehaus/groovy/control/CompilationUnit;)Lorg/codehaus/groovy/control/ClassNodeResolver$LookupResult; (73 bytes) @ 0x0000000003757b7c [0x0000000003757780+0x3fc]
J 2027 C1 org.codehaus.groovy.control.ResolveVisitor.resolveToOuter(Lorg/codehaus/groovy/ast/ClassNode;)Z (110 bytes) @ 0x0000000003751b2c [0x0000000003751140+0x9ec]
J 2029 C1 org.codehaus.groovy.control.ResolveVisitor.resolve(Lorg/codehaus/groovy/ast/ClassNode;ZZZ)Z (229 bytes) @ 0x000000000375af9c [0x0000000003758f20+0x207c]
J 2026 C1 org.codehaus.groovy.control.ResolveVisitor.resolveFromStaticInnerClasses(Lorg/codehaus/groovy/ast/ClassNode;Z)Z (125 bytes) @ 0x0000000003725d84 [0x00000000037252a0+0xae4]
J 2029 C1 org.codehaus.groovy.control.ResolveVisitor.resolve(Lorg/codehaus/groovy/ast/ClassNode;ZZZ)Z (229 bytes) @ 0x000000000375af34 [0x0000000003758f20+0x2014]
J 2026 C1 org.codehaus.groovy.control.ResolveVisitor.resolveFromStaticInnerClasses(Lorg/codehaus/groovy/ast/ClassNode;Z)Z (125 bytes) @ 0x0000000003725d84 [0x00000000037252a0+0xae4]
J 2029 C1 org.codehaus.groovy.control.ResolveVisitor.resolve(Lorg/codehaus/groovy/ast/ClassNode;ZZZ)Z (229 bytes) @ 0x000000000375af34 [0x0000000003758f20+0x2014]
J 2026 C1 org.codehaus.groovy.control.ResolveVisitor.resolveFromStaticInnerClasses(Lorg/codehaus/groovy/ast/ClassNode;Z)Z (125 bytes) @ 0x0000000003725d84 [0x00000000037252a0+0xae4]
J 2029 C1 org.codehaus.groovy.control.ResolveVisitor.resolve(Lorg/codehaus/groovy/ast/ClassNode;ZZZ)Z (229 bytes) @ 0x000000000375af34 [0x0000000003758f20+0x2014]
J 2026 C1 org.codehaus.groovy.control.ResolveVisitor.resolveFromStaticInnerClasses(Lorg/codehaus/groovy/ast/ClassNode;Z)Z (125 bytes) @ 0x0000000003725d84 [0x00000000037252a0+0xae4]
J 2029 C1 org.codehaus.groovy.control.ResolveVisitor.resolve(Lorg/codehaus/groovy/ast/ClassNode;ZZZ)Z (229 bytes) @ 0x000000000375af34 [0x0000000003758f20+0x2014]
J 2026 C1 org.codehaus.groovy.control.ResolveVisitor.resolveFromStaticInnerClasses(Lorg/codehaus/groovy/ast/ClassNode;Z)Z (125 bytes) @ 0x0000000003725d84 [0x00000000037252a0+0xae4]
J 2029 C1 org.codehaus.groovy.control.ResolveVisitor.resolve(Lorg/codehaus/groovy/ast/ClassNode;ZZZ)Z (229 bytes) @ 0x000000000375af34 [0x0000000003758f20+0x2014]
j  org.codehaus.groovy.control.ResolveVisitor.visitClass(Lorg/codehaus/groovy/ast/ClassNode;)V+124
j  org.codehaus.groovy.control.ResolveVisitor.startResolving(Lorg/codehaus/groovy/ast/ClassNode;Lorg/codehaus/groovy/control/SourceUnit;)V+7
j  org.codehaus.groovy.control.CompilationUnit$12.call(Lorg/codehaus/groovy/control/SourceUnit;)V+79
j  org.codehaus.groovy.control.CompilationUnit.applyToSourceUnits(Lorg/codehaus/groovy/control/CompilationUnit$SourceUnitOperation;)V+79
j  org.codehaus.groovy.control.CompilationUnit.doPhaseOperation(Ljava/lang/Object;)V+30
j  org.codehaus.groovy.control.CompilationUnit.compile(I)V+42
j  groovy.lang.GroovyClassLoader.doParseClass(Lgroovy/lang/GroovyCodeSource;)Ljava/lang/Class;+163
j  groovy.lang.GroovyClassLoader.parseClass(Lgroovy/lang/GroovyCodeSource;Z)Ljava/lang/Class;+37
j  com.kms.katalon.core.main.ScriptEngine.getScript(Lgroovy/lang/GroovyCodeSource;Lgroovy/lang/Binding;Z)Lgroovy/lang/Script;+6
j  com.kms.katalon.core.main.ScriptEngine.run(Lgroovy/lang/GroovyCodeSource;Lgroovy/lang/Binding;Z)Ljava/lang/Object;+4
j  com.kms.katalon.core.main.ScriptEngine.runScriptAsRawText(Ljava/lang/String;Ljava/lang/String;Lgroovy/lang/Binding;Ljava/lang/String;)Ljava/lang/Object;+68
j  com.kms.katalon.core.main.TestCaseExecutor.runScript(Ljava/io/File;)Ljava/lang/Object;+32
j  com.kms.katalon.core.main.TestCaseExecutor.doExecute()V+9
j  com.kms.katalon.core.main.TestCaseExecutor.processExecutionPhase()V+12
j  com.kms.katalon.core.main.TestCaseExecutor.accessMainPhase()V+9
j  com.kms.katalon.core.main.TestCaseExecutor.execute(Lcom/kms/katalon/core/model/FailureHandling;)Lcom/kms/katalon/core/main/TestResult;+1334
j  com.kms.katalon.core.main.TestCaseMain.runTestCase(Ljava/lang/String;Lcom/kms/katalon/core/testcase/TestCaseBinding;Lcom/kms/katalon/core/model/FailureHandling;ZZ)Lcom/kms/katalon/core/main/TestResult;+41
j  com.kms.katalon.core.keyword.builtin.CallTestCaseKeyword$_callTestCase_closure1.doCall(Ljava/lang/Object;)Ljava/lang/Object;+170
j  com.kms.katalon.core.keyword.builtin.CallTestCaseKeyword$_callTestCase_closure1.call()Ljava/lang/Object;+2
j  com.kms.katalon.core.keyword.internal.KeywordMain.runKeyword(Lgroovy/lang/Closure;Lcom/kms/katalon/core/model/FailureHandling;Ljava/lang/String;)Ljava/lang/Object;+1
j  com.kms.katalon.core.keyword.builtin.CallTestCaseKeyword.callTestCase(Lcom/kms/katalon/core/testcase/TestCase;Ljava/util/Map;Lcom/kms/katalon/core/model/FailureHandling;)Ljava/lang/Object;+105
j  com.kms.katalon.core.keyword.builtin.CallTestCaseKeyword.execute([Ljava/lang/Object;)Ljava/lang/Object;+89
j  com.kms.katalon.core.keyword.internal.KeywordExecutor.executeKeywordForPlatform(Ljava/lang/String;Ljava/lang/String;[Ljava/lang/Object;)Ljava/lang/Object;+161
j  com.kms.katalon.core.keyword.BuiltinKeywords.callTestCase(Lcom/kms/katalon/core/testcase/TestCase;Ljava/util/Map;Lcom/kms/katalon/core/model/FailureHandling;)Ljava/lang/Object;+21
v  ~StubRoutines::call_stub
j  sun.reflect.NativeMethodAccessorImpl.invoke0(Ljava/lang/reflect/Method;Ljava/lang/Object;[Ljava/lang/Object;)Ljava/lang/Object;+0
j  sun.reflect.NativeMethodAccessorImpl.invoke(Ljava/lang/Object;[Ljava/lang/Object;)Ljava/lang/Object;+100
j  sun.reflect.DelegatingMethodAccessorImpl.invoke(Ljava/lang/Object;[Ljava/lang/Object;)Ljava/lang/Object;+6
j  java.lang.reflect.Method.invoke(Ljava/lang/Object;[Ljava/lang/Object;)Ljava/lang/Object;+56
j  org.codehaus.groovy.reflection.CachedMethod.invoke(Ljava/lang/Object;[Ljava/lang/Object;)Ljava/lang/Object;+6
j  groovy.lang.MetaMethod.doMethodInvoke(Ljava/lang/Object;[Ljava/lang/Object;)Ljava/lang/Object;+9
j  groovy.lang.MetaClassImpl.invokeStaticMethod(Ljava/lang/Object;Ljava/lang/String;[Ljava/lang/Object;)Ljava/lang/Object;+219
j  org.codehaus.groovy.runtime.callsite.StaticMetaClassSite.call(Ljava/lang/Object;[Ljava/lang/Object;)Ljava/lang/Object;+18
j  org.codehaus.groovy.runtime.callsite.CallSiteArray.defaultCall(Lorg/codehaus/groovy/runtime/callsite/CallSite;Ljava/lang/Object;[Ljava/lang/Object;)Ljava/lang/Object;+8
j  org.codehaus.groovy.runtime.callsite.AbstractCallSite.call(Ljava/lang/Object;[Ljava/lang/Object;)Ljava/lang/Object;+3
j  org.codehaus.groovy.runtime.callsite.AbstractCallSite.call(Ljava/lang/Object;Ljava/lang/Object;Ljava/lang/Object;Ljava/lang/Object;)Ljava/lang/Object;+42
j  Script1635770044786.run()Ljava/lang/Object;+136
j  com.kms.katalon.core.main.ScriptEngine.run(Lgroovy/lang/GroovyCodeSource;Lgroovy/lang/Binding;Z)Ljava/lang/Object;+7
j  com.kms.katalon.core.main.ScriptEngine.runScriptAsRawText(Ljava/lang/String;Ljava/lang/String;Lgroovy/lang/Binding;Ljava/lang/String;)Ljava/lang/Object;+68
j  com.kms.katalon.core.main.TestCaseExecutor.runScript(Ljava/io/File;)Ljava/lang/Object;+32
j  com.kms.katalon.core.main.TestCaseExecutor.doExecute()V+9
j  com.kms.katalon.core.main.TestCaseExecutor.processExecutionPhase()V+12
j  com.kms.katalon.core.main.TestCaseExecutor.accessMainPhase()V+9
j  com.kms.katalon.core.main.TestCaseExecutor.execute(Lcom/kms/katalon/core/model/FailureHandling;)Lcom/kms/katalon/core/main/TestResult;+1334
j  com.kms.katalon.core.main.TestCaseMain.runTestCase(Ljava/lang/String;Lcom/kms/katalon/core/testcase/TestCaseBinding;Lcom/kms/katalon/core/model/FailureHandling;ZZ)Lcom/kms/katalon/core/main/TestResult;+41
j  com.kms.katalon.core.main.TestCaseMain.runTestCase(Ljava/lang/String;Lcom/kms/katalon/core/testcase/TestCaseBinding;Lcom/kms/katalon/core/model/FailureHandling;Z)Lcom/kms/katalon/core/main/TestResult;+5
j  com.kms.katalon.core.main.TestCaseMain$runTestCase$0.call(Ljava/lang/Object;[Ljava/lang/Object;)Ljava/lang/Object;+33
j  org.codehaus.groovy.runtime.callsite.CallSiteArray.defaultCall(Lorg/codehaus/groovy/runtime/callsite/CallSite;Ljava/lang/Object;[Ljava/lang/Object;)Ljava/lang/Object;+8
j  org.codehaus.groovy.runtime.callsite.AbstractCallSite.call(Ljava/lang/Object;[Ljava/lang/Object;)Ljava/lang/Object;+3
j  org.codehaus.groovy.runtime.callsite.AbstractCallSite.call(Ljava/lang/Object;Ljava/lang/Object;Ljava/lang/Object;Ljava/lang/Object;Ljava/lang/Object;)Ljava/lang/Object;+46
j  TempTestCase1635856567397.run()Ljava/lang/Object;+233
j  groovy.lang.GroovyShell.runScriptOrMainOrTestOrRunnable(Ljava/lang/Class;[Ljava/lang/String;)Ljava/lang/Object;+35
j  groovy.lang.GroovyShell.run(Lgroovy/lang/GroovyCodeSource;[Ljava/lang/String;)Ljava/lang/Object;+9
j  groovy.lang.GroovyShell.run(Lgroovy/lang/GroovyCodeSource;Ljava/util/List;)Ljava/lang/Object;+23
j  groovy.ui.GroovyMain.processOnce()V+39
j  groovy.ui.GroovyMain.run()Z+29
j  groovy.ui.GroovyMain.process(Lgroovyjarjarcommonscli/CommandLine;)Z+623
j  groovy.ui.GroovyMain.processArgs([Ljava/lang/String;Ljava/io/PrintStream;)V+108
j  groovy.ui.GroovyMain.main([Ljava/lang/String;)V+4
v  ~StubRoutines::call_stub
j  sun.reflect.NativeMethodAccessorImpl.invoke0(Ljava/lang/reflect/Method;Ljava/lang/Object;[Ljava/lang/Object;)Ljava/lang/Object;+0
j  sun.reflect.NativeMethodAccessorImpl.invoke(Ljava/lang/Object;[Ljava/lang/Object;)Ljava/lang/Object;+100
j  sun.reflect.DelegatingMethodAccessorImpl.invoke(Ljava/lang/Object;[Ljava/lang/Object;)Ljava/lang/Object;+6
j  java.lang.reflect.Method.invoke(Ljava/lang/Object;[Ljava/lang/Object;)Ljava/lang/Object;+56
j  org.codehaus.groovy.tools.GroovyStarter.rootLoader([Ljava/lang/String;)V+397
j  org.codehaus.groovy.tools.GroovyStarter.main([Ljava/lang/String;)V+1
v  ~StubRoutines::call_stub

---------------  P R O C E S S  ---------------

Java Threads: ( => current thread )
  0x00000000189e8800 JavaThread "Service Thread" daemon [_thread_blocked, id=6728, stack(0x0000000018ec0000,0x0000000018fc0000)]
  0x00000000189b3800 JavaThread "C1 CompilerThread1" daemon [_thread_blocked, id=2184, stack(0x0000000018dc0000,0x0000000018ec0000)]
  0x00000000189b3000 JavaThread "C2 CompilerThread0" daemon [_thread_in_native, id=15568, stack(0x0000000018cc0000,0x0000000018dc0000)]
  0x00000000189a2000 JavaThread "Attach Listener" daemon [_thread_blocked, id=15268, stack(0x0000000018bc0000,0x0000000018cc0000)]
  0x00000000189a1000 JavaThread "Signal Dispatcher" daemon [_thread_blocked, id=8556, stack(0x0000000018ac0000,0x0000000018bc0000)]
  0x0000000017883800 JavaThread "Finalizer" daemon [_thread_blocked, id=8084, stack(0x00000000184c0000,0x00000000185c0000)]
  0x000000001787c000 JavaThread "Reference Handler" daemon [_thread_blocked, id=5532, stack(0x00000000183c0000,0x00000000184c0000)]
=>0x0000000002dc4800 JavaThread "main" [_thread_in_vm, id=13028, stack(0x0000000002cb0000,0x0000000002db0000)]

Other Threads:
  0x0000000002eab000 VMThread [stack: 0x00000000182c0000,0x00000000183c0000] [id=14672]
  0x00000000189eb800 WatcherThread [stack: 0x0000000018fc0000,0x00000000190c0000] [id=4216]

VM state:not at safepoint (normal execution)

VM Mutex/Monitor currently owned by a thread: None

heap address: 0x0000000080000000, size: 2048 MB, Compressed Oops mode: 32-bit
Narrow klass base: 0x0000000000000000, Narrow klass shift: 3
Compressed class space size: 1073741824 Address: 0x0000000100000000

Heap:
 PSYoungGen      total 68608K, used 43398K [0x00000000d5580000, 0x00000000da100000, 0x0000000100000000)
  eden space 60928K, 65% used [0x00000000d5580000,0x00000000d7cc1860,0x00000000d9100000)
  from space 7680K, 41% used [0x00000000d9980000,0x00000000d9ca0000,0x00000000da100000)
  to   space 8192K, 0% used [0x00000000d9100000,0x00000000d9100000,0x00000000d9900000)
 ParOldGen       total 51712K, used 10525K [0x0000000080000000, 0x0000000083280000, 0x00000000d5580000)
  object space 51712K, 20% used [0x0000000080000000,0x0000000080a476b0,0x0000000083280000)
 Metaspace       used 22601K, capacity 22906K, committed 23168K, reserved 1069056K
  class space    used 2479K, capacity 2583K, committed 2688K, reserved 1048576K

Card table byte_map: [0x0000000012270000,0x0000000012680000] byte_map_base: 0x0000000011e70000

Marking Bits: (ParMarkBitMap*) 0x0000000065891f00
 Begin Bits: [0x0000000012b30000, 0x0000000014b30000)
 End Bits:   [0x0000000014b30000, 0x0000000016b30000)

Polling page: 0x0000000000ea0000

CodeCache: size=245760Kb used=9446Kb max_used=9446Kb free=236313Kb
 bounds [0x0000000002eb0000, 0x00000000037f0000, 0x0000000011eb0000]
 total_blobs=2880 nmethods=2229 adapters=561
 compilation: enabled

Compilation events (10 events):
Event: 5.459 Thread 0x00000000189b3800 2237       1       sun.misc.URLClassPath$JarLoader::access$1300 (5 bytes)
Event: 5.459 Thread 0x00000000189b3800 nmethod 2237 0x00000000037eb890 code [0x00000000037eb9e0, 0x00000000037ebad0]
Event: 5.459 Thread 0x00000000189b3800 2238       1       sun.misc.URLClassPath$JarLoader::access$1400 (5 bytes)
Event: 5.459 Thread 0x00000000189b3800 nmethod 2238 0x00000000037ebb50 code [0x00000000037ebca0, 0x00000000037ebd90]
Event: 5.467 Thread 0x00000000189b3800 2239       2       org.codehaus.groovy.control.ResolveVisitor$ConstructedNestedClass::hasPackageName (21 bytes)
Event: 5.468 Thread 0x00000000189b3800 nmethod 2239 0x00000000037ebe10 code [0x00000000037ebfa0, 0x00000000037ec238]
Event: 5.497 Thread 0x00000000189b3800 2240       2       org.codehaus.groovy.ast.ClassNode::hashCode (23 bytes)
Event: 5.497 Thread 0x00000000189b3800 nmethod 2240 0x00000000037ec4d0 code [0x00000000037ec660, 0x00000000037ec898]
Event: 5.534 Thread 0x00000000189b3800 2241       2       org.codehaus.groovy.control.ResolveVisitor$ConstructedClassWithPackage::<init> (42 bytes)
Event: 5.535 Thread 0x00000000189b3800 nmethod 2241 0x00000000037eca10 code [0x00000000037ecba0, 0x00000000037ecf58]

GC Heap History (10 events):
Event: 4.186 GC heap before
{Heap before GC invocations=11 (full 1):
 PSYoungGen      total 38400K, used 33280K [0x00000000d5580000, 0x00000000d8000000, 0x0000000100000000)
  eden space 33280K, 100% used [0x00000000d5580000,0x00000000d7600000,0x00000000d7600000)
  from space 5120K, 0% used [0x00000000d7600000,0x00000000d7600000,0x00000000d7b00000)
  to   space 5120K, 0% used [0x00000000d7b00000,0x00000000d7b00000,0x00000000d8000000)
 ParOldGen       total 51712K, used 8365K [0x0000000080000000, 0x0000000083280000, 0x00000000d5580000)
  object space 51712K, 16% used [0x0000000080000000,0x000000008082b630,0x0000000083280000)
 Metaspace       used 21432K, capacity 21724K, committed 22192K, reserved 1069056K
  class space    used 2375K, capacity 2492K, committed 2560K, reserved 1048576K
Event: 4.189 GC heap after
Heap after GC invocations=11 (full 1):
 PSYoungGen      total 35328K, used 800K [0x00000000d5580000, 0x00000000d9500000, 0x0000000100000000)
  eden space 30208K, 0% used [0x00000000d5580000,0x00000000d5580000,0x00000000d7300000)
  from space 5120K, 15% used [0x00000000d7b00000,0x00000000d7bc8000,0x00000000d8000000)
  to   space 8192K, 0% used [0x00000000d7300000,0x00000000d7300000,0x00000000d7b00000)
 ParOldGen       total 51712K, used 8373K [0x0000000080000000, 0x0000000083280000, 0x00000000d5580000)
  object space 51712K, 16% used [0x0000000080000000,0x000000008082d630,0x0000000083280000)
 Metaspace       used 21432K, capacity 21724K, committed 22192K, reserved 1069056K
  class space    used 2375K, capacity 2492K, committed 2560K, reserved 1048576K
}
Event: 4.491 GC heap before
{Heap before GC invocations=12 (full 1):
 PSYoungGen      total 35328K, used 31008K [0x00000000d5580000, 0x00000000d9500000, 0x0000000100000000)
  eden space 30208K, 100% used [0x00000000d5580000,0x00000000d7300000,0x00000000d7300000)
  from space 5120K, 15% used [0x00000000d7b00000,0x00000000d7bc8000,0x00000000d8000000)
  to   space 8192K, 0% used [0x00000000d7300000,0x00000000d7300000,0x00000000d7b00000)
 ParOldGen       total 51712K, used 8373K [0x0000000080000000, 0x0000000083280000, 0x00000000d5580000)
  object space 51712K, 16% used [0x0000000080000000,0x000000008082d630,0x0000000083280000)
 Metaspace       used 21866K, capacity 22200K, committed 22448K, reserved 1069056K
  class space    used 2411K, capacity 2541K, committed 2560K, reserved 1048576K
Event: 4.499 GC heap after
Heap after GC invocations=12 (full 1):
 PSYoungGen      total 38400K, used 1584K [0x00000000d5580000, 0x00000000d9180000, 0x0000000100000000)
  eden space 30208K, 0% used [0x00000000d5580000,0x00000000d5580000,0x00000000d7300000)
  from space 8192K, 19% used [0x00000000d7300000,0x00000000d748c160,0x00000000d7b00000)
  to   space 8704K, 0% used [0x00000000d8900000,0x00000000d8900000,0x00000000d9180000)
 ParOldGen       total 51712K, used 9021K [0x0000000080000000, 0x0000000083280000, 0x00000000d5580000)
  object space 51712K, 17% used [0x0000000080000000,0x00000000808cf670,0x0000000083280000)
 Metaspace       used 21866K, capacity 22200K, committed 22448K, reserved 1069056K
  class space    used 2411K, capacity 2541K, committed 2560K, reserved 1048576K
}
Event: 4.662 GC heap before
{Heap before GC invocations=13 (full 1):
 PSYoungGen      total 38400K, used 31792K [0x00000000d5580000, 0x00000000d9180000, 0x0000000100000000)
  eden space 30208K, 100% used [0x00000000d5580000,0x00000000d7300000,0x00000000d7300000)
  from space 8192K, 19% used [0x00000000d7300000,0x00000000d748c160,0x00000000d7b00000)
  to   space 8704K, 0% used [0x00000000d8900000,0x00000000d8900000,0x00000000d9180000)
 ParOldGen       total 51712K, used 9021K [0x0000000080000000, 0x0000000083280000, 0x00000000d5580000)
  object space 51712K, 17% used [0x0000000080000000,0x00000000808cf670,0x0000000083280000)
 Metaspace       used 21927K, capacity 22264K, committed 22448K, reserved 1069056K
  class space    used 2415K, capacity 2541K, committed 2560K, reserved 1048576K
Event: 4.665 GC heap after
Heap after GC invocations=13 (full 1):
 PSYoungGen      total 51712K, used 128K [0x00000000d5580000, 0x00000000d9100000, 0x0000000100000000)
  eden space 43520K, 0% used [0x00000000d5580000,0x00000000d5580000,0x00000000d8000000)
  from space 8192K, 1% used [0x00000000d8900000,0x00000000d8920000,0x00000000d9100000)
  to   space 8704K, 0% used [0x00000000d8000000,0x00000000d8000000,0x00000000d8880000)
 ParOldGen       total 51712K, used 10389K [0x0000000080000000, 0x0000000083280000, 0x00000000d5580000)
  object space 51712K, 20% used [0x0000000080000000,0x0000000080a25690,0x0000000083280000)
 Metaspace       used 21927K, capacity 22264K, committed 22448K, reserved 1069056K
  class space    used 2415K, capacity 2541K, committed 2560K, reserved 1048576K
}
Event: 4.877 GC heap before
{Heap before GC invocations=14 (full 1):
 PSYoungGen      total 51712K, used 43648K [0x00000000d5580000, 0x00000000d9100000, 0x0000000100000000)
  eden space 43520K, 100% used [0x00000000d5580000,0x00000000d8000000,0x00000000d8000000)
  from space 8192K, 1% used [0x00000000d8900000,0x00000000d8920000,0x00000000d9100000)
  to   space 8704K, 0% used [0x00000000d8000000,0x00000000d8000000,0x00000000d8880000)
 ParOldGen       total 51712K, used 10389K [0x0000000080000000, 0x0000000083280000, 0x00000000d5580000)
  object space 51712K, 20% used [0x0000000080000000,0x0000000080a25690,0x0000000083280000)
 Metaspace       used 22109K, capacity 22456K, committed 22704K, reserved 1069056K
  class space    used 2418K, capacity 2541K, committed 2560K, reserved 1048576K
Event: 4.879 GC heap after
Heap after GC invocations=14 (full 1):
 PSYoungGen      total 52224K, used 256K [0x00000000d5580000, 0x00000000da200000, 0x0000000100000000)
  eden space 43520K, 0% used [0x00000000d5580000,0x00000000d5580000,0x00000000d8000000)
  from space 8704K, 2% used [0x00000000d8000000,0x00000000d8040268,0x00000000d8880000)
  to   space 8704K, 0% used [0x00000000d9980000,0x00000000d9980000,0x00000000da200000)
 ParOldGen       total 51712K, used 10437K [0x0000000080000000, 0x0000000083280000, 0x00000000d5580000)
  object space 51712K, 20% used [0x0000000080000000,0x0000000080a31690,0x0000000083280000)
 Metaspace       used 22109K, capacity 22456K, committed 22704K, reserved 1069056K
  class space    used 2418K, capacity 2541K, committed 2560K, reserved 1048576K
}
Event: 5.177 GC heap before
{Heap before GC invocations=15 (full 1):
 PSYoungGen      total 52224K, used 43776K [0x00000000d5580000, 0x00000000da200000, 0x0000000100000000)
  eden space 43520K, 100% used [0x00000000d5580000,0x00000000d8000000,0x00000000d8000000)
  from space 8704K, 2% used [0x00000000d8000000,0x00000000d8040268,0x00000000d8880000)
  to   space 8704K, 0% used [0x00000000d9980000,0x00000000d9980000,0x00000000da200000)
 ParOldGen       total 51712K, used 10437K [0x0000000080000000, 0x0000000083280000, 0x00000000d5580000)
  object space 51712K, 20% used [0x0000000080000000,0x0000000080a31690,0x0000000083280000)
 Metaspace       used 22387K, capacity 22772K, committed 23088K, reserved 1069056K
  class space    used 2447K, capacity 2581K, committed 2688K, reserved 1048576K
Event: 5.186 GC heap after
Heap after GC invocations=15 (full 1):
 PSYoungGen      total 68608K, used 3200K [0x00000000d5580000, 0x00000000da100000, 0x0000000100000000)
  eden space 60928K, 0% used [0x00000000d5580000,0x00000000d5580000,0x00000000d9100000)
  from space 7680K, 41% used [0x00000000d9980000,0x00000000d9ca0000,0x00000000da100000)
  to   space 8192K, 0% used [0x00000000d9100000,0x00000000d9100000,0x00000000d9900000)
 ParOldGen       total 51712K, used 10525K [0x0000000080000000, 0x0000000083280000, 0x00000000d5580000)
  object space 51712K, 20% used [0x0000000080000000,0x0000000080a476b0,0x0000000083280000)
 Metaspace       used 22387K, capacity 22772K, committed 23088K, reserved 1069056K
  class space    used 2447K, capacity 2581K, committed 2688K, reserved 1048576K
}

Deoptimization events (10 events):
Event: 3.677 Thread 0x0000000002dc4800 Uncommon trap: reason=unstable_if action=reinterpret pc=0x0000000003160168 method=java.lang.reflect.Method.equals(Ljava/lang/Object;)Z @ 49
Event: 3.803 Thread 0x0000000002dc4800 Uncommon trap: reason=unstable_if action=reinterpret pc=0x00000000030b24f0 method=java.io.WinNTFileSystem.normalize(Ljava/lang/String;II)Ljava/lang/String; @ 8
Event: 3.905 Thread 0x0000000002dc4800 Uncommon trap: reason=unstable_if action=reinterpret pc=0x0000000003212f2c method=java.util.HashMap.getNode(ILjava/lang/Object;)Ljava/util/HashMap$Node; @ 129
Event: 3.905 Thread 0x0000000002dc4800 Uncommon trap: reason=bimorphic action=maybe_recompile pc=0x000000000340185c method=java.util.HashMap.putVal(ILjava/lang/Object;Ljava/lang/Object;ZZ)Ljava/lang/Object; @ 203
Event: 4.048 Thread 0x0000000002dc4800 Uncommon trap: reason=predicate action=maybe_recompile pc=0x000000000350d99c method=java.lang.String.regionMatches(ZILjava/lang/String;II)Z @ 63
Event: 4.350 Thread 0x0000000002dc4800 Uncommon trap: reason=unstable_if action=reinterpret pc=0x0000000003634f64 method=java.lang.Class$MethodArray.addIfNotPresent(Ljava/lang/reflect/Method;)V @ 19
Event: 5.263 Thread 0x0000000002dc4800 Uncommon trap: reason=unstable_if action=reinterpret pc=0x000000000362adc8 method=java.util.zip.ZipFile$ZipEntryIterator.hasNext()Z @ 25
Event: 5.407 Thread 0x0000000002dc4800 Uncommon trap: reason=predicate action=maybe_recompile pc=0x00000000032350a0 method=groovyjarjarantlr.InputBuffer.syncConsume()V @ 7
Event: 5.407 Thread 0x0000000002dc4800 Uncommon trap: reason=predicate action=maybe_recompile pc=0x0000000003242994 method=groovyjarjarantlr.InputBuffer.syncConsume()V @ 7
Event: 5.407 Thread 0x0000000002dc4800 Uncommon trap: reason=predicate action=maybe_recompile pc=0x0000000003245a1c method=groovyjarjarantlr.InputBuffer.syncConsume()V @ 7

Classes redefined (0 events):
No events

Internal exceptions (10 events):
Event: 5.540 Thread 0x0000000002dc4800 Exception <a 'java/security/PrivilegedActionException'> (0x00000000d7710e70) thrown at [C:\jenkins\workspace\zulu8-silver-build-win64\zulu-src\hotspot\src\share\vm\prims\jvm.cpp, line 1529]
Event: 5.540 Thread 0x0000000002dc4800 Exception <a 'java/security/PrivilegedActionException'> (0x00000000d7711638) thrown at [C:\jenkins\workspace\zulu8-silver-build-win64\zulu-src\hotspot\src\share\vm\prims\jvm.cpp, line 1529]
Event: 5.540 Thread 0x0000000002dc4800 Exception <a 'java/security/PrivilegedActionException'> (0x00000000d7723520) thrown at [C:\jenkins\workspace\zulu8-silver-build-win64\zulu-src\hotspot\src\share\vm\prims\jvm.cpp, line 1529]
Event: 5.540 Thread 0x0000000002dc4800 Exception <a 'java/security/PrivilegedActionException'> (0x00000000d7723ce8) thrown at [C:\jenkins\workspace\zulu8-silver-build-win64\zulu-src\hotspot\src\share\vm\prims\jvm.cpp, line 1529]
Event: 5.541 Thread 0x0000000002dc4800 Exception <a 'java/security/PrivilegedActionException'> (0x00000000d7738620) thrown at [C:\jenkins\workspace\zulu8-silver-build-win64\zulu-src\hotspot\src\share\vm\prims\jvm.cpp, line 1529]
Event: 5.541 Thread 0x0000000002dc4800 Exception <a 'java/security/PrivilegedActionException'> (0x00000000d7738de8) thrown at [C:\jenkins\workspace\zulu8-silver-build-win64\zulu-src\hotspot\src\share\vm\prims\jvm.cpp, line 1529]
Event: 5.568 Thread 0x0000000002dc4800 Exception <a 'java/security/PrivilegedActionException'> (0x00000000d7c4ec58) thrown at [C:\jenkins\workspace\zulu8-silver-build-win64\zulu-src\hotspot\src\share\vm\prims\jvm.cpp, line 1529]
Event: 5.568 Thread 0x0000000002dc4800 Exception <a 'java/security/PrivilegedActionException'> (0x00000000d7c4f420) thrown at [C:\jenkins\workspace\zulu8-silver-build-win64\zulu-src\hotspot\src\share\vm\prims\jvm.cpp, line 1529]
Event: 5.571 Thread 0x0000000002dc4800 Exception <a 'java/security/PrivilegedActionException'> (0x00000000d7c648b0) thrown at [C:\jenkins\workspace\zulu8-silver-build-win64\zulu-src\hotspot\src\share\vm\prims\jvm.cpp, line 1529]
Event: 5.571 Thread 0x0000000002dc4800 Exception <a 'java/security/PrivilegedActionException'> (0x00000000d7c65078) thrown at [C:\jenkins\workspace\zulu8-silver-build-win64\zulu-src\hotspot\src\share\vm\prims\jvm.cpp, line 1529]

Events (10 events):
Event: 5.559 loading class groovy/lang/com$kms$katalon$core$testng$keyword$TestNGBuiltinKeywords
Event: 5.559 loading class groovy/lang/com$kms$katalon$core$testng$keyword$TestNGBuiltinKeywords done
Event: 5.561 loading class groovy/util/com$kms$katalon$core$testng$keyword$TestNGBuiltinKeywords
Event: 5.561 loading class groovy/util/com$kms$katalon$core$testng$keyword$TestNGBuiltinKeywords done
Event: 5.566 loading class com$kms$katalon$core$testng$keyword$TestNGBuiltinKeywords
Event: 5.566 loading class com$kms$katalon$core$testng$keyword$TestNGBuiltinKeywords done
Event: 5.568 loading class com/kms$katalon$core$testng$keyword$TestNGBuiltinKeywords
Event: 5.568 loading class com/kms$katalon$core$testng$keyword$TestNGBuiltinKeywords done
Event: 5.570 Thread 0x0000000002dc4800 DEOPT PACKING pc=0x00000000035f124c sp=0x0000000002da9940
Event: 5.571 Thread 0x0000000002dc4800 DEOPT UNPACKING pc=0x0000000002ef76d0 sp=0x0000000002da97b8 mode 0


Dynamic libraries:
0x00007ff6c7dd0000 - 0x00007ff6c7e05000 	C:\Users\menen.desta\Documents\Katalon\Katalon_Studio_Windows_64-8.1.0\jre\bin\javaw.exe
0x00007ffd3b5b0000 - 0x00007ffd3b7a5000 	C:\Windows\SYSTEM32\ntdll.dll
0x00007ffd39710000 - 0x00007ffd397ce000 	C:\Windows\System32\KERNEL32.DLL
0x00007ffd38dd0000 - 0x00007ffd39099000 	C:\Windows\System32\KERNELBASE.dll
0x00007ffd39600000 - 0x00007ffd396ac000 	C:\Windows\System32\ADVAPI32.dll
0x00007ffd39b30000 - 0x00007ffd39bce000 	C:\Windows\System32\msvcrt.dll
0x00007ffd399e0000 - 0x00007ffd39a7b000 	C:\Windows\System32\sechost.dll
0x00007ffd3a060000 - 0x00007ffd3a18a000 	C:\Windows\System32\RPCRT4.dll
0x00007ffd3b300000 - 0x00007ffd3b4a1000 	C:\Windows\System32\USER32.dll
0x00007ffd394a0000 - 0x00007ffd394c2000 	C:\Windows\System32\win32u.dll
0x00007ffd3b2c0000 - 0x00007ffd3b2eb000 	C:\Windows\System32\GDI32.dll
0x00007ffd39140000 - 0x00007ffd3924b000 	C:\Windows\System32\gdi32full.dll
0x00007ffd390a0000 - 0x00007ffd3913d000 	C:\Windows\System32\msvcp_win.dll
0x00007ffd39500000 - 0x00007ffd39600000 	C:\Windows\System32\ucrtbase.dll
0x00007ffd18060000 - 0x00007ffd182fa000 	C:\Windows\WinSxS\amd64_microsoft.windows.common-controls_6595b64144ccf1df_6.0.19041.1110_none_60b5254171f9507e\COMCTL32.dll
0x00007ffd3a190000 - 0x00007ffd3a1c0000 	C:\Windows\System32\IMM32.DLL
0x0000000064e90000 - 0x0000000064f62000 	C:\Users\menen.desta\Documents\Katalon\Katalon_Studio_Windows_64-8.1.0\jre\bin\msvcr100.dll
0x0000000065050000 - 0x0000000065915000 	C:\Users\menen.desta\Documents\Katalon\Katalon_Studio_Windows_64-8.1.0\jre\bin\server\jvm.dll
0x00007ffd3b2f0000 - 0x00007ffd3b2f8000 	C:\Windows\System32\PSAPI.DLL
0x00007ffd23100000 - 0x00007ffd23109000 	C:\Windows\SYSTEM32\WSOCK32.dll
0x00007ffd3ae20000 - 0x00007ffd3ae8b000 	C:\Windows\System32\WS2_32.dll
0x00007ffd1e080000 - 0x00007ffd1e0a7000 	C:\Windows\SYSTEM32\WINMM.dll
0x00007ffd30b70000 - 0x00007ffd30b7a000 	C:\Windows\SYSTEM32\VERSION.dll
0x00007ffd04650000 - 0x00007ffd0465f000 	C:\Users\menen.desta\Documents\Katalon\Katalon_Studio_Windows_64-8.1.0\jre\bin\verify.dll
0x00007ffcf6920000 - 0x00007ffcf6949000 	C:\Users\menen.desta\Documents\Katalon\Katalon_Studio_Windows_64-8.1.0\jre\bin\java.dll
0x00007ffcf6680000 - 0x00007ffcf6696000 	C:\Users\menen.desta\Documents\Katalon\Katalon_Studio_Windows_64-8.1.0\jre\bin\zip.dll
0x00007ffd3a5a0000 - 0x00007ffd3acdf000 	C:\Windows\System32\SHELL32.dll
0x00007ffd36ce0000 - 0x00007ffd37470000 	C:\Windows\SYSTEM32\windows.storage.dll
0x00007ffd3a240000 - 0x00007ffd3a595000 	C:\Windows\System32\combase.dll
0x00007ffd38650000 - 0x00007ffd3867c000 	C:\Windows\SYSTEM32\Wldp.dll
0x00007ffd3b0d0000 - 0x00007ffd3b17d000 	C:\Windows\System32\SHCORE.dll
0x00007ffd3b260000 - 0x00007ffd3b2b5000 	C:\Windows\System32\shlwapi.dll
0x00007ffd38c10000 - 0x00007ffd38c2f000 	C:\Windows\SYSTEM32\profapi.dll
0x00007ffcf6510000 - 0x00007ffcf652b000 	C:\Users\menen.desta\Documents\Katalon\Katalon_Studio_Windows_64-8.1.0\jre\bin\net.dll
0x00007ffd383b0000 - 0x00007ffd3841a000 	C:\Windows\system32\mswsock.dll
0x00007ffcf64f0000 - 0x00007ffcf6501000 	C:\Users\menen.desta\Documents\Katalon\Katalon_Studio_Windows_64-8.1.0\jre\bin\nio.dll

VM Arguments:
jvm_args: -Dgroovy.home=C:\Users\menen.desta/.groovy -Djava.system.class.loader=groovy.lang.GroovyClassLoader -Xmx2048m -Dfile.encoding=UTF-8 
java_command: org.codehaus.groovy.tools.GroovyStarter --classpath C:\Users\menen.desta\git\modpims-testing\Transfer Workflow\Transfer Workflow\bin\keyword;C:\Users\menen.desta\git\modpims-testing\Transfer Workflow\Transfer Workflow\Keywords;C:\Users\menen.desta\git\modpims-testing\Transfer Workflow\Transfer Workflow\bin\listener;C:\Users\menen.desta\git\modpims-testing\Transfer Workflow\Transfer Workflow\Test Listeners;C:\Users\menen.desta\git\modpims-testing\Transfer Workflow\Transfer Workflow\bin\lib;C:\Users\menen.desta\git\modpims-testing\Transfer Workflow\Transfer Workflow\Libs;C:\Users\menen.desta\git\modpims-testing\Transfer Workflow\Transfer Workflow\bin\groovy;C:\Users\menen.desta\git\modpims-testing\Transfer Workflow\Transfer Workflow\Include\scripts\groovy;C:\Users\menen.desta\Documents\Katalon\Katalon_Studio_Windows_64-8.1.0\plugins\com.kms.katalon.core_1.0.0.202108170301.jar;C:\Users\menen.desta\Documents\Katalon\Katalon_Studio_Windows_64-8.1.0\configuration\resources\lib\aalto-xml-1.0.0.jar;C:\Users\menen.desta\Documents\Katalon\Katalon_Studio_Windows_64-8.1.0\configuration\resources\lib\aspectjweaver-1.9.1.jar;C:\Users\menen.desta\Documents\Katalon\Katalon_Studio_Windows_64-8.1.0\configuration\resources\lib\bcpkix-jdk15on-1.64.jar;C:\Users\menen.desta\Documents\Katalon\Katalon_Studio_Windows_64-8.1.0\configuration\resources\lib\bcprov-jdk15on-1.64.jar;C:\Users\menen.desta\Documents\Katalon\Katalon_Studio_Windows_64-8.1.0\configuration\resources\lib\browsermob-core-2.1.5.jar;C:\Users\menen.desta\Documents\Katalon\Katalon_Studio_Windows_64-8.1.0\configuration\resources\lib\cglib-3.2.10.jar;C:\Users\menen.desta\Documents\Katalon\Katalon_Studio_Windows_64-8.1.0\configuration\resources\lib\commons-codec-1.10.jar;C:\Users\menen.desta\Documents\Katalon\Katalon_Studio_Windows_64-8.1.0\configuration\resources\lib\commons-collections4-4.1.jar;C:\Users\menen.desta\Documents\Katalon\Katalon_Studio_Windows_64-8.1.0\configuration\resources\lib\commons-validator-1
java_class_path (initial): C:\Users\menen.desta\git\modpims-testing\Transfer Workflow\Transfer Workflow\bin\keyword;C:\Users\menen.desta\git\modpims-testing\Transfer Workflow\Transfer Workflow\bin\listener;C:\Users\menen.desta\git\modpims-testing\Transfer Workflow\Transfer Workflow\bin\lib;C:\Users\menen.desta\git\modpims-testing\Transfer Workflow\Transfer Workflow\bin\groovy;C:\Users\menen.desta\git\modpims-testing\Transfer Workflow\Transfer Workflow\bin;C:\Users\menen.desta\Documents\Katalon\Katalon_Studio_Windows_64-8.1.0\plugins\com.kms.katalon.core_1.0.0.202108170301.jar;C:\Users\menen.desta\Documents\Katalon\Katalon_Studio_Windows_64-8.1.0\configuration\resources\lib\aalto-xml-1.0.0.jar;C:\Users\menen.desta\Documents\Katalon\Katalon_Studio_Windows_64-8.1.0\configuration\resources\lib\aspectjweaver-1.9.1.jar;C:\Users\menen.desta\Documents\Katalon\Katalon_Studio_Windows_64-8.1.0\configuration\resources\lib\bcpkix-jdk15on-1.64.jar;C:\Users\menen.desta\Documents\Katalon\Katalon_Studio_Windows_64-8.1.0\configuration\resources\lib\bcprov-jdk15on-1.64.jar;C:\Users\menen.desta\Documents\Katalon\Katalon_Studio_Windows_64-8.1.0\configuration\resources\lib\browsermob-core-2.1.5.jar;C:\Users\menen.desta\Documents\Katalon\Katalon_Studio_Windows_64-8.1.0\configuration\resources\lib\cglib-3.2.10.jar;C:\Users\menen.desta\Documents\Katalon\Katalon_Studio_Windows_64-8.1.0\configuration\resources\lib\commons-codec-1.10.jar;C:\Users\menen.desta\Documents\Katalon\Katalon_Studio_Windows_64-8.1.0\configuration\resources\lib\commons-collections4-4.1.jar;C:\Users\menen.desta\Documents\Katalon\Katalon_Studio_Windows_64-8.1.0\configuration\resources\lib\commons-validator-1.6.jar;C:\Users\menen.desta\Documents\Katalon\Katalon_Studio_Windows_64-8.1.0\configuration\resources\lib\curvesapi-1.04.jar;C:\Users\menen.desta\Documents\Katalon\Katalon_Studio_Windows_64-8.1.0\configuration\resources\lib\dnsjava-2.1.8.jar;C:\Users\menen.desta\Documents\Katalon\Katalon_Studio_Windows_64-8.1.0\confi
Launcher Type: SUN_STANDARD

Environment Variables:
PATH=C:/Users/menen.desta/Documents/Katalon/Katalon_Studio_Windows_64-8.1.0/jre/bin/server;C:/Users/menen.desta/Documents/Katalon/Katalon_Studio_Windows_64-8.1.0/jre/bin;C:/Users/menen.desta/Documents/Katalon/Katalon_Studio_Windows_64-8.1.0/jre/lib/amd64;C:\Windows\system32;C:\Windows;C:\Windows\System32\Wbem;C:\Windows\System32\WindowsPowerShell\v1.0\;C:\Windows\System32\OpenSSH\;C:\Program Files (x86)\Microsoft SQL Server\150\DTS\Binn\;C:\Program Files\Azure Data Studio\bin;C:\Program Files\Git\cmd;C:\Users\menen.desta\AppData\Local\Microsoft\WindowsApps;;C:\Users\menen.desta\Documents\Katalon\Katalon_Studio_Windows_64-8.1.0;
USERNAME=menen.desta
OS=Windows_NT
PROCESSOR_IDENTIFIER=Intel64 Family 6 Model 85 Stepping 4, GenuineIntel



---------------  S Y S T E M  ---------------

OS: Windows 10.0 , 64 bit Build 19041 (10.0.19041.1202)
HyperV virtualization detected

CPU:total 2 (initial active 2) (2 cores per cpu, 1 threads per core) family 6 model 85 stepping 4, cmov, cx8, fxsr, mmx, sse, sse2, sse3, ssse3, sse4.1, sse4.2, popcnt, avx, avx2, aes, clmul, erms, rtm, 3dnowpref, lzcnt, tsc, bmi1, bmi2, adx

Memory: 4k page, physical 8388148k(1717816k free), swap 10485040k(3024k free)

vm_info: OpenJDK 64-Bit Server VM (25.282-b08) for windows-amd64 JRE (Zulu 8.52.0.23-CA-win64) (1.8.0_282-b08), built on Jan 12 2021 07:45:49 by "tester" with MS VC++ 10.0 (VS2010)

time: Tue Nov 02 12:36:14 2021
timezone: Coordinated Universal Time
elapsed time: 5.593024 seconds (0d 0h 0m 5s)

