#
# There is insufficient memory for the Java Runtime Environment to continue.
# Native memory allocation (malloc) failed to allocate 1916896 bytes for Chunk::new
# Possible reasons:
#   The system is out of physical RAM or swap space
#   The process is running with CompressedOops enabled, and the Java Heap may be blocking the growth of the native heap
# Possible solutions:
#   Reduce memory load on the system
#   Increase physical memory or swap space
#   Check if swap backing store is full
#   Decrease Java heap size (-Xmx/-Xms)
#   Decrease number of Java threads
#   Decrease Java thread stack sizes (-Xss)
#   Set larger code cache with -XX:ReservedCodeCacheSize=
#   JVM is running with Unscaled Compressed Oops mode in which the Java heap is
#     placed in the first 4GB address space. The Java Heap base address is the
#     maximum limit for the native heap growth. Please use -XX:HeapBaseMinAddress
#     to set the Java Heap base and to place the Java Heap above 4GB virtual address.
# This output file may be truncated or incomplete.
#
#  Out of Memory Error (allocation.cpp:389), pid=10612, tid=0x0000000000002680
#
# JRE version: OpenJDK Runtime Environment (Zulu 8.52.0.23-CA-win64) (8.0_282-b08) (build 1.8.0_282-b08)
# Java VM: OpenJDK 64-Bit Server VM (25.282-b08 mixed mode windows-amd64 compressed oops)
# Failed to write core dump. Minidumps are not enabled by default on client versions of Windows
#

---------------  T H R E A D  ---------------

Current thread (0x00000000181ed000):  JavaThread "C2 CompilerThread0" daemon [_thread_in_native, id=9856, stack(0x00000000184e0000,0x00000000185e0000)]

Stack: [0x00000000184e0000,0x00000000185e0000]
[error occurred during error reporting (printing stack bounds), id 0xc0000005]

Native frames: (J=compiled Java code, j=interpreted, Vv=VM code, C=native code)


Current CompileTask:
C2:   9573 2798   !   4       java.net.URLClassLoader$1::run (63 bytes)


---------------  P R O C E S S  ---------------

Java Threads: ( => current thread )
  0x00000000182d3000 JavaThread "Okio Watchdog" daemon [_thread_blocked, id=5588, stack(0x000000001d2b0000,0x000000001d3b0000)]
  0x0000000019dc8000 JavaThread "OkHttp ConnectionPool" daemon [_thread_blocked, id=16024, stack(0x000000001d1b0000,0x000000001d2b0000)]
  0x0000000019de5800 JavaThread "ForkJoinPool.commonPool-worker-1" daemon [_thread_blocked, id=7240, stack(0x000000001ceb0000,0x000000001cfb0000)]
  0x000000001b1d6000 JavaThread "Keep-Alive-Timer" daemon [_thread_blocked, id=8376, stack(0x000000001cbb0000,0x000000001ccb0000)]
  0x000000001b1d5800 JavaThread "Exec Stream Pumper" daemon [_thread_in_native, id=13084, stack(0x000000001c8b0000,0x000000001c9b0000)]
  0x000000001ab63000 JavaThread "Exec Stream Pumper" daemon [_thread_in_native, id=13204, stack(0x000000001c7b0000,0x000000001c8b0000)]
  0x000000001ab62800 JavaThread "UrlChecker-2" daemon [_thread_blocked, id=11384, stack(0x000000001c6b0000,0x000000001c7b0000)]
  0x000000001977d800 JavaThread "Exec Default Executor" daemon [_thread_in_native, id=16104, stack(0x000000001c5b0000,0x000000001c6b0000)]
  0x000000001829b000 JavaThread "Service Thread" daemon [_thread_blocked, id=2984, stack(0x00000000186e0000,0x00000000187e0000)]
  0x000000001821d000 JavaThread "C1 CompilerThread1" daemon [_thread_blocked, id=12260, stack(0x00000000185e0000,0x00000000186e0000)]
=>0x00000000181ed000 JavaThread "C2 CompilerThread0" daemon [_thread_in_native, id=9856, stack(0x00000000184e0000,0x00000000185e0000)]
  0x00000000181db000 JavaThread "Attach Listener" daemon [_thread_blocked, id=3108, stack(0x00000000183e0000,0x00000000184e0000)]
  0x0000000018174000 JavaThread "Signal Dispatcher" daemon [_thread_blocked, id=12708, stack(0x00000000182e0000,0x00000000183e0000)]
  0x00000000170a9000 JavaThread "Finalizer" daemon [_thread_blocked, id=8868, stack(0x0000000017ce0000,0x0000000017de0000)]
  0x00000000170a1800 JavaThread "Reference Handler" daemon [_thread_blocked, id=8996, stack(0x0000000017be0000,0x0000000017ce0000)]
  0x00000000025ea800 JavaThread "Forwarding newSession on session null to remote" [_thread_in_native, id=14232, stack(0x0000000002440000,0x0000000002540000)]

Other Threads:
  0x0000000017078800 VMThread [stack: 0x0000000017ae0000,0x0000000017be0000] [id=14188]
  0x000000001714b000 WatcherThread [stack: 0x00000000187e0000,0x00000000188e0000] [id=15448]

VM state:not at safepoint (normal execution)

VM Mutex/Monitor currently owned by a thread: None

heap address: 0x0000000080000000, size: 2048 MB, Compressed Oops mode: 32-bit
Narrow klass base: 0x0000000000000000, Narrow klass shift: 3
Compressed class space size: 1073741824 Address: 0x0000000100000000

Heap:
 PSYoungGen      total 183808K, used 83198K [0x00000000d5580000, 0x00000000e1380000, 0x0000000100000000)
  eden space 175616K, 42% used [0x00000000d5580000,0x00000000d9f0b938,0x00000000e0100000)
  from space 8192K, 96% used [0x00000000e0980000,0x00000000e1134010,0x00000000e1180000)
  to   space 8704K, 0% used [0x00000000e0100000,0x00000000e0100000,0x00000000e0980000)
 ParOldGen       total 57344K, used 8855K [0x0000000080000000, 0x0000000083800000, 0x00000000d5580000)
  object space 57344K, 15% used [0x0000000080000000,0x00000000808a5e28,0x0000000083800000)
 Metaspace       used 29752K, capacity 30548K, committed 30720K, reserved 1077248K
  class space    used 3527K, capacity 3753K, committed 3840K, reserved 1048576K

Card table byte_map: [0x0000000011a90000,0x0000000011ea0000] byte_map_base: 0x0000000011690000

Marking Bits: (ParMarkBitMap*) 0x00000000779b1f00
 Begin Bits: [0x0000000012350000, 0x0000000014350000)
 End Bits:   [0x0000000014350000, 0x0000000016350000)

Polling page: 0x0000000002540000

CodeCache: size=245760Kb used=11438Kb max_used=11455Kb free=234321Kb
 bounds [0x00000000026d0000, 0x0000000003210000, 0x00000000116d0000]
 total_blobs=3437 nmethods=2765 adapters=582
 compilation: enabled

Compilation events (10 events):
Event: 9.060 Thread 0x00000000181ed000 nmethod 2642 0x00000000031ee310 code [0x00000000031ee440, 0x00000000031ee478]
Event: 9.060 Thread 0x00000000181ed000 2653       4       java.util.regex.Pattern$Node::match (27 bytes)
Event: 9.060 Thread 0x00000000181ed000 nmethod 2653 0x00000000031f17d0 code [0x00000000031f1900, 0x00000000031f19b8]
Event: 9.060 Thread 0x00000000181ed000 2654       4       java.util.regex.Pattern$BmpCharProperty::match (50 bytes)
Event: 9.062 Thread 0x00000000181ed000 nmethod 2654 0x00000000031f1210 code [0x00000000031f1360, 0x00000000031f1558]
Event: 9.062 Thread 0x00000000181ed000 2796       4       sun.net.util.IPAddressUtil::checkHostString (53 bytes)
Event: 9.064 Thread 0x00000000181ed000 nmethod 2796 0x00000000031f42d0 code [0x00000000031f4440, 0x00000000031f4638]
Event: 9.064 Thread 0x00000000181ed000 2797       4       sun.net.util.IPAddressUtil::scan (92 bytes)
Event: 9.067 Thread 0x00000000181ed000 nmethod 2797 0x00000000031f3bd0 code [0x00000000031f3d40, 0x00000000031f3f98]
Event: 9.068 Thread 0x00000000181ed000 2798   !   4       java.net.URLClassLoader$1::run (63 bytes)

GC Heap History (10 events):
Event: 4.570 GC heap before
{Heap before GC invocations=7 (full 0):
 PSYoungGen      total 72192K, used 72185K [0x00000000d5580000, 0x00000000da580000, 0x0000000100000000)
  eden space 65536K, 100% used [0x00000000d5580000,0x00000000d9580000,0x00000000d9580000)
  from space 6656K, 99% used [0x00000000d9d00000,0x00000000da37e7b8,0x00000000da380000)
  to   space 7680K, 0% used [0x00000000d9580000,0x00000000d9580000,0x00000000d9d00000)
 ParOldGen       total 87552K, used 2038K [0x0000000080000000, 0x0000000085580000, 0x00000000d5580000)
  object space 87552K, 2% used [0x0000000080000000,0x00000000801fdaf8,0x0000000085580000)
 Metaspace       used 20107K, capacity 20376K, committed 20608K, reserved 1067008K
  class space    used 2207K, capacity 2321K, committed 2432K, reserved 1048576K
Event: 4.586 GC heap after
Heap after GC invocations=7 (full 0):
 PSYoungGen      total 73216K, used 5922K [0x00000000d5580000, 0x00000000de480000, 0x0000000100000000)
  eden space 65536K, 0% used [0x00000000d5580000,0x00000000d5580000,0x00000000d9580000)
  from space 7680K, 77% used [0x00000000d9580000,0x00000000d9b48890,0x00000000d9d00000)
  to   space 7680K, 0% used [0x00000000ddd00000,0x00000000ddd00000,0x00000000de480000)
 ParOldGen       total 87552K, used 5360K [0x0000000080000000, 0x0000000085580000, 0x00000000d5580000)
  object space 87552K, 6% used [0x0000000080000000,0x000000008053c0b0,0x0000000085580000)
 Metaspace       used 20107K, capacity 20376K, committed 20608K, reserved 1067008K
  class space    used 2207K, capacity 2321K, committed 2432K, reserved 1048576K
}
Event: 4.850 GC heap before
{Heap before GC invocations=8 (full 0):
 PSYoungGen      total 73216K, used 16429K [0x00000000d5580000, 0x00000000de480000, 0x0000000100000000)
  eden space 65536K, 16% used [0x00000000d5580000,0x00000000d5fc2bb8,0x00000000d9580000)
  from space 7680K, 77% used [0x00000000d9580000,0x00000000d9b48890,0x00000000d9d00000)
  to   space 7680K, 0% used [0x00000000ddd00000,0x00000000ddd00000,0x00000000de480000)
 ParOldGen       total 87552K, used 5360K [0x0000000080000000, 0x0000000085580000, 0x00000000d5580000)
  object space 87552K, 6% used [0x0000000080000000,0x000000008053c0b0,0x0000000085580000)
 Metaspace       used 20857K, capacity 21100K, committed 21296K, reserved 1069056K
  class space    used 2297K, capacity 2390K, committed 2432K, reserved 1048576K
Event: 4.864 GC heap after
Heap after GC invocations=8 (full 0):
 PSYoungGen      total 138752K, used 4218K [0x00000000d5580000, 0x00000000de480000, 0x0000000100000000)
  eden space 131072K, 0% used [0x00000000d5580000,0x00000000d5580000,0x00000000dd580000)
  from space 7680K, 54% used [0x00000000ddd00000,0x00000000de11ea38,0x00000000de480000)
  to   space 7680K, 0% used [0x00000000dd580000,0x00000000dd580000,0x00000000ddd00000)
 ParOldGen       total 87552K, used 6028K [0x0000000080000000, 0x0000000085580000, 0x00000000d5580000)
  object space 87552K, 6% used [0x0000000080000000,0x00000000805e31b0,0x0000000085580000)
 Metaspace       used 20857K, capacity 21100K, committed 21296K, reserved 1069056K
  class space    used 2297K, capacity 2390K, committed 2432K, reserved 1048576K
}
Event: 4.864 GC heap before
{Heap before GC invocations=9 (full 1):
 PSYoungGen      total 138752K, used 4218K [0x00000000d5580000, 0x00000000de480000, 0x0000000100000000)
  eden space 131072K, 0% used [0x00000000d5580000,0x00000000d5580000,0x00000000dd580000)
  from space 7680K, 54% used [0x00000000ddd00000,0x00000000de11ea38,0x00000000de480000)
  to   space 7680K, 0% used [0x00000000dd580000,0x00000000dd580000,0x00000000ddd00000)
 ParOldGen       total 87552K, used 6028K [0x0000000080000000, 0x0000000085580000, 0x00000000d5580000)
  object space 87552K, 6% used [0x0000000080000000,0x00000000805e31b0,0x0000000085580000)
 Metaspace       used 20857K, capacity 21100K, committed 21296K, reserved 1069056K
  class space    used 2297K, capacity 2390K, committed 2432K, reserved 1048576K
Event: 4.939 GC heap after
Heap after GC invocations=9 (full 1):
 PSYoungGen      total 138752K, used 0K [0x00000000d5580000, 0x00000000de480000, 0x0000000100000000)
  eden space 131072K, 0% used [0x00000000d5580000,0x00000000d5580000,0x00000000dd580000)
  from space 7680K, 0% used [0x00000000ddd00000,0x00000000ddd00000,0x00000000de480000)
  to   space 7680K, 0% used [0x00000000dd580000,0x00000000dd580000,0x00000000ddd00000)
 ParOldGen       total 57344K, used 8847K [0x0000000080000000, 0x0000000083800000, 0x00000000d5580000)
  object space 57344K, 15% used [0x0000000080000000,0x00000000808a3e28,0x0000000083800000)
 Metaspace       used 20857K, capacity 21100K, committed 21296K, reserved 1069056K
  class space    used 2297K, capacity 2390K, committed 2432K, reserved 1048576K
}
Event: 5.924 GC heap before
{Heap before GC invocations=10 (full 1):
 PSYoungGen      total 138752K, used 131072K [0x00000000d5580000, 0x00000000de480000, 0x0000000100000000)
  eden space 131072K, 100% used [0x00000000d5580000,0x00000000dd580000,0x00000000dd580000)
  from space 7680K, 0% used [0x00000000ddd00000,0x00000000ddd00000,0x00000000de480000)
  to   space 7680K, 0% used [0x00000000dd580000,0x00000000dd580000,0x00000000ddd00000)
 ParOldGen       total 57344K, used 8847K [0x0000000080000000, 0x0000000083800000, 0x00000000d5580000)
  object space 57344K, 15% used [0x0000000080000000,0x00000000808a3e28,0x0000000083800000)
 Metaspace       used 22085K, capacity 22392K, committed 22704K, reserved 1069056K
  class space    used 2416K, capacity 2541K, committed 2560K, reserved 1048576K
Event: 5.929 GC heap after
Heap after GC invocations=10 (full 1):
 PSYoungGen      total 138752K, used 2592K [0x00000000d5580000, 0x00000000e1180000, 0x0000000100000000)
  eden space 131072K, 0% used [0x00000000d5580000,0x00000000d5580000,0x00000000dd580000)
  from space 7680K, 33% used [0x00000000dd580000,0x00000000dd8083b8,0x00000000ddd00000)
  to   space 8192K, 0% used [0x00000000e0980000,0x00000000e0980000,0x00000000e1180000)
 ParOldGen       total 57344K, used 8855K [0x0000000080000000, 0x0000000083800000, 0x00000000d5580000)
  object space 57344K, 15% used [0x0000000080000000,0x00000000808a5e28,0x0000000083800000)
 Metaspace       used 22085K, capacity 22392K, committed 22704K, reserved 1069056K
  class space    used 2416K, capacity 2541K, committed 2560K, reserved 1048576K
}
Event: 6.973 GC heap before
{Heap before GC invocations=11 (full 1):
 PSYoungGen      total 138752K, used 133664K [0x00000000d5580000, 0x00000000e1180000, 0x0000000100000000)
  eden space 131072K, 100% used [0x00000000d5580000,0x00000000dd580000,0x00000000dd580000)
  from space 7680K, 33% used [0x00000000dd580000,0x00000000dd8083b8,0x00000000ddd00000)
  to   space 8192K, 0% used [0x00000000e0980000,0x00000000e0980000,0x00000000e1180000)
 ParOldGen       total 57344K, used 8855K [0x0000000080000000, 0x0000000083800000, 0x00000000d5580000)
  object space 57344K, 15% used [0x0000000080000000,0x00000000808a5e28,0x0000000083800000)
 Metaspace       used 23946K, capacity 24342K, committed 24704K, reserved 1071104K
  class space    used 2716K, capacity 2850K, committed 2944K, reserved 1048576K
Event: 6.999 GC heap after
Heap after GC invocations=11 (full 1):
 PSYoungGen      total 183808K, used 7888K [0x00000000d5580000, 0x00000000e1380000, 0x0000000100000000)
  eden space 175616K, 0% used [0x00000000d5580000,0x00000000d5580000,0x00000000e0100000)
  from space 8192K, 96% used [0x00000000e0980000,0x00000000e1134010,0x00000000e1180000)
  to   space 8704K, 0% used [0x00000000e0100000,0x00000000e0100000,0x00000000e0980000)
 ParOldGen       total 57344K, used 8855K [0x0000000080000000, 0x0000000083800000, 0x00000000d5580000)
  object space 57344K, 15% used [0x0000000080000000,0x00000000808a5e28,0x0000000083800000)
 Metaspace       used 23946K, capacity 24342K, committed 24704K, reserved 1071104K
  class space    used 2716K, capacity 2850K, committed 2944K, reserved 1048576K
}

Deoptimization events (10 events):
Event: 8.986 Thread 0x00000000025ea800 Uncommon trap: reason=class_check action=maybe_recompile pc=0x000000000314f0e4 method=java.io.DataInputStream.readInt()I @ 4
Event: 8.986 Thread 0x00000000025ea800 Uncommon trap: reason=class_check action=maybe_recompile pc=0x000000000314f0e4 method=java.io.DataInputStream.readInt()I @ 4
Event: 8.986 Thread 0x00000000025ea800 Uncommon trap: reason=class_check action=maybe_recompile pc=0x000000000314f0e4 method=java.io.DataInputStream.readInt()I @ 4
Event: 8.986 Thread 0x00000000025ea800 Uncommon trap: reason=class_check action=maybe_recompile pc=0x000000000314f0e4 method=java.io.DataInputStream.readInt()I @ 4
Event: 8.987 Thread 0x00000000025ea800 Uncommon trap: reason=class_check action=maybe_recompile pc=0x000000000314ab98 method=java.io.DataInputStream.readChar()C @ 4
Event: 8.987 Thread 0x00000000025ea800 Uncommon trap: reason=class_check action=maybe_recompile pc=0x000000000314ab98 method=java.io.DataInputStream.readChar()C @ 4
Event: 8.987 Thread 0x00000000025ea800 Uncommon trap: reason=class_check action=maybe_recompile pc=0x000000000314ab98 method=java.io.DataInputStream.readChar()C @ 4
Event: 8.987 Thread 0x00000000025ea800 Uncommon trap: reason=class_check action=maybe_recompile pc=0x000000000314ab98 method=java.io.DataInputStream.readChar()C @ 4
Event: 9.043 Thread 0x00000000025ea800 Uncommon trap: reason=class_check action=maybe_recompile pc=0x000000000310a1dc method=java.util.HashSet.contains(Ljava/lang/Object;)Z @ 5
Event: 9.043 Thread 0x00000000025ea800 Uncommon trap: reason=class_check action=maybe_recompile pc=0x000000000310a1dc method=java.util.HashSet.contains(Ljava/lang/Object;)Z @ 5

Classes redefined (0 events):
No events

Internal exceptions (10 events):
Event: 6.952 Thread 0x00000000025ea800 Exception <a 'java/lang/ClassNotFoundException': com/kms/katalon/core/webui/keyword/internal/WebUIAbstractKeywordCustomizer> (0x00000000dd3432a0) thrown at [C:\jenkins\workspace\zulu8-silver-build-win64\zulu-src\hotspot\src\share\vm\classfile\systemDictio
Event: 6.964 Thread 0x00000000025ea800 Exception <a 'java/lang/ClassNotFoundException': com/kms/katalon/core/webui/keyword/builtin/OpenBrowserKeywordCustomizer> (0x00000000dd4397f8) thrown at [C:\jenkins\workspace\zulu8-silver-build-win64\zulu-src\hotspot\src\share\vm\classfile\systemDictionar
Event: 6.971 Thread 0x00000000025ea800 Exception <a 'java/lang/ClassNotFoundException': com/kms/katalon/core/logging/KeywordLoggerBeanInfo> (0x00000000dd5430e0) thrown at [C:\jenkins\workspace\zulu8-silver-build-win64\zulu-src\hotspot\src\share\vm\classfile\systemDictionary.cpp, line 220]
Event: 7.003 Thread 0x00000000025ea800 Exception <a 'java/lang/ClassNotFoundException': com/kms/katalon/core/logging/KeywordLoggerCustomizer> (0x00000000d560b1f8) thrown at [C:\jenkins\workspace\zulu8-silver-build-win64\zulu-src\hotspot\src\share\vm\classfile\systemDictionary.cpp, line 220]
Event: 7.027 Thread 0x00000000025ea800 Exception <a 'java/lang/ClassNotFoundException': com/kms/katalon/core/webui/keyword/builtin/InternalSmartWaitGroovyWrapperBeanInfo> (0x00000000d58e0f18) thrown at [C:\jenkins\workspace\zulu8-silver-build-win64\zulu-src\hotspot\src\share\vm\classfile\syste
Event: 7.031 Thread 0x00000000025ea800 Exception <a 'java/lang/ClassNotFoundException': com/kms/katalon/core/webui/keyword/builtin/InternalSmartWaitGroovyWrapperCustomizer> (0x00000000d5a00840) thrown at [C:\jenkins\workspace\zulu8-silver-build-win64\zulu-src\hotspot\src\share\vm\classfile\sys
Event: 8.442 Thread 0x000000001ab62800 Exception <a 'java/net/SocketTimeoutException': connect timed out> (0x00000000d805bb98) thrown at [C:\jenkins\workspace\zulu8-silver-build-win64\zulu-src\hotspot\src\share\vm\prims\jni.cpp, line 738]
Event: 8.495 Thread 0x00000000025ea800 Exception <a 'java/lang/IncompatibleClassChangeError': Found class java.lang.Object, but interface was expected> (0x00000000d7e42470) thrown at [C:\jenkins\workspace\zulu8-silver-build-win64\zulu-src\hotspot\src\share\vm\interpreter\linkResolver.cpp, line
Event: 8.500 Thread 0x00000000025ea800 Exception <a 'java/lang/NoSuchMethodError': java.lang.Object.lambda$or$2(Ljava/util/function/Predicate;Ljava/lang/Object;)Z> (0x00000000d7e60d60) thrown at [C:\jenkins\workspace\zulu8-silver-build-win64\zulu-src\hotspot\src\share\vm\interpreter\linkResolv
Event: 8.655 Thread 0x00000000025ea800 Exception <a 'java/lang/NoSuchMethodError': java.lang.Object.lambda$chars$0()Ljava/util/Spliterator$OfInt;> (0x00000000d8933958) thrown at [C:\jenkins\workspace\zulu8-silver-build-win64\zulu-src\hotspot\src\share\vm\interpreter\linkResolver.cpp, line 620]

Events (10 events):
Event: 9.043 Thread 0x00000000025ea800 DEOPT UNPACKING pc=0x000000000271567b sp=0x000000000253ca00 mode 2
Event: 9.043 Thread 0x00000000025ea800 Uncommon trap: trap_request=0xffffffde fr.pc=0x000000000310a1dc
Event: 9.043 Thread 0x00000000025ea800 DEOPT PACKING pc=0x000000000310a1dc sp=0x000000000253ca50
Event: 9.043 Thread 0x00000000025ea800 DEOPT UNPACKING pc=0x000000000271567b sp=0x000000000253ca00 mode 2
Event: 9.047 loading class java/net/UnknownServiceException
Event: 9.047 loading class java/net/UnknownServiceException done
Event: 9.063 Thread 0x0000000019dc8000 Thread added: 0x0000000019dc8000
Event: 9.068 Executing VM operation: RevokeBias
Event: 9.068 Executing VM operation: RevokeBias done
Event: 9.072 Thread 0x00000000182d3000 Thread added: 0x00000000182d3000


Dynamic libraries:
0x00007ff72f390000 - 0x00007ff72f3c5000 	C:\Users\bilguun.amarsaikhan\Downloads\Katalon_Studio_Windows_64-8.1.0 (1)\Katalon_Studio_Windows_64-8.1.0\jre\bin\javaw.exe
0x00007ffc61230000 - 0x00007ffc61425000 	C:\windows\SYSTEM32\ntdll.dll
0x00007ffc5fb00000 - 0x00007ffc5fbbd000 	C:\windows\System32\KERNEL32.DLL
0x00007ffc5eb40000 - 0x00007ffc5ee09000 	C:\windows\System32\KERNELBASE.dll
0x00007ffc61140000 - 0x00007ffc611ec000 	C:\windows\System32\ADVAPI32.dll
0x00007ffc60300000 - 0x00007ffc6039e000 	C:\windows\System32\msvcrt.dll
0x00007ffc60ea0000 - 0x00007ffc60f3b000 	C:\windows\System32\sechost.dll
0x00007ffc5f290000 - 0x00007ffc5f3ba000 	C:\windows\System32\RPCRT4.dll
0x00007ffc60d00000 - 0x00007ffc60ea0000 	C:\windows\System32\USER32.dll
0x00007ffc5ef70000 - 0x00007ffc5ef92000 	C:\windows\System32\win32u.dll
0x00007ffc610b0000 - 0x00007ffc610da000 	C:\windows\System32\GDI32.dll
0x00007ffc5efa0000 - 0x00007ffc5f0ab000 	C:\windows\System32\gdi32full.dll
0x00007ffc5f1f0000 - 0x00007ffc5f28d000 	C:\windows\System32\msvcp_win.dll
0x00007ffc5e9b0000 - 0x00007ffc5eab0000 	C:\windows\System32\ucrtbase.dll
0x00007ffc52fd0000 - 0x00007ffc5326a000 	C:\windows\WinSxS\amd64_microsoft.windows.common-controls_6595b64144ccf1df_6.0.19041.1110_none_60b5254171f9507e\COMCTL32.dll
0x00007ffc61080000 - 0x00007ffc610b0000 	C:\windows\System32\IMM32.DLL
0x0000000076fb0000 - 0x0000000077082000 	C:\Users\bilguun.amarsaikhan\Downloads\Katalon_Studio_Windows_64-8.1.0 (1)\Katalon_Studio_Windows_64-8.1.0\jre\bin\msvcr100.dll
0x0000000077170000 - 0x0000000077a35000 	C:\Users\bilguun.amarsaikhan\Downloads\Katalon_Studio_Windows_64-8.1.0 (1)\Katalon_Studio_Windows_64-8.1.0\jre\bin\server\jvm.dll
0x00007ffc60990000 - 0x00007ffc60998000 	C:\windows\System32\PSAPI.DLL
0x00007ffc568d0000 - 0x00007ffc568d9000 	C:\windows\SYSTEM32\WSOCK32.dll
0x00007ffc61010000 - 0x00007ffc6107b000 	C:\windows\System32\WS2_32.dll
0x00007ffc40d00000 - 0x00007ffc40d27000 	C:\windows\SYSTEM32\WINMM.dll
0x00007ffc57510000 - 0x00007ffc5751a000 	C:\windows\SYSTEM32\VERSION.dll
0x00007ffc568c0000 - 0x00007ffc568cf000 	C:\Users\bilguun.amarsaikhan\Downloads\Katalon_Studio_Windows_64-8.1.0 (1)\Katalon_Studio_Windows_64-8.1.0\jre\bin\verify.dll
0x00007ffc4f960000 - 0x00007ffc4f989000 	C:\Users\bilguun.amarsaikhan\Downloads\Katalon_Studio_Windows_64-8.1.0 (1)\Katalon_Studio_Windows_64-8.1.0\jre\bin\java.dll
0x00007ffc559f0000 - 0x00007ffc55a06000 	C:\Users\bilguun.amarsaikhan\Downloads\Katalon_Studio_Windows_64-8.1.0 (1)\Katalon_Studio_Windows_64-8.1.0\jre\bin\zip.dll
0x00007ffc5f3c0000 - 0x00007ffc5faff000 	C:\windows\System32\SHELL32.dll
0x00007ffc5c980000 - 0x00007ffc5d110000 	C:\windows\SYSTEM32\windows.storage.dll
0x00007ffc609a0000 - 0x00007ffc60cf5000 	C:\windows\System32\combase.dll
0x00007ffc5e2f0000 - 0x00007ffc5e31c000 	C:\windows\SYSTEM32\Wldp.dll
0x00007ffc60120000 - 0x00007ffc601ce000 	C:\windows\System32\SHCORE.dll
0x00007ffc5fcd0000 - 0x00007ffc5fd25000 	C:\windows\System32\shlwapi.dll
0x00007ffc5e8a0000 - 0x00007ffc5e8bf000 	C:\windows\SYSTEM32\profapi.dll
0x00007ffc4ef40000 - 0x00007ffc4ef5b000 	C:\Users\bilguun.amarsaikhan\Downloads\Katalon_Studio_Windows_64-8.1.0 (1)\Katalon_Studio_Windows_64-8.1.0\jre\bin\net.dll
0x00007ffc5e050000 - 0x00007ffc5e0ba000 	C:\windows\system32\mswsock.dll
0x00007ffc4ef20000 - 0x00007ffc4ef31000 	C:\Users\bilguun.amarsaikhan\Downloads\Katalon_Studio_Windows_64-8.1.0 (1)\Katalon_Studio_Windows_64-8.1.0\jre\bin\nio.dll
0x00007ffc5dd80000 - 0x00007ffc5de4c000 	C:\windows\SYSTEM32\DNSAPI.dll
0x00007ffc5dd40000 - 0x00007ffc5dd7b000 	C:\windows\SYSTEM32\IPHLPAPI.DLL
0x00007ffc5fcc0000 - 0x00007ffc5fcc8000 	C:\windows\System32\NSI.dll
0x00007ffc56c30000 - 0x00007ffc56c3a000 	C:\Windows\System32\rasadhlp.dll
0x00007ffc57170000 - 0x00007ffc571ef000 	C:\windows\System32\fwpuclnt.dll
0x00007ffc5eab0000 - 0x00007ffc5ead7000 	C:\windows\System32\bcrypt.dll
0x00007ffc4e9e0000 - 0x00007ffc4ea04000 	C:\Users\bilguun.amarsaikhan\Downloads\Katalon_Studio_Windows_64-8.1.0 (1)\Katalon_Studio_Windows_64-8.1.0\jre\bin\sunec.dll
0x00007ffc53300000 - 0x00007ffc5330c000 	C:\Users\bilguun.amarsaikhan\Downloads\Katalon_Studio_Windows_64-8.1.0 (1)\Katalon_Studio_Windows_64-8.1.0\jre\bin\sunmscapi.dll
0x00007ffc5ee10000 - 0x00007ffc5ef6f000 	C:\windows\System32\CRYPT32.dll
0x00007ffc5e360000 - 0x00007ffc5e387000 	C:\windows\SYSTEM32\ncrypt.dll
0x00007ffc5e320000 - 0x00007ffc5e35b000 	C:\windows\SYSTEM32\NTASN1.dll
0x00007ffc5e240000 - 0x00007ffc5e258000 	C:\windows\SYSTEM32\CRYPTSP.dll
0x00007ffc5d8c0000 - 0x00007ffc5d8f4000 	C:\windows\system32\rsaenh.dll
0x00007ffc5e820000 - 0x00007ffc5e84e000 	C:\windows\SYSTEM32\USERENV.dll
0x00007ffc5f0b0000 - 0x00007ffc5f133000 	C:\windows\System32\bcryptprimitives.dll
0x00007ffc5e260000 - 0x00007ffc5e26c000 	C:\windows\SYSTEM32\CRYPTBASE.dll
0x00007ffc58ce0000 - 0x00007ffc58cf7000 	C:\windows\SYSTEM32\dhcpcsvc6.DLL
0x00007ffc58c10000 - 0x00007ffc58c2d000 	C:\windows\SYSTEM32\dhcpcsvc.DLL

VM Arguments:
jvm_args: -Dgroovy.home=C:\Users\bilguun.amarsaikhan/.groovy -Djava.system.class.loader=groovy.lang.GroovyClassLoader -Xmx2048m -Dfile.encoding=UTF-8 
java_command: org.codehaus.groovy.tools.GroovyStarter --classpath C:\Users\bilguun.amarsaikhan\git\modpims-testing\Transfer Workflow\Transfer Workflow\bin\keyword;C:\Users\bilguun.amarsaikhan\git\modpims-testing\Transfer Workflow\Transfer Workflow\Keywords;C:\Users\bilguun.amarsaikhan\git\modpims-testing\Transfer Workflow\Transfer Workflow\bin\listener;C:\Users\bilguun.amarsaikhan\git\modpims-testing\Transfer Workflow\Transfer Workflow\Test Listeners;C:\Users\bilguun.amarsaikhan\git\modpims-testing\Transfer Workflow\Transfer Workflow\bin\lib;C:\Users\bilguun.amarsaikhan\git\modpims-testing\Transfer Workflow\Transfer Workflow\Libs;C:\Users\bilguun.amarsaikhan\git\modpims-testing\Transfer Workflow\Transfer Workflow\bin\groovy;C:\Users\bilguun.amarsaikhan\git\modpims-testing\Transfer Workflow\Transfer Workflow\Include\scripts\groovy;C:\Users\bilguun.amarsaikhan\Downloads\Katalon_Studio_Windows_64-8.1.0 (1)\Katalon_Studio_Windows_64-8.1.0\plugins\com.kms.katalon.core_1.0.0.202108170301.jar;C:\Users\bilguun.amarsaikhan\Downloads\Katalon_Studio_Windows_64-8.1.0 (1)\Katalon_Studio_Windows_64-8.1.0\configuration\resources\lib\aalto-xml-1.0.0.jar;C:\Users\bilguun.amarsaikhan\Downloads\Katalon_Studio_Windows_64-8.1.0 (1)\Katalon_Studio_Windows_64-8.1.0\configuration\resources\lib\aspectjweaver-1.9.1.jar;C:\Users\bilguun.amarsaikhan\Downloads\Katalon_Studio_Windows_64-8.1.0 (1)\Katalon_Studio_Windows_64-8.1.0\configuration\resources\lib\bcpkix-jdk15on-1.64.jar;C:\Users\bilguun.amarsaikhan\Downloads\Katalon_Studio_Windows_64-8.1.0 (1)\Katalon_Studio_Windows_64-8.1.0\configuration\resources\lib\bcprov-jdk15on-1.64.jar;C:\Users\bilguun.amarsaikhan\Downloads\Katalon_Studio_Windows_64-8.1.0 (1)\Katalon_Studio_Windows_64-8.1.0\configuration\resources\lib\browsermob-core-2.1.5.jar;C:\Users\bilguun.amarsaikhan\Downloads\Katalon_Studio_Windows_64-8.1.0 (1)\Katalon_Studio_Windows_64-8.1.0\configuration\resources\lib\cglib-3.2.10.jar;C:\Users\bilguun.amarsaikhan\Downloads\Katalon_Studi
java_class_path (initial): C:\Users\bilguun.amarsaikhan\git\modpims-testing\Transfer Workflow\Transfer Workflow\bin\keyword;C:\Users\bilguun.amarsaikhan\git\modpims-testing\Transfer Workflow\Transfer Workflow\bin\listener;C:\Users\bilguun.amarsaikhan\git\modpims-testing\Transfer Workflow\Transfer Workflow\bin\lib;C:\Users\bilguun.amarsaikhan\git\modpims-testing\Transfer Workflow\Transfer Workflow\bin\groovy;C:\Users\bilguun.amarsaikhan\git\modpims-testing\Transfer Workflow\Transfer Workflow\bin;C:\Users\bilguun.amarsaikhan\Downloads\Katalon_Studio_Windows_64-8.1.0 (1)\Katalon_Studio_Windows_64-8.1.0\plugins\com.kms.katalon.core_1.0.0.202108170301.jar;C:\Users\bilguun.amarsaikhan\Downloads\Katalon_Studio_Windows_64-8.1.0 (1)\Katalon_Studio_Windows_64-8.1.0\configuration\resources\lib\aalto-xml-1.0.0.jar;C:\Users\bilguun.amarsaikhan\Downloads\Katalon_Studio_Windows_64-8.1.0 (1)\Katalon_Studio_Windows_64-8.1.0\configuration\resources\lib\aspectjweaver-1.9.1.jar;C:\Users\bilguun.amarsaikhan\Downloads\Katalon_Studio_Windows_64-8.1.0 (1)\Katalon_Studio_Windows_64-8.1.0\configuration\resources\lib\bcpkix-jdk15on-1.64.jar;C:\Users\bilguun.amarsaikhan\Downloads\Katalon_Studio_Windows_64-8.1.0 (1)\Katalon_Studio_Windows_64-8.1.0\configuration\resources\lib\bcprov-jdk15on-1.64.jar;C:\Users\bilguun.amarsaikhan\Downloads\Katalon_Studio_Windows_64-8.1.0 (1)\Katalon_Studio_Windows_64-8.1.0\configuration\resources\lib\browsermob-core-2.1.5.jar;C:\Users\bilguun.amarsaikhan\Downloads\Katalon_Studio_Windows_64-8.1.0 (1)\Katalon_Studio_Windows_64-8.1.0\configuration\resources\lib\cglib-3.2.10.jar;C:\Users\bilguun.amarsaikhan\Downloads\Katalon_Studio_Windows_64-8.1.0 (1)\Katalon_Studio_Windows_64-8.1.0\configuration\resources\lib\commons-codec-1.10.jar;C:\Users\bilguun.amarsaikhan\Downloads\Katalon_Studio_Windows_64-8.1.0 (1)\Katalon_Studio_Windows_64-8.1.0\configuration\resources\lib\commons-collections4-4.1.jar;C:\Users\bilguun.amarsaikhan\Downloads\Katalon_Studio_Windows_64-8.1.0 (
Launcher Type: SUN_STANDARD

Environment Variables:
PATH=C:/Users/bilguun.amarsaikhan/Downloads/Katalon_Studio_Windows_64-8.1.0 (1)/Katalon_Studio_Windows_64-8.1.0/jre/bin/server;C:/Users/bilguun.amarsaikhan/Downloads/Katalon_Studio_Windows_64-8.1.0 (1)/Katalon_Studio_Windows_64-8.1.0/jre/bin;C:/Users/bilguun.amarsaikhan/Downloads/Katalon_Studio_Windows_64-8.1.0 (1)/Katalon_Studio_Windows_64-8.1.0/jre/lib/amd64;C:\Program Files\Common Files\Oracle\Java\javapath;C:\windows\system32;C:\windows;C:\windows\System32\Wbem;C:\windows\System32\WindowsPowerShell\v1.0\;C:\windows\System32\OpenSSH\;C:\Program Files (x86)\Microsoft SQL Server\150\DTS\Binn\;C:\Program Files\Azure Data Studio\bin;C:\Program Files\Git\cmd;C:\Program Files\dotnet\;C:\Program Files\Microsoft SQL Server\130\Tools\Binn\;C:\Program Files\Microsoft SQL Server\Client SDK\ODBC\170\Tools\Binn\;C:\Users\bilguun.amarsaikhan\AppData\Local\Microsoft\WindowsApps;C:\Users\bilguun.amarsaikhan\Desktop;C:\Users\bilguun.amarsaikhan\.dotnet\tools;C:\Users\bilguun.amarsaikhan\Downloads\Katalon_Studio_Windows_64-8.1.0 (1)\Katalon_Studio_Windows_64-8.1.0;
USERNAME=bilguun.amarsaikhan
OS=Windows_NT
PROCESSOR_IDENTIFIER=Intel64 Family 6 Model 63 Stepping 2, GenuineIntel



---------------  S Y S T E M  ---------------

OS: Windows 10.0 , 64 bit Build 19041 (10.0.19041.1151)
HyperV virtualization detected

CPU:total 2 (initial active 2) (2 cores per cpu, 1 threads per core) family 6 model 63 stepping 2, cmov, cx8, fxsr, mmx, sse, sse2, sse3, ssse3, sse4.1, sse4.2, popcnt, avx, avx2, aes, clmul, erms, lzcnt, tsc, bmi1, bmi2

Memory: 4k page, physical 8388148k(1066504k free), swap 10485040k(5368k free)

vm_info: OpenJDK 64-Bit Server VM (25.282-b08) for windows-amd64 JRE (Zulu 8.52.0.23-CA-win64) (1.8.0_282-b08), built on Jan 12 2021 07:45:49 by "tester" with MS VC++ 10.0 (VS2010)

time: Thu Sep 09 21:35:15 2021
timezone: Coordinated Universal Time
elapsed time: 9.581482 seconds (0d 0h 0m 9s)

