#
# There is insufficient memory for the Java Runtime Environment to continue.
# Native memory allocation (malloc) failed to allocate 267376 bytes for Chunk::new
# Possible reasons:
#   The system is out of physical RAM or swap space
#   The process is running with CompressedOops enabled, and the Java Heap may be blocking the growth of the native heap
# Possible solutions:
#   Reduce memory load on the system
#   Increase physical memory or swap space
#   Check if swap backing store is full
#   Decrease Java heap size (-Xmx/-Xms)
#   Decrease number of Java threads
#   Decrease Java thread stack sizes (-Xss)
#   Set larger code cache with -XX:ReservedCodeCacheSize=
#   JVM is running with Unscaled Compressed Oops mode in which the Java heap is
#     placed in the first 4GB address space. The Java Heap base address is the
#     maximum limit for the native heap growth. Please use -XX:HeapBaseMinAddress
#     to set the Java Heap base and to place the Java Heap above 4GB virtual address.
# This output file may be truncated or incomplete.
#
#  Out of Memory Error (allocation.cpp:389), pid=4348, tid=0x00000000000025e8
#
# JRE version: OpenJDK Runtime Environment (Zulu 8.52.0.23-CA-win64) (8.0_282-b08) (build 1.8.0_282-b08)
# Java VM: OpenJDK 64-Bit Server VM (25.282-b08 mixed mode windows-amd64 compressed oops)
# Failed to write core dump. Minidumps are not enabled by default on client versions of Windows
#

---------------  T H R E A D  ---------------

Current thread (0x0000000017ede800):  JavaThread "C2 CompilerThread0" daemon [_thread_in_native, id=9704, stack(0x00000000189d0000,0x0000000018ad0000)]

Stack: [0x00000000189d0000,0x0000000018ad0000]
[error occurred during error reporting (printing stack bounds), id 0xc0000005]

Native frames: (J=compiled Java code, j=interpreted, Vv=VM code, C=native code)


Current CompileTask:
C2:  13342 3734       4       java.io.DataOutputStream::writeUTF (435 bytes)


---------------  P R O C E S S  ---------------

Java Threads: ( => current thread )
  0x00000000186a1000 JavaThread "Okio Watchdog" daemon [_thread_blocked, id=1664, stack(0x000000001e460000,0x000000001e560000)]
  0x0000000019649000 JavaThread "OkHttp ConnectionPool" daemon [_thread_blocked, id=10452, stack(0x000000001e360000,0x000000001e460000)]
  0x0000000018230000 JavaThread "ForkJoinPool.commonPool-worker-1" daemon [_thread_blocked, id=9488, stack(0x000000001e260000,0x000000001e360000)]
  0x000000001b9e3800 JavaThread "Keep-Alive-Timer" daemon [_thread_blocked, id=14016, stack(0x000000001df60000,0x000000001e060000)]
  0x000000001b567000 JavaThread "Exec Stream Pumper" daemon [_thread_in_native, id=5072, stack(0x000000001dd60000,0x000000001de60000)]
  0x000000001b4a8800 JavaThread "Exec Stream Pumper" daemon [_thread_in_native, id=12616, stack(0x000000001dc60000,0x000000001dd60000)]
  0x000000001b569000 JavaThread "UrlChecker-2" daemon [_thread_blocked, id=14064, stack(0x000000001caa0000,0x000000001cba0000)]
  0x00000000194ab000 JavaThread "Exec Default Executor" daemon [_thread_in_native, id=8460, stack(0x000000001c130000,0x000000001c230000)]
  0x0000000017f24800 JavaThread "Service Thread" daemon [_thread_blocked, id=11480, stack(0x0000000018bd0000,0x0000000018cd0000)]
  0x0000000017edf800 JavaThread "C1 CompilerThread1" daemon [_thread_blocked, id=11740, stack(0x0000000018ad0000,0x0000000018bd0000)]
=>0x0000000017ede800 JavaThread "C2 CompilerThread0" daemon [_thread_in_native, id=9704, stack(0x00000000189d0000,0x0000000018ad0000)]
  0x000000001806e800 JavaThread "Attach Listener" daemon [_thread_blocked, id=5404, stack(0x00000000188d0000,0x00000000189d0000)]
  0x0000000018071800 JavaThread "Signal Dispatcher" daemon [_thread_blocked, id=12972, stack(0x00000000187d0000,0x00000000188d0000)]
  0x0000000016d8b000 JavaThread "Finalizer" daemon [_thread_blocked, id=8140, stack(0x00000000179d0000,0x0000000017ad0000)]
  0x0000000016d83000 JavaThread "Reference Handler" daemon [_thread_blocked, id=4320, stack(0x00000000178d0000,0x00000000179d0000)]
  0x000000000229c000 JavaThread "Forwarding setTimeout on session d4504fa4b694f7626eb3c0bcc49ccf0d to remote" [_thread_in_native, id=8212, stack(0x0000000002180000,0x0000000002280000)]

Other Threads:
  0x0000000016d5a000 VMThread [stack: 0x00000000177d0000,0x00000000178d0000] [id=4556]
  0x0000000017f25800 WatcherThread [stack: 0x0000000018cd0000,0x0000000018dd0000] [id=4244]

VM state:not at safepoint (normal execution)

VM Mutex/Monitor currently owned by a thread: None

heap address: 0x0000000080000000, size: 2048 MB, Compressed Oops mode: 32-bit
Narrow klass base: 0x0000000000000000, Narrow klass shift: 3
Compressed class space size: 1073741824 Address: 0x0000000100000000

Heap:
 PSYoungGen      total 301568K, used 23997K [0x00000000d5580000, 0x00000000eee80000, 0x0000000100000000)
  eden space 288256K, 8% used [0x00000000d5580000,0x00000000d6cef470,0x00000000e6f00000)
  from space 13312K, 0% used [0x00000000e7f80000,0x00000000e7f80000,0x00000000e8c80000)
  to   space 16896K, 0% used [0x00000000e6f00000,0x00000000e6f00000,0x00000000e7f80000)
 ParOldGen       total 108544K, used 25029K [0x0000000080000000, 0x0000000086a00000, 0x00000000d5580000)
  object space 108544K, 23% used [0x0000000080000000,0x0000000081871438,0x0000000086a00000)
 Metaspace       used 36335K, capacity 37258K, committed 37376K, reserved 1081344K
  class space    used 4283K, capacity 4553K, committed 4608K, reserved 1048576K

Card table byte_map: [0x0000000011740000,0x0000000011b50000] byte_map_base: 0x0000000011340000

Marking Bits: (ParMarkBitMap*) 0x000000005a6c1f00
 Begin Bits: [0x0000000012000000, 0x0000000014000000)
 End Bits:   [0x0000000014000000, 0x0000000016000000)

Polling page: 0x0000000002010000

CodeCache: size=245760Kb used=12092Kb max_used=13966Kb free=233667Kb
 bounds [0x0000000002380000, 0x0000000003130000, 0x0000000011380000]
 total_blobs=4005 nmethods=3251 adapters=664
 compilation: enabled

Compilation events (10 events):
Event: 13.312 Thread 0x0000000017edf800 3735       3       java.lang.Package::<init> (56 bytes)
Event: 13.312 Thread 0x0000000017edf800 nmethod 3735 0x0000000002601710 code [0x0000000002601860, 0x0000000002601ad0]
Event: 13.315 Thread 0x0000000017ede800 nmethod 3731 0x00000000024de5d0 code [0x00000000024de7a0, 0x00000000024df088]
Event: 13.315 Thread 0x0000000017ede800 3734       4       java.io.DataOutputStream::writeUTF (435 bytes)
Event: 13.321 Thread 0x0000000017edf800 3737       3       java.util.stream.PipelineHelper::<init> (5 bytes)
Event: 13.322 Thread 0x0000000017edf800 nmethod 3737 0x0000000002784e10 code [0x0000000002784f60, 0x0000000002785110]
Event: 13.322 Thread 0x0000000017edf800 3738       3       java.util.stream.AbstractPipeline::isParallel (8 bytes)
Event: 13.322 Thread 0x0000000017edf800 nmethod 3738 0x0000000002513f90 code [0x00000000025140e0, 0x0000000002514250]
Event: 13.322 Thread 0x0000000017edf800 3739       3       java.util.regex.Pattern$1::isSatisfiedBy (13 bytes)
Event: 13.322 Thread 0x0000000017edf800 nmethod 3739 0x0000000002745590 code [0x0000000002745700, 0x00000000027459b0]

GC Heap History (10 events):
Event: 4.259 GC heap before
{Heap before GC invocations=6 (full 1):
 PSYoungGen      total 138240K, used 5109K [0x00000000d5580000, 0x00000000e6e80000, 0x0000000100000000)
  eden space 133120K, 0% used [0x00000000d5580000,0x00000000d5580000,0x00000000dd780000)
  from space 5120K, 99% used [0x00000000dd780000,0x00000000ddc7d4a8,0x00000000ddc80000)
  to   space 10752K, 0% used [0x00000000e6400000,0x00000000e6400000,0x00000000e6e80000)
 ParOldGen       total 87552K, used 8506K [0x0000000080000000, 0x0000000085580000, 0x00000000d5580000)
  object space 87552K, 9% used [0x0000000080000000,0x000000008084ea20,0x0000000085580000)
 Metaspace       used 20808K, capacity 21072K, committed 21296K, reserved 1069056K
  class space    used 2312K, capacity 2424K, committed 2432K, reserved 1048576K
Event: 4.326 GC heap after
Heap after GC invocations=6 (full 1):
 PSYoungGen      total 138240K, used 0K [0x00000000d5580000, 0x00000000e6e80000, 0x0000000100000000)
  eden space 133120K, 0% used [0x00000000d5580000,0x00000000d5580000,0x00000000dd780000)
  from space 5120K, 0% used [0x00000000dd780000,0x00000000dd780000,0x00000000ddc80000)
  to   space 10752K, 0% used [0x00000000e6400000,0x00000000e6400000,0x00000000e6e80000)
 ParOldGen       total 65536K, used 10617K [0x0000000080000000, 0x0000000084000000, 0x00000000d5580000)
  object space 65536K, 16% used [0x0000000080000000,0x0000000080a5e4b0,0x0000000084000000)
 Metaspace       used 20808K, capacity 21072K, committed 21296K, reserved 1069056K
  class space    used 2312K, capacity 2424K, committed 2432K, reserved 1048576K
}
Event: 5.591 GC heap before
{Heap before GC invocations=7 (full 1):
 PSYoungGen      total 138240K, used 133120K [0x00000000d5580000, 0x00000000e6e80000, 0x0000000100000000)
  eden space 133120K, 100% used [0x00000000d5580000,0x00000000dd780000,0x00000000dd780000)
  from space 5120K, 0% used [0x00000000dd780000,0x00000000dd780000,0x00000000ddc80000)
  to   space 10752K, 0% used [0x00000000e6400000,0x00000000e6400000,0x00000000e6e80000)
 ParOldGen       total 65536K, used 10617K [0x0000000080000000, 0x0000000084000000, 0x00000000d5580000)
  object space 65536K, 16% used [0x0000000080000000,0x0000000080a5e4b0,0x0000000084000000)
 Metaspace       used 22093K, capacity 22456K, committed 22704K, reserved 1069056K
  class space    used 2419K, capacity 2541K, committed 2560K, reserved 1048576K
Event: 5.598 GC heap after
Heap after GC invocations=7 (full 1):
 PSYoungGen      total 199680K, used 2773K [0x00000000d5580000, 0x00000000e6700000, 0x0000000100000000)
  eden space 196608K, 0% used [0x00000000d5580000,0x00000000d5580000,0x00000000e1580000)
  from space 3072K, 90% used [0x00000000e6400000,0x00000000e66b57c8,0x00000000e6700000)
  to   space 11264K, 0% used [0x00000000e5100000,0x00000000e5100000,0x00000000e5c00000)
 ParOldGen       total 65536K, used 10625K [0x0000000080000000, 0x0000000084000000, 0x00000000d5580000)
  object space 65536K, 16% used [0x0000000080000000,0x0000000080a604b0,0x0000000084000000)
 Metaspace       used 22093K, capacity 22456K, committed 22704K, reserved 1069056K
  class space    used 2419K, capacity 2541K, committed 2560K, reserved 1048576K
}
Event: 8.110 GC heap before
{Heap before GC invocations=8 (full 1):
 PSYoungGen      total 199680K, used 199381K [0x00000000d5580000, 0x00000000e6700000, 0x0000000100000000)
  eden space 196608K, 100% used [0x00000000d5580000,0x00000000e1580000,0x00000000e1580000)
  from space 3072K, 90% used [0x00000000e6400000,0x00000000e66b57c8,0x00000000e6700000)
  to   space 11264K, 0% used [0x00000000e5100000,0x00000000e5100000,0x00000000e5c00000)
 ParOldGen       total 65536K, used 10625K [0x0000000080000000, 0x0000000084000000, 0x00000000d5580000)
  object space 65536K, 16% used [0x0000000080000000,0x0000000080a604b0,0x0000000084000000)
 Metaspace       used 29094K, capacity 29478K, committed 29824K, reserved 1075200K
  class space    used 3240K, capacity 3403K, committed 3456K, reserved 1048576K
Event: 8.151 GC heap after
Heap after GC invocations=8 (full 1):
 PSYoungGen      total 268800K, used 11254K [0x00000000d5580000, 0x00000000e8c80000, 0x0000000100000000)
  eden space 257536K, 0% used [0x00000000d5580000,0x00000000d5580000,0x00000000e5100000)
  from space 11264K, 99% used [0x00000000e5100000,0x00000000e5bfda10,0x00000000e5c00000)
  to   space 13312K, 0% used [0x00000000e7f80000,0x00000000e7f80000,0x00000000e8c80000)
 ParOldGen       total 65536K, used 11252K [0x0000000080000000, 0x0000000084000000, 0x00000000d5580000)
  object space 65536K, 17% used [0x0000000080000000,0x0000000080afd300,0x0000000084000000)
 Metaspace       used 29094K, capacity 29478K, committed 29824K, reserved 1075200K
  class space    used 3240K, capacity 3403K, committed 3456K, reserved 1048576K
}
Event: 11.344 GC heap before
{Heap before GC invocations=9 (full 1):
 PSYoungGen      total 268800K, used 261025K [0x00000000d5580000, 0x00000000e8c80000, 0x0000000100000000)
  eden space 257536K, 96% used [0x00000000d5580000,0x00000000e496aa50,0x00000000e5100000)
  from space 11264K, 99% used [0x00000000e5100000,0x00000000e5bfda10,0x00000000e5c00000)
  to   space 13312K, 0% used [0x00000000e7f80000,0x00000000e7f80000,0x00000000e8c80000)
 ParOldGen       total 65536K, used 11252K [0x0000000080000000, 0x0000000084000000, 0x00000000d5580000)
  object space 65536K, 17% used [0x0000000080000000,0x0000000080afd300,0x0000000084000000)
 Metaspace       used 34652K, capacity 35400K, committed 35496K, reserved 1081344K
  class space    used 4036K, capacity 4256K, committed 4352K, reserved 1048576K
Event: 11.398 GC heap after
Heap after GC invocations=9 (full 1):
 PSYoungGen      total 301568K, used 13304K [0x00000000d5580000, 0x00000000eee80000, 0x0000000100000000)
  eden space 288256K, 0% used [0x00000000d5580000,0x00000000d5580000,0x00000000e6f00000)
  from space 13312K, 99% used [0x00000000e7f80000,0x00000000e8c7e1c0,0x00000000e8c80000)
  to   space 16896K, 0% used [0x00000000e6f00000,0x00000000e6f00000,0x00000000e7f80000)
 ParOldGen       total 65536K, used 14960K [0x0000000080000000, 0x0000000084000000, 0x00000000d5580000)
  object space 65536K, 22% used [0x0000000080000000,0x0000000080e9c038,0x0000000084000000)
 Metaspace       used 34652K, capacity 35400K, committed 35496K, reserved 1081344K
  class space    used 4036K, capacity 4256K, committed 4352K, reserved 1048576K
}
Event: 11.398 GC heap before
{Heap before GC invocations=10 (full 2):
 PSYoungGen      total 301568K, used 13304K [0x00000000d5580000, 0x00000000eee80000, 0x0000000100000000)
  eden space 288256K, 0% used [0x00000000d5580000,0x00000000d5580000,0x00000000e6f00000)
  from space 13312K, 99% used [0x00000000e7f80000,0x00000000e8c7e1c0,0x00000000e8c80000)
  to   space 16896K, 0% used [0x00000000e6f00000,0x00000000e6f00000,0x00000000e7f80000)
 ParOldGen       total 65536K, used 14960K [0x0000000080000000, 0x0000000084000000, 0x00000000d5580000)
  object space 65536K, 22% used [0x0000000080000000,0x0000000080e9c038,0x0000000084000000)
 Metaspace       used 34652K, capacity 35400K, committed 35496K, reserved 1081344K
  class space    used 4036K, capacity 4256K, committed 4352K, reserved 1048576K
Event: 11.560 GC heap after
Heap after GC invocations=10 (full 2):
 PSYoungGen      total 301568K, used 0K [0x00000000d5580000, 0x00000000eee80000, 0x0000000100000000)
  eden space 288256K, 0% used [0x00000000d5580000,0x00000000d5580000,0x00000000e6f00000)
  from space 13312K, 0% used [0x00000000e7f80000,0x00000000e7f80000,0x00000000e8c80000)
  to   space 16896K, 0% used [0x00000000e6f00000,0x00000000e6f00000,0x00000000e7f80000)
 ParOldGen       total 108544K, used 25029K [0x0000000080000000, 0x0000000086a00000, 0x00000000d5580000)
  object space 108544K, 23% used [0x0000000080000000,0x0000000081871438,0x0000000086a00000)
 Metaspace       used 34652K, capacity 35400K, committed 35496K, reserved 1081344K
  class space    used 4036K, capacity 4256K, committed 4352K, reserved 1048576K
}

Deoptimization events (10 events):
Event: 10.363 Thread 0x000000000229c000 Uncommon trap: reason=unstable_if action=reinterpret pc=0x0000000002c71858 method=java.lang.StringCoding.safeTrim([CILjava/nio/charset/Charset;Z)[C @ 3
Event: 10.365 Thread 0x000000000229c000 Uncommon trap: reason=unstable_if action=reinterpret pc=0x0000000002c521b4 method=java.lang.StringCoding.safeTrim([CILjava/nio/charset/Charset;Z)[C @ 3
Event: 10.442 Thread 0x000000000229c000 Uncommon trap: reason=unstable_if action=reinterpret pc=0x00000000024d28d0 method=java.lang.String.replace(CC)Ljava/lang/String; @ 2
Event: 10.447 Thread 0x000000000229c000 Uncommon trap: reason=unstable_if action=reinterpret pc=0x00000000026c1d78 method=sun.net.util.IPAddressUtil.scan(Ljava/lang/String;JJ[C)I @ 14
Event: 11.748 Thread 0x000000000229c000 Uncommon trap: reason=class_check action=maybe_recompile pc=0x000000000254639c method=java.util.HashSet.contains(Ljava/lang/Object;)Z @ 5
Event: 11.748 Thread 0x000000000229c000 Uncommon trap: reason=class_check action=maybe_recompile pc=0x000000000254639c method=java.util.HashSet.contains(Ljava/lang/Object;)Z @ 5
Event: 13.193 Thread 0x000000000229c000 Uncommon trap: reason=class_check action=maybe_recompile pc=0x00000000024b78b4 method=org.openqa.selenium.json.Input.init()V @ 18
Event: 13.193 Thread 0x000000000229c000 Uncommon trap: reason=class_check action=maybe_recompile pc=0x00000000024b78b4 method=org.openqa.selenium.json.Input.init()V @ 18
Event: 13.193 Thread 0x000000000229c000 Uncommon trap: reason=class_check action=maybe_recompile pc=0x00000000024b78b4 method=org.openqa.selenium.json.Input.init()V @ 18
Event: 13.193 Thread 0x000000000229c000 Uncommon trap: reason=class_check action=maybe_recompile pc=0x00000000024b78b4 method=org.openqa.selenium.json.Input.init()V @ 18

Classes redefined (0 events):
No events

Internal exceptions (10 events):
Event: 9.866 Thread 0x000000000229c000 Exception <a 'java/lang/ClassNotFoundException': com/kms/katalon/core/webui/keyword/internal/WebUIAbstractKeywordBeanInfo> (0x00000000e0f3b088) thrown at [C:\jenkins\workspace\zulu8-silver-build-win64\zulu-src\hotspot\src\share\vm\classfile\systemDictiona
Event: 9.873 Thread 0x000000000229c000 Exception <a 'java/lang/ClassNotFoundException': com/kms/katalon/core/webui/keyword/internal/WebUIAbstractKeywordCustomizer> (0x00000000e1031ce8) thrown at [C:\jenkins\workspace\zulu8-silver-build-win64\zulu-src\hotspot\src\share\vm\classfile\systemDictio
Event: 9.879 Thread 0x000000000229c000 Exception <a 'java/lang/ClassNotFoundException': com/kms/katalon/core/webui/keyword/builtin/OpenBrowserKeywordCustomizer> (0x00000000e11292b8) thrown at [C:\jenkins\workspace\zulu8-silver-build-win64\zulu-src\hotspot\src\share\vm\classfile\systemDictionar
Event: 9.899 Thread 0x000000000229c000 Exception <a 'java/lang/ClassNotFoundException': com/kms/katalon/core/webui/keyword/builtin/InternalSmartWaitGroovyWrapperBeanInfo> (0x00000000e13b54c0) thrown at [C:\jenkins\workspace\zulu8-silver-build-win64\zulu-src\hotspot\src\share\vm\classfile\syste
Event: 9.903 Thread 0x000000000229c000 Exception <a 'java/lang/ClassNotFoundException': com/kms/katalon/core/webui/keyword/builtin/InternalSmartWaitGroovyWrapperCustomizer> (0x00000000e14c0510) thrown at [C:\jenkins\workspace\zulu8-silver-build-win64\zulu-src\hotspot\src\share\vm\classfile\sys
Event: 11.011 Thread 0x000000001b569000 Exception <a 'java/net/SocketTimeoutException': connect timed out> (0x00000000e38067d8) thrown at [C:\jenkins\workspace\zulu8-silver-build-win64\zulu-src\hotspot\src\share\vm\prims\jni.cpp, line 738]
Event: 11.073 Thread 0x000000000229c000 Exception <a 'java/lang/IncompatibleClassChangeError': Found class java.lang.Object, but interface was expected> (0x00000000e32302b0) thrown at [C:\jenkins\workspace\zulu8-silver-build-win64\zulu-src\hotspot\src\share\vm\interpreter\linkResolver.cpp, line
Event: 11.080 Thread 0x000000000229c000 Exception <a 'java/lang/NoSuchMethodError': java.lang.Object.lambda$or$2(Ljava/util/function/Predicate;Ljava/lang/Object;)Z> (0x00000000e324ed90) thrown at [C:\jenkins\workspace\zulu8-silver-build-win64\zulu-src\hotspot\src\share\vm\interpreter\linkResolv
Event: 11.176 Thread 0x000000000229c000 Exception <a 'java/lang/NoSuchMethodError': java.lang.Object.lambda$chars$0()Ljava/util/Spliterator$OfInt;> (0x00000000e4057d58) thrown at [C:\jenkins\workspace\zulu8-silver-build-win64\zulu-src\hotspot\src\share\vm\interpreter\linkResolver.cpp, line 620]
Event: 13.202 Thread 0x000000000229c000 Exception <a 'java/lang/NoSuchMethodError': java.lang.Object.lambda$getResponseFunction$0(Lorg/openqa/selenium/remote/InitialHandshakeResponse;)Lorg/openqa/selenium/remote/ProtocolHandshake$Result;> (0x00000000d63efcd0) thrown at [C:\jenkins\workspace\zul

Events (10 events):
Event: 13.301 loading class org/openqa/selenium/WebDriver
Event: 13.301 loading class org/openqa/selenium/WebDriver done
Event: 13.301 loading class org/openqa/selenium/support/events/EventFiringWebDriver
Event: 13.301 loading class org/openqa/selenium/support/events/EventFiringWebDriver done
Event: 13.301 loading class java/lang/reflect/Proxy$KeyX
Event: 13.301 loading class java/lang/reflect/Proxy$KeyX done
Event: 13.322 loading class java/util/ArrayList$ListItr
Event: 13.324 loading class java/util/ArrayList$ListItr done
Event: 13.324 loading class java/util/Collections$UnmodifiableList$1
Event: 13.325 loading class java/util/Collections$UnmodifiableList$1 done


Dynamic libraries:
0x00007ff60c710000 - 0x00007ff60c745000 	C:\Users\bilguun.amarsaikhan\Downloads\Katalon_Studio_Windows_64-8.1.0 (1)\Katalon_Studio_Windows_64-8.1.0\jre\bin\javaw.exe
0x00007ffbbaff0000 - 0x00007ffbbb1e5000 	C:\windows\SYSTEM32\ntdll.dll
0x00007ffbb9a00000 - 0x00007ffbb9abe000 	C:\windows\System32\KERNEL32.DLL
0x00007ffbb8a90000 - 0x00007ffbb8d59000 	C:\windows\System32\KERNELBASE.dll
0x00007ffbbad30000 - 0x00007ffbbaddc000 	C:\windows\System32\ADVAPI32.dll
0x00007ffbb9ac0000 - 0x00007ffbb9b5e000 	C:\windows\System32\msvcrt.dll
0x00007ffbba9c0000 - 0x00007ffbbaa5b000 	C:\windows\System32\sechost.dll
0x00007ffbba4c0000 - 0x00007ffbba5ea000 	C:\windows\System32\RPCRT4.dll
0x00007ffbb9050000 - 0x00007ffbb91f1000 	C:\windows\System32\USER32.dll
0x00007ffbb8e10000 - 0x00007ffbb8e32000 	C:\windows\System32\win32u.dll
0x00007ffbb99d0000 - 0x00007ffbb99fb000 	C:\windows\System32\GDI32.dll
0x00007ffbb8950000 - 0x00007ffbb8a5b000 	C:\windows\System32\gdi32full.dll
0x00007ffbb8fa0000 - 0x00007ffbb903d000 	C:\windows\System32\msvcp_win.dll
0x00007ffbb8ea0000 - 0x00007ffbb8fa0000 	C:\windows\System32\ucrtbase.dll
0x00007ffba7270000 - 0x00007ffba750a000 	C:\windows\WinSxS\amd64_microsoft.windows.common-controls_6595b64144ccf1df_6.0.19041.1110_none_60b5254171f9507e\COMCTL32.dll
0x00007ffbbac20000 - 0x00007ffbbac50000 	C:\windows\System32\IMM32.DLL
0x0000000059c10000 - 0x0000000059ce2000 	C:\Users\bilguun.amarsaikhan\Downloads\Katalon_Studio_Windows_64-8.1.0 (1)\Katalon_Studio_Windows_64-8.1.0\jre\bin\msvcr100.dll
0x0000000059e80000 - 0x000000005a745000 	C:\Users\bilguun.amarsaikhan\Downloads\Katalon_Studio_Windows_64-8.1.0 (1)\Katalon_Studio_Windows_64-8.1.0\jre\bin\server\jvm.dll
0x00007ffbbaa60000 - 0x00007ffbbaa68000 	C:\windows\System32\PSAPI.DLL
0x00007ffbb4210000 - 0x00007ffbb4219000 	C:\windows\SYSTEM32\WSOCK32.dll
0x00007ffbba5f0000 - 0x00007ffbba65b000 	C:\windows\System32\WS2_32.dll
0x00007ffb98170000 - 0x00007ffb98197000 	C:\windows\SYSTEM32\WINMM.dll
0x00007ffbb0610000 - 0x00007ffbb061a000 	C:\windows\SYSTEM32\VERSION.dll
0x00007ffbb41b0000 - 0x00007ffbb41bf000 	C:\Users\bilguun.amarsaikhan\Downloads\Katalon_Studio_Windows_64-8.1.0 (1)\Katalon_Studio_Windows_64-8.1.0\jre\bin\verify.dll
0x00007ffbaa540000 - 0x00007ffbaa569000 	C:\Users\bilguun.amarsaikhan\Downloads\Katalon_Studio_Windows_64-8.1.0 (1)\Katalon_Studio_Windows_64-8.1.0\jre\bin\java.dll
0x00007ffba62c0000 - 0x00007ffba62d6000 	C:\Users\bilguun.amarsaikhan\Downloads\Katalon_Studio_Windows_64-8.1.0 (1)\Katalon_Studio_Windows_64-8.1.0\jre\bin\zip.dll
0x00007ffbb9200000 - 0x00007ffbb993f000 	C:\windows\System32\SHELL32.dll
0x00007ffbb6720000 - 0x00007ffbb6eb0000 	C:\windows\SYSTEM32\windows.storage.dll
0x00007ffbba660000 - 0x00007ffbba9b5000 	C:\windows\System32\combase.dll
0x00007ffbb8090000 - 0x00007ffbb80bc000 	C:\windows\SYSTEM32\Wldp.dll
0x00007ffbba3b0000 - 0x00007ffbba45d000 	C:\windows\System32\SHCORE.dll
0x00007ffbbacb0000 - 0x00007ffbbad05000 	C:\windows\System32\shlwapi.dll
0x00007ffbb85e0000 - 0x00007ffbb85ff000 	C:\windows\SYSTEM32\profapi.dll
0x00007ffba6070000 - 0x00007ffba608b000 	C:\Users\bilguun.amarsaikhan\Downloads\Katalon_Studio_Windows_64-8.1.0 (1)\Katalon_Studio_Windows_64-8.1.0\jre\bin\net.dll
0x00007ffbb7df0000 - 0x00007ffbb7e5a000 	C:\windows\system32\mswsock.dll
0x00007ffba02d0000 - 0x00007ffba02e1000 	C:\Users\bilguun.amarsaikhan\Downloads\Katalon_Studio_Windows_64-8.1.0 (1)\Katalon_Studio_Windows_64-8.1.0\jre\bin\nio.dll
0x00007ffbb0e90000 - 0x00007ffbb0e9d000 	C:\Users\bilguun.amarsaikhan\Downloads\Katalon_Studio_Windows_64-8.1.0 (1)\Katalon_Studio_Windows_64-8.1.0\jre\bin\management.dll
0x00007ffb9ed00000 - 0x00007ffb9ed17000 	C:\windows\system32\napinsp.dll
0x00007ffb9ece0000 - 0x00007ffb9ecfb000 	C:\windows\system32\pnrpnsp.dll
0x00007ffb9eaf0000 - 0x00007ffb9eb05000 	C:\windows\system32\wshbth.dll
0x00007ffbb4030000 - 0x00007ffbb404d000 	C:\windows\system32\NLAapi.dll
0x00007ffbb7ae0000 - 0x00007ffbb7b1b000 	C:\windows\SYSTEM32\IPHLPAPI.DLL
0x00007ffbb7b20000 - 0x00007ffbb7bec000 	C:\windows\SYSTEM32\DNSAPI.dll
0x00007ffbb9ea0000 - 0x00007ffbb9ea8000 	C:\windows\System32\NSI.dll
0x00007ffb9ead0000 - 0x00007ffb9eae2000 	C:\windows\System32\winrnr.dll
0x00007ffbafb20000 - 0x00007ffbafb2a000 	C:\Windows\System32\rasadhlp.dll
0x00007ffbaff20000 - 0x00007ffbaff9f000 	C:\windows\System32\fwpuclnt.dll
0x00007ffbb8a60000 - 0x00007ffbb8a87000 	C:\windows\System32\bcrypt.dll
0x00007ffbb7fe0000 - 0x00007ffbb7ff8000 	C:\windows\SYSTEM32\CRYPTSP.dll
0x00007ffbb7660000 - 0x00007ffbb7694000 	C:\windows\system32\rsaenh.dll
0x00007ffbb8500000 - 0x00007ffbb852e000 	C:\windows\SYSTEM32\USERENV.dll
0x00007ffbb8710000 - 0x00007ffbb8793000 	C:\windows\System32\bcryptprimitives.dll
0x00007ffbb8000000 - 0x00007ffbb800c000 	C:\windows\SYSTEM32\CRYPTBASE.dll
0x00007ffbb0b30000 - 0x00007ffbb0b47000 	C:\windows\SYSTEM32\dhcpcsvc6.DLL
0x00007ffbb09a0000 - 0x00007ffbb09bd000 	C:\windows\SYSTEM32\dhcpcsvc.DLL
0x00007ffb9f440000 - 0x00007ffb9f464000 	C:\Users\bilguun.amarsaikhan\Downloads\Katalon_Studio_Windows_64-8.1.0 (1)\Katalon_Studio_Windows_64-8.1.0\jre\bin\sunec.dll
0x00007ffbb3590000 - 0x00007ffbb359c000 	C:\Users\bilguun.amarsaikhan\Downloads\Katalon_Studio_Windows_64-8.1.0 (1)\Katalon_Studio_Windows_64-8.1.0\jre\bin\sunmscapi.dll
0x00007ffbb87f0000 - 0x00007ffbb8946000 	C:\windows\System32\CRYPT32.dll
0x00007ffbb8100000 - 0x00007ffbb8127000 	C:\windows\SYSTEM32\ncrypt.dll
0x00007ffbb80c0000 - 0x00007ffbb80fb000 	C:\windows\SYSTEM32\NTASN1.dll

VM Arguments:
jvm_args: -Dgroovy.home=C:\Users\bilguun.amarsaikhan/.groovy -Djava.system.class.loader=groovy.lang.GroovyClassLoader -Xmx2048m -Dfile.encoding=UTF-8 
java_command: org.codehaus.groovy.tools.GroovyStarter --classpath C:\Users\bilguun.amarsaikhan\git\modpims-testing\Transfer Workflow\Transfer Workflow\bin\keyword;C:\Users\bilguun.amarsaikhan\git\modpims-testing\Transfer Workflow\Transfer Workflow\Keywords;C:\Users\bilguun.amarsaikhan\git\modpims-testing\Transfer Workflow\Transfer Workflow\bin\listener;C:\Users\bilguun.amarsaikhan\git\modpims-testing\Transfer Workflow\Transfer Workflow\Test Listeners;C:\Users\bilguun.amarsaikhan\git\modpims-testing\Transfer Workflow\Transfer Workflow\bin\lib;C:\Users\bilguun.amarsaikhan\git\modpims-testing\Transfer Workflow\Transfer Workflow\Libs;C:\Users\bilguun.amarsaikhan\git\modpims-testing\Transfer Workflow\Transfer Workflow\bin\groovy;C:\Users\bilguun.amarsaikhan\git\modpims-testing\Transfer Workflow\Transfer Workflow\Include\scripts\groovy;C:\Users\bilguun.amarsaikhan\Downloads\Katalon_Studio_Engine_Windows_64-8.1.0\Katalon_Studio_Engine_Windows_64-8.1.0\plugins\com.kms.katalon.core_1.0.0.202108170301.jar;C:\Users\bilguun.amarsaikhan\Downloads\Katalon_Studio_Engine_Windows_64-8.1.0\Katalon_Studio_Engine_Windows_64-8.1.0\configuration\resources\lib\aalto-xml-1.0.0.jar;C:\Users\bilguun.amarsaikhan\Downloads\Katalon_Studio_Engine_Windows_64-8.1.0\Katalon_Studio_Engine_Windows_64-8.1.0\configuration\resources\lib\aspectjweaver-1.9.1.jar;C:\Users\bilguun.amarsaikhan\Downloads\Katalon_Studio_Engine_Windows_64-8.1.0\Katalon_Studio_Engine_Windows_64-8.1.0\configuration\resources\lib\bcpkix-jdk15on-1.64.jar;C:\Users\bilguun.amarsaikhan\Downloads\Katalon_Studio_Engine_Windows_64-8.1.0\Katalon_Studio_Engine_Windows_64-8.1.0\configuration\resources\lib\bcprov-jdk15on-1.64.jar;C:\Users\bilguun.amarsaikhan\Downloads\Katalon_Studio_Engine_Windows_64-8.1.0\Katalon_Studio_Engine_Windows_64-8.1.0\configuration\resources\lib\browsermob-core-2.1.5.jar;C:\Users\bilguun.amarsaikhan\Downloads\Katalon_Studio_Engine_Windows_64-8.1.0\Katalon_Studio_Engine_Windows_64-8.1.0\configuration\resources\lib
java_class_path (initial): C:\Users\bilguun.amarsaikhan\git\modpims-testing\Transfer Workflow\Transfer Workflow\bin\keyword;C:\Users\bilguun.amarsaikhan\git\modpims-testing\Transfer Workflow\Transfer Workflow\bin\listener;C:\Users\bilguun.amarsaikhan\git\modpims-testing\Transfer Workflow\Transfer Workflow\bin\lib;C:\Users\bilguun.amarsaikhan\git\modpims-testing\Transfer Workflow\Transfer Workflow\bin\groovy;C:\Users\bilguun.amarsaikhan\git\modpims-testing\Transfer Workflow\Transfer Workflow\bin;C:\Users\bilguun.amarsaikhan\Downloads\Katalon_Studio_Engine_Windows_64-8.1.0\Katalon_Studio_Engine_Windows_64-8.1.0\plugins\com.kms.katalon.core_1.0.0.202108170301.jar;C:\Users\bilguun.amarsaikhan\Downloads\Katalon_Studio_Engine_Windows_64-8.1.0\Katalon_Studio_Engine_Windows_64-8.1.0\configuration\resources\lib\aalto-xml-1.0.0.jar;C:\Users\bilguun.amarsaikhan\Downloads\Katalon_Studio_Engine_Windows_64-8.1.0\Katalon_Studio_Engine_Windows_64-8.1.0\configuration\resources\lib\aspectjweaver-1.9.1.jar;C:\Users\bilguun.amarsaikhan\Downloads\Katalon_Studio_Engine_Windows_64-8.1.0\Katalon_Studio_Engine_Windows_64-8.1.0\configuration\resources\lib\bcpkix-jdk15on-1.64.jar;C:\Users\bilguun.amarsaikhan\Downloads\Katalon_Studio_Engine_Windows_64-8.1.0\Katalon_Studio_Engine_Windows_64-8.1.0\configuration\resources\lib\bcprov-jdk15on-1.64.jar;C:\Users\bilguun.amarsaikhan\Downloads\Katalon_Studio_Engine_Windows_64-8.1.0\Katalon_Studio_Engine_Windows_64-8.1.0\configuration\resources\lib\browsermob-core-2.1.5.jar;C:\Users\bilguun.amarsaikhan\Downloads\Katalon_Studio_Engine_Windows_64-8.1.0\Katalon_Studio_Engine_Windows_64-8.1.0\configuration\resources\lib\cglib-3.2.10.jar;C:\Users\bilguun.amarsaikhan\Downloads\Katalon_Studio_Engine_Windows_64-8.1.0\Katalon_Studio_Engine_Windows_64-8.1.0\configuration\resources\lib\commons-codec-1.10.jar;C:\Users\bilguun.amarsaikhan\Downloads\Katalon_Studio_Engine_Windows_64-8.1.0\Katalon_Studio_Engine_Windows_64-8.1.0\configuration\resources\lib\commons-col
Launcher Type: SUN_STANDARD

Environment Variables:
PATH=C:/Users/bilguun.amarsaikhan/Downloads/Katalon_Studio_Windows_64-8.1.0 (1)/Katalon_Studio_Windows_64-8.1.0/jre/bin/server;C:/Users/bilguun.amarsaikhan/Downloads/Katalon_Studio_Windows_64-8.1.0 (1)/Katalon_Studio_Windows_64-8.1.0/jre/bin;C:/Users/bilguun.amarsaikhan/Downloads/Katalon_Studio_Windows_64-8.1.0 (1)/Katalon_Studio_Windows_64-8.1.0/jre/lib/amd64;C:\Program Files\Common Files\Oracle\Java\javapath;C:\windows\system32;C:\windows;C:\windows\System32\Wbem;C:\windows\System32\WindowsPowerShell\v1.0\;C:\windows\System32\OpenSSH\;C:\Program Files (x86)\Microsoft SQL Server\150\DTS\Binn\;C:\Program Files\Azure Data Studio\bin;C:\Program Files\Git\cmd;C:\Program Files\dotnet\;C:\Program Files\Microsoft SQL Server\130\Tools\Binn\;C:\Program Files\Microsoft SQL Server\Client SDK\ODBC\170\Tools\Binn\;C:\Users\bilguun.amarsaikhan\AppData\Local\Microsoft\WindowsApps;C:\Users\bilguun.amarsaikhan\Desktop;C:\Users\bilguun.amarsaikhan\.dotnet\tools;C:\Users\bilguun.amarsaikhan\AppData\Local\Programs\Microsoft VS Code\bin;C:\Users\bilguun.amarsaikhan\Downloads\Katalon_Studio_Windows_64-8.1.0 (1)\Katalon_Studio_Windows_64-8.1.0;
USERNAME=bilguun.amarsaikhan
OS=Windows_NT
PROCESSOR_IDENTIFIER=Intel64 Family 6 Model 63 Stepping 2, GenuineIntel



---------------  S Y S T E M  ---------------

OS: Windows 10.0 , 64 bit Build 19041 (10.0.19041.1202)
HyperV virtualization detected

CPU:total 2 (initial active 2) (2 cores per cpu, 1 threads per core) family 6 model 63 stepping 2, cmov, cx8, fxsr, mmx, sse, sse2, sse3, ssse3, sse4.1, sse4.2, popcnt, avx, avx2, aes, clmul, erms, lzcnt, tsc, bmi1, bmi2

Memory: 4k page, physical 8388148k(845352k free), swap 10485040k(5160k free)

vm_info: OpenJDK 64-Bit Server VM (25.282-b08) for windows-amd64 JRE (Zulu 8.52.0.23-CA-win64) (1.8.0_282-b08), built on Jan 12 2021 07:45:49 by "tester" with MS VC++ 10.0 (VS2010)

time: Wed Nov 10 08:58:44 2021
timezone: Eastern Standard Time
elapsed time: 13.350757 seconds (0d 0h 0m 13s)

