#
# There is insufficient memory for the Java Runtime Environment to continue.
# Native memory allocation (malloc) failed to allocate 32744 bytes for ChunkPool::allocate
# Possible reasons:
#   The system is out of physical RAM or swap space
#   The process is running with CompressedOops enabled, and the Java Heap may be blocking the growth of the native heap
# Possible solutions:
#   Reduce memory load on the system
#   Increase physical memory or swap space
#   Check if swap backing store is full
#   Decrease Java heap size (-Xmx/-Xms)
#   Decrease number of Java threads
#   Decrease Java thread stack sizes (-Xss)
#   Set larger code cache with -XX:ReservedCodeCacheSize=
#   JVM is running with Unscaled Compressed Oops mode in which the Java heap is
#     placed in the first 4GB address space. The Java Heap base address is the
#     maximum limit for the native heap growth. Please use -XX:HeapBaseMinAddress
#     to set the Java Heap base and to place the Java Heap above 4GB virtual address.
# This output file may be truncated or incomplete.
#
#  Out of Memory Error (allocation.cpp:272), pid=8492, tid=0x0000000000002e90
#
# JRE version: OpenJDK Runtime Environment (Zulu 8.52.0.23-CA-win64) (8.0_282-b08) (build 1.8.0_282-b08)
# Java VM: OpenJDK 64-Bit Server VM (25.282-b08 mixed mode windows-amd64 compressed oops)
# Failed to write core dump. Minidumps are not enabled by default on client versions of Windows
#

---------------  T H R E A D  ---------------

Current thread (0x0000000018667800):  JavaThread "C2 CompilerThread0" daemon [_thread_in_native, id=11920, stack(0x0000000018970000,0x0000000018a70000)]

Stack: [0x0000000018970000,0x0000000018a70000]
[error occurred during error reporting (printing stack bounds), id 0xc0000005]

Native frames: (J=compiled Java code, j=interpreted, Vv=VM code, C=native code)


Current CompileTask:
C2:  26170 3950       4       groovy.lang.MetaClassImpl$1MOPIter::methodNameAction (479 bytes)


---------------  P R O C E S S  ---------------

Java Threads: ( => current thread )
  0x000000001b859000 JavaThread "Okio Watchdog" daemon [_thread_blocked, id=12280, stack(0x000000001d590000,0x000000001d690000)]
  0x000000001b858800 JavaThread "OkHttp ConnectionPool" daemon [_thread_blocked, id=2644, stack(0x000000001d490000,0x000000001d590000)]
  0x000000001b896800 JavaThread "Exec Stream Pumper" daemon [_thread_in_native, id=7972, stack(0x000000001cd90000,0x000000001ce90000)]
  0x000000001ba4f800 JavaThread "Exec Stream Pumper" daemon [_thread_in_native, id=10636, stack(0x000000001cc90000,0x000000001cd90000)]
  0x000000001b4db000 JavaThread "UrlChecker-2" daemon [_thread_blocked, id=13040, stack(0x000000001ca90000,0x000000001cb90000)]
  0x000000001b92a000 JavaThread "Exec Default Executor" daemon [_thread_in_native, id=12184, stack(0x000000001c990000,0x000000001ca90000)]
  0x0000000018706000 JavaThread "Service Thread" daemon [_thread_blocked, id=10960, stack(0x0000000018b70000,0x0000000018c70000)]
  0x00000000186a4000 JavaThread "C1 CompilerThread1" daemon [_thread_blocked, id=7504, stack(0x0000000018a70000,0x0000000018b70000)]
=>0x0000000018667800 JavaThread "C2 CompilerThread0" daemon [_thread_in_native, id=11920, stack(0x0000000018970000,0x0000000018a70000)]
  0x000000001865b800 JavaThread "Attach Listener" daemon [_thread_blocked, id=828, stack(0x0000000018870000,0x0000000018970000)]
  0x00000000186c4000 JavaThread "Signal Dispatcher" daemon [_thread_blocked, id=7456, stack(0x0000000018770000,0x0000000018870000)]
  0x0000000017523800 JavaThread "Finalizer" daemon [_thread_blocked, id=11468, stack(0x0000000018170000,0x0000000018270000)]
  0x000000001751c000 JavaThread "Reference Handler" daemon [_thread_blocked, id=11576, stack(0x0000000018070000,0x0000000018170000)]
  0x0000000002a64800 JavaThread "main" [_thread_in_vm, id=12000, stack(0x00000000028f0000,0x00000000029f0000)]

Other Threads:
  0x00000000174f6800 VMThread [stack: 0x0000000017f70000,0x0000000018070000] [id=5108]
  0x0000000018733000 WatcherThread [stack: 0x0000000018c70000,0x0000000018d70000] [id=4420]

VM state:not at safepoint (normal execution)

VM Mutex/Monitor currently owned by a thread: None

heap address: 0x0000000080000000, size: 2048 MB, Compressed Oops mode: 32-bit
Narrow klass base: 0x0000000000000000, Narrow klass shift: 3
Compressed class space size: 1073741824 Address: 0x0000000100000000

Heap:
 PSYoungGen      total 270336K, used 217363K [0x00000000d5580000, 0x00000000eb980000, 0x0000000100000000)
  eden space 260608K, 79% used [0x00000000d5580000,0x00000000e2046580,0x00000000e5400000)
  from space 9728K, 99% used [0x00000000e5400000,0x00000000e5d7e860,0x00000000e5d80000)
  to   space 11264K, 0% used [0x00000000eae80000,0x00000000eae80000,0x00000000eb980000)
 ParOldGen       total 51712K, used 8888K [0x0000000080000000, 0x0000000083280000, 0x00000000d5580000)
  object space 51712K, 17% used [0x0000000080000000,0x00000000808ae0d0,0x0000000083280000)
 Metaspace       used 31438K, capacity 32374K, committed 32512K, reserved 1077248K
  class space    used 3695K, capacity 3990K, committed 4096K, reserved 1048576K

Card table byte_map: [0x0000000011f10000,0x0000000012320000] byte_map_base: 0x0000000011b10000

Marking Bits: (ParMarkBitMap*) 0x0000000065891f00
 Begin Bits: [0x00000000127d0000, 0x00000000147d0000)
 End Bits:   [0x00000000147d0000, 0x00000000167d0000)

Polling page: 0x00000000007e0000

CodeCache: size=245760Kb used=12295Kb max_used=13333Kb free=233464Kb
 bounds [0x0000000002b50000, 0x0000000003860000, 0x0000000011b50000]
 total_blobs=4192 nmethods=3497 adapters=604
 compilation: enabled

Compilation events (10 events):
Event: 26.069 Thread 0x0000000018667800 nmethod 3945 0x0000000002dc1550 code [0x0000000002dc16e0, 0x0000000002dc18d8]
Event: 26.098 Thread 0x00000000186a4000 3946   !   3       org.codehaus.groovy.control.CompilationUnit::applyToPrimaryClassNodes (213 bytes)
Event: 26.099 Thread 0x00000000186a4000 nmethod 3946 0x0000000003085dd0 code [0x0000000003086100, 0x0000000003087a58]
Event: 26.099 Thread 0x00000000186a4000 3948       3       java.util.LinkedList::toArray (39 bytes)
Event: 26.099 Thread 0x00000000186a4000 nmethod 3948 0x00000000033c73d0 code [0x00000000033c7540, 0x00000000033c7930]
Event: 26.099 Thread 0x00000000186a4000 3947       3       org.codehaus.groovy.ast.MethodNode::setCode (6 bytes)
Event: 26.099 Thread 0x00000000186a4000 nmethod 3947 0x0000000002e2b150 code [0x0000000002e2b2a0, 0x0000000002e2b410]
Event: 26.162 Thread 0x00000000186a4000 3949       3       java.util.ComparableTimSort::countRunAndMakeAscending (123 bytes)
Event: 26.162 Thread 0x00000000186a4000 nmethod 3949 0x0000000002e8f390 code [0x0000000002e8f5a0, 0x0000000002e90348]
Event: 26.163 Thread 0x0000000018667800 3950       4       groovy.lang.MetaClassImpl$1MOPIter::methodNameAction (479 bytes)

GC Heap History (10 events):
Event: 4.134 GC heap before
{Heap before GC invocations=6 (full 0):
 PSYoungGen      total 71680K, used 71677K [0x00000000d5580000, 0x00000000de780000, 0x0000000100000000)
  eden space 66560K, 100% used [0x00000000d5580000,0x00000000d9680000,0x00000000d9680000)
  from space 5120K, 99% used [0x00000000d9680000,0x00000000d9b7f7b8,0x00000000d9b80000)
  to   space 8192K, 0% used [0x00000000ddf80000,0x00000000ddf80000,0x00000000de780000)
 ParOldGen       total 87552K, used 3412K [0x0000000080000000, 0x0000000085580000, 0x00000000d5580000)
  object space 87552K, 3% used [0x0000000080000000,0x00000000803553c0,0x0000000085580000)
 Metaspace       used 20478K, capacity 20714K, committed 21120K, reserved 1069056K
  class space    used 2264K, capacity 2389K, committed 2432K, reserved 1048576K
Event: 4.150 GC heap after
Heap after GC invocations=6 (full 0):
 PSYoungGen      total 139776K, used 8190K [0x00000000d5580000, 0x00000000dea80000, 0x0000000100000000)
  eden space 131584K, 0% used [0x00000000d5580000,0x00000000d5580000,0x00000000dd600000)
  from space 8192K, 99% used [0x00000000ddf80000,0x00000000de77fab0,0x00000000de780000)
  to   space 9728K, 0% used [0x00000000dd600000,0x00000000dd600000,0x00000000ddf80000)
 ParOldGen       total 87552K, used 4046K [0x0000000080000000, 0x0000000085580000, 0x00000000d5580000)
  object space 87552K, 4% used [0x0000000080000000,0x00000000803f3a48,0x0000000085580000)
 Metaspace       used 20478K, capacity 20714K, committed 21120K, reserved 1069056K
  class space    used 2264K, capacity 2389K, committed 2432K, reserved 1048576K
}
Event: 4.226 GC heap before
{Heap before GC invocations=7 (full 0):
 PSYoungGen      total 139776K, used 13420K [0x00000000d5580000, 0x00000000dea80000, 0x0000000100000000)
  eden space 131584K, 3% used [0x00000000d5580000,0x00000000d5a9b678,0x00000000dd600000)
  from space 8192K, 99% used [0x00000000ddf80000,0x00000000de77fab0,0x00000000de780000)
  to   space 9728K, 0% used [0x00000000dd600000,0x00000000dd600000,0x00000000ddf80000)
 ParOldGen       total 87552K, used 4046K [0x0000000080000000, 0x0000000085580000, 0x00000000d5580000)
  object space 87552K, 4% used [0x0000000080000000,0x00000000803f3a48,0x0000000085580000)
 Metaspace       used 20821K, capacity 21072K, committed 21296K, reserved 1069056K
  class space    used 2309K, capacity 2424K, committed 2432K, reserved 1048576K
Event: 4.243 GC heap after
Heap after GC invocations=7 (full 0):
 PSYoungGen      total 141312K, used 3780K [0x00000000d5580000, 0x00000000e6980000, 0x0000000100000000)
  eden space 131584K, 0% used [0x00000000d5580000,0x00000000d5580000,0x00000000dd600000)
  from space 9728K, 38% used [0x00000000dd600000,0x00000000dd9b1350,0x00000000ddf80000)
  to   space 9728K, 0% used [0x00000000e6000000,0x00000000e6000000,0x00000000e6980000)
 ParOldGen       total 87552K, used 7353K [0x0000000080000000, 0x0000000085580000, 0x00000000d5580000)
  object space 87552K, 8% used [0x0000000080000000,0x000000008072e518,0x0000000085580000)
 Metaspace       used 20821K, capacity 21072K, committed 21296K, reserved 1069056K
  class space    used 2309K, capacity 2424K, committed 2432K, reserved 1048576K
}
Event: 4.243 GC heap before
{Heap before GC invocations=8 (full 1):
 PSYoungGen      total 141312K, used 3780K [0x00000000d5580000, 0x00000000e6980000, 0x0000000100000000)
  eden space 131584K, 0% used [0x00000000d5580000,0x00000000d5580000,0x00000000dd600000)
  from space 9728K, 38% used [0x00000000dd600000,0x00000000dd9b1350,0x00000000ddf80000)
  to   space 9728K, 0% used [0x00000000e6000000,0x00000000e6000000,0x00000000e6980000)
 ParOldGen       total 87552K, used 7353K [0x0000000080000000, 0x0000000085580000, 0x00000000d5580000)
  object space 87552K, 8% used [0x0000000080000000,0x000000008072e518,0x0000000085580000)
 Metaspace       used 20821K, capacity 21072K, committed 21296K, reserved 1069056K
  class space    used 2309K, capacity 2424K, committed 2432K, reserved 1048576K
Event: 4.301 GC heap after
Heap after GC invocations=8 (full 1):
 PSYoungGen      total 141312K, used 0K [0x00000000d5580000, 0x00000000e6980000, 0x0000000100000000)
  eden space 131584K, 0% used [0x00000000d5580000,0x00000000d5580000,0x00000000dd600000)
  from space 9728K, 0% used [0x00000000dd600000,0x00000000dd600000,0x00000000ddf80000)
  to   space 9728K, 0% used [0x00000000e6000000,0x00000000e6000000,0x00000000e6980000)
 ParOldGen       total 51712K, used 8489K [0x0000000080000000, 0x0000000083280000, 0x00000000d5580000)
  object space 51712K, 16% used [0x0000000080000000,0x000000008084a7f8,0x0000000083280000)
 Metaspace       used 20821K, capacity 21072K, committed 21296K, reserved 1069056K
  class space    used 2309K, capacity 2424K, committed 2432K, reserved 1048576K
}
Event: 5.343 GC heap before
{Heap before GC invocations=9 (full 1):
 PSYoungGen      total 141312K, used 131584K [0x00000000d5580000, 0x00000000e6980000, 0x0000000100000000)
  eden space 131584K, 100% used [0x00000000d5580000,0x00000000dd600000,0x00000000dd600000)
  from space 9728K, 0% used [0x00000000dd600000,0x00000000dd600000,0x00000000ddf80000)
  to   space 9728K, 0% used [0x00000000e6000000,0x00000000e6000000,0x00000000e6980000)
 ParOldGen       total 51712K, used 8489K [0x0000000080000000, 0x0000000083280000, 0x00000000d5580000)
  object space 51712K, 16% used [0x0000000080000000,0x000000008084a7f8,0x0000000083280000)
 Metaspace       used 22478K, capacity 22840K, committed 23088K, reserved 1069056K
  class space    used 2467K, capacity 2581K, committed 2688K, reserved 1048576K
Event: 5.370 GC heap after
Heap after GC invocations=9 (full 1):
 PSYoungGen      total 242688K, used 7014K [0x00000000d5580000, 0x00000000e6700000, 0x0000000100000000)
  eden space 235520K, 0% used [0x00000000d5580000,0x00000000d5580000,0x00000000e3b80000)
  from space 7168K, 97% used [0x00000000e6000000,0x00000000e66d9980,0x00000000e6700000)
  to   space 9728K, 0% used [0x00000000e5400000,0x00000000e5400000,0x00000000e5d80000)
 ParOldGen       total 51712K, used 8489K [0x0000000080000000, 0x0000000083280000, 0x00000000d5580000)
  object space 51712K, 16% used [0x0000000080000000,0x000000008084a7f8,0x0000000083280000)
 Metaspace       used 22478K, capacity 22840K, committed 23088K, reserved 1069056K
  class space    used 2467K, capacity 2581K, committed 2688K, reserved 1048576K
}
Event: 7.136 GC heap before
{Heap before GC invocations=10 (full 1):
 PSYoungGen      total 242688K, used 242534K [0x00000000d5580000, 0x00000000e6700000, 0x0000000100000000)
  eden space 235520K, 100% used [0x00000000d5580000,0x00000000e3b80000,0x00000000e3b80000)
  from space 7168K, 97% used [0x00000000e6000000,0x00000000e66d9980,0x00000000e6700000)
  to   space 9728K, 0% used [0x00000000e5400000,0x00000000e5400000,0x00000000e5d80000)
 ParOldGen       total 51712K, used 8489K [0x0000000080000000, 0x0000000083280000, 0x00000000d5580000)
  object space 51712K, 16% used [0x0000000080000000,0x000000008084a7f8,0x0000000083280000)
 Metaspace       used 25101K, capacity 25498K, committed 25856K, reserved 1073152K
  class space    used 2856K, capacity 2998K, committed 3072K, reserved 1048576K
Event: 7.158 GC heap after
Heap after GC invocations=10 (full 1):
 PSYoungGen      total 270336K, used 9722K [0x00000000d5580000, 0x00000000eb980000, 0x0000000100000000)
  eden space 260608K, 0% used [0x00000000d5580000,0x00000000d5580000,0x00000000e5400000)
  from space 9728K, 99% used [0x00000000e5400000,0x00000000e5d7e860,0x00000000e5d80000)
  to   space 11264K, 0% used [0x00000000eae80000,0x00000000eae80000,0x00000000eb980000)
 ParOldGen       total 51712K, used 8888K [0x0000000080000000, 0x0000000083280000, 0x00000000d5580000)
  object space 51712K, 17% used [0x0000000080000000,0x00000000808ae0d0,0x0000000083280000)
 Metaspace       used 25101K, capacity 25498K, committed 25856K, reserved 1073152K
  class space    used 2856K, capacity 2998K, committed 3072K, reserved 1048576K
}

Deoptimization events (10 events):
Event: 8.515 Thread 0x0000000002a64800 Uncommon trap: reason=bimorphic action=maybe_recompile pc=0x000000000354b7f0 method=java.util.regex.Matcher.search(I)Z @ 86
Event: 8.515 Thread 0x0000000002a64800 Uncommon trap: reason=bimorphic action=maybe_recompile pc=0x000000000354b7f0 method=java.util.regex.Matcher.search(I)Z @ 86
Event: 8.515 Thread 0x0000000002a64800 Uncommon trap: reason=bimorphic action=maybe_recompile pc=0x000000000354b7f0 method=java.util.regex.Matcher.search(I)Z @ 86
Event: 8.515 Thread 0x0000000002a64800 Uncommon trap: reason=unstable_if action=reinterpret pc=0x0000000003518d10 method=java.util.regex.Pattern$CharProperty.match(Ljava/util/regex/Matcher;ILjava/lang/CharSequence;)Z @ 21
Event: 8.734 Thread 0x0000000002a64800 Uncommon trap: reason=class_check action=maybe_recompile pc=0x0000000003591e5c method=java.util.HashSet.contains(Ljava/lang/Object;)Z @ 5
Event: 8.734 Thread 0x0000000002a64800 Uncommon trap: reason=class_check action=maybe_recompile pc=0x0000000003591e5c method=java.util.HashSet.contains(Ljava/lang/Object;)Z @ 5
Event: 10.073 Thread 0x0000000002a64800 Uncommon trap: reason=bimorphic action=maybe_recompile pc=0x0000000003084edc method=java.util.HashMap.putVal(ILjava/lang/Object;Ljava/lang/Object;ZZ)Ljava/lang/Object; @ 203
Event: 10.078 Thread 0x0000000002a64800 Uncommon trap: reason=bimorphic action=maybe_recompile pc=0x0000000003084edc method=java.util.HashMap.putVal(ILjava/lang/Object;Ljava/lang/Object;ZZ)Ljava/lang/Object; @ 203
Event: 10.078 Thread 0x0000000002a64800 Uncommon trap: reason=bimorphic action=maybe_recompile pc=0x0000000003084edc method=java.util.HashMap.putVal(ILjava/lang/Object;Ljava/lang/Object;ZZ)Ljava/lang/Object; @ 203
Event: 21.785 Thread 0x0000000002a64800 Uncommon trap: reason=unstable_if action=reinterpret pc=0x0000000002ebeb14 method=java.lang.String.isEmpty()Z @ 5

Classes redefined (0 events):
No events

Internal exceptions (10 events):
Event: 26.070 Thread 0x0000000002a64800 Exception <a 'java/security/PrivilegedActionException'> (0x00000000e1551ce0) thrown at [C:\jenkins\workspace\zulu8-silver-build-win64\zulu-src\hotspot\src\share\vm\prims\jvm.cpp, line 1529]
Event: 26.070 Thread 0x0000000002a64800 Exception <a 'java/security/PrivilegedActionException'> (0x00000000e15522c0) thrown at [C:\jenkins\workspace\zulu8-silver-build-win64\zulu-src\hotspot\src\share\vm\prims\jvm.cpp, line 1529]
Event: 26.081 Thread 0x0000000002a64800 Exception <a 'java/security/PrivilegedActionException'> (0x00000000e1767440) thrown at [C:\jenkins\workspace\zulu8-silver-build-win64\zulu-src\hotspot\src\share\vm\prims\jvm.cpp, line 1529]
Event: 26.081 Thread 0x0000000002a64800 Exception <a 'java/security/PrivilegedActionException'> (0x00000000e1767a20) thrown at [C:\jenkins\workspace\zulu8-silver-build-win64\zulu-src\hotspot\src\share\vm\prims\jvm.cpp, line 1529]
Event: 26.081 Thread 0x0000000002a64800 Exception <a 'java/security/PrivilegedActionException'> (0x00000000e177a920) thrown at [C:\jenkins\workspace\zulu8-silver-build-win64\zulu-src\hotspot\src\share\vm\prims\jvm.cpp, line 1529]
Event: 26.081 Thread 0x0000000002a64800 Exception <a 'java/security/PrivilegedActionException'> (0x00000000e177af00) thrown at [C:\jenkins\workspace\zulu8-silver-build-win64\zulu-src\hotspot\src\share\vm\prims\jvm.cpp, line 1529]
Event: 26.091 Thread 0x0000000002a64800 Exception <a 'java/security/PrivilegedActionException'> (0x00000000e1999840) thrown at [C:\jenkins\workspace\zulu8-silver-build-win64\zulu-src\hotspot\src\share\vm\prims\jvm.cpp, line 1529]
Event: 26.092 Thread 0x0000000002a64800 Exception <a 'java/security/PrivilegedActionException'> (0x00000000e1999e20) thrown at [C:\jenkins\workspace\zulu8-silver-build-win64\zulu-src\hotspot\src\share\vm\prims\jvm.cpp, line 1529]
Event: 26.092 Thread 0x0000000002a64800 Exception <a 'java/security/PrivilegedActionException'> (0x00000000e19ad5f0) thrown at [C:\jenkins\workspace\zulu8-silver-build-win64\zulu-src\hotspot\src\share\vm\prims\jvm.cpp, line 1529]
Event: 26.092 Thread 0x0000000002a64800 Exception <a 'java/security/PrivilegedActionException'> (0x00000000e19adbd0) thrown at [C:\jenkins\workspace\zulu8-silver-build-win64\zulu-src\hotspot\src\share\vm\prims\jvm.cpp, line 1529]

Events (10 events):
Event: 26.095 loading class com/kms/katalon/core/testobject$ObjectRepository
Event: 26.095 loading class com/kms/katalon/core/testobject$ObjectRepository done
Event: 26.097 loading class groovy/lang/GroovyObject$internal
Event: 26.097 loading class groovy/lang/GroovyObject$internal done
Event: 26.100 loading class groovy/runtime/metaclass/Script1MetaClass
Event: 26.100 loading class groovy/runtime/metaclass/Script1MetaClass done
Event: 26.164 loading class Script1BeanInfo
Event: 26.164 loading class Script1BeanInfo done
Event: 26.166 loading class Script1BeanInfo
Event: 26.166 loading class Script1BeanInfo done


Dynamic libraries:
0x00007ff7896a0000 - 0x00007ff7896d5000 	C:\Users\menen.desta\Documents\Katalon\Katalon_Studio_Windows_64-8.1.0\jre\bin\javaw.exe
0x00007ffd3b5b0000 - 0x00007ffd3b7a5000 	C:\Windows\SYSTEM32\ntdll.dll
0x00007ffd39710000 - 0x00007ffd397ce000 	C:\Windows\System32\KERNEL32.DLL
0x00007ffd38dd0000 - 0x00007ffd39099000 	C:\Windows\System32\KERNELBASE.dll
0x00007ffd39600000 - 0x00007ffd396ac000 	C:\Windows\System32\ADVAPI32.dll
0x00007ffd39b30000 - 0x00007ffd39bce000 	C:\Windows\System32\msvcrt.dll
0x00007ffd399e0000 - 0x00007ffd39a7b000 	C:\Windows\System32\sechost.dll
0x00007ffd3a060000 - 0x00007ffd3a18a000 	C:\Windows\System32\RPCRT4.dll
0x00007ffd3b300000 - 0x00007ffd3b4a1000 	C:\Windows\System32\USER32.dll
0x00007ffd394a0000 - 0x00007ffd394c2000 	C:\Windows\System32\win32u.dll
0x00007ffd3b2c0000 - 0x00007ffd3b2eb000 	C:\Windows\System32\GDI32.dll
0x00007ffd39140000 - 0x00007ffd3924b000 	C:\Windows\System32\gdi32full.dll
0x00007ffd390a0000 - 0x00007ffd3913d000 	C:\Windows\System32\msvcp_win.dll
0x00007ffd39500000 - 0x00007ffd39600000 	C:\Windows\System32\ucrtbase.dll
0x00007ffd18060000 - 0x00007ffd182fa000 	C:\Windows\WinSxS\amd64_microsoft.windows.common-controls_6595b64144ccf1df_6.0.19041.1110_none_60b5254171f9507e\COMCTL32.dll
0x00007ffd3a190000 - 0x00007ffd3a1c0000 	C:\Windows\System32\IMM32.DLL
0x0000000064e90000 - 0x0000000064f62000 	C:\Users\menen.desta\Documents\Katalon\Katalon_Studio_Windows_64-8.1.0\jre\bin\msvcr100.dll
0x0000000065050000 - 0x0000000065915000 	C:\Users\menen.desta\Documents\Katalon\Katalon_Studio_Windows_64-8.1.0\jre\bin\server\jvm.dll
0x00007ffd3b2f0000 - 0x00007ffd3b2f8000 	C:\Windows\System32\PSAPI.DLL
0x00007ffd23100000 - 0x00007ffd23109000 	C:\Windows\SYSTEM32\WSOCK32.dll
0x00007ffd3ae20000 - 0x00007ffd3ae8b000 	C:\Windows\System32\WS2_32.dll
0x00007ffd16cc0000 - 0x00007ffd16ce7000 	C:\Windows\SYSTEM32\WINMM.dll
0x00007ffd30b70000 - 0x00007ffd30b7a000 	C:\Windows\SYSTEM32\VERSION.dll
0x00007ffd1a8f0000 - 0x00007ffd1a8ff000 	C:\Users\menen.desta\Documents\Katalon\Katalon_Studio_Windows_64-8.1.0\jre\bin\verify.dll
0x00007ffd1a8c0000 - 0x00007ffd1a8e9000 	C:\Users\menen.desta\Documents\Katalon\Katalon_Studio_Windows_64-8.1.0\jre\bin\java.dll
0x00007ffd1a8a0000 - 0x00007ffd1a8b6000 	C:\Users\menen.desta\Documents\Katalon\Katalon_Studio_Windows_64-8.1.0\jre\bin\zip.dll
0x00007ffd3a5a0000 - 0x00007ffd3acdf000 	C:\Windows\System32\SHELL32.dll
0x00007ffd36ce0000 - 0x00007ffd37470000 	C:\Windows\SYSTEM32\windows.storage.dll
0x00007ffd3a240000 - 0x00007ffd3a595000 	C:\Windows\System32\combase.dll
0x00007ffd38650000 - 0x00007ffd3867c000 	C:\Windows\SYSTEM32\Wldp.dll
0x00007ffd3b0d0000 - 0x00007ffd3b17d000 	C:\Windows\System32\SHCORE.dll
0x00007ffd3b260000 - 0x00007ffd3b2b5000 	C:\Windows\System32\shlwapi.dll
0x00007ffd38c10000 - 0x00007ffd38c2f000 	C:\Windows\SYSTEM32\profapi.dll
0x00007ffd1a880000 - 0x00007ffd1a89b000 	C:\Users\menen.desta\Documents\Katalon\Katalon_Studio_Windows_64-8.1.0\jre\bin\net.dll
0x00007ffd383b0000 - 0x00007ffd3841a000 	C:\Windows\system32\mswsock.dll
0x00007ffd1a860000 - 0x00007ffd1a871000 	C:\Users\menen.desta\Documents\Katalon\Katalon_Studio_Windows_64-8.1.0\jre\bin\nio.dll
0x00007ffd380e0000 - 0x00007ffd381ac000 	C:\Windows\SYSTEM32\DNSAPI.dll
0x00007ffd380a0000 - 0x00007ffd380db000 	C:\Windows\SYSTEM32\IPHLPAPI.DLL
0x00007ffd3ace0000 - 0x00007ffd3ace8000 	C:\Windows\System32\NSI.dll
0x00007ffd301a0000 - 0x00007ffd301aa000 	C:\Windows\System32\rasadhlp.dll
0x00007ffd30440000 - 0x00007ffd304bf000 	C:\Windows\System32\fwpuclnt.dll
0x00007ffd394d0000 - 0x00007ffd394f7000 	C:\Windows\System32\bcrypt.dll
0x00007ffd0f200000 - 0x00007ffd0f224000 	C:\Users\menen.desta\Documents\Katalon\Katalon_Studio_Windows_64-8.1.0\jre\bin\sunec.dll
0x00007ffd1a7e0000 - 0x00007ffd1a7ec000 	C:\Users\menen.desta\Documents\Katalon\Katalon_Studio_Windows_64-8.1.0\jre\bin\sunmscapi.dll
0x00007ffd392b0000 - 0x00007ffd39406000 	C:\Windows\System32\CRYPT32.dll
0x00007ffd386c0000 - 0x00007ffd386e7000 	C:\Windows\SYSTEM32\ncrypt.dll
0x00007ffd38680000 - 0x00007ffd386bb000 	C:\Windows\SYSTEM32\NTASN1.dll
0x00007ffd385a0000 - 0x00007ffd385b8000 	C:\Windows\SYSTEM32\CRYPTSP.dll
0x00007ffd37c20000 - 0x00007ffd37c54000 	C:\Windows\system32\rsaenh.dll
0x00007ffd38b90000 - 0x00007ffd38bbe000 	C:\Windows\SYSTEM32\USERENV.dll
0x00007ffd39410000 - 0x00007ffd39493000 	C:\Windows\System32\bcryptprimitives.dll
0x00007ffd385c0000 - 0x00007ffd385cc000 	C:\Windows\SYSTEM32\CRYPTBASE.dll
0x00007ffd310b0000 - 0x00007ffd310c7000 	C:\Windows\SYSTEM32\dhcpcsvc6.DLL
0x00007ffd31070000 - 0x00007ffd3108d000 	C:\Windows\SYSTEM32\dhcpcsvc.DLL

VM Arguments:
jvm_args: -Dgroovy.home=C:\Users\menen.desta/.groovy -Djava.system.class.loader=groovy.lang.GroovyClassLoader -Xmx2048m -Dfile.encoding=UTF-8 
java_command: org.codehaus.groovy.tools.GroovyStarter --classpath C:\Users\menen.desta\git\modpims-testing\Transfer Workflow\Transfer Workflow\bin\keyword;C:\Users\menen.desta\git\modpims-testing\Transfer Workflow\Transfer Workflow\Keywords;C:\Users\menen.desta\git\modpims-testing\Transfer Workflow\Transfer Workflow\bin\listener;C:\Users\menen.desta\git\modpims-testing\Transfer Workflow\Transfer Workflow\Test Listeners;C:\Users\menen.desta\git\modpims-testing\Transfer Workflow\Transfer Workflow\bin\lib;C:\Users\menen.desta\git\modpims-testing\Transfer Workflow\Transfer Workflow\Libs;C:\Users\menen.desta\git\modpims-testing\Transfer Workflow\Transfer Workflow\bin\groovy;C:\Users\menen.desta\git\modpims-testing\Transfer Workflow\Transfer Workflow\Include\scripts\groovy;C:\Users\menen.desta\Documents\Katalon\Katalon_Studio_Windows_64-8.1.0\plugins\com.kms.katalon.core_1.0.0.202108170301.jar;C:\Users\menen.desta\Documents\Katalon\Katalon_Studio_Windows_64-8.1.0\configuration\resources\lib\aalto-xml-1.0.0.jar;C:\Users\menen.desta\Documents\Katalon\Katalon_Studio_Windows_64-8.1.0\configuration\resources\lib\aspectjweaver-1.9.1.jar;C:\Users\menen.desta\Documents\Katalon\Katalon_Studio_Windows_64-8.1.0\configuration\resources\lib\bcpkix-jdk15on-1.64.jar;C:\Users\menen.desta\Documents\Katalon\Katalon_Studio_Windows_64-8.1.0\configuration\resources\lib\bcprov-jdk15on-1.64.jar;C:\Users\menen.desta\Documents\Katalon\Katalon_Studio_Windows_64-8.1.0\configuration\resources\lib\browsermob-core-2.1.5.jar;C:\Users\menen.desta\Documents\Katalon\Katalon_Studio_Windows_64-8.1.0\configuration\resources\lib\cglib-3.2.10.jar;C:\Users\menen.desta\Documents\Katalon\Katalon_Studio_Windows_64-8.1.0\configuration\resources\lib\commons-codec-1.10.jar;C:\Users\menen.desta\Documents\Katalon\Katalon_Studio_Windows_64-8.1.0\configuration\resources\lib\commons-collections4-4.1.jar;C:\Users\menen.desta\Documents\Katalon\Katalon_Studio_Windows_64-8.1.0\configuration\resources\lib\commons-validator-1
java_class_path (initial): C:\Users\menen.desta\git\modpims-testing\Transfer Workflow\Transfer Workflow\bin\keyword;C:\Users\menen.desta\git\modpims-testing\Transfer Workflow\Transfer Workflow\bin\listener;C:\Users\menen.desta\git\modpims-testing\Transfer Workflow\Transfer Workflow\bin\lib;C:\Users\menen.desta\git\modpims-testing\Transfer Workflow\Transfer Workflow\bin\groovy;C:\Users\menen.desta\git\modpims-testing\Transfer Workflow\Transfer Workflow\bin;C:\Users\menen.desta\Documents\Katalon\Katalon_Studio_Windows_64-8.1.0\plugins\com.kms.katalon.core_1.0.0.202108170301.jar;C:\Users\menen.desta\Documents\Katalon\Katalon_Studio_Windows_64-8.1.0\configuration\resources\lib\aalto-xml-1.0.0.jar;C:\Users\menen.desta\Documents\Katalon\Katalon_Studio_Windows_64-8.1.0\configuration\resources\lib\aspectjweaver-1.9.1.jar;C:\Users\menen.desta\Documents\Katalon\Katalon_Studio_Windows_64-8.1.0\configuration\resources\lib\bcpkix-jdk15on-1.64.jar;C:\Users\menen.desta\Documents\Katalon\Katalon_Studio_Windows_64-8.1.0\configuration\resources\lib\bcprov-jdk15on-1.64.jar;C:\Users\menen.desta\Documents\Katalon\Katalon_Studio_Windows_64-8.1.0\configuration\resources\lib\browsermob-core-2.1.5.jar;C:\Users\menen.desta\Documents\Katalon\Katalon_Studio_Windows_64-8.1.0\configuration\resources\lib\cglib-3.2.10.jar;C:\Users\menen.desta\Documents\Katalon\Katalon_Studio_Windows_64-8.1.0\configuration\resources\lib\commons-codec-1.10.jar;C:\Users\menen.desta\Documents\Katalon\Katalon_Studio_Windows_64-8.1.0\configuration\resources\lib\commons-collections4-4.1.jar;C:\Users\menen.desta\Documents\Katalon\Katalon_Studio_Windows_64-8.1.0\configuration\resources\lib\commons-validator-1.6.jar;C:\Users\menen.desta\Documents\Katalon\Katalon_Studio_Windows_64-8.1.0\configuration\resources\lib\curvesapi-1.04.jar;C:\Users\menen.desta\Documents\Katalon\Katalon_Studio_Windows_64-8.1.0\configuration\resources\lib\dnsjava-2.1.8.jar;C:\Users\menen.desta\Documents\Katalon\Katalon_Studio_Windows_64-8.1.0\confi
Launcher Type: SUN_STANDARD

Environment Variables:
PATH=C:/Users/menen.desta/Documents/Katalon/Katalon_Studio_Windows_64-8.1.0/jre/bin/server;C:/Users/menen.desta/Documents/Katalon/Katalon_Studio_Windows_64-8.1.0/jre/bin;C:/Users/menen.desta/Documents/Katalon/Katalon_Studio_Windows_64-8.1.0/jre/lib/amd64;C:\Windows\system32;C:\Windows;C:\Windows\System32\Wbem;C:\Windows\System32\WindowsPowerShell\v1.0\;C:\Windows\System32\OpenSSH\;C:\Program Files (x86)\Microsoft SQL Server\150\DTS\Binn\;C:\Program Files\Azure Data Studio\bin;C:\Program Files\Git\cmd;C:\Users\menen.desta\AppData\Local\Microsoft\WindowsApps;;C:\Users\menen.desta\Documents\Katalon\Katalon_Studio_Windows_64-8.1.0;
USERNAME=menen.desta
OS=Windows_NT
PROCESSOR_IDENTIFIER=Intel64 Family 6 Model 85 Stepping 4, GenuineIntel



---------------  S Y S T E M  ---------------

OS: Windows 10.0 , 64 bit Build 19041 (10.0.19041.1202)
HyperV virtualization detected

CPU:total 2 (initial active 2) (2 cores per cpu, 1 threads per core) family 6 model 85 stepping 4, cmov, cx8, fxsr, mmx, sse, sse2, sse3, ssse3, sse4.1, sse4.2, popcnt, avx, avx2, aes, clmul, erms, rtm, 3dnowpref, lzcnt, tsc, bmi1, bmi2, adx

Memory: 4k page, physical 8388148k(2091448k free), swap 10485040k(3148k free)

vm_info: OpenJDK 64-Bit Server VM (25.282-b08) for windows-amd64 JRE (Zulu 8.52.0.23-CA-win64) (1.8.0_282-b08), built on Jan 12 2021 07:45:49 by "tester" with MS VC++ 10.0 (VS2010)

time: Mon Oct 25 19:02:53 2021
timezone: Coordinated Universal Time
elapsed time: 26.186199 seconds (0d 0h 0m 26s)

