#
# There is insufficient memory for the Java Runtime Environment to continue.
# Native memory allocation (malloc) failed to allocate 32744 bytes for ChunkPool::allocate
# Possible reasons:
#   The system is out of physical RAM or swap space
#   The process is running with CompressedOops enabled, and the Java Heap may be blocking the growth of the native heap
# Possible solutions:
#   Reduce memory load on the system
#   Increase physical memory or swap space
#   Check if swap backing store is full
#   Decrease Java heap size (-Xmx/-Xms)
#   Decrease number of Java threads
#   Decrease Java thread stack sizes (-Xss)
#   Set larger code cache with -XX:ReservedCodeCacheSize=
#   JVM is running with Unscaled Compressed Oops mode in which the Java heap is
#     placed in the first 4GB address space. The Java Heap base address is the
#     maximum limit for the native heap growth. Please use -XX:HeapBaseMinAddress
#     to set the Java Heap base and to place the Java Heap above 4GB virtual address.
# This output file may be truncated or incomplete.
#
#  Out of Memory Error (allocation.cpp:272), pid=29688, tid=0x0000000000000b68
#
# JRE version: OpenJDK Runtime Environment (Zulu 8.52.0.23-CA-win64) (8.0_282-b08) (build 1.8.0_282-b08)
# Java VM: OpenJDK 64-Bit Server VM (25.282-b08 mixed mode windows-amd64 compressed oops)
# Failed to write core dump. Minidumps are not enabled by default on client versions of Windows
#

---------------  T H R E A D  ---------------

Current thread (0x000000001846f000):  JavaThread "C1 CompilerThread1" daemon [_thread_in_vm, id=2920, stack(0x0000000019040000,0x0000000019140000)]

Stack: [0x0000000019040000,0x0000000019140000]
[error occurred during error reporting (printing stack bounds), id 0xc0000005]

Native frames: (J=compiled Java code, j=interpreted, Vv=VM code, C=native code)


Current CompileTask:
C1:  26533 3813       3       java.lang.Class::getDeclaredConstructors (18 bytes)


---------------  P R O C E S S  ---------------

Java Threads: ( => current thread )
  0x0000000019b96000 JavaThread "Okio Watchdog" daemon [_thread_blocked, id=24820, stack(0x000000001d460000,0x000000001d560000)]
  0x0000000019b9a800 JavaThread "OkHttp ConnectionPool" daemon [_thread_blocked, id=28012, stack(0x000000001d360000,0x000000001d460000)]
  0x0000000018b9e800 JavaThread "Exec Stream Pumper" daemon [_thread_in_native, id=29388, stack(0x000000001cb60000,0x000000001cc60000)]
  0x0000000018ba1800 JavaThread "Exec Stream Pumper" daemon [_thread_in_native, id=28756, stack(0x000000001ca60000,0x000000001cb60000)]
  0x0000000018b9f800 JavaThread "UrlChecker-2" daemon [_thread_blocked, id=29136, stack(0x000000001c860000,0x000000001c960000)]
  0x0000000018ba1000 JavaThread "Exec Default Executor" daemon [_thread_in_native, id=16268, stack(0x000000001c760000,0x000000001c860000)]
  0x00000000184a0000 JavaThread "Service Thread" daemon [_thread_blocked, id=28164, stack(0x0000000019140000,0x0000000019240000)]
=>0x000000001846f000 JavaThread "C1 CompilerThread1" daemon [_thread_in_vm, id=2920, stack(0x0000000019040000,0x0000000019140000)]
  0x000000001846e000 JavaThread "C2 CompilerThread0" daemon [_thread_in_native, id=21712, stack(0x0000000018f40000,0x0000000019040000)]
  0x0000000018467000 JavaThread "Attach Listener" daemon [_thread_blocked, id=29476, stack(0x0000000018e40000,0x0000000018f40000)]
  0x00000000184bb800 JavaThread "Signal Dispatcher" daemon [_thread_blocked, id=23680, stack(0x0000000018d40000,0x0000000018e40000)]
  0x0000000017307000 JavaThread "Finalizer" daemon [_thread_blocked, id=28816, stack(0x0000000017f40000,0x0000000018040000)]
  0x00000000172ff800 JavaThread "Reference Handler" daemon [_thread_blocked, id=24920, stack(0x0000000017e40000,0x0000000017f40000)]
  0x0000000002848800 JavaThread "main" [_thread_in_native, id=28908, stack(0x00000000026f0000,0x00000000027f0000)]

Other Threads:
  0x00000000172d6800 VMThread [stack: 0x0000000017d40000,0x0000000017e40000] [id=19828]
  0x00000000184a0800 WatcherThread [stack: 0x0000000019240000,0x0000000019340000] [id=29276]

VM state:not at safepoint (normal execution)

VM Mutex/Monitor currently owned by a thread: None

heap address: 0x0000000080000000, size: 2048 MB, Compressed Oops mode: 32-bit
Narrow klass base: 0x0000000000000000, Narrow klass shift: 3
Compressed class space size: 1073741824 Address: 0x0000000100000000

Heap:
 PSYoungGen      total 331264K, used 85910K [0x00000000d5580000, 0x00000000ecc00000, 0x0000000100000000)
  eden space 321024K, 23% used [0x00000000d5580000,0x00000000d9f69660,0x00000000e8f00000)
  from space 10240K, 99% used [0x00000000e9d00000,0x00000000ea6fc3b0,0x00000000ea700000)
  to   space 14336K, 0% used [0x00000000e8f00000,0x00000000e8f00000,0x00000000e9d00000)
 ParOldGen       total 52736K, used 16103K [0x0000000080000000, 0x0000000083380000, 0x00000000d5580000)
  object space 52736K, 30% used [0x0000000080000000,0x0000000080fb9e50,0x0000000083380000)
 Metaspace       used 31799K, capacity 32852K, committed 33024K, reserved 1079296K
  class space    used 3764K, capacity 4077K, committed 4096K, reserved 1048576K

Card table byte_map: [0x0000000011cf0000,0x0000000012100000] byte_map_base: 0x00000000118f0000

Marking Bits: (ParMarkBitMap*) 0x0000000061df1f00
 Begin Bits: [0x00000000125b0000, 0x00000000145b0000)
 End Bits:   [0x00000000145b0000, 0x00000000165b0000)

Polling page: 0x0000000002540000

CodeCache: size=245760Kb used=12446Kb max_used=13131Kb free=233313Kb
 bounds [0x0000000002930000, 0x0000000003630000, 0x0000000011930000]
 total_blobs=4120 nmethods=3418 adapters=612
 compilation: enabled

Compilation events (10 events):
Event: 26.509 Thread 0x000000001846f000 3808       3       org.codehaus.groovy.ast.expr.Expression::transformExpressions (64 bytes)
Event: 26.510 Thread 0x000000001846f000 nmethod 3808 0x0000000002c5d690 code [0x0000000002c5d8c0, 0x0000000002c5e528]
Event: 26.510 Thread 0x000000001846f000 3807       3       org.codehaus.groovy.ast.expr.ArgumentListExpression::transformExpression (29 bytes)
Event: 26.510 Thread 0x000000001846f000 nmethod 3807 0x0000000002d2cb50 code [0x0000000002d2cd20, 0x0000000002d2d6c8]
Event: 26.510 Thread 0x000000001846f000 3809       3       org.codehaus.groovy.classgen.asm.OptimizingStatementWriter$OptimizeFlagsCollector::access$1000 (5 bytes)
Event: 26.510 Thread 0x000000001846f000 nmethod 3809 0x0000000002c5d250 code [0x0000000002c5d3c0, 0x0000000002c5d570]
Event: 26.524 Thread 0x000000001846e000 3810       4       groovy.lang.MetaClassImpl::filterPropertyMethod (305 bytes)
Event: 26.525 Thread 0x000000001846f000 3811       3       sun.misc.CompoundEnumeration::nextElement (30 bytes)
Event: 26.525 Thread 0x000000001846f000 nmethod 3811 0x0000000002a97850 code [0x0000000002a979e0, 0x0000000002a97d48]
Event: 26.529 Thread 0x000000001846f000 3813       3       java.lang.Class::getDeclaredConstructors (18 bytes)

GC Heap History (10 events):
Event: 3.830 GC heap before
{Heap before GC invocations=7 (full 0):
 PSYoungGen      total 139776K, used 13387K [0x00000000d5580000, 0x00000000dea80000, 0x0000000100000000)
  eden space 131584K, 3% used [0x00000000d5580000,0x00000000d5a97a88,0x00000000dd600000)
  from space 8192K, 99% used [0x00000000ddf80000,0x00000000de77b280,0x00000000de780000)
  to   space 9728K, 0% used [0x00000000dd600000,0x00000000dd600000,0x00000000ddf80000)
 ParOldGen       total 87552K, used 4033K [0x0000000080000000, 0x0000000085580000, 0x00000000d5580000)
  object space 87552K, 4% used [0x0000000080000000,0x00000000803f0458,0x0000000085580000)
 Metaspace       used 20819K, capacity 21072K, committed 21296K, reserved 1069056K
  class space    used 2314K, capacity 2424K, committed 2432K, reserved 1048576K
Event: 3.847 GC heap after
Heap after GC invocations=7 (full 0):
 PSYoungGen      total 141312K, used 4174K [0x00000000d5580000, 0x00000000e6980000, 0x0000000100000000)
  eden space 131584K, 0% used [0x00000000d5580000,0x00000000d5580000,0x00000000dd600000)
  from space 9728K, 42% used [0x00000000dd600000,0x00000000dda139b0,0x00000000ddf80000)
  to   space 9728K, 0% used [0x00000000e6000000,0x00000000e6000000,0x00000000e6980000)
 ParOldGen       total 87552K, used 7084K [0x0000000080000000, 0x0000000085580000, 0x00000000d5580000)
  object space 87552K, 8% used [0x0000000080000000,0x00000000806eb220,0x0000000085580000)
 Metaspace       used 20819K, capacity 21072K, committed 21296K, reserved 1069056K
  class space    used 2314K, capacity 2424K, committed 2432K, reserved 1048576K
}
Event: 3.847 GC heap before
{Heap before GC invocations=8 (full 1):
 PSYoungGen      total 141312K, used 4174K [0x00000000d5580000, 0x00000000e6980000, 0x0000000100000000)
  eden space 131584K, 0% used [0x00000000d5580000,0x00000000d5580000,0x00000000dd600000)
  from space 9728K, 42% used [0x00000000dd600000,0x00000000dda139b0,0x00000000ddf80000)
  to   space 9728K, 0% used [0x00000000e6000000,0x00000000e6000000,0x00000000e6980000)
 ParOldGen       total 87552K, used 7084K [0x0000000080000000, 0x0000000085580000, 0x00000000d5580000)
  object space 87552K, 8% used [0x0000000080000000,0x00000000806eb220,0x0000000085580000)
 Metaspace       used 20819K, capacity 21072K, committed 21296K, reserved 1069056K
  class space    used 2314K, capacity 2424K, committed 2432K, reserved 1048576K
Event: 3.897 GC heap after
Heap after GC invocations=8 (full 1):
 PSYoungGen      total 141312K, used 0K [0x00000000d5580000, 0x00000000e6980000, 0x0000000100000000)
  eden space 131584K, 0% used [0x00000000d5580000,0x00000000d5580000,0x00000000dd600000)
  from space 9728K, 0% used [0x00000000dd600000,0x00000000dd600000,0x00000000ddf80000)
  to   space 9728K, 0% used [0x00000000e6000000,0x00000000e6000000,0x00000000e6980000)
 ParOldGen       total 52736K, used 8647K [0x0000000080000000, 0x0000000083380000, 0x00000000d5580000)
  object space 52736K, 16% used [0x0000000080000000,0x0000000080871ed0,0x0000000083380000)
 Metaspace       used 20819K, capacity 21072K, committed 21296K, reserved 1069056K
  class space    used 2314K, capacity 2424K, committed 2432K, reserved 1048576K
}
Event: 4.948 GC heap before
{Heap before GC invocations=9 (full 1):
 PSYoungGen      total 141312K, used 131584K [0x00000000d5580000, 0x00000000e6980000, 0x0000000100000000)
  eden space 131584K, 100% used [0x00000000d5580000,0x00000000dd600000,0x00000000dd600000)
  from space 9728K, 0% used [0x00000000dd600000,0x00000000dd600000,0x00000000ddf80000)
  to   space 9728K, 0% used [0x00000000e6000000,0x00000000e6000000,0x00000000e6980000)
 ParOldGen       total 52736K, used 8647K [0x0000000080000000, 0x0000000083380000, 0x00000000d5580000)
  object space 52736K, 16% used [0x0000000080000000,0x0000000080871ed0,0x0000000083380000)
 Metaspace       used 22087K, capacity 22392K, committed 22704K, reserved 1069056K
  class space    used 2420K, capacity 2541K, committed 2560K, reserved 1048576K
Event: 4.955 GC heap after
Heap after GC invocations=9 (full 1):
 PSYoungGen      total 231936K, used 2702K [0x00000000d5580000, 0x00000000e6300000, 0x0000000100000000)
  eden space 228864K, 0% used [0x00000000d5580000,0x00000000d5580000,0x00000000e3500000)
  from space 3072K, 87% used [0x00000000e6000000,0x00000000e62a3840,0x00000000e6300000)
  to   space 9728K, 0% used [0x00000000e5000000,0x00000000e5000000,0x00000000e5980000)
 ParOldGen       total 52736K, used 8655K [0x0000000080000000, 0x0000000083380000, 0x00000000d5580000)
  object space 52736K, 16% used [0x0000000080000000,0x0000000080873ed0,0x0000000083380000)
 Metaspace       used 22087K, capacity 22392K, committed 22704K, reserved 1069056K
  class space    used 2420K, capacity 2541K, committed 2560K, reserved 1048576K
}
Event: 6.486 GC heap before
{Heap before GC invocations=10 (full 1):
 PSYoungGen      total 231936K, used 231566K [0x00000000d5580000, 0x00000000e6300000, 0x0000000100000000)
  eden space 228864K, 100% used [0x00000000d5580000,0x00000000e3500000,0x00000000e3500000)
  from space 3072K, 87% used [0x00000000e6000000,0x00000000e62a3840,0x00000000e6300000)
  to   space 9728K, 0% used [0x00000000e5000000,0x00000000e5000000,0x00000000e5980000)
 ParOldGen       total 52736K, used 8655K [0x0000000080000000, 0x0000000083380000, 0x00000000d5580000)
  object space 52736K, 16% used [0x0000000080000000,0x0000000080873ed0,0x0000000083380000)
 Metaspace       used 22866K, capacity 23142K, committed 23424K, reserved 1071104K
  class space    used 2510K, capacity 2619K, committed 2688K, reserved 1048576K
Event: 6.500 GC heap after
Heap after GC invocations=10 (full 1):
 PSYoungGen      total 266240K, used 7519K [0x00000000d5580000, 0x00000000ea700000, 0x0000000100000000)
  eden space 256512K, 0% used [0x00000000d5580000,0x00000000d5580000,0x00000000e5000000)
  from space 9728K, 77% used [0x00000000e5000000,0x00000000e5757da0,0x00000000e5980000)
  to   space 10240K, 0% used [0x00000000e9d00000,0x00000000e9d00000,0x00000000ea700000)
 ParOldGen       total 52736K, used 8663K [0x0000000080000000, 0x0000000083380000, 0x00000000d5580000)
  object space 52736K, 16% used [0x0000000080000000,0x0000000080875ed0,0x0000000083380000)
 Metaspace       used 22866K, capacity 23142K, committed 23424K, reserved 1071104K
  class space    used 2510K, capacity 2619K, committed 2688K, reserved 1048576K
}
Event: 19.412 GC heap before
{Heap before GC invocations=11 (full 1):
 PSYoungGen      total 266240K, used 264031K [0x00000000d5580000, 0x00000000ea700000, 0x0000000100000000)
  eden space 256512K, 100% used [0x00000000d5580000,0x00000000e5000000,0x00000000e5000000)
  from space 9728K, 77% used [0x00000000e5000000,0x00000000e5757da0,0x00000000e5980000)
  to   space 10240K, 0% used [0x00000000e9d00000,0x00000000e9d00000,0x00000000ea700000)
 ParOldGen       total 52736K, used 8663K [0x0000000080000000, 0x0000000083380000, 0x00000000d5580000)
  object space 52736K, 16% used [0x0000000080000000,0x0000000080875ed0,0x0000000083380000)
 Metaspace       used 31632K, capacity 32580K, committed 32768K, reserved 1077248K
  class space    used 3753K, capacity 4060K, committed 4096K, reserved 1048576K
Event: 19.442 GC heap after
Heap after GC invocations=11 (full 1):
 PSYoungGen      total 331264K, used 10224K [0x00000000d5580000, 0x00000000ecc00000, 0x0000000100000000)
  eden space 321024K, 0% used [0x00000000d5580000,0x00000000d5580000,0x00000000e8f00000)
  from space 10240K, 99% used [0x00000000e9d00000,0x00000000ea6fc3b0,0x00000000ea700000)
  to   space 14336K, 0% used [0x00000000e8f00000,0x00000000e8f00000,0x00000000e9d00000)
 ParOldGen       total 52736K, used 16103K [0x0000000080000000, 0x0000000083380000, 0x00000000d5580000)
  object space 52736K, 30% used [0x0000000080000000,0x0000000080fb9e50,0x0000000083380000)
 Metaspace       used 31632K, capacity 32580K, committed 32768K, reserved 1077248K
  class space    used 3753K, capacity 4060K, committed 4096K, reserved 1048576K
}

Deoptimization events (10 events):
Event: 7.778 Thread 0x0000000002848800 Uncommon trap: reason=unstable_if action=reinterpret pc=0x00000000031d1080 method=java.lang.CharacterData.of(I)Ljava/lang/CharacterData; @ 4
Event: 7.856 Thread 0x0000000002848800 Uncommon trap: reason=unstable_if action=reinterpret pc=0x0000000002a9a990 method=java.lang.String.replace(CC)Ljava/lang/String; @ 2
Event: 7.859 Thread 0x0000000002848800 Uncommon trap: reason=unstable_if action=reinterpret pc=0x0000000002c54a48 method=sun.net.util.IPAddressUtil.scan(Ljava/lang/String;JJ[C)I @ 14
Event: 8.917 Thread 0x0000000002848800 Uncommon trap: reason=class_check action=maybe_recompile pc=0x000000000341519c method=java.util.HashSet.contains(Ljava/lang/Object;)Z @ 5
Event: 8.917 Thread 0x0000000002848800 Uncommon trap: reason=class_check action=maybe_recompile pc=0x000000000341519c method=java.util.HashSet.contains(Ljava/lang/Object;)Z @ 5
Event: 8.939 Thread 0x0000000002848800 Uncommon trap: reason=unstable_if action=reinterpret pc=0x00000000034ccb8c method=sun.misc.Resource.cachedInputStream()Ljava/io/InputStream; @ 4
Event: 10.268 Thread 0x0000000002848800 Uncommon trap: reason=bimorphic action=maybe_recompile pc=0x0000000002e7c2f8 method=java.util.HashMap.putVal(ILjava/lang/Object;Ljava/lang/Object;ZZ)Ljava/lang/Object; @ 203
Event: 10.281 Thread 0x0000000002848800 Uncommon trap: reason=bimorphic action=maybe_recompile pc=0x0000000002e7c2f8 method=java.util.HashMap.putVal(ILjava/lang/Object;Ljava/lang/Object;ZZ)Ljava/lang/Object; @ 203
Event: 10.282 Thread 0x0000000002848800 Uncommon trap: reason=bimorphic action=maybe_recompile pc=0x0000000002e7c2f8 method=java.util.HashMap.putVal(ILjava/lang/Object;Ljava/lang/Object;ZZ)Ljava/lang/Object; @ 203
Event: 18.931 Thread 0x0000000002848800 Uncommon trap: reason=unstable_if action=reinterpret pc=0x00000000035011c4 method=java.util.regex.Pattern$Curly.match0(Ljava/util/regex/Matcher;IILjava/lang/CharSequence;)Z @ 5

Classes redefined (0 events):
No events

Internal exceptions (10 events):
Event: 26.484 Thread 0x0000000002848800 Exception <a 'java/security/PrivilegedActionException'> (0x00000000d98bc440) thrown at [C:\jenkins\workspace\zulu8-silver-build-win64\zulu-src\hotspot\src\share\vm\prims\jvm.cpp, line 1529]
Event: 26.484 Thread 0x0000000002848800 Exception <a 'java/security/PrivilegedActionException'> (0x00000000d98bca20) thrown at [C:\jenkins\workspace\zulu8-silver-build-win64\zulu-src\hotspot\src\share\vm\prims\jvm.cpp, line 1529]
Event: 26.484 Thread 0x0000000002848800 Exception <a 'java/security/PrivilegedActionException'> (0x00000000d98cfd70) thrown at [C:\jenkins\workspace\zulu8-silver-build-win64\zulu-src\hotspot\src\share\vm\prims\jvm.cpp, line 1529]
Event: 26.484 Thread 0x0000000002848800 Exception <a 'java/security/PrivilegedActionException'> (0x00000000d98d0350) thrown at [C:\jenkins\workspace\zulu8-silver-build-win64\zulu-src\hotspot\src\share\vm\prims\jvm.cpp, line 1529]
Event: 26.501 Thread 0x0000000002848800 Exception <a 'java/security/PrivilegedActionException'> (0x00000000d9af0828) thrown at [C:\jenkins\workspace\zulu8-silver-build-win64\zulu-src\hotspot\src\share\vm\prims\jvm.cpp, line 1529]
Event: 26.501 Thread 0x0000000002848800 Exception <a 'java/security/PrivilegedActionException'> (0x00000000d9af0e08) thrown at [C:\jenkins\workspace\zulu8-silver-build-win64\zulu-src\hotspot\src\share\vm\prims\jvm.cpp, line 1529]
Event: 26.501 Thread 0x0000000002848800 Exception <a 'java/security/PrivilegedActionException'> (0x00000000d9b04a18) thrown at [C:\jenkins\workspace\zulu8-silver-build-win64\zulu-src\hotspot\src\share\vm\prims\jvm.cpp, line 1529]
Event: 26.501 Thread 0x0000000002848800 Exception <a 'java/security/PrivilegedActionException'> (0x00000000d9b04ff8) thrown at [C:\jenkins\workspace\zulu8-silver-build-win64\zulu-src\hotspot\src\share\vm\prims\jvm.cpp, line 1529]
Event: 26.517 Thread 0x0000000002848800 Exception <a 'java/lang/ClassNotFoundException': Script1BeanInfo> (0x00000000d9cd76b8) thrown at [C:\jenkins\workspace\zulu8-silver-build-win64\zulu-src\hotspot\src\share\vm\classfile\systemDictionary.cpp, line 220]
Event: 26.524 Thread 0x0000000002848800 Exception <a 'java/lang/ClassNotFoundException': Script1Customizer> (0x00000000d9d6d570) thrown at [C:\jenkins\workspace\zulu8-silver-build-win64\zulu-src\hotspot\src\share\vm\classfile\systemDictionary.cpp, line 220]

Events (10 events):
Event: 26.517 loading class Script1BeanInfo
Event: 26.517 loading class Script1BeanInfo done
Event: 26.518 loading class Script1Customizer
Event: 26.518 loading class Script1Customizer done
Event: 26.522 loading class Script1Customizer
Event: 26.522 loading class Script1Customizer done
Event: 26.523 loading class Script1Customizer
Event: 26.523 loading class Script1Customizer done
Event: 26.528 loading class groovy/runtime/metaclass/com/kms/katalon/core/webui/keyword/builtin/GetTextKeywordMetaClass
Event: 26.528 loading class groovy/runtime/metaclass/com/kms/katalon/core/webui/keyword/builtin/GetTextKeywordMetaClass done


Dynamic libraries:
0x00007ff626e90000 - 0x00007ff626ec5000 	C:\Users\michele.jazo\Downloads\Katalon_Studio_Windows_64-8.1.0\Katalon_Studio_Windows_64-8.1.0\jre\bin\javaw.exe
0x00007ffea21d0000 - 0x00007ffea23c5000 	C:\Windows\SYSTEM32\ntdll.dll
0x00007ffea0d80000 - 0x00007ffea0e3e000 	C:\Windows\System32\KERNEL32.DLL
0x00007ffe9f9f0000 - 0x00007ffe9fcb9000 	C:\Windows\System32\KERNELBASE.dll
0x00007ffea09e0000 - 0x00007ffea0a8c000 	C:\Windows\System32\ADVAPI32.dll
0x00007ffea14f0000 - 0x00007ffea158e000 	C:\Windows\System32\msvcrt.dll
0x00007ffea0e40000 - 0x00007ffea0edb000 	C:\Windows\System32\sechost.dll
0x00007ffea1740000 - 0x00007ffea186a000 	C:\Windows\System32\RPCRT4.dll
0x00007ffea10f0000 - 0x00007ffea1291000 	C:\Windows\System32\USER32.dll
0x00007ffe9f8f0000 - 0x00007ffe9f912000 	C:\Windows\System32\win32u.dll
0x00007ffea0a90000 - 0x00007ffea0abb000 	C:\Windows\System32\GDI32.dll
0x00007ffea0110000 - 0x00007ffea021b000 	C:\Windows\System32\gdi32full.dll
0x00007ffe9f920000 - 0x00007ffe9f9bd000 	C:\Windows\System32\msvcp_win.dll
0x00007ffe9fcc0000 - 0x00007ffe9fdc0000 	C:\Windows\System32\ucrtbase.dll
0x00007ffe966d0000 - 0x00007ffe9696a000 	C:\Windows\WinSxS\amd64_microsoft.windows.common-controls_6595b64144ccf1df_6.0.19041.1110_none_60b5254171f9507e\COMCTL32.dll
0x00007ffea2160000 - 0x00007ffea2190000 	C:\Windows\System32\IMM32.DLL
0x00000000613f0000 - 0x00000000614c2000 	C:\Users\michele.jazo\Downloads\Katalon_Studio_Windows_64-8.1.0\Katalon_Studio_Windows_64-8.1.0\jre\bin\msvcr100.dll
0x00000000615b0000 - 0x0000000061e75000 	C:\Users\michele.jazo\Downloads\Katalon_Studio_Windows_64-8.1.0\Katalon_Studio_Windows_64-8.1.0\jre\bin\server\jvm.dll
0x00007ffea0ac0000 - 0x00007ffea0ac8000 	C:\Windows\System32\PSAPI.DLL
0x00007ffe81a80000 - 0x00007ffe81a89000 	C:\Windows\SYSTEM32\WSOCK32.dll
0x00007ffea1480000 - 0x00007ffea14eb000 	C:\Windows\System32\WS2_32.dll
0x00007ffe7e2f0000 - 0x00007ffe7e317000 	C:\Windows\SYSTEM32\WINMM.dll
0x00007ffe97770000 - 0x00007ffe9777a000 	C:\Windows\SYSTEM32\VERSION.dll
0x00007ffe81930000 - 0x00007ffe8193f000 	C:\Users\michele.jazo\Downloads\Katalon_Studio_Windows_64-8.1.0\Katalon_Studio_Windows_64-8.1.0\jre\bin\verify.dll
0x00007ffe81900000 - 0x00007ffe81929000 	C:\Users\michele.jazo\Downloads\Katalon_Studio_Windows_64-8.1.0\Katalon_Studio_Windows_64-8.1.0\jre\bin\java.dll
0x00007ffe818e0000 - 0x00007ffe818f6000 	C:\Users\michele.jazo\Downloads\Katalon_Studio_Windows_64-8.1.0\Katalon_Studio_Windows_64-8.1.0\jre\bin\zip.dll
0x00007ffea0220000 - 0x00007ffea095f000 	C:\Windows\System32\SHELL32.dll
0x00007ffe9d900000 - 0x00007ffe9e090000 	C:\Windows\SYSTEM32\windows.storage.dll
0x00007ffea1870000 - 0x00007ffea1bc5000 	C:\Windows\System32\combase.dll
0x00007ffe9f270000 - 0x00007ffe9f29c000 	C:\Windows\SYSTEM32\Wldp.dll
0x00007ffea0ad0000 - 0x00007ffea0b7d000 	C:\Windows\System32\SHCORE.dll
0x00007ffea1300000 - 0x00007ffea1355000 	C:\Windows\System32\shlwapi.dll
0x00007ffe9f830000 - 0x00007ffe9f84f000 	C:\Windows\SYSTEM32\profapi.dll
0x00007ffe81a90000 - 0x00007ffe81aab000 	C:\Users\michele.jazo\Downloads\Katalon_Studio_Windows_64-8.1.0\Katalon_Studio_Windows_64-8.1.0\jre\bin\net.dll
0x00007ffe9efd0000 - 0x00007ffe9f03a000 	C:\Windows\system32\mswsock.dll
0x00007ffe7a940000 - 0x00007ffe7a951000 	C:\Users\michele.jazo\Downloads\Katalon_Studio_Windows_64-8.1.0\Katalon_Studio_Windows_64-8.1.0\jre\bin\nio.dll
0x00007ffe9ed00000 - 0x00007ffe9edcc000 	C:\Windows\SYSTEM32\DNSAPI.dll
0x00007ffe9ecc0000 - 0x00007ffe9ecfb000 	C:\Windows\SYSTEM32\IPHLPAPI.DLL
0x00007ffea0ee0000 - 0x00007ffea0ee8000 	C:\Windows\System32\NSI.dll
0x00007ffe96ef0000 - 0x00007ffe96efa000 	C:\Windows\System32\rasadhlp.dll
0x00007ffe96f30000 - 0x00007ffe96faf000 	C:\Windows\System32\fwpuclnt.dll
0x00007ffe9f9c0000 - 0x00007ffe9f9e7000 	C:\Windows\System32\bcrypt.dll
0x00007ffe870c0000 - 0x00007ffe870e4000 	C:\Users\michele.jazo\Downloads\Katalon_Studio_Windows_64-8.1.0\Katalon_Studio_Windows_64-8.1.0\jre\bin\sunec.dll
0x00007ffe98710000 - 0x00007ffe9871c000 	C:\Users\michele.jazo\Downloads\Katalon_Studio_Windows_64-8.1.0\Katalon_Studio_Windows_64-8.1.0\jre\bin\sunmscapi.dll
0x00007ffe9fdc0000 - 0x00007ffe9ff16000 	C:\Windows\System32\CRYPT32.dll
0x00007ffe9f2e0000 - 0x00007ffe9f307000 	C:\Windows\SYSTEM32\ncrypt.dll
0x00007ffe9f2a0000 - 0x00007ffe9f2db000 	C:\Windows\SYSTEM32\NTASN1.dll
0x00007ffe9f1c0000 - 0x00007ffe9f1d8000 	C:\Windows\SYSTEM32\CRYPTSP.dll
0x00007ffe9e840000 - 0x00007ffe9e874000 	C:\Windows\system32\rsaenh.dll
0x00007ffe9f7f0000 - 0x00007ffe9f81e000 	C:\Windows\SYSTEM32\USERENV.dll
0x00007ffe9ff70000 - 0x00007ffe9fff3000 	C:\Windows\System32\bcryptprimitives.dll
0x00007ffe9f1e0000 - 0x00007ffe9f1ec000 	C:\Windows\SYSTEM32\CRYPTBASE.dll
0x00007ffe97d10000 - 0x00007ffe97d27000 	C:\Windows\SYSTEM32\dhcpcsvc6.DLL
0x00007ffe97cf0000 - 0x00007ffe97d0d000 	C:\Windows\SYSTEM32\dhcpcsvc.DLL

VM Arguments:
jvm_args: -Dgroovy.home=C:\Users\michele.jazo/.groovy -Djava.system.class.loader=groovy.lang.GroovyClassLoader -Xmx2048m -Dfile.encoding=UTF-8 
java_command: org.codehaus.groovy.tools.GroovyStarter --classpath C:\Users\michele.jazo\git\modpims-testing\Transfer Workflow\Transfer Workflow\bin\keyword;C:\Users\michele.jazo\git\modpims-testing\Transfer Workflow\Transfer Workflow\Keywords;C:\Users\michele.jazo\git\modpims-testing\Transfer Workflow\Transfer Workflow\bin\listener;C:\Users\michele.jazo\git\modpims-testing\Transfer Workflow\Transfer Workflow\Test Listeners;C:\Users\michele.jazo\git\modpims-testing\Transfer Workflow\Transfer Workflow\bin\lib;C:\Users\michele.jazo\git\modpims-testing\Transfer Workflow\Transfer Workflow\Libs;C:\Users\michele.jazo\git\modpims-testing\Transfer Workflow\Transfer Workflow\bin\groovy;C:\Users\michele.jazo\git\modpims-testing\Transfer Workflow\Transfer Workflow\Include\scripts\groovy;C:\Users\michele.jazo\Downloads\Katalon_Studio_Windows_64-8.1.0\Katalon_Studio_Windows_64-8.1.0\plugins\com.kms.katalon.core_1.0.0.202108170301.jar;C:\Users\michele.jazo\Downloads\Katalon_Studio_Windows_64-8.1.0\Katalon_Studio_Windows_64-8.1.0\configuration\resources\lib\aalto-xml-1.0.0.jar;C:\Users\michele.jazo\Downloads\Katalon_Studio_Windows_64-8.1.0\Katalon_Studio_Windows_64-8.1.0\configuration\resources\lib\aspectjweaver-1.9.1.jar;C:\Users\michele.jazo\Downloads\Katalon_Studio_Windows_64-8.1.0\Katalon_Studio_Windows_64-8.1.0\configuration\resources\lib\bcpkix-jdk15on-1.64.jar;C:\Users\michele.jazo\Downloads\Katalon_Studio_Windows_64-8.1.0\Katalon_Studio_Windows_64-8.1.0\configuration\resources\lib\bcprov-jdk15on-1.64.jar;C:\Users\michele.jazo\Downloads\Katalon_Studio_Windows_64-8.1.0\Katalon_Studio_Windows_64-8.1.0\configuration\resources\lib\browsermob-core-2.1.5.jar;C:\Users\michele.jazo\Downloads\Katalon_Studio_Windows_64-8.1.0\Katalon_Studio_Windows_64-8.1.0\configuration\resources\lib\cglib-3.2.10.jar;C:\Users\michele.jazo\Downloads\Katalon_Studio_Windows_64-8.1.0\Katalon_Studio_Windows_64-8.1.0\configuration\resources\lib\commons-codec-1.10.jar;C:\Users\michele.jazo\Downloads\Katalo
java_class_path (initial): C:\Users\michele.jazo\git\modpims-testing\Transfer Workflow\Transfer Workflow\bin\keyword;C:\Users\michele.jazo\git\modpims-testing\Transfer Workflow\Transfer Workflow\bin\listener;C:\Users\michele.jazo\git\modpims-testing\Transfer Workflow\Transfer Workflow\bin\lib;C:\Users\michele.jazo\git\modpims-testing\Transfer Workflow\Transfer Workflow\bin\groovy;C:\Users\michele.jazo\git\modpims-testing\Transfer Workflow\Transfer Workflow\bin;C:\Users\michele.jazo\Downloads\Katalon_Studio_Windows_64-8.1.0\Katalon_Studio_Windows_64-8.1.0\plugins\com.kms.katalon.core_1.0.0.202108170301.jar;C:\Users\michele.jazo\Downloads\Katalon_Studio_Windows_64-8.1.0\Katalon_Studio_Windows_64-8.1.0\configuration\resources\lib\aalto-xml-1.0.0.jar;C:\Users\michele.jazo\Downloads\Katalon_Studio_Windows_64-8.1.0\Katalon_Studio_Windows_64-8.1.0\configuration\resources\lib\aspectjweaver-1.9.1.jar;C:\Users\michele.jazo\Downloads\Katalon_Studio_Windows_64-8.1.0\Katalon_Studio_Windows_64-8.1.0\configuration\resources\lib\bcpkix-jdk15on-1.64.jar;C:\Users\michele.jazo\Downloads\Katalon_Studio_Windows_64-8.1.0\Katalon_Studio_Windows_64-8.1.0\configuration\resources\lib\bcprov-jdk15on-1.64.jar;C:\Users\michele.jazo\Downloads\Katalon_Studio_Windows_64-8.1.0\Katalon_Studio_Windows_64-8.1.0\configuration\resources\lib\browsermob-core-2.1.5.jar;C:\Users\michele.jazo\Downloads\Katalon_Studio_Windows_64-8.1.0\Katalon_Studio_Windows_64-8.1.0\configuration\resources\lib\cglib-3.2.10.jar;C:\Users\michele.jazo\Downloads\Katalon_Studio_Windows_64-8.1.0\Katalon_Studio_Windows_64-8.1.0\configuration\resources\lib\commons-codec-1.10.jar;C:\Users\michele.jazo\Downloads\Katalon_Studio_Windows_64-8.1.0\Katalon_Studio_Windows_64-8.1.0\configuration\resources\lib\commons-collections4-4.1.jar;C:\Users\michele.jazo\Downloads\Katalon_Studio_Windows_64-8.1.0\Katalon_Studio_Windows_64-8.1.0\configuration\resources\lib\commons-validator-1.6.jar;C:\Users\michele.jazo\Downloads\Katalon_Studio_Windows_6
Launcher Type: SUN_STANDARD

Environment Variables:
PATH=C:/Users/michele.jazo/Downloads/Katalon_Studio_Windows_64-8.1.0/Katalon_Studio_Windows_64-8.1.0/jre/bin/server;C:/Users/michele.jazo/Downloads/Katalon_Studio_Windows_64-8.1.0/Katalon_Studio_Windows_64-8.1.0/jre/bin;C:/Users/michele.jazo/Downloads/Katalon_Studio_Windows_64-8.1.0/Katalon_Studio_Windows_64-8.1.0/jre/lib/amd64;C:\Windows\system32;C:\Windows;C:\Windows\System32\Wbem;C:\Windows\System32\WindowsPowerShell\v1.0\;C:\Windows\System32\OpenSSH\;C:\Program Files (x86)\Microsoft SQL Server\150\DTS\Binn\;C:\Program Files\Azure Data Studio\bin;C:\Program Files\Git\cmd;C:\Users\michele.jazo\AppData\Local\Microsoft\WindowsApps;C:\Users\michele.jazo\OneDrive - ARRAY Information Technology\Desktop;C:\Users\michele.jazo\AppData\Local\GitHubDesktop\bin;;C:\Users\michele.jazo\Downloads\Katalon_Studio_Windows_64-8.1.0\Katalon_Studio_Windows_64-8.1.0;
USERNAME=michele.jazo
OS=Windows_NT
PROCESSOR_IDENTIFIER=Intel64 Family 6 Model 79 Stepping 1, GenuineIntel



---------------  S Y S T E M  ---------------

OS: Windows 10.0 , 64 bit Build 19041 (10.0.19041.1202)
HyperV virtualization detected

CPU:total 2 (initial active 2) (2 cores per cpu, 1 threads per core) family 6 model 79 stepping 1, cmov, cx8, fxsr, mmx, sse, sse2, sse3, ssse3, sse4.1, sse4.2, popcnt, avx, avx2, aes, clmul, erms, rtm, 3dnowpref, lzcnt, tsc, bmi1, bmi2, adx

Memory: 4k page, physical 8388148k(1283904k free), swap 10485040k(152k free)

vm_info: OpenJDK 64-Bit Server VM (25.282-b08) for windows-amd64 JRE (Zulu 8.52.0.23-CA-win64) (1.8.0_282-b08), built on Jan 12 2021 07:45:49 by "tester" with MS VC++ 10.0 (VS2010)

time: Fri Oct 22 13:40:23 2021
timezone: Pacific Daylight Time
elapsed time: 26.541869 seconds (0d 0h 0m 26s)

