#
# There is insufficient memory for the Java Runtime Environment to continue.
# Native memory allocation (malloc) failed to allocate 32744 bytes for ChunkPool::allocate
# Possible reasons:
#   The system is out of physical RAM or swap space
#   The process is running with CompressedOops enabled, and the Java Heap may be blocking the growth of the native heap
# Possible solutions:
#   Reduce memory load on the system
#   Increase physical memory or swap space
#   Check if swap backing store is full
#   Decrease Java heap size (-Xmx/-Xms)
#   Decrease number of Java threads
#   Decrease Java thread stack sizes (-Xss)
#   Set larger code cache with -XX:ReservedCodeCacheSize=
#   JVM is running with Unscaled Compressed Oops mode in which the Java heap is
#     placed in the first 4GB address space. The Java Heap base address is the
#     maximum limit for the native heap growth. Please use -XX:HeapBaseMinAddress
#     to set the Java Heap base and to place the Java Heap above 4GB virtual address.
# This output file may be truncated or incomplete.
#
#  Out of Memory Error (allocation.cpp:272), pid=19132, tid=0x0000000000004b10
#
# JRE version: OpenJDK Runtime Environment (Zulu 8.52.0.23-CA-win64) (8.0_282-b08) (build 1.8.0_282-b08)
# Java VM: OpenJDK 64-Bit Server VM (25.282-b08 mixed mode windows-amd64 compressed oops)
# Failed to write core dump. Minidumps are not enabled by default on client versions of Windows
#

---------------  T H R E A D  ---------------

Current thread (0x0000000018b9f800):  JavaThread "C1 CompilerThread1" daemon [_thread_in_native, id=19216, stack(0x0000000018f00000,0x0000000019000000)]

Stack: [0x0000000018f00000,0x0000000019000000]
[error occurred during error reporting (printing stack bounds), id 0xc0000005]

Native frames: (J=compiled Java code, j=interpreted, Vv=VM code, C=native code)


Current CompileTask:
C1:  10834 2245       3       sun.reflect.generics.parser.SignatureParser::parseBounds (111 bytes)


---------------  P R O C E S S  ---------------

Java Threads: ( => current thread )
  0x0000000018bb6800 JavaThread "Service Thread" daemon [_thread_blocked, id=19220, stack(0x0000000019000000,0x0000000019100000)]
=>0x0000000018b9f800 JavaThread "C1 CompilerThread1" daemon [_thread_in_native, id=19216, stack(0x0000000018f00000,0x0000000019000000)]
  0x0000000018aff800 JavaThread "C2 CompilerThread0" daemon [_thread_in_native, id=19212, stack(0x0000000018e00000,0x0000000018f00000)]
  0x0000000018afe000 JavaThread "Attach Listener" daemon [_thread_blocked, id=19208, stack(0x0000000018d00000,0x0000000018e00000)]
  0x0000000018afd800 JavaThread "Signal Dispatcher" daemon [_thread_blocked, id=19204, stack(0x0000000018c00000,0x0000000018d00000)]
  0x00000000179c9800 JavaThread "Finalizer" daemon [_thread_blocked, id=19188, stack(0x0000000018600000,0x0000000018700000)]
  0x00000000179c1800 JavaThread "Reference Handler" daemon [_thread_blocked, id=19180, stack(0x0000000018500000,0x0000000018600000)]
  0x0000000002f0a800 JavaThread "main" [_thread_in_vm, id=19164, stack(0x0000000002d90000,0x0000000002e90000)]

Other Threads:
  0x0000000017998800 VMThread [stack: 0x0000000018400000,0x0000000018500000] [id=19176]
  0x0000000018bc1000 WatcherThread [stack: 0x0000000019100000,0x0000000019200000] [id=19224]

VM state:not at safepoint (normal execution)

VM Mutex/Monitor currently owned by a thread: None

heap address: 0x0000000080000000, size: 2048 MB, Compressed Oops mode: 32-bit
Narrow klass base: 0x0000000000000000, Narrow klass shift: 3
Compressed class space size: 1073741824 Address: 0x0000000100000000

Heap:
 PSYoungGen      total 208896K, used 80206K [0x00000000d5580000, 0x00000000e6780000, 0x0000000100000000)
  eden space 205312K, 37% used [0x00000000d5580000,0x00000000da09e088,0x00000000e1e00000)
  from space 3584K, 91% used [0x00000000e6400000,0x00000000e6735790,0x00000000e6780000)
  to   space 11264K, 0% used [0x00000000e5180000,0x00000000e5180000,0x00000000e5c80000)
 ParOldGen       total 64512K, used 12689K [0x0000000080000000, 0x0000000083f00000, 0x00000000d5580000)
  object space 64512K, 19% used [0x0000000080000000,0x0000000080c64430,0x0000000083f00000)
 Metaspace       used 22646K, capacity 22970K, committed 23168K, reserved 1069056K
  class space    used 2477K, capacity 2581K, committed 2688K, reserved 1048576K

Card table byte_map: [0x00000000123b0000,0x00000000127c0000] byte_map_base: 0x0000000011fb0000

Marking Bits: (ParMarkBitMap*) 0x0000000060881f00
 Begin Bits: [0x0000000012c70000, 0x0000000014c70000)
 End Bits:   [0x0000000014c70000, 0x0000000016c70000)

Polling page: 0x00000000010a0000

CodeCache: size=245760Kb used=9679Kb max_used=9679Kb free=236080Kb
 bounds [0x0000000002ff0000, 0x0000000003970000, 0x0000000011ff0000]
 total_blobs=2879 nmethods=2235 adapters=554
 compilation: enabled

Compilation events (10 events):
Event: 10.823 Thread 0x0000000018b9f800 nmethod 2240 0x0000000003963d10 code [0x0000000003963f40, 0x0000000003964c78]
Event: 10.823 Thread 0x0000000018b9f800 2241       3       sun.reflect.generics.parser.SignatureParser::parseZeroOrMoreThrowsSignatures (51 bytes)
Event: 10.824 Thread 0x0000000018b9f800 nmethod 2241 0x0000000003965290 code [0x00000000039654a0, 0x0000000003965f68]
Event: 10.824 Thread 0x0000000018b9f800 2242       1       sun.reflect.generics.tree.Wildcard::getUpperBounds (5 bytes)
Event: 10.824 Thread 0x0000000018b9f800 nmethod 2242 0x0000000003966410 code [0x0000000003966560, 0x0000000003966670]
Event: 10.824 Thread 0x0000000018b9f800 2243       3       sun.reflect.generics.reflectiveObjects.LazyReflectiveObjectGenerator::<init> (10 bytes)
Event: 10.825 Thread 0x0000000018b9f800 nmethod 2243 0x00000000039666d0 code [0x0000000003966820, 0x00000000039669f0]
Event: 10.828 Thread 0x0000000018b9f800 2244       3       sun.reflect.generics.parser.SignatureParser::parseFormalTypeParameter (16 bytes)
Event: 10.828 Thread 0x0000000018b9f800 nmethod 2244 0x0000000003966a90 code [0x0000000003966c20, 0x0000000003966f98]
Event: 10.828 Thread 0x0000000018b9f800 2245       3       sun.reflect.generics.parser.SignatureParser::parseBounds (111 bytes)

GC Heap History (10 events):
Event: 3.948 GC heap before
{Heap before GC invocations=3 (full 0):
 PSYoungGen      total 71680K, used 71148K [0x00000000d5580000, 0x00000000da080000, 0x0000000100000000)
  eden space 66560K, 100% used [0x00000000d5580000,0x00000000d9680000,0x00000000d9680000)
  from space 5120K, 89% used [0x00000000d9b80000,0x00000000d9ffb180,0x00000000da080000)
  to   space 5120K, 0% used [0x00000000d9680000,0x00000000d9680000,0x00000000d9b80000)
 ParOldGen       total 87552K, used 16K [0x0000000080000000, 0x0000000085580000, 0x00000000d5580000)
  object space 87552K, 0% used [0x0000000080000000,0x0000000080004000,0x0000000085580000)
 Metaspace       used 10707K, capacity 10838K, committed 11008K, reserved 1058816K
  class space    used 1159K, capacity 1209K, committed 1280K, reserved 1048576K
Event: 3.969 GC heap after
Heap after GC invocations=3 (full 0):
 PSYoungGen      total 71680K, used 5091K [0x00000000d5580000, 0x00000000de180000, 0x0000000100000000)
  eden space 66560K, 0% used [0x00000000d5580000,0x00000000d5580000,0x00000000d9680000)
  from space 5120K, 99% used [0x00000000d9680000,0x00000000d9b78f38,0x00000000d9b80000)
  to   space 5120K, 0% used [0x00000000ddc80000,0x00000000ddc80000,0x00000000de180000)
 ParOldGen       total 87552K, used 428K [0x0000000080000000, 0x0000000085580000, 0x00000000d5580000)
  object space 87552K, 0% used [0x0000000080000000,0x000000008006b218,0x0000000085580000)
 Metaspace       used 10707K, capacity 10838K, committed 11008K, reserved 1058816K
  class space    used 1159K, capacity 1209K, committed 1280K, reserved 1048576K
}
Event: 5.126 GC heap before
{Heap before GC invocations=4 (full 0):
 PSYoungGen      total 71680K, used 71651K [0x00000000d5580000, 0x00000000de180000, 0x0000000100000000)
  eden space 66560K, 100% used [0x00000000d5580000,0x00000000d9680000,0x00000000d9680000)
  from space 5120K, 99% used [0x00000000d9680000,0x00000000d9b78f38,0x00000000d9b80000)
  to   space 5120K, 0% used [0x00000000ddc80000,0x00000000ddc80000,0x00000000de180000)
 ParOldGen       total 87552K, used 428K [0x0000000080000000, 0x0000000085580000, 0x00000000d5580000)
  object space 87552K, 0% used [0x0000000080000000,0x000000008006b218,0x0000000085580000)
 Metaspace       used 15046K, capacity 15174K, committed 15488K, reserved 1062912K
  class space    used 1551K, capacity 1607K, committed 1664K, reserved 1048576K
Event: 5.185 GC heap after
Heap after GC invocations=4 (full 0):
 PSYoungGen      total 138240K, used 5092K [0x00000000d5580000, 0x00000000de180000, 0x0000000100000000)
  eden space 133120K, 0% used [0x00000000d5580000,0x00000000d5580000,0x00000000dd780000)
  from space 5120K, 99% used [0x00000000ddc80000,0x00000000de179238,0x00000000de180000)
  to   space 5120K, 0% used [0x00000000dd780000,0x00000000dd780000,0x00000000ddc80000)
 ParOldGen       total 87552K, used 3558K [0x0000000080000000, 0x0000000085580000, 0x00000000d5580000)
  object space 87552K, 4% used [0x0000000080000000,0x0000000080379af0,0x0000000085580000)
 Metaspace       used 15046K, capacity 15174K, committed 15488K, reserved 1062912K
  class space    used 1551K, capacity 1607K, committed 1664K, reserved 1048576K
}
Event: 6.889 GC heap before
{Heap before GC invocations=5 (full 0):
 PSYoungGen      total 138240K, used 94599K [0x00000000d5580000, 0x00000000de180000, 0x0000000100000000)
  eden space 133120K, 67% used [0x00000000d5580000,0x00000000dace8c48,0x00000000dd780000)
  from space 5120K, 99% used [0x00000000ddc80000,0x00000000de179238,0x00000000de180000)
  to   space 5120K, 0% used [0x00000000dd780000,0x00000000dd780000,0x00000000ddc80000)
 ParOldGen       total 87552K, used 3558K [0x0000000080000000, 0x0000000085580000, 0x00000000d5580000)
  object space 87552K, 4% used [0x0000000080000000,0x0000000080379af0,0x0000000085580000)
 Metaspace       used 20853K, capacity 21136K, committed 21296K, reserved 1069056K
  class space    used 2302K, capacity 2425K, committed 2432K, reserved 1048576K
Event: 6.908 GC heap after
Heap after GC invocations=5 (full 0):
 PSYoungGen      total 138240K, used 5104K [0x00000000d5580000, 0x00000000e6e80000, 0x0000000100000000)
  eden space 133120K, 0% used [0x00000000d5580000,0x00000000d5580000,0x00000000dd780000)
  from space 5120K, 99% used [0x00000000dd780000,0x00000000ddc7c188,0x00000000ddc80000)
  to   space 10752K, 0% used [0x00000000e6400000,0x00000000e6400000,0x00000000e6e80000)
 ParOldGen       total 87552K, used 8283K [0x0000000080000000, 0x0000000085580000, 0x00000000d5580000)
  object space 87552K, 9% used [0x0000000080000000,0x0000000080816e78,0x0000000085580000)
 Metaspace       used 20853K, capacity 21136K, committed 21296K, reserved 1069056K
  class space    used 2302K, capacity 2425K, committed 2432K, reserved 1048576K
}
Event: 6.908 GC heap before
{Heap before GC invocations=6 (full 1):
 PSYoungGen      total 138240K, used 5104K [0x00000000d5580000, 0x00000000e6e80000, 0x0000000100000000)
  eden space 133120K, 0% used [0x00000000d5580000,0x00000000d5580000,0x00000000dd780000)
  from space 5120K, 99% used [0x00000000dd780000,0x00000000ddc7c188,0x00000000ddc80000)
  to   space 10752K, 0% used [0x00000000e6400000,0x00000000e6400000,0x00000000e6e80000)
 ParOldGen       total 87552K, used 8283K [0x0000000080000000, 0x0000000085580000, 0x00000000d5580000)
  object space 87552K, 9% used [0x0000000080000000,0x0000000080816e78,0x0000000085580000)
 Metaspace       used 20853K, capacity 21136K, committed 21296K, reserved 1069056K
  class space    used 2302K, capacity 2425K, committed 2432K, reserved 1048576K
Event: 7.009 GC heap after
Heap after GC invocations=6 (full 1):
 PSYoungGen      total 138240K, used 0K [0x00000000d5580000, 0x00000000e6e80000, 0x0000000100000000)
  eden space 133120K, 0% used [0x00000000d5580000,0x00000000d5580000,0x00000000dd780000)
  from space 5120K, 0% used [0x00000000dd780000,0x00000000dd780000,0x00000000ddc80000)
  to   space 10752K, 0% used [0x00000000e6400000,0x00000000e6400000,0x00000000e6e80000)
 ParOldGen       total 64512K, used 12681K [0x0000000080000000, 0x0000000083f00000, 0x00000000d5580000)
  object space 64512K, 19% used [0x0000000080000000,0x0000000080c62430,0x0000000083f00000)
 Metaspace       used 20853K, capacity 21136K, committed 21296K, reserved 1069056K
  class space    used 2302K, capacity 2425K, committed 2432K, reserved 1048576K
}
Event: 9.826 GC heap before
{Heap before GC invocations=7 (full 1):
 PSYoungGen      total 138240K, used 133120K [0x00000000d5580000, 0x00000000e6e80000, 0x0000000100000000)
  eden space 133120K, 100% used [0x00000000d5580000,0x00000000dd780000,0x00000000dd780000)
  from space 5120K, 0% used [0x00000000dd780000,0x00000000dd780000,0x00000000ddc80000)
  to   space 10752K, 0% used [0x00000000e6400000,0x00000000e6400000,0x00000000e6e80000)
 ParOldGen       total 64512K, used 12681K [0x0000000080000000, 0x0000000083f00000, 0x00000000d5580000)
  object space 64512K, 19% used [0x0000000080000000,0x0000000080c62430,0x0000000083f00000)
 Metaspace       used 22356K, capacity 22714K, committed 23088K, reserved 1069056K
  class space    used 2453K, capacity 2581K, committed 2688K, reserved 1048576K
Event: 9.834 GC heap after
Heap after GC invocations=7 (full 1):
 PSYoungGen      total 208896K, used 3285K [0x00000000d5580000, 0x00000000e6780000, 0x0000000100000000)
  eden space 205312K, 0% used [0x00000000d5580000,0x00000000d5580000,0x00000000e1e00000)
  from space 3584K, 91% used [0x00000000e6400000,0x00000000e6735790,0x00000000e6780000)
  to   space 11264K, 0% used [0x00000000e5180000,0x00000000e5180000,0x00000000e5c80000)
 ParOldGen       total 64512K, used 12689K [0x0000000080000000, 0x0000000083f00000, 0x00000000d5580000)
  object space 64512K, 19% used [0x0000000080000000,0x0000000080c64430,0x0000000083f00000)
 Metaspace       used 22356K, capacity 22714K, committed 23088K, reserved 1069056K
  class space    used 2453K, capacity 2581K, committed 2688K, reserved 1048576K
}

Deoptimization events (10 events):
Event: 6.847 Thread 0x0000000002f0a800 Uncommon trap: reason=unstable_if action=reinterpret pc=0x000000000342ffec method=java.util.HashMap.getNode(ILjava/lang/Object;)Ljava/util/HashMap$Node; @ 129
Event: 6.847 Thread 0x0000000002f0a800 Uncommon trap: reason=bimorphic action=maybe_recompile pc=0x00000000035e2ff0 method=java.util.HashMap.putVal(ILjava/lang/Object;Ljava/lang/Object;ZZ)Ljava/lang/Object; @ 203
Event: 6.887 Thread 0x0000000002f0a800 Uncommon trap: reason=predicate action=maybe_recompile pc=0x00000000037023dc method=java.lang.String.regionMatches(ZILjava/lang/String;II)Z @ 63
Event: 7.091 Thread 0x0000000002f0a800 Uncommon trap: reason=unstable_if action=reinterpret pc=0x00000000031e5974 method=java.io.WinNTFileSystem.normalize(Ljava/lang/String;II)Ljava/lang/String; @ 8
Event: 7.783 Thread 0x0000000002f0a800 Uncommon trap: reason=predicate action=maybe_recompile pc=0x00000000033b9a30 method=groovyjarjarantlr.InputBuffer.syncConsume()V @ 7
Event: 7.783 Thread 0x0000000002f0a800 Uncommon trap: reason=predicate action=maybe_recompile pc=0x00000000033ab554 method=groovyjarjarantlr.InputBuffer.syncConsume()V @ 7
Event: 7.807 Thread 0x0000000002f0a800 Uncommon trap: reason=predicate action=maybe_recompile pc=0x00000000033abb74 method=groovyjarjarantlr.InputBuffer.syncConsume()V @ 7
Event: 7.967 Thread 0x0000000002f0a800 Uncommon trap: reason=unstable_if action=reinterpret pc=0x0000000003713ee4 method=java.lang.Class$MethodArray.addIfNotPresent(Ljava/lang/reflect/Method;)V @ 19
Event: 8.041 Thread 0x0000000002f0a800 Uncommon trap: reason=unstable_if action=reinterpret pc=0x000000000383c8e8 method=groovy.lang.MetaClassImpl.checkIfStdMethod(Lgroovy/lang/MetaMethod;)V @ 31
Event: 10.640 Thread 0x0000000002f0a800 Uncommon trap: reason=unstable_if action=reinterpret pc=0x0000000003875714 method=java.math.BigInteger.addOne([IIII)I @ 55

Classes redefined (0 events):
No events

Internal exceptions (10 events):
Event: 10.479 Thread 0x0000000002f0a800 Exception <a 'java/security/PrivilegedActionException'> (0x00000000d8f47190) thrown at [C:\jenkins\workspace\zulu8-silver-build-win64\zulu-src\hotspot\src\share\vm\prims\jvm.cpp, line 1529]
Event: 10.479 Thread 0x0000000002f0a800 Exception <a 'java/security/PrivilegedActionException'> (0x00000000d8f47770) thrown at [C:\jenkins\workspace\zulu8-silver-build-win64\zulu-src\hotspot\src\share\vm\prims\jvm.cpp, line 1529]
Event: 10.480 Thread 0x0000000002f0a800 Exception <a 'java/security/PrivilegedActionException'> (0x00000000d8f5b450) thrown at [C:\jenkins\workspace\zulu8-silver-build-win64\zulu-src\hotspot\src\share\vm\prims\jvm.cpp, line 1529]
Event: 10.480 Thread 0x0000000002f0a800 Exception <a 'java/security/PrivilegedActionException'> (0x00000000d8f5ba30) thrown at [C:\jenkins\workspace\zulu8-silver-build-win64\zulu-src\hotspot\src\share\vm\prims\jvm.cpp, line 1529]
Event: 10.480 Thread 0x0000000002f0a800 Exception <a 'java/security/PrivilegedActionException'> (0x00000000d8f72478) thrown at [C:\jenkins\workspace\zulu8-silver-build-win64\zulu-src\hotspot\src\share\vm\prims\jvm.cpp, line 1529]
Event: 10.480 Thread 0x0000000002f0a800 Exception <a 'java/security/PrivilegedActionException'> (0x00000000d8f72a58) thrown at [C:\jenkins\workspace\zulu8-silver-build-win64\zulu-src\hotspot\src\share\vm\prims\jvm.cpp, line 1529]
Event: 10.738 Thread 0x0000000002f0a800 Exception <a 'java/lang/ClassNotFoundException': org/codehaus/groovy/runtime/DefaultGroovyMethodsBeanInfo> (0x00000000d9867c20) thrown at [C:\jenkins\workspace\zulu8-silver-build-win64\zulu-src\hotspot\src\share\vm\classfile\systemDictionary.cpp, line 220
Event: 10.743 Thread 0x0000000002f0a800 Exception <a 'java/lang/ClassNotFoundException': org/codehaus/groovy/runtime/DefaultGroovyMethodsSupportBeanInfo> (0x00000000d99aa040) thrown at [C:\jenkins\workspace\zulu8-silver-build-win64\zulu-src\hotspot\src\share\vm\classfile\systemDictionary.cpp, l
Event: 10.798 Thread 0x0000000002f0a800 Exception <a 'java/lang/ClassNotFoundException': org/codehaus/groovy/runtime/DefaultGroovyMethodsSupportCustomizer> (0x00000000d9aedca0) thrown at [C:\jenkins\workspace\zulu8-silver-build-win64\zulu-src\hotspot\src\share\vm\classfile\systemDictionary.cpp,
Event: 10.813 Thread 0x0000000002f0a800 Exception <a 'java/lang/ClassNotFoundException': org/codehaus/groovy/runtime/DefaultGroovyMethodsCustomizer> (0x00000000d9c27ad0) thrown at [C:\jenkins\workspace\zulu8-silver-build-win64\zulu-src\hotspot\src\share\vm\classfile\systemDictionary.cpp, line 2

Events (10 events):
Event: 10.744 loading class org/codehaus/groovy/runtime/DefaultGroovyMethodsSupportCustomizer
Event: 10.744 loading class org/codehaus/groovy/runtime/DefaultGroovyMethodsSupportCustomizer done
Event: 10.798 loading class org/codehaus/groovy/runtime/DefaultGroovyMethodsSupportCustomizer
Event: 10.798 loading class org/codehaus/groovy/runtime/DefaultGroovyMethodsSupportCustomizer done
Event: 10.799 loading class org/codehaus/groovy/runtime/DefaultGroovyMethodsCustomizer
Event: 10.799 loading class org/codehaus/groovy/runtime/DefaultGroovyMethodsCustomizer done
Event: 10.809 loading class org/codehaus/groovy/runtime/DefaultGroovyMethodsCustomizer
Event: 10.809 loading class org/codehaus/groovy/runtime/DefaultGroovyMethodsCustomizer done
Event: 10.813 loading class org/codehaus/groovy/runtime/DefaultGroovyMethodsCustomizer
Event: 10.813 loading class org/codehaus/groovy/runtime/DefaultGroovyMethodsCustomizer done


Dynamic libraries:
0x00007ff78a680000 - 0x00007ff78a6b5000 	C:\Users\bilguun.amarsaikhan\Downloads\Katalon_Studio_Windows_64-8.1.0 (1)\Katalon_Studio_Windows_64-8.1.0\jre\bin\javaw.exe
0x00007ff834110000 - 0x00007ff834305000 	C:\windows\SYSTEM32\ntdll.dll
0x00007ff833dd0000 - 0x00007ff833e8e000 	C:\windows\System32\KERNEL32.DLL
0x00007ff831cb0000 - 0x00007ff831f79000 	C:\windows\System32\KERNELBASE.dll
0x00007ff832c70000 - 0x00007ff832d1c000 	C:\windows\System32\ADVAPI32.dll
0x00007ff833cd0000 - 0x00007ff833d6e000 	C:\windows\System32\msvcrt.dll
0x00007ff833f80000 - 0x00007ff83401b000 	C:\windows\System32\sechost.dll
0x00007ff832d50000 - 0x00007ff832e7a000 	C:\windows\System32\RPCRT4.dll
0x00007ff832860000 - 0x00007ff832a01000 	C:\windows\System32\USER32.dll
0x00007ff832020000 - 0x00007ff832042000 	C:\windows\System32\win32u.dll
0x00007ff832830000 - 0x00007ff83285b000 	C:\windows\System32\GDI32.dll
0x00007ff832050000 - 0x00007ff83215b000 	C:\windows\System32\gdi32full.dll
0x00007ff831f80000 - 0x00007ff83201d000 	C:\windows\System32\msvcp_win.dll
0x00007ff831990000 - 0x00007ff831a90000 	C:\windows\System32\ucrtbase.dll
0x00007ff828e90000 - 0x00007ff82912a000 	C:\windows\WinSxS\amd64_microsoft.windows.common-controls_6595b64144ccf1df_6.0.19041.1110_none_60b5254171f9507e\COMCTL32.dll
0x00007ff8338d0000 - 0x00007ff833900000 	C:\windows\System32\IMM32.DLL
0x000000005fe80000 - 0x000000005ff52000 	C:\Users\bilguun.amarsaikhan\Downloads\Katalon_Studio_Windows_64-8.1.0 (1)\Katalon_Studio_Windows_64-8.1.0\jre\bin\msvcr100.dll
0x0000000060040000 - 0x0000000060905000 	C:\Users\bilguun.amarsaikhan\Downloads\Katalon_Studio_Windows_64-8.1.0 (1)\Katalon_Studio_Windows_64-8.1.0\jre\bin\server\jvm.dll
0x00007ff833e90000 - 0x00007ff833e98000 	C:\windows\System32\PSAPI.DLL
0x00007ff807410000 - 0x00007ff807419000 	C:\windows\SYSTEM32\WSOCK32.dll
0x00007ff833690000 - 0x00007ff8336fb000 	C:\windows\System32\WS2_32.dll
0x00007ff814870000 - 0x00007ff814897000 	C:\windows\SYSTEM32\WINMM.dll
0x00007ff82a310000 - 0x00007ff82a31a000 	C:\windows\SYSTEM32\VERSION.dll
0x00007fffe6460000 - 0x00007fffe646f000 	C:\Users\bilguun.amarsaikhan\Downloads\Katalon_Studio_Windows_64-8.1.0 (1)\Katalon_Studio_Windows_64-8.1.0\jre\bin\verify.dll
0x00007fffe6430000 - 0x00007fffe6459000 	C:\Users\bilguun.amarsaikhan\Downloads\Katalon_Studio_Windows_64-8.1.0 (1)\Katalon_Studio_Windows_64-8.1.0\jre\bin\java.dll
0x00007fffe6410000 - 0x00007fffe6426000 	C:\Users\bilguun.amarsaikhan\Downloads\Katalon_Studio_Windows_64-8.1.0 (1)\Katalon_Studio_Windows_64-8.1.0\jre\bin\zip.dll
0x00007ff832e80000 - 0x00007ff8335bf000 	C:\windows\System32\SHELL32.dll
0x00007ff82f840000 - 0x00007ff82ffd0000 	C:\windows\SYSTEM32\windows.storage.dll
0x00007ff833900000 - 0x00007ff833c55000 	C:\windows\System32\combase.dll
0x00007ff8311b0000 - 0x00007ff8311dc000 	C:\windows\SYSTEM32\Wldp.dll
0x00007ff832bc0000 - 0x00007ff832c6d000 	C:\windows\System32\SHCORE.dll
0x00007ff833d70000 - 0x00007ff833dc5000 	C:\windows\System32\shlwapi.dll
0x00007ff831770000 - 0x00007ff83178f000 	C:\windows\SYSTEM32\profapi.dll
0x00007fffe5fc0000 - 0x00007fffe5fdb000 	C:\Users\bilguun.amarsaikhan\Downloads\Katalon_Studio_Windows_64-8.1.0 (1)\Katalon_Studio_Windows_64-8.1.0\jre\bin\net.dll
0x00007ff830f10000 - 0x00007ff830f7a000 	C:\windows\system32\mswsock.dll
0x00007fffe4500000 - 0x00007fffe4511000 	C:\Users\bilguun.amarsaikhan\Downloads\Katalon_Studio_Windows_64-8.1.0 (1)\Katalon_Studio_Windows_64-8.1.0\jre\bin\nio.dll

VM Arguments:
jvm_args: -Dgroovy.home=C:\Users\bilguun.amarsaikhan/.groovy -Djava.system.class.loader=groovy.lang.GroovyClassLoader -Xmx2048m -Dfile.encoding=UTF-8 
java_command: org.codehaus.groovy.tools.GroovyStarter --classpath C:\Users\bilguun.amarsaikhan\git\modpims-testing\Transfer Workflow\Transfer Workflow\bin\keyword;C:\Users\bilguun.amarsaikhan\git\modpims-testing\Transfer Workflow\Transfer Workflow\Keywords;C:\Users\bilguun.amarsaikhan\git\modpims-testing\Transfer Workflow\Transfer Workflow\bin\listener;C:\Users\bilguun.amarsaikhan\git\modpims-testing\Transfer Workflow\Transfer Workflow\Test Listeners;C:\Users\bilguun.amarsaikhan\git\modpims-testing\Transfer Workflow\Transfer Workflow\bin\lib;C:\Users\bilguun.amarsaikhan\git\modpims-testing\Transfer Workflow\Transfer Workflow\Libs;C:\Users\bilguun.amarsaikhan\git\modpims-testing\Transfer Workflow\Transfer Workflow\bin\groovy;C:\Users\bilguun.amarsaikhan\git\modpims-testing\Transfer Workflow\Transfer Workflow\Include\scripts\groovy;C:\Users\bilguun.amarsaikhan\Downloads\Katalon_Studio_Windows_64-8.1.0 (1)\Katalon_Studio_Windows_64-8.1.0\plugins\com.kms.katalon.core_1.0.0.202108170301.jar;C:\Users\bilguun.amarsaikhan\Downloads\Katalon_Studio_Windows_64-8.1.0 (1)\Katalon_Studio_Windows_64-8.1.0\configuration\resources\lib\aalto-xml-1.0.0.jar;C:\Users\bilguun.amarsaikhan\Downloads\Katalon_Studio_Windows_64-8.1.0 (1)\Katalon_Studio_Windows_64-8.1.0\configuration\resources\lib\aspectjweaver-1.9.1.jar;C:\Users\bilguun.amarsaikhan\Downloads\Katalon_Studio_Windows_64-8.1.0 (1)\Katalon_Studio_Windows_64-8.1.0\configuration\resources\lib\bcpkix-jdk15on-1.64.jar;C:\Users\bilguun.amarsaikhan\Downloads\Katalon_Studio_Windows_64-8.1.0 (1)\Katalon_Studio_Windows_64-8.1.0\configuration\resources\lib\bcprov-jdk15on-1.64.jar;C:\Users\bilguun.amarsaikhan\Downloads\Katalon_Studio_Windows_64-8.1.0 (1)\Katalon_Studio_Windows_64-8.1.0\configuration\resources\lib\browsermob-core-2.1.5.jar;C:\Users\bilguun.amarsaikhan\Downloads\Katalon_Studio_Windows_64-8.1.0 (1)\Katalon_Studio_Windows_64-8.1.0\configuration\resources\lib\cglib-3.2.10.jar;C:\Users\bilguun.amarsaikhan\Downloads\Katalon_Studi
java_class_path (initial): C:\Users\bilguun.amarsaikhan\git\modpims-testing\Transfer Workflow\Transfer Workflow\bin\keyword;C:\Users\bilguun.amarsaikhan\git\modpims-testing\Transfer Workflow\Transfer Workflow\bin\listener;C:\Users\bilguun.amarsaikhan\git\modpims-testing\Transfer Workflow\Transfer Workflow\bin\lib;C:\Users\bilguun.amarsaikhan\git\modpims-testing\Transfer Workflow\Transfer Workflow\bin\groovy;C:\Users\bilguun.amarsaikhan\git\modpims-testing\Transfer Workflow\Transfer Workflow\bin;C:\Users\bilguun.amarsaikhan\Downloads\Katalon_Studio_Windows_64-8.1.0 (1)\Katalon_Studio_Windows_64-8.1.0\plugins\com.kms.katalon.core_1.0.0.202108170301.jar;C:\Users\bilguun.amarsaikhan\Downloads\Katalon_Studio_Windows_64-8.1.0 (1)\Katalon_Studio_Windows_64-8.1.0\configuration\resources\lib\aalto-xml-1.0.0.jar;C:\Users\bilguun.amarsaikhan\Downloads\Katalon_Studio_Windows_64-8.1.0 (1)\Katalon_Studio_Windows_64-8.1.0\configuration\resources\lib\aspectjweaver-1.9.1.jar;C:\Users\bilguun.amarsaikhan\Downloads\Katalon_Studio_Windows_64-8.1.0 (1)\Katalon_Studio_Windows_64-8.1.0\configuration\resources\lib\bcpkix-jdk15on-1.64.jar;C:\Users\bilguun.amarsaikhan\Downloads\Katalon_Studio_Windows_64-8.1.0 (1)\Katalon_Studio_Windows_64-8.1.0\configuration\resources\lib\bcprov-jdk15on-1.64.jar;C:\Users\bilguun.amarsaikhan\Downloads\Katalon_Studio_Windows_64-8.1.0 (1)\Katalon_Studio_Windows_64-8.1.0\configuration\resources\lib\browsermob-core-2.1.5.jar;C:\Users\bilguun.amarsaikhan\Downloads\Katalon_Studio_Windows_64-8.1.0 (1)\Katalon_Studio_Windows_64-8.1.0\configuration\resources\lib\cglib-3.2.10.jar;C:\Users\bilguun.amarsaikhan\Downloads\Katalon_Studio_Windows_64-8.1.0 (1)\Katalon_Studio_Windows_64-8.1.0\configuration\resources\lib\commons-codec-1.10.jar;C:\Users\bilguun.amarsaikhan\Downloads\Katalon_Studio_Windows_64-8.1.0 (1)\Katalon_Studio_Windows_64-8.1.0\configuration\resources\lib\commons-collections4-4.1.jar;C:\Users\bilguun.amarsaikhan\Downloads\Katalon_Studio_Windows_64-8.1.0 (
Launcher Type: SUN_STANDARD

Environment Variables:
PATH=C:/Users/bilguun.amarsaikhan/Downloads/Katalon_Studio_Windows_64-8.1.0 (1)/Katalon_Studio_Windows_64-8.1.0/jre/bin/server;C:/Users/bilguun.amarsaikhan/Downloads/Katalon_Studio_Windows_64-8.1.0 (1)/Katalon_Studio_Windows_64-8.1.0/jre/bin;C:/Users/bilguun.amarsaikhan/Downloads/Katalon_Studio_Windows_64-8.1.0 (1)/Katalon_Studio_Windows_64-8.1.0/jre/lib/amd64;C:\Program Files\Common Files\Oracle\Java\javapath;C:\windows\system32;C:\windows;C:\windows\System32\Wbem;C:\windows\System32\WindowsPowerShell\v1.0\;C:\windows\System32\OpenSSH\;C:\Program Files (x86)\Microsoft SQL Server\150\DTS\Binn\;C:\Program Files\Azure Data Studio\bin;C:\Program Files\Git\cmd;C:\Program Files\dotnet\;C:\Program Files\Microsoft SQL Server\130\Tools\Binn\;C:\Program Files\Microsoft SQL Server\Client SDK\ODBC\170\Tools\Binn\;C:\Users\bilguun.amarsaikhan\AppData\Local\Microsoft\WindowsApps;C:\Users\bilguun.amarsaikhan\Desktop;C:\Users\bilguun.amarsaikhan\.dotnet\tools;C:\Users\bilguun.amarsaikhan\AppData\Local\Programs\Microsoft VS Code\bin;C:\Users\bilguun.amarsaikhan\Downloads\Katalon_Studio_Windows_64-8.1.0 (1)\Katalon_Studio_Windows_64-8.1.0;
USERNAME=bilguun.amarsaikhan
OS=Windows_NT
PROCESSOR_IDENTIFIER=Intel64 Family 6 Model 63 Stepping 2, GenuineIntel



---------------  S Y S T E M  ---------------

OS: Windows 10.0 , 64 bit Build 19041 (10.0.19041.1202)
HyperV virtualization detected

CPU:total 2 (initial active 2) (2 cores per cpu, 1 threads per core) family 6 model 63 stepping 2, cmov, cx8, fxsr, mmx, sse, sse2, sse3, ssse3, sse4.1, sse4.2, popcnt, avx, avx2, aes, clmul, erms, lzcnt, tsc, bmi1, bmi2

Memory: 4k page, physical 8388148k(832884k free), swap 10485040k(4092k free)

vm_info: OpenJDK 64-Bit Server VM (25.282-b08) for windows-amd64 JRE (Zulu 8.52.0.23-CA-win64) (1.8.0_282-b08), built on Jan 12 2021 07:45:49 by "tester" with MS VC++ 10.0 (VS2010)

time: Thu Oct 14 20:01:31 2021
timezone: Coordinated Universal Time
elapsed time: 10.840401 seconds (0d 0h 0m 10s)

