#
# There is insufficient memory for the Java Runtime Environment to continue.
# Native memory allocation (malloc) failed to allocate 312496 bytes for Chunk::new
# Possible reasons:
#   The system is out of physical RAM or swap space
#   The process is running with CompressedOops enabled, and the Java Heap may be blocking the growth of the native heap
# Possible solutions:
#   Reduce memory load on the system
#   Increase physical memory or swap space
#   Check if swap backing store is full
#   Decrease Java heap size (-Xmx/-Xms)
#   Decrease number of Java threads
#   Decrease Java thread stack sizes (-Xss)
#   Set larger code cache with -XX:ReservedCodeCacheSize=
#   JVM is running with Unscaled Compressed Oops mode in which the Java heap is
#     placed in the first 4GB address space. The Java Heap base address is the
#     maximum limit for the native heap growth. Please use -XX:HeapBaseMinAddress
#     to set the Java Heap base and to place the Java Heap above 4GB virtual address.
# This output file may be truncated or incomplete.
#
#  Out of Memory Error (allocation.cpp:389), pid=13340, tid=0x0000000000001c98
#
# JRE version: OpenJDK Runtime Environment (Zulu 8.52.0.23-CA-win64) (8.0_282-b08) (build 1.8.0_282-b08)
# Java VM: OpenJDK 64-Bit Server VM (25.282-b08 mixed mode windows-amd64 compressed oops)
# Failed to write core dump. Minidumps are not enabled by default on client versions of Windows
#

---------------  T H R E A D  ---------------

Current thread (0x0000000018362800):  JavaThread "C2 CompilerThread0" daemon [_thread_in_native, id=7320, stack(0x0000000018e40000,0x0000000018f40000)]

Stack: [0x0000000018e40000,0x0000000018f40000]
[error occurred during error reporting (printing stack bounds), id 0xc0000005]

Native frames: (J=compiled Java code, j=interpreted, Vv=VM code, C=native code)


Current CompileTask:
C2:   7675 2745 %     4       sun.security.util.AbstractAlgorithmConstraints::checkAlgorithm @ 98 (140 bytes)


---------------  P R O C E S S  ---------------

Java Threads: ( => current thread )
  0x0000000018485000 JavaThread "Service Thread" daemon [_thread_blocked, id=15748, stack(0x0000000019040000,0x0000000019140000)]
  0x0000000018363800 JavaThread "C1 CompilerThread1" daemon [_thread_blocked, id=2960, stack(0x0000000018f40000,0x0000000019040000)]
=>0x0000000018362800 JavaThread "C2 CompilerThread0" daemon [_thread_in_native, id=7320, stack(0x0000000018e40000,0x0000000018f40000)]
  0x000000001834f800 JavaThread "Attach Listener" daemon [_thread_blocked, id=3840, stack(0x0000000018d40000,0x0000000018e40000)]
  0x000000001834f000 JavaThread "Signal Dispatcher" daemon [_thread_blocked, id=15408, stack(0x0000000018c40000,0x0000000018d40000)]
  0x000000001720b000 JavaThread "Finalizer" daemon [_thread_blocked, id=15572, stack(0x0000000017e40000,0x0000000017f40000)]
  0x0000000017203000 JavaThread "Reference Handler" daemon [_thread_blocked, id=14400, stack(0x0000000017d40000,0x0000000017e40000)]
  0x000000000274c000 JavaThread "main" [_thread_in_native, id=1344, stack(0x0000000002490000,0x0000000002590000)]

Other Threads:
  0x00000000171da000 VMThread [stack: 0x0000000017c40000,0x0000000017d40000] [id=10500]
  0x000000001838e800 WatcherThread [stack: 0x0000000019140000,0x0000000019240000] [id=14668]

VM state:not at safepoint (normal execution)

VM Mutex/Monitor currently owned by a thread: None

heap address: 0x0000000080000000, size: 2048 MB, Compressed Oops mode: 32-bit
Narrow klass base: 0x0000000000000000, Narrow klass shift: 3
Compressed class space size: 1073741824 Address: 0x0000000100000000

Heap:
 PSYoungGen      total 268800K, used 45282K [0x00000000d5580000, 0x00000000e8100000, 0x0000000100000000)
  eden space 257536K, 13% used [0x00000000d5580000,0x00000000d78b3490,0x00000000e5100000)
  from space 11264K, 82% used [0x00000000e5100000,0x00000000e5a05638,0x00000000e5c00000)
  to   space 12288K, 0% used [0x00000000e7500000,0x00000000e7500000,0x00000000e8100000)
 ParOldGen       total 67584K, used 10609K [0x0000000080000000, 0x0000000084200000, 0x00000000d5580000)
  object space 67584K, 15% used [0x0000000080000000,0x0000000080a5c5a8,0x0000000084200000)
 Metaspace       used 26561K, capacity 26966K, committed 27392K, reserved 1075200K
  class space    used 3042K, capacity 3204K, committed 3328K, reserved 1048576K

Card table byte_map: [0x0000000011bf0000,0x0000000012000000] byte_map_base: 0x00000000117f0000

Marking Bits: (ParMarkBitMap*) 0x000000005d4f1f00
 Begin Bits: [0x00000000124b0000, 0x00000000144b0000)
 End Bits:   [0x00000000144b0000, 0x00000000164b0000)

Polling page: 0x0000000000a80000

CodeCache: size=245760Kb used=11228Kb max_used=11228Kb free=234531Kb
 bounds [0x0000000002830000, 0x0000000003330000, 0x0000000011830000]
 total_blobs=3421 nmethods=2747 adapters=584
 compilation: enabled

Compilation events (10 events):
Event: 7.657 Thread 0x0000000018363800 2751       3       java.util.EnumSet::getUniverse (10 bytes)
Event: 7.657 Thread 0x0000000018363800 nmethod 2751 0x0000000003321050 code [0x00000000033211e0, 0x00000000033215c8]
Event: 7.658 Thread 0x0000000018363800 2752       3       java.util.RegularEnumSet::<init> (12 bytes)
Event: 7.658 Thread 0x0000000018363800 nmethod 2752 0x00000000033285d0 code [0x0000000003328740, 0x0000000003328a50]
Event: 7.658 Thread 0x0000000018363800 2753       3       java.util.RegularEnumSet::add (9 bytes)
Event: 7.658 Thread 0x0000000018363800 nmethod 2753 0x0000000003328bd0 code [0x0000000003328d40, 0x0000000003328fc8]
Event: 7.658 Thread 0x0000000018363800 2754       3       java.util.EnumSet::typeCheck (59 bytes)
Event: 7.659 Thread 0x0000000018363800 nmethod 2754 0x0000000003329090 code [0x00000000033292e0, 0x000000000332a1f8]
Event: 7.659 Thread 0x0000000018363800 2755       3       sun.security.ssl.SSLAlgorithmConstraints::permits (96 bytes)
Event: 7.659 Thread 0x0000000018363800 nmethod 2755 0x000000000332a890 code [0x000000000332aa80, 0x000000000332b278]

GC Heap History (10 events):
Event: 3.280 GC heap before
{Heap before GC invocations=4 (full 0):
 PSYoungGen      total 71680K, used 71675K [0x00000000d5580000, 0x00000000de180000, 0x0000000100000000)
  eden space 66560K, 100% used [0x00000000d5580000,0x00000000d9680000,0x00000000d9680000)
  from space 5120K, 99% used [0x00000000d9680000,0x00000000d9b7ec30,0x00000000d9b80000)
  to   space 5120K, 0% used [0x00000000ddc80000,0x00000000ddc80000,0x00000000de180000)
 ParOldGen       total 87552K, used 884K [0x0000000080000000, 0x0000000085580000, 0x00000000d5580000)
  object space 87552K, 1% used [0x0000000080000000,0x00000000800dd3d8,0x0000000085580000)
 Metaspace       used 16609K, capacity 16864K, committed 17280K, reserved 1064960K
  class space    used 1765K, capacity 1876K, committed 1920K, reserved 1048576K
Event: 3.292 GC heap after
Heap after GC invocations=4 (full 0):
 PSYoungGen      total 138240K, used 5119K [0x00000000d5580000, 0x00000000de180000, 0x0000000100000000)
  eden space 133120K, 0% used [0x00000000d5580000,0x00000000d5580000,0x00000000dd780000)
  from space 5120K, 99% used [0x00000000ddc80000,0x00000000de17ff28,0x00000000de180000)
  to   space 5120K, 0% used [0x00000000dd780000,0x00000000dd780000,0x00000000ddc80000)
 ParOldGen       total 87552K, used 4315K [0x0000000080000000, 0x0000000085580000, 0x00000000d5580000)
  object space 87552K, 4% used [0x0000000080000000,0x0000000080436cc8,0x0000000085580000)
 Metaspace       used 16609K, capacity 16864K, committed 17280K, reserved 1064960K
  class space    used 1765K, capacity 1876K, committed 1920K, reserved 1048576K
}
Event: 4.295 GC heap before
{Heap before GC invocations=5 (full 0):
 PSYoungGen      total 138240K, used 84184K [0x00000000d5580000, 0x00000000de180000, 0x0000000100000000)
  eden space 133120K, 59% used [0x00000000d5580000,0x00000000da2b62a8,0x00000000dd780000)
  from space 5120K, 99% used [0x00000000ddc80000,0x00000000de17ff28,0x00000000de180000)
  to   space 5120K, 0% used [0x00000000dd780000,0x00000000dd780000,0x00000000ddc80000)
 ParOldGen       total 87552K, used 4315K [0x0000000080000000, 0x0000000085580000, 0x00000000d5580000)
  object space 87552K, 4% used [0x0000000080000000,0x0000000080436cc8,0x0000000085580000)
 Metaspace       used 20819K, capacity 21072K, committed 21296K, reserved 1069056K
  class space    used 2313K, capacity 2424K, committed 2432K, reserved 1048576K
Event: 4.310 GC heap after
Heap after GC invocations=5 (full 0):
 PSYoungGen      total 138240K, used 5093K [0x00000000d5580000, 0x00000000e6e80000, 0x0000000100000000)
  eden space 133120K, 0% used [0x00000000d5580000,0x00000000d5580000,0x00000000dd780000)
  from space 5120K, 99% used [0x00000000dd780000,0x00000000ddc79498,0x00000000ddc80000)
  to   space 10752K, 0% used [0x00000000e6400000,0x00000000e6400000,0x00000000e6e80000)
 ParOldGen       total 87552K, used 8507K [0x0000000080000000, 0x0000000085580000, 0x00000000d5580000)
  object space 87552K, 9% used [0x0000000080000000,0x000000008084ed08,0x0000000085580000)
 Metaspace       used 20819K, capacity 21072K, committed 21296K, reserved 1069056K
  class space    used 2313K, capacity 2424K, committed 2432K, reserved 1048576K
}
Event: 4.310 GC heap before
{Heap before GC invocations=6 (full 1):
 PSYoungGen      total 138240K, used 5093K [0x00000000d5580000, 0x00000000e6e80000, 0x0000000100000000)
  eden space 133120K, 0% used [0x00000000d5580000,0x00000000d5580000,0x00000000dd780000)
  from space 5120K, 99% used [0x00000000dd780000,0x00000000ddc79498,0x00000000ddc80000)
  to   space 10752K, 0% used [0x00000000e6400000,0x00000000e6400000,0x00000000e6e80000)
 ParOldGen       total 87552K, used 8507K [0x0000000080000000, 0x0000000085580000, 0x00000000d5580000)
  object space 87552K, 9% used [0x0000000080000000,0x000000008084ed08,0x0000000085580000)
 Metaspace       used 20819K, capacity 21072K, committed 21296K, reserved 1069056K
  class space    used 2313K, capacity 2424K, committed 2432K, reserved 1048576K
Event: 4.372 GC heap after
Heap after GC invocations=6 (full 1):
 PSYoungGen      total 138240K, used 0K [0x00000000d5580000, 0x00000000e6e80000, 0x0000000100000000)
  eden space 133120K, 0% used [0x00000000d5580000,0x00000000d5580000,0x00000000dd780000)
  from space 5120K, 0% used [0x00000000dd780000,0x00000000dd780000,0x00000000ddc80000)
  to   space 10752K, 0% used [0x00000000e6400000,0x00000000e6400000,0x00000000e6e80000)
 ParOldGen       total 67584K, used 10609K [0x0000000080000000, 0x0000000084200000, 0x00000000d5580000)
  object space 67584K, 15% used [0x0000000080000000,0x0000000080a5c5a8,0x0000000084200000)
 Metaspace       used 20819K, capacity 21072K, committed 21296K, reserved 1069056K
  class space    used 2313K, capacity 2424K, committed 2432K, reserved 1048576K
}
Event: 5.290 GC heap before
{Heap before GC invocations=7 (full 1):
 PSYoungGen      total 138240K, used 133120K [0x00000000d5580000, 0x00000000e6e80000, 0x0000000100000000)
  eden space 133120K, 100% used [0x00000000d5580000,0x00000000dd780000,0x00000000dd780000)
  from space 5120K, 0% used [0x00000000dd780000,0x00000000dd780000,0x00000000ddc80000)
  to   space 10752K, 0% used [0x00000000e6400000,0x00000000e6400000,0x00000000e6e80000)
 ParOldGen       total 67584K, used 10609K [0x0000000080000000, 0x0000000084200000, 0x00000000d5580000)
  object space 67584K, 15% used [0x0000000080000000,0x0000000080a5c5a8,0x0000000084200000)
 Metaspace       used 22101K, capacity 22392K, committed 22704K, reserved 1069056K
  class space    used 2420K, capacity 2541K, committed 2560K, reserved 1048576K
Event: 5.296 GC heap after
Heap after GC invocations=7 (full 1):
 PSYoungGen      total 193024K, used 2686K [0x00000000d5580000, 0x00000000e6700000, 0x0000000100000000)
  eden space 189952K, 0% used [0x00000000d5580000,0x00000000d5580000,0x00000000e0f00000)
  from space 3072K, 87% used [0x00000000e6400000,0x00000000e669f850,0x00000000e6700000)
  to   space 11264K, 0% used [0x00000000e5100000,0x00000000e5100000,0x00000000e5c00000)
 ParOldGen       total 67584K, used 10609K [0x0000000080000000, 0x0000000084200000, 0x00000000d5580000)
  object space 67584K, 15% used [0x0000000080000000,0x0000000080a5c5a8,0x0000000084200000)
 Metaspace       used 22101K, capacity 22392K, committed 22704K, reserved 1069056K
  class space    used 2420K, capacity 2541K, committed 2560K, reserved 1048576K
}
Event: 6.799 GC heap before
{Heap before GC invocations=8 (full 1):
 PSYoungGen      total 193024K, used 192638K [0x00000000d5580000, 0x00000000e6700000, 0x0000000100000000)
  eden space 189952K, 100% used [0x00000000d5580000,0x00000000e0f00000,0x00000000e0f00000)
  from space 3072K, 87% used [0x00000000e6400000,0x00000000e669f850,0x00000000e6700000)
  to   space 11264K, 0% used [0x00000000e5100000,0x00000000e5100000,0x00000000e5c00000)
 ParOldGen       total 67584K, used 10609K [0x0000000080000000, 0x0000000084200000, 0x00000000d5580000)
  object space 67584K, 15% used [0x0000000080000000,0x0000000080a5c5a8,0x0000000084200000)
 Metaspace       used 24271K, capacity 24580K, committed 24960K, reserved 1071104K
  class space    used 2743K, capacity 2864K, committed 2944K, reserved 1048576K
Event: 6.832 GC heap after
Heap after GC invocations=8 (full 1):
 PSYoungGen      total 268800K, used 9237K [0x00000000d5580000, 0x00000000e8100000, 0x0000000100000000)
  eden space 257536K, 0% used [0x00000000d5580000,0x00000000d5580000,0x00000000e5100000)
  from space 11264K, 82% used [0x00000000e5100000,0x00000000e5a05638,0x00000000e5c00000)
  to   space 12288K, 0% used [0x00000000e7500000,0x00000000e7500000,0x00000000e8100000)
 ParOldGen       total 67584K, used 10609K [0x0000000080000000, 0x0000000084200000, 0x00000000d5580000)
  object space 67584K, 15% used [0x0000000080000000,0x0000000080a5c5a8,0x0000000084200000)
 Metaspace       used 24271K, capacity 24580K, committed 24960K, reserved 1071104K
  class space    used 2743K, capacity 2864K, committed 2944K, reserved 1048576K
}

Deoptimization events (10 events):
Event: 7.084 Thread 0x000000000274c000 Uncommon trap: reason=unstable_if action=reinterpret pc=0x0000000002c5a8d4 method=java.io.WinNTFileSystem.resolve(Ljava/lang/String;Ljava/lang/String;)Ljava/lang/String; @ 49
Event: 7.171 Thread 0x000000000274c000 Uncommon trap: reason=unstable_if action=reinterpret pc=0x0000000002a375a8 method=java.io.WinNTFileSystem.normalize(Ljava/lang/String;)Ljava/lang/String; @ 128
Event: 7.185 Thread 0x000000000274c000 Uncommon trap: reason=bimorphic action=maybe_recompile pc=0x0000000002eb38e4 method=java.net.URL.<init>(Ljava/net/URL;Ljava/lang/String;Ljava/net/URLStreamHandler;)V @ 504
Event: 7.185 Thread 0x000000000274c000 Uncommon trap: reason=unstable_if action=reinterpret pc=0x0000000002b24f74 method=java.net.URLStreamHandler.parseURL(Ljava/net/URL;Ljava/lang/String;II)V @ 690
Event: 7.185 Thread 0x000000000274c000 Uncommon trap: reason=unstable_if action=reinterpret pc=0x0000000002c3cde8 method=sun.net.util.IPAddressUtil.scan(Ljava/lang/String;JJ[C)I @ 14
Event: 7.441 Thread 0x000000000274c000 Uncommon trap: reason=unstable_if action=reinterpret pc=0x0000000002f9b9b8 method=sun.nio.fs.WindowsPathParser.isSlash(C)Z @ 9
Event: 7.590 Thread 0x000000000274c000 Uncommon trap: reason=unstable_if action=reinterpret pc=0x0000000002c310d4 method=java.util.HashMap.putVal(ILjava/lang/Object;Ljava/lang/Object;ZZ)Ljava/lang/Object; @ 236
Event: 7.606 Thread 0x000000000274c000 Uncommon trap: reason=unstable_if action=reinterpret pc=0x0000000002efa39c method=java.util.zip.ZipFile$ZipEntryIterator.hasNext()Z @ 25
Event: 7.608 Thread 0x000000000274c000 Uncommon trap: reason=bimorphic action=maybe_recompile pc=0x0000000002eb38e4 method=java.net.URL.<init>(Ljava/net/URL;Ljava/lang/String;Ljava/net/URLStreamHandler;)V @ 504
Event: 7.608 Thread 0x000000000274c000 Uncommon trap: reason=unstable_if action=reinterpret pc=0x0000000002b7fa38 method=sun.net.util.IPAddressUtil.scan(Ljava/lang/String;JJ[C)I @ 14

Classes redefined (0 events):
No events

Internal exceptions (10 events):
Event: 6.741 Thread 0x000000000274c000 Exception <a 'java/lang/ClassNotFoundException': com/kms/katalon/core/webui/keyword/builtin/OpenBrowserKeywordBeanInfo> (0x00000000e07b8458) thrown at [C:\jenkins\workspace\zulu8-silver-build-win64\zulu-src\hotspot\src\share\vm\classfile\systemDictionary.
Event: 6.747 Thread 0x000000000274c000 Exception <a 'java/lang/ClassNotFoundException': com/kms/katalon/core/webui/keyword/internal/WebUIAbstractKeywordBeanInfo> (0x00000000e08a9478) thrown at [C:\jenkins\workspace\zulu8-silver-build-win64\zulu-src\hotspot\src\share\vm\classfile\systemDictiona
Event: 6.752 Thread 0x000000000274c000 Exception <a 'java/lang/ClassNotFoundException': com/kms/katalon/core/keyword/internal/AbstractKeywordBeanInfo> (0x00000000e0983a70) thrown at [C:\jenkins\workspace\zulu8-silver-build-win64\zulu-src\hotspot\src\share\vm\classfile\systemDictionary.cpp, lin
Event: 6.756 Thread 0x000000000274c000 Exception <a 'java/lang/ClassNotFoundException': com/kms/katalon/core/keyword/internal/AbstractKeywordCustomizer> (0x00000000e0a62690) thrown at [C:\jenkins\workspace\zulu8-silver-build-win64\zulu-src\hotspot\src\share\vm\classfile\systemDictionary.cpp, l
Event: 6.763 Thread 0x000000000274c000 Exception <a 'java/lang/ClassNotFoundException': com/kms/katalon/core/webui/keyword/internal/WebUIAbstractKeywordCustomizer> (0x00000000e0b5dc08) thrown at [C:\jenkins\workspace\zulu8-silver-build-win64\zulu-src\hotspot\src\share\vm\classfile\systemDictio
Event: 6.769 Thread 0x000000000274c000 Exception <a 'java/lang/ClassNotFoundException': com/kms/katalon/core/webui/keyword/builtin/OpenBrowserKeywordCustomizer> (0x00000000e0c54218) thrown at [C:\jenkins\workspace\zulu8-silver-build-win64\zulu-src\hotspot\src\share\vm\classfile\systemDictionar
Event: 6.778 Thread 0x000000000274c000 Exception <a 'java/lang/ClassNotFoundException': com/kms/katalon/core/logging/KeywordLoggerBeanInfo> (0x00000000e0d5da08) thrown at [C:\jenkins\workspace\zulu8-silver-build-win64\zulu-src\hotspot\src\share\vm\classfile\systemDictionary.cpp, line 220]
Event: 6.784 Thread 0x000000000274c000 Exception <a 'java/lang/ClassNotFoundException': com/kms/katalon/core/logging/KeywordLoggerCustomizer> (0x00000000e0e25b10) thrown at [C:\jenkins\workspace\zulu8-silver-build-win64\zulu-src\hotspot\src\share\vm\classfile\systemDictionary.cpp, line 220]
Event: 6.842 Thread 0x000000000274c000 Exception <a 'java/lang/ClassNotFoundException': com/kms/katalon/core/webui/keyword/builtin/InternalSmartWaitGroovyWrapperBeanInfo> (0x00000000d577d0b0) thrown at [C:\jenkins\workspace\zulu8-silver-build-win64\zulu-src\hotspot\src\share\vm\classfile\syste
Event: 6.846 Thread 0x000000000274c000 Exception <a 'java/lang/ClassNotFoundException': com/kms/katalon/core/webui/keyword/builtin/InternalSmartWaitGroovyWrapperCustomizer> (0x00000000d5886fd8) thrown at [C:\jenkins\workspace\zulu8-silver-build-win64\zulu-src\hotspot\src\share\vm\classfile\sys

Events (10 events):
Event: 7.661 loading class javax/net/ssl/KeyManager done
Event: 7.662 loading class javax/net/ssl/X509KeyManager done
Event: 7.662 loading class javax/net/ssl/X509ExtendedKeyManager done
Event: 7.662 loading class sun/security/ssl/DummyX509KeyManager done
Event: 7.662 loading class sun/security/provider/SecureRandom$SeederHolder
Event: 7.662 loading class sun/security/provider/SecureRandom$SeederHolder done
Event: 7.662 loading class sun/security/provider/SeedGenerator
Event: 7.662 loading class sun/security/provider/SeedGenerator done
Event: 7.662 loading class sun/security/provider/NativeSeedGenerator
Event: 7.662 loading class sun/security/provider/NativeSeedGenerator done


Dynamic libraries:
0x00007ff7f9f70000 - 0x00007ff7f9fa5000 	C:\Users\bilguun.amarsaikhan\Downloads\Katalon_Studio_Windows_64-8.1.0 (1)\Katalon_Studio_Windows_64-8.1.0\jre\bin\javaw.exe
0x00007ffd40530000 - 0x00007ffd40725000 	C:\windows\SYSTEM32\ntdll.dll
0x00007ffd3f4f0000 - 0x00007ffd3f5ae000 	C:\windows\System32\KERNEL32.DLL
0x00007ffd3e2b0000 - 0x00007ffd3e579000 	C:\windows\System32\KERNELBASE.dll
0x00007ffd3fdc0000 - 0x00007ffd3fe6c000 	C:\windows\System32\ADVAPI32.dll
0x00007ffd3eb80000 - 0x00007ffd3ec1e000 	C:\windows\System32\msvcrt.dll
0x00007ffd3f360000 - 0x00007ffd3f3fb000 	C:\windows\System32\sechost.dll
0x00007ffd3faf0000 - 0x00007ffd3fc1a000 	C:\windows\System32\RPCRT4.dll
0x00007ffd40340000 - 0x00007ffd404e1000 	C:\windows\System32\USER32.dll
0x00007ffd3ddf0000 - 0x00007ffd3de12000 	C:\windows\System32\win32u.dll
0x00007ffd3f4b0000 - 0x00007ffd3f4db000 	C:\windows\System32\GDI32.dll
0x00007ffd3deb0000 - 0x00007ffd3dfbb000 	C:\windows\System32\gdi32full.dll
0x00007ffd3dc50000 - 0x00007ffd3dced000 	C:\windows\System32\msvcp_win.dll
0x00007ffd3dcf0000 - 0x00007ffd3ddf0000 	C:\windows\System32\ucrtbase.dll
0x00007ffd330b0000 - 0x00007ffd3334a000 	C:\windows\WinSxS\amd64_microsoft.windows.common-controls_6595b64144ccf1df_6.0.19041.1110_none_60b5254171f9507e\COMCTL32.dll
0x00007ffd3fd90000 - 0x00007ffd3fdc0000 	C:\windows\System32\IMM32.DLL
0x000000005caf0000 - 0x000000005cbc2000 	C:\Users\bilguun.amarsaikhan\Downloads\Katalon_Studio_Windows_64-8.1.0 (1)\Katalon_Studio_Windows_64-8.1.0\jre\bin\msvcr100.dll
0x000000005ccb0000 - 0x000000005d575000 	C:\Users\bilguun.amarsaikhan\Downloads\Katalon_Studio_Windows_64-8.1.0 (1)\Katalon_Studio_Windows_64-8.1.0\jre\bin\server\jvm.dll
0x00007ffd401c0000 - 0x00007ffd401c8000 	C:\windows\System32\PSAPI.DLL
0x00007ffd244a0000 - 0x00007ffd244a9000 	C:\windows\SYSTEM32\WSOCK32.dll
0x00007ffd3fc20000 - 0x00007ffd3fc8b000 	C:\windows\System32\WS2_32.dll
0x00007ffd1cf70000 - 0x00007ffd1cf97000 	C:\windows\SYSTEM32\WINMM.dll
0x00007ffd350a0000 - 0x00007ffd350aa000 	C:\windows\SYSTEM32\VERSION.dll
0x00007ffd1ef50000 - 0x00007ffd1ef5f000 	C:\Users\bilguun.amarsaikhan\Downloads\Katalon_Studio_Windows_64-8.1.0 (1)\Katalon_Studio_Windows_64-8.1.0\jre\bin\verify.dll
0x00007ffd1ef20000 - 0x00007ffd1ef49000 	C:\Users\bilguun.amarsaikhan\Downloads\Katalon_Studio_Windows_64-8.1.0 (1)\Katalon_Studio_Windows_64-8.1.0\jre\bin\java.dll
0x00007ffd1ef00000 - 0x00007ffd1ef16000 	C:\Users\bilguun.amarsaikhan\Downloads\Katalon_Studio_Windows_64-8.1.0 (1)\Katalon_Studio_Windows_64-8.1.0\jre\bin\zip.dll
0x00007ffd3ec20000 - 0x00007ffd3f35f000 	C:\windows\System32\SHELL32.dll
0x00007ffd3bc60000 - 0x00007ffd3c3f0000 	C:\windows\SYSTEM32\windows.storage.dll
0x00007ffd3e580000 - 0x00007ffd3e8d5000 	C:\windows\System32\combase.dll
0x00007ffd3d5d0000 - 0x00007ffd3d5fc000 	C:\windows\SYSTEM32\Wldp.dll
0x00007ffd401d0000 - 0x00007ffd4027d000 	C:\windows\System32\SHCORE.dll
0x00007ffd3f5b0000 - 0x00007ffd3f605000 	C:\windows\System32\shlwapi.dll
0x00007ffd3db90000 - 0x00007ffd3dbaf000 	C:\windows\SYSTEM32\profapi.dll
0x00007ffd1eee0000 - 0x00007ffd1eefb000 	C:\Users\bilguun.amarsaikhan\Downloads\Katalon_Studio_Windows_64-8.1.0 (1)\Katalon_Studio_Windows_64-8.1.0\jre\bin\net.dll
0x00007ffd3d330000 - 0x00007ffd3d39a000 	C:\windows\system32\mswsock.dll
0x00007ffd1eec0000 - 0x00007ffd1eed1000 	C:\Users\bilguun.amarsaikhan\Downloads\Katalon_Studio_Windows_64-8.1.0 (1)\Katalon_Studio_Windows_64-8.1.0\jre\bin\nio.dll
0x00007ffd3d060000 - 0x00007ffd3d12c000 	C:\windows\SYSTEM32\DNSAPI.dll
0x00007ffd3d020000 - 0x00007ffd3d05b000 	C:\windows\SYSTEM32\IPHLPAPI.DLL
0x00007ffd3f4e0000 - 0x00007ffd3f4e8000 	C:\windows\System32\NSI.dll
0x00007ffd34a90000 - 0x00007ffd34a9a000 	C:\Windows\System32\rasadhlp.dll
0x00007ffd353e0000 - 0x00007ffd3545f000 	C:\windows\System32\fwpuclnt.dll
0x00007ffd3e020000 - 0x00007ffd3e047000 	C:\windows\System32\bcrypt.dll
0x00007ffd08050000 - 0x00007ffd08074000 	C:\Users\bilguun.amarsaikhan\Downloads\Katalon_Studio_Windows_64-8.1.0 (1)\Katalon_Studio_Windows_64-8.1.0\jre\bin\sunec.dll
0x00007ffd1edb0000 - 0x00007ffd1edbc000 	C:\Users\bilguun.amarsaikhan\Downloads\Katalon_Studio_Windows_64-8.1.0 (1)\Katalon_Studio_Windows_64-8.1.0\jre\bin\sunmscapi.dll
0x00007ffd3e150000 - 0x00007ffd3e2a6000 	C:\windows\System32\CRYPT32.dll
0x00007ffd3d640000 - 0x00007ffd3d667000 	C:\windows\SYSTEM32\ncrypt.dll
0x00007ffd3d600000 - 0x00007ffd3d63b000 	C:\windows\SYSTEM32\NTASN1.dll
0x00007ffd3d530000 - 0x00007ffd3d548000 	C:\windows\SYSTEM32\CRYPTSP.dll
0x00007ffd3cba0000 - 0x00007ffd3cbd4000 	C:\windows\system32\rsaenh.dll
0x00007ffd3db10000 - 0x00007ffd3db3e000 	C:\windows\SYSTEM32\USERENV.dll
0x00007ffd3de20000 - 0x00007ffd3dea3000 	C:\windows\System32\bcryptprimitives.dll
0x00007ffd3d520000 - 0x00007ffd3d52c000 	C:\windows\SYSTEM32\CRYPTBASE.dll
0x00007ffd36c50000 - 0x00007ffd36c67000 	C:\windows\SYSTEM32\dhcpcsvc6.DLL
0x00007ffd36c30000 - 0x00007ffd36c4d000 	C:\windows\SYSTEM32\dhcpcsvc.DLL

VM Arguments:
jvm_args: -Dgroovy.home=C:\Users\bilguun.amarsaikhan/.groovy -Djava.system.class.loader=groovy.lang.GroovyClassLoader -Xmx2048m -Dfile.encoding=UTF-8 
java_command: org.codehaus.groovy.tools.GroovyStarter --classpath C:\Users\bilguun.amarsaikhan\git\modpims-testing\Transfer Workflow\Transfer Workflow\bin\keyword;C:\Users\bilguun.amarsaikhan\git\modpims-testing\Transfer Workflow\Transfer Workflow\Keywords;C:\Users\bilguun.amarsaikhan\git\modpims-testing\Transfer Workflow\Transfer Workflow\bin\listener;C:\Users\bilguun.amarsaikhan\git\modpims-testing\Transfer Workflow\Transfer Workflow\Test Listeners;C:\Users\bilguun.amarsaikhan\git\modpims-testing\Transfer Workflow\Transfer Workflow\bin\lib;C:\Users\bilguun.amarsaikhan\git\modpims-testing\Transfer Workflow\Transfer Workflow\Libs;C:\Users\bilguun.amarsaikhan\git\modpims-testing\Transfer Workflow\Transfer Workflow\bin\groovy;C:\Users\bilguun.amarsaikhan\git\modpims-testing\Transfer Workflow\Transfer Workflow\Include\scripts\groovy;C:\Users\bilguun.amarsaikhan\Downloads\Katalon_Studio_Engine_Windows_64-8.1.0\Katalon_Studio_Engine_Windows_64-8.1.0\plugins\com.kms.katalon.core_1.0.0.202108170301.jar;C:\Users\bilguun.amarsaikhan\Downloads\Katalon_Studio_Engine_Windows_64-8.1.0\Katalon_Studio_Engine_Windows_64-8.1.0\configuration\resources\lib\aalto-xml-1.0.0.jar;C:\Users\bilguun.amarsaikhan\Downloads\Katalon_Studio_Engine_Windows_64-8.1.0\Katalon_Studio_Engine_Windows_64-8.1.0\configuration\resources\lib\aspectjweaver-1.9.1.jar;C:\Users\bilguun.amarsaikhan\Downloads\Katalon_Studio_Engine_Windows_64-8.1.0\Katalon_Studio_Engine_Windows_64-8.1.0\configuration\resources\lib\bcpkix-jdk15on-1.64.jar;C:\Users\bilguun.amarsaikhan\Downloads\Katalon_Studio_Engine_Windows_64-8.1.0\Katalon_Studio_Engine_Windows_64-8.1.0\configuration\resources\lib\bcprov-jdk15on-1.64.jar;C:\Users\bilguun.amarsaikhan\Downloads\Katalon_Studio_Engine_Windows_64-8.1.0\Katalon_Studio_Engine_Windows_64-8.1.0\configuration\resources\lib\browsermob-core-2.1.5.jar;C:\Users\bilguun.amarsaikhan\Downloads\Katalon_Studio_Engine_Windows_64-8.1.0\Katalon_Studio_Engine_Windows_64-8.1.0\configuration\resources\lib
java_class_path (initial): C:\Users\bilguun.amarsaikhan\git\modpims-testing\Transfer Workflow\Transfer Workflow\bin\keyword;C:\Users\bilguun.amarsaikhan\git\modpims-testing\Transfer Workflow\Transfer Workflow\bin\listener;C:\Users\bilguun.amarsaikhan\git\modpims-testing\Transfer Workflow\Transfer Workflow\bin\lib;C:\Users\bilguun.amarsaikhan\git\modpims-testing\Transfer Workflow\Transfer Workflow\bin\groovy;C:\Users\bilguun.amarsaikhan\git\modpims-testing\Transfer Workflow\Transfer Workflow\bin;C:\Users\bilguun.amarsaikhan\Downloads\Katalon_Studio_Engine_Windows_64-8.1.0\Katalon_Studio_Engine_Windows_64-8.1.0\plugins\com.kms.katalon.core_1.0.0.202108170301.jar;C:\Users\bilguun.amarsaikhan\Downloads\Katalon_Studio_Engine_Windows_64-8.1.0\Katalon_Studio_Engine_Windows_64-8.1.0\configuration\resources\lib\aalto-xml-1.0.0.jar;C:\Users\bilguun.amarsaikhan\Downloads\Katalon_Studio_Engine_Windows_64-8.1.0\Katalon_Studio_Engine_Windows_64-8.1.0\configuration\resources\lib\aspectjweaver-1.9.1.jar;C:\Users\bilguun.amarsaikhan\Downloads\Katalon_Studio_Engine_Windows_64-8.1.0\Katalon_Studio_Engine_Windows_64-8.1.0\configuration\resources\lib\bcpkix-jdk15on-1.64.jar;C:\Users\bilguun.amarsaikhan\Downloads\Katalon_Studio_Engine_Windows_64-8.1.0\Katalon_Studio_Engine_Windows_64-8.1.0\configuration\resources\lib\bcprov-jdk15on-1.64.jar;C:\Users\bilguun.amarsaikhan\Downloads\Katalon_Studio_Engine_Windows_64-8.1.0\Katalon_Studio_Engine_Windows_64-8.1.0\configuration\resources\lib\browsermob-core-2.1.5.jar;C:\Users\bilguun.amarsaikhan\Downloads\Katalon_Studio_Engine_Windows_64-8.1.0\Katalon_Studio_Engine_Windows_64-8.1.0\configuration\resources\lib\cglib-3.2.10.jar;C:\Users\bilguun.amarsaikhan\Downloads\Katalon_Studio_Engine_Windows_64-8.1.0\Katalon_Studio_Engine_Windows_64-8.1.0\configuration\resources\lib\commons-codec-1.10.jar;C:\Users\bilguun.amarsaikhan\Downloads\Katalon_Studio_Engine_Windows_64-8.1.0\Katalon_Studio_Engine_Windows_64-8.1.0\configuration\resources\lib\commons-col
Launcher Type: SUN_STANDARD

Environment Variables:
PATH=C:/Users/bilguun.amarsaikhan/Downloads/Katalon_Studio_Windows_64-8.1.0 (1)/Katalon_Studio_Windows_64-8.1.0/jre/bin/server;C:/Users/bilguun.amarsaikhan/Downloads/Katalon_Studio_Windows_64-8.1.0 (1)/Katalon_Studio_Windows_64-8.1.0/jre/bin;C:/Users/bilguun.amarsaikhan/Downloads/Katalon_Studio_Windows_64-8.1.0 (1)/Katalon_Studio_Windows_64-8.1.0/jre/lib/amd64;C:\Program Files\Common Files\Oracle\Java\javapath;C:\windows\system32;C:\windows;C:\windows\System32\Wbem;C:\windows\System32\WindowsPowerShell\v1.0\;C:\windows\System32\OpenSSH\;C:\Program Files (x86)\Microsoft SQL Server\150\DTS\Binn\;C:\Program Files\Azure Data Studio\bin;C:\Program Files\Git\cmd;C:\Program Files\dotnet\;C:\Program Files\Microsoft SQL Server\130\Tools\Binn\;C:\Program Files\Microsoft SQL Server\Client SDK\ODBC\170\Tools\Binn\;C:\Users\bilguun.amarsaikhan\AppData\Local\Microsoft\WindowsApps;C:\Users\bilguun.amarsaikhan\Desktop;C:\Users\bilguun.amarsaikhan\.dotnet\tools;C:\Users\bilguun.amarsaikhan\AppData\Local\Programs\Microsoft VS Code\bin;C:\Users\bilguun.amarsaikhan\Downloads\Katalon_Studio_Windows_64-8.1.0 (1)\Katalon_Studio_Windows_64-8.1.0;
USERNAME=bilguun.amarsaikhan
OS=Windows_NT
PROCESSOR_IDENTIFIER=Intel64 Family 6 Model 63 Stepping 2, GenuineIntel



---------------  S Y S T E M  ---------------

OS: Windows 10.0 , 64 bit Build 19041 (10.0.19041.1202)
HyperV virtualization detected

CPU:total 2 (initial active 2) (2 cores per cpu, 1 threads per core) family 6 model 63 stepping 2, cmov, cx8, fxsr, mmx, sse, sse2, sse3, ssse3, sse4.1, sse4.2, popcnt, avx, avx2, aes, clmul, erms, lzcnt, tsc, bmi1, bmi2

Memory: 4k page, physical 8388148k(1013536k free), swap 10485040k(2700k free)

vm_info: OpenJDK 64-Bit Server VM (25.282-b08) for windows-amd64 JRE (Zulu 8.52.0.23-CA-win64) (1.8.0_282-b08), built on Jan 12 2021 07:45:49 by "tester" with MS VC++ 10.0 (VS2010)

time: Thu Nov 04 10:46:52 2021
timezone: Eastern Daylight Time
elapsed time: 7.683031 seconds (0d 0h 0m 7s)

