JvmtiExport can_access_local_variables 0
JvmtiExport can_hotswap_or_post_breakpoint 0
JvmtiExport can_post_on_exceptions 0
# 109 ciObject found
ciMethod java/nio/Buffer <init> (IIII)V 4097 1 5424 0 -1
ciMethod java/nio/CharBuffer <init> (IIII[CI)V 2329 1 4530 0 -1
ciMethod java/nio/HeapCharBuffer <init> (II)V 2305 1 3104 0 -1
ciMethodData java/nio/Buffer <init> (IIII)V 2 5424 orig 264 200 223 100 96 0 0 0 0 80 168 101 22 0 0 0 0 40 4 0 0 208 0 0 0 0 0 0 0 0 0 0 0 0 0 0 0 0 0 0 0 0 0 0 0 0 0 0 0 0 0 0 0 0 0 0 0 0 0 0 0 0 0 0 0 0 0 0 0 0 0 0 0 0 0 0 0 0 0 0 0 77 68 79 32 101 120 116 114 97 32 100 97 116 97 32 108 111 99 107 0 0 0 0 0 0 0 0 0 0 0 0 0 0 0 0 0 0 0 0 0 0 0 0 0 0 0 0 0 0 0 0 0 0 0 0 0 0 0 0 0 0 0 0 0 0 0 0 0 0 0 0 0 0 0 0 0 0 0 0 0 0 0 0 0 0 0 0 0 0 0 0 0 0 0 0 0 0 0 0 0 0 0 0 0 0 0 0 0 0 0 0 0 0 0 0 0 0 0 0 0 0 0 0 0 0 0 0 0 0 0 0 0 0 0 0 0 0 2 0 0 129 153 0 0 1 0 0 0 0 0 0 0 0 0 0 0 2 0 0 0 0 0 10 0 2 0 0 0 192 2 0 0 255 255 255 255 2 0 1 0 0 0 0 0 data 88 0x10002 0x1330 0x100007 0x1330 0xd0 0x0 0x1b0002 0x0 0x200005 0x0 0x0 0x0 0x0 0x0 0x250005 0x0 0x0 0x0 0x0 0x0 0x280005 0x0 0x0 0x0 0x0 0x0 0x2b0002 0x0 0x370005 0x88 0x18a78790 0x238 0x18a754d0 0x1070 0x3d0005 0x88 0x18a78790 0x238 0x18a754d0 0x1070 0x420007 0x1330 0x180 0x0 0x470007 0x0 0x160 0x0 0x520002 0x0 0x570005 0x0 0x0 0x0 0x0 0x0 0x5b0005 0x0 0x0 0x0 0x0 0x0 0x600005 0x0 0x0 0x0 0x0 0x0 0x640005 0x0 0x0 0x0 0x0 0x0 0x690005 0x0 0x0 0x0 0x0 0x0 0x6c0005 0x0 0x0 0x0 0x0 0x0 0x6f0002 0x0 oops 4 30 java/nio/HeapByteBuffer 32 java/nio/HeapCharBuffer 36 java/nio/HeapByteBuffer 38 java/nio/HeapCharBuffer
ciMethodData java/nio/CharBuffer <init> (IIII[CI)V 2 4530 orig 264 200 223 100 96 0 0 0 0 192 84 117 22 0 0 0 0 96 1 0 0 0 0 0 0 0 0 0 0 0 0 0 0 0 0 0 0 0 0 0 0 0 0 0 0 0 0 0 0 0 0 0 0 0 0 0 0 0 0 0 0 0 0 0 0 0 0 0 0 0 0 0 0 0 0 0 0 0 0 0 0 77 68 79 32 101 120 116 114 97 32 100 97 116 97 32 108 111 99 107 0 0 0 0 0 0 0 0 0 0 0 0 0 0 0 0 0 0 0 0 0 0 0 0 0 0 0 0 0 0 0 0 0 0 0 0 0 0 0 0 0 0 0 0 0 0 0 0 0 0 0 0 0 0 0 0 0 0 0 0 0 0 0 0 0 0 0 0 0 0 0 0 0 0 0 0 0 0 0 0 0 0 0 0 0 0 0 0 0 0 0 0 0 0 0 0 0 0 0 0 0 0 0 0 0 0 0 0 0 0 0 0 0 0 0 0 0 35 1 0 0 121 132 0 0 1 0 0 0 0 0 0 0 0 0 0 0 2 0 0 0 0 0 3 0 2 0 0 0 16 0 0 0 255 255 255 255 2 0 6 0 0 0 0 0 data 2 0x60002 0x108f oops 0
ciMethodData java/nio/HeapCharBuffer <init> (II)V 2 3104 orig 264 200 223 100 96 0 0 0 0 208 133 117 22 0 0 0 0 64 1 0 0 0 0 0 0 0 0 0 0 0 0 0 0 0 0 0 0 0 0 0 0 0 0 0 0 0 0 0 0 0 0 0 0 0 0 0 0 0 0 0 0 0 0 0 0 0 0 0 0 0 0 0 0 0 0 0 0 0 0 0 0 77 68 79 32 101 120 116 114 97 32 100 97 116 97 32 108 111 99 107 0 0 0 0 0 0 0 0 0 0 0 0 0 0 0 0 0 0 0 0 0 0 0 0 0 0 0 0 0 0 0 0 0 0 0 0 0 0 0 0 0 0 0 0 0 0 0 0 0 0 0 0 0 0 0 0 0 0 0 0 0 0 0 0 0 0 0 0 0 0 0 0 0 0 0 0 0 0 0 0 0 0 0 0 0 0 0 0 0 0 0 0 0 0 0 0 0 0 0 0 0 0 0 0 0 0 0 0 0 0 0 0 0 0 0 0 0 32 1 0 0 1 88 0 0 1 0 0 0 0 0 0 0 0 0 0 0 2 0 0 0 0 0 0 0 0 0 0 0 16 0 0 0 255 255 255 255 2 0 9 0 0 0 0 0 data 2 0x90002 0xaff oops 0
instanceKlass org/openqa/selenium/remote/InitialHandshakeResponse
instanceKlass com/google/common/base/MoreObjects
instanceKlass com/google/common/net/MediaType$Tokenizer
instanceKlass org/openqa/selenium/remote/internal/OkHttpClient$$Lambda$213
instanceKlass org/openqa/selenium/remote/internal/OkHttpClient$$Lambda$212
instanceKlass okhttp3/internal/http1/Http1Codec$AbstractSource
instanceKlass okhttp3/internal/http/HttpHeaders
instanceKlass okhttp3/Response$Builder
instanceKlass okhttp3/internal/http/StatusLine
instanceKlass okhttp3/internal/http1/Http1Codec$FixedLengthSink
instanceKlass okio/ForwardingSink
instanceKlass okio/Segment
instanceKlass okio/SegmentPool
instanceKlass okhttp3/internal/http/RequestLine
instanceKlass okhttp3/internal/http1/Http1Codec
instanceKlass okio/RealBufferedSink
instanceKlass okio/AsyncTimeout$1
instanceKlass okio/Okio$1
instanceKlass okio/RealBufferedSource
instanceKlass okio/AsyncTimeout$2
instanceKlass okio/Okio$2
instanceKlass okio/Timeout
instanceKlass okio/Okio
instanceKlass okhttp3/internal/connection/ConnectionSpecSelector
instanceKlass okhttp3/internal/ws/RealWebSocket$Streams
instanceKlass okhttp3/internal/http/HttpCodec
instanceKlass okhttp3/internal/http2/Http2Connection$Listener
instanceKlass okhttp3/internal/connection/RouteSelector$Selection
instanceKlass okhttp3/Route
instanceKlass java/util/ArrayDeque$DeqIterator
instanceKlass okhttp3/CacheControl$Builder
instanceKlass okhttp3/CacheControl
instanceKlass okhttp3/internal/cache/CacheStrategy
instanceKlass okhttp3/internal/cache/CacheStrategy$Factory
instanceKlass okhttp3/internal/connection/RouteSelector
instanceKlass okhttp3/Address
instanceKlass okhttp3/internal/connection/StreamAllocation
instanceKlass okhttp3/Connection
instanceKlass okhttp3/internal/http/RealInterceptorChain
instanceKlass okhttp3/internal/http/CallServerInterceptor
instanceKlass okhttp3/internal/connection/ConnectInterceptor
instanceKlass okhttp3/internal/cache/CacheInterceptor
instanceKlass okhttp3/internal/http/BridgeInterceptor
instanceKlass okhttp3/internal/http/RetryAndFollowUpInterceptor
instanceKlass okhttp3/RealCall
instanceKlass okhttp3/Headers
instanceKlass okhttp3/Request
instanceKlass okhttp3/internal/http/HttpMethod
instanceKlass com/google/common/io/ByteArrayDataInput
instanceKlass com/google/common/io/ByteArrayDataOutput
instanceKlass com/google/common/io/ByteStreams
instanceKlass okhttp3/MediaType
instanceKlass org/openqa/selenium/remote/internal/OkHttpClient$1
instanceKlass org/openqa/selenium/BuildInfo
instanceKlass com/google/common/collect/CollectSpliterators$1$$Lambda$211
instanceKlass com/google/common/collect/CollectSpliterators$1
instanceKlass com/google/common/collect/AbstractMapBasedMultimap$$Lambda$210
instanceKlass com/google/common/collect/CollectSpliterators$1FlatMapSpliterator$$Lambda$209
instanceKlass java/util/stream/Collectors$$Lambda$208
instanceKlass java/util/stream/Collectors$$Lambda$207
instanceKlass java/util/stream/Collectors$$Lambda$206
instanceKlass org/openqa/selenium/remote/http/HttpMessage$$Lambda$205
instanceKlass org/openqa/selenium/remote/http/HttpMessage$$Lambda$204
instanceKlass org/openqa/selenium/remote/http/HttpMessage$$Lambda$203
instanceKlass com/google/common/collect/CollectSpliterators$1FlatMapSpliterator
instanceKlass com/google/common/collect/CollectSpliterators
instanceKlass com/google/common/collect/AbstractMapBasedMultimap$$Lambda$202
instanceKlass com/google/common/collect/AbstractMapBasedMultimap$KeySet$1
instanceKlass sun/text/normalizer/VersionInfo
instanceKlass sun/net/idn/StringPrep$StringPrepTrieImpl
instanceKlass sun/net/idn/StringPrepDataReader
instanceKlass sun/net/idn/StringPrep
instanceKlass java/net/IDN
instanceKlass okhttp3/HttpUrl$Builder
instanceKlass okhttp3/HttpUrl
instanceKlass okhttp3/Headers$Builder
instanceKlass okhttp3/Request$Builder
instanceKlass com/google/common/collect/SortedSetMultimap
instanceKlass com/google/common/collect/Multimaps
instanceKlass com/google/common/net/MediaType$2
instanceKlass com/google/common/base/Joiner$MapJoiner
instanceKlass com/google/common/base/Joiner
instanceKlass com/google/common/primitives/Ints
instanceKlass com/google/common/collect/AbstractMapBasedMultiset$2
instanceKlass com/google/common/collect/Multisets$AbstractEntry
instanceKlass com/google/common/collect/Count
instanceKlass com/google/common/collect/Collections2
instanceKlass com/google/common/collect/Iterables
instanceKlass com/google/common/collect/Multiset$Entry
instanceKlass com/google/common/collect/SortedMultiset
instanceKlass com/google/common/collect/SortedMultisetBridge
instanceKlass com/google/common/collect/Multisets
instanceKlass com/google/common/collect/TransformedIterator
instanceKlass com/google/common/collect/Maps$13
instanceKlass com/google/common/base/ExtraObjectsMethodsForWeb
instanceKlass com/google/common/collect/Maps$9
instanceKlass com/google/common/net/MediaType$1
instanceKlass java/util/DualPivotQuicksort
instanceKlass com/google/common/base/CharMatcher
instanceKlass com/google/common/collect/ImmutableMultimap$Builder
instanceKlass com/google/common/base/Ascii
instanceKlass com/google/common/base/Charsets
instanceKlass com/google/common/net/MediaType
instanceKlass com/google/common/collect/Maps$EntryTransformer
instanceKlass com/google/common/collect/SortedMapDifference
instanceKlass com/google/common/collect/MapDifference
instanceKlass com/google/common/base/Converter
instanceKlass com/google/common/collect/Maps
instanceKlass com/google/common/collect/Multiset
instanceKlass com/google/common/collect/ListMultimap
instanceKlass org/openqa/selenium/remote/http/HttpMessage
instanceKlass org/openqa/selenium/remote/NewSessionPayload$$Lambda$201
instanceKlass org/openqa/selenium/remote/NewSessionPayload$$Lambda$200
instanceKlass org/openqa/selenium/remote/NewSessionPayload$$Lambda$199
instanceKlass org/openqa/selenium/remote/NewSessionPayload$$Lambda$198
instanceKlass java/util/stream/Streams$2
instanceKlass java/util/stream/Streams
instanceKlass java/util/stream/AbstractPipeline$$Lambda$197
instanceKlass java/util/stream/Streams$ConcatSpliterator
instanceKlass org/openqa/selenium/remote/NewSessionPayload$$Lambda$196
instanceKlass org/openqa/selenium/remote/NewSessionPayload$$Lambda$195
instanceKlass org/openqa/selenium/remote/NewSessionPayload$$Lambda$194
instanceKlass org/openqa/selenium/remote/NewSessionPayload$$Lambda$193
instanceKlass org/openqa/selenium/remote/NewSessionPayload$$Lambda$192
instanceKlass org/openqa/selenium/remote/NewSessionPayload$$Lambda$191
instanceKlass org/openqa/selenium/remote/NewSessionPayload$$Lambda$190
instanceKlass org/openqa/selenium/remote/session/SafariFilter$$Lambda$189
instanceKlass org/openqa/selenium/remote/session/SafariFilter$$Lambda$188
instanceKlass org/openqa/selenium/remote/session/SafariFilter$$Lambda$187
instanceKlass org/openqa/selenium/remote/session/SafariFilter$$Lambda$186
instanceKlass org/openqa/selenium/remote/session/OperaFilter$$Lambda$185
instanceKlass org/openqa/selenium/remote/session/OperaFilter$$Lambda$184
instanceKlass org/openqa/selenium/remote/session/OperaFilter$$Lambda$183
instanceKlass org/openqa/selenium/remote/session/OperaFilter$$Lambda$182
instanceKlass org/openqa/selenium/remote/session/InternetExplorerFilter$$Lambda$181
instanceKlass org/openqa/selenium/remote/session/InternetExplorerFilter$$Lambda$180
instanceKlass org/openqa/selenium/remote/session/InternetExplorerFilter$$Lambda$179
instanceKlass org/openqa/selenium/remote/session/InternetExplorerFilter$$Lambda$178
instanceKlass org/openqa/selenium/remote/session/FirefoxFilter$$Lambda$177
instanceKlass org/openqa/selenium/remote/session/FirefoxFilter$$Lambda$176
instanceKlass org/openqa/selenium/remote/session/FirefoxFilter$$Lambda$175
instanceKlass org/openqa/selenium/remote/session/FirefoxFilter$$Lambda$174
instanceKlass org/openqa/selenium/remote/session/FirefoxFilter$$Lambda$173
instanceKlass org/openqa/selenium/remote/session/FirefoxFilter$$Lambda$172
instanceKlass com/google/common/collect/CollectCollectors$$Lambda$171
instanceKlass com/google/common/collect/CollectCollectors$$Lambda$170
instanceKlass com/google/common/collect/CollectCollectors$$Lambda$169
instanceKlass java/lang/invoke/LambdaForm$DMH
instanceKlass com/google/common/collect/CollectCollectors$$Lambda$168
instanceKlass org/openqa/selenium/remote/session/EdgeFilter$$Lambda$167
instanceKlass org/openqa/selenium/remote/session/EdgeFilter$$Lambda$166
instanceKlass org/openqa/selenium/remote/session/EdgeFilter$$Lambda$165
instanceKlass org/openqa/selenium/remote/session/EdgeFilter$$Lambda$164
instanceKlass java/util/stream/Collectors$$Lambda$163
instanceKlass java/util/stream/Collectors$$Lambda$162
instanceKlass org/openqa/selenium/remote/NewSessionPayload$$Lambda$161
instanceKlass org/openqa/selenium/remote/NewSessionPayload$$Lambda$160
instanceKlass org/openqa/selenium/remote/NewSessionPayload$$Lambda$159
instanceKlass org/openqa/selenium/remote/NewSessionPayload$$Lambda$158
instanceKlass org/openqa/selenium/remote/NewSessionPayload$$Lambda$157
instanceKlass java/util/stream/StreamSpliterators$WrappingSpliterator$$Lambda$156
instanceKlass java/util/stream/StreamSpliterators$WrappingSpliterator$$Lambda$155
instanceKlass java/lang/invoke/LambdaForm$DMH
instanceKlass java/util/concurrent/ForkJoinPool$DefaultCommonPoolForkJoinWorkerThreadFactory
instanceKlass java/util/concurrent/ForkJoinPool$1
instanceKlass java/util/concurrent/ForkJoinPool$DefaultForkJoinWorkerThreadFactory
instanceKlass java/util/concurrent/ForkJoinPool$WorkQueue
instanceKlass java/util/concurrent/ForkJoinPool$ForkJoinWorkerThreadFactory
instanceKlass java/util/concurrent/ForkJoinTask
instanceKlass java/util/stream/StreamSpliterators$AbstractWrappingSpliterator
instanceKlass java/util/stream/AbstractPipeline$$Lambda$154
instanceKlass java/util/stream/Collectors$$Lambda$153
instanceKlass java/util/stream/Collectors$$Lambda$152
instanceKlass java/lang/invoke/LambdaForm$DMH
instanceKlass org/openqa/selenium/remote/session/ChromeFilter$$Lambda$151
instanceKlass org/openqa/selenium/remote/session/ChromeFilter$$Lambda$150
instanceKlass org/openqa/selenium/remote/session/ChromeFilter$$Lambda$149
instanceKlass org/openqa/selenium/remote/session/ChromeFilter$$Lambda$148
instanceKlass java/util/stream/DistinctOps
instanceKlass org/openqa/selenium/remote/session/ChromeFilter$$Lambda$147
instanceKlass org/openqa/selenium/remote/session/ChromeFilter$$Lambda$146
instanceKlass java/util/TreeMap$EntrySpliterator$$Lambda$145
instanceKlass java/lang/invoke/LambdaForm$BMH
instanceKlass java/lang/invoke/LambdaForm$MH
instanceKlass java/lang/invoke/LambdaForm$BMH
instanceKlass java/lang/invoke/LambdaForm$BMH
instanceKlass java/util/TreeMap$TreeMapSpliterator
instanceKlass org/openqa/selenium/remote/NewSessionPayload$$Lambda$144
instanceKlass org/openqa/selenium/remote/NewSessionPayload$$Lambda$143
instanceKlass org/openqa/selenium/remote/NewSessionPayload$$Lambda$142
instanceKlass org/openqa/selenium/remote/NewSessionPayload$$Lambda$141
instanceKlass org/openqa/selenium/remote/NewSessionPayload$$Lambda$140
instanceKlass org/openqa/selenium/remote/NewSessionPayload$$Lambda$139
instanceKlass org/openqa/selenium/remote/NewSessionPayload$$Lambda$138
instanceKlass com/google/common/collect/CollectCollectors$$Lambda$137
instanceKlass com/google/common/collect/CollectCollectors$$Lambda$136
instanceKlass com/google/common/collect/CollectCollectors$$Lambda$135
instanceKlass com/google/common/collect/CollectCollectors$$Lambda$134
instanceKlass com/google/common/collect/CollectCollectors$$Lambda$133
instanceKlass com/google/common/collect/CollectCollectors$$Lambda$132
instanceKlass com/google/common/collect/CollectCollectors$$Lambda$131
instanceKlass com/google/common/collect/RangeGwtSerializationDependencies
instanceKlass com/google/common/base/Predicate
instanceKlass com/google/common/collect/CollectCollectors$$Lambda$130
instanceKlass com/google/common/collect/ImmutableRangeSet$Builder
instanceKlass com/google/common/collect/AbstractRangeSet
instanceKlass com/google/common/collect/RangeSet
instanceKlass com/google/common/collect/CollectCollectors$$Lambda$129
instanceKlass com/google/common/collect/CollectCollectors$$Lambda$128
instanceKlass java/lang/invoke/LambdaForm$BMH
instanceKlass com/google/common/collect/CollectCollectors$$Lambda$127
instanceKlass com/google/common/collect/CollectCollectors$$Lambda$126
instanceKlass com/google/common/collect/CollectCollectors$$Lambda$125
instanceKlass com/google/common/collect/CollectCollectors$$Lambda$124
instanceKlass com/google/common/collect/CollectCollectors$$Lambda$123
instanceKlass com/google/common/collect/CollectCollectors$$Lambda$122
instanceKlass com/google/common/collect/CollectCollectors
instanceKlass com/google/common/collect/SortedIterable
instanceKlass com/google/common/collect/Ordering
instanceKlass org/openqa/selenium/remote/NewSessionPayload$$Lambda$121
instanceKlass org/openqa/selenium/remote/NewSessionPayload$$Lambda$120
instanceKlass java/util/NavigableSet
instanceKlass com/google/common/collect/Sets
instanceKlass org/openqa/selenium/remote/NewSessionPayload$$Lambda$119
instanceKlass org/openqa/selenium/remote/NewSessionPayload$$Lambda$118
instanceKlass org/openqa/selenium/remote/NewSessionPayload$$Lambda$117
instanceKlass org/openqa/selenium/remote/NewSessionPayload$$Lambda$116
instanceKlass org/openqa/selenium/remote/NewSessionPayload$$Lambda$115
instanceKlass java/util/Collections$2
instanceKlass org/openqa/selenium/json/JsonInput$1
instanceKlass org/openqa/selenium/json/CollectionCoercer$$Lambda$114
instanceKlass org/openqa/selenium/json/CollectionCoercer$$Lambda$113
instanceKlass org/openqa/selenium/json/ObjectCoercer$1
instanceKlass org/openqa/selenium/json/ObjectCoercer$$Lambda$112
instanceKlass org/openqa/selenium/json/StringCoercer$1
instanceKlass org/openqa/selenium/json/StringCoercer$$Lambda$111
instanceKlass org/openqa/selenium/json/MapCoercer$$Lambda$110
instanceKlass org/openqa/selenium/json/JsonInputIterator
instanceKlass org/openqa/selenium/json/JsonTypeCoercer$$Lambda$109
instanceKlass org/openqa/selenium/json/JsonTypeCoercer$$Lambda$108
instanceKlass org/openqa/selenium/json/JsonTypeCoercer$$Lambda$107
instanceKlass org/openqa/selenium/json/MapCoercer$$Lambda$106
instanceKlass org/openqa/selenium/json/JsonTypeCoercer$$Lambda$105
instanceKlass org/openqa/selenium/remote/Response
instanceKlass com/google/common/primitives/Primitives
instanceKlass org/openqa/selenium/json/Types
instanceKlass org/openqa/selenium/json/JsonTypeCoercer$$Lambda$104
instanceKlass org/openqa/selenium/json/JsonTypeCoercer$$Lambda$103
instanceKlass org/openqa/selenium/json/Input
instanceKlass org/openqa/selenium/json/JsonInput
instanceKlass org/openqa/selenium/remote/session/W3CPlatformNameNormaliser
instanceKlass org/openqa/selenium/remote/session/StripAnyPlatform
instanceKlass org/openqa/selenium/remote/session/ProxyTransform
instanceKlass org/openqa/selenium/remote/NewSessionPayload$$Lambda$102
instanceKlass org/openqa/selenium/remote/session/CapabilityTransform
instanceKlass org/openqa/selenium/remote/session/SafariFilter
instanceKlass org/openqa/selenium/remote/session/OperaFilter
instanceKlass org/openqa/selenium/remote/session/InternetExplorerFilter
instanceKlass org/openqa/selenium/remote/session/FirefoxFilter
instanceKlass org/openqa/selenium/remote/session/EdgeFilter
instanceKlass org/openqa/selenium/remote/session/ChromeFilter
instanceKlass org/openqa/selenium/remote/NewSessionPayload$$Lambda$101
instanceKlass org/openqa/selenium/remote/session/CapabilitiesFilter
instanceKlass com/google/common/io/CharStreams
instanceKlass org/openqa/selenium/json/JsonOutput$$Lambda$100
instanceKlass java/util/stream/Sink$ChainedInt
instanceKlass java/util/stream/Sink$OfInt
instanceKlass java/util/function/IntConsumer
instanceKlass java/util/Spliterators$IntIteratorSpliterator
instanceKlass java/lang/CharSequence$1CharIterator
instanceKlass java/util/PrimitiveIterator$OfInt
instanceKlass java/util/PrimitiveIterator
instanceKlass org/openqa/selenium/json/JsonOutput$$Lambda$99
instanceKlass org/openqa/selenium/json/JsonOutput$$Lambda$98
instanceKlass java/util/function/IntFunction
instanceKlass java/lang/invoke/LambdaForm$DMH
instanceKlass java/lang/CharSequence$$Lambda$97
instanceKlass org/openqa/selenium/json/JsonOutput$$Lambda$96
instanceKlass org/openqa/selenium/json/JsonOutput$$Lambda$95
instanceKlass org/openqa/selenium/json/JsonOutput$$Lambda$94
instanceKlass java/lang/invoke/LambdaForm$DMH
instanceKlass com/google/common/collect/AbstractMultimap
instanceKlass com/google/common/collect/SetMultimap
instanceKlass com/google/common/collect/Multimap
instanceKlass org/openqa/selenium/json/JsonOutput$$Lambda$93
instanceKlass org/openqa/selenium/json/JsonOutput$$Lambda$92
instanceKlass org/openqa/selenium/json/JsonOutput$$Lambda$91
instanceKlass org/openqa/selenium/json/JsonOutput$$Lambda$90
instanceKlass org/openqa/selenium/json/JsonOutput$$Lambda$89
instanceKlass org/openqa/selenium/json/JsonOutput$$Lambda$88
instanceKlass org/openqa/selenium/json/JsonOutput$$Lambda$87
instanceKlass org/openqa/selenium/json/JsonOutput$$Lambda$86
instanceKlass org/openqa/selenium/json/JsonOutput$$Lambda$85
instanceKlass org/openqa/selenium/json/JsonOutput$$Lambda$84
instanceKlass org/openqa/selenium/json/JsonOutput$$Lambda$83
instanceKlass org/openqa/selenium/json/JsonOutput$$Lambda$82
instanceKlass org/openqa/selenium/json/JsonOutput$$Lambda$81
instanceKlass org/openqa/selenium/json/JsonOutput$$Lambda$80
instanceKlass org/openqa/selenium/json/JsonOutput$$Lambda$79
instanceKlass org/openqa/selenium/json/JsonOutput$$Lambda$78
instanceKlass org/openqa/selenium/json/JsonOutput$$Lambda$77
instanceKlass org/openqa/selenium/json/JsonOutput$$Lambda$76
instanceKlass org/openqa/selenium/remote/SessionId
instanceKlass org/openqa/selenium/json/JsonOutput$$Lambda$75
instanceKlass org/openqa/selenium/json/JsonOutput$$Lambda$74
instanceKlass org/openqa/selenium/json/JsonOutput$$Lambda$73
instanceKlass org/openqa/selenium/json/JsonOutput$$Lambda$72
instanceKlass org/openqa/selenium/json/JsonOutput$$Lambda$71
instanceKlass org/openqa/selenium/json/JsonOutput$$Lambda$70
instanceKlass org/openqa/selenium/json/JsonOutput$$Lambda$69
instanceKlass org/openqa/selenium/json/JsonOutput$$Lambda$68
instanceKlass org/openqa/selenium/json/JsonOutput$$Lambda$67
instanceKlass org/openqa/selenium/json/JsonOutput$$Lambda$66
instanceKlass org/openqa/selenium/json/JsonOutput$$Lambda$65
instanceKlass org/openqa/selenium/json/JsonOutput$$Lambda$64
instanceKlass org/openqa/selenium/json/JsonOutput$$Lambda$63
instanceKlass org/openqa/selenium/json/JsonOutput$$Lambda$62
instanceKlass org/openqa/selenium/json/JsonOutput$$Lambda$61
instanceKlass org/openqa/selenium/json/JsonOutput$$Lambda$60
instanceKlass org/openqa/selenium/json/JsonOutput$$Lambda$59
instanceKlass org/openqa/selenium/json/JsonOutput$$Lambda$58
instanceKlass org/openqa/selenium/json/JsonOutput$$Lambda$57
instanceKlass org/openqa/selenium/json/JsonOutput$$Lambda$56
instanceKlass org/openqa/selenium/json/JsonOutput$$Lambda$55
instanceKlass org/openqa/selenium/json/JsonOutput$SafeBiConsumer
instanceKlass org/openqa/selenium/json/JsonOutput$$Lambda$54
instanceKlass org/openqa/selenium/json/JsonOutput$Node
instanceKlass org/openqa/selenium/json/JsonOutput$$Lambda$53
instanceKlass com/google/common/collect/ImmutableMap$Builder
instanceKlass org/openqa/selenium/json/JsonOutput$$Lambda$52
instanceKlass org/openqa/selenium/json/JsonOutput
instanceKlass org/openqa/selenium/json/JsonTypeCoercer$$Lambda$51
instanceKlass org/openqa/selenium/json/JsonTypeCoercer$$Lambda$50
instanceKlass org/openqa/selenium/json/JsonTypeCoercer$$Lambda$49
instanceKlass org/openqa/selenium/json/JsonTypeCoercer$$Lambda$48
instanceKlass java/util/stream/Collectors$$Lambda$47
instanceKlass java/util/stream/Collectors$$Lambda$46
instanceKlass java/lang/invoke/LambdaForm$DMH
instanceKlass org/openqa/selenium/json/JsonTypeCoercer$$Lambda$45
instanceKlass java/util/stream/Collectors$$Lambda$44
instanceKlass java/util/stream/Collectors
instanceKlass java/util/stream/Collectors$CollectorImpl
instanceKlass java/util/stream/Collector
instanceKlass org/openqa/selenium/json/JsonTypeCoercer$$Lambda$43
instanceKlass org/openqa/selenium/json/JsonTypeCoercer$$Lambda$42
instanceKlass org/openqa/selenium/json/JsonTypeCoercer$$Lambda$41
instanceKlass org/openqa/selenium/json/JsonTypeCoercer$$Lambda$40
instanceKlass org/openqa/selenium/json/JsonTypeCoercer$$Lambda$39
instanceKlass org/openqa/selenium/json/JsonTypeCoercer$$Lambda$38
instanceKlass java/lang/invoke/LambdaForm$DMH
instanceKlass org/openqa/selenium/json/JsonTypeCoercer$$Lambda$37
instanceKlass org/openqa/selenium/json/JsonTypeCoercer$$Lambda$36
instanceKlass java/lang/invoke/LambdaForm$DMH
instanceKlass org/openqa/selenium/json/JsonTypeCoercer$$Lambda$35
instanceKlass java/lang/invoke/LambdaForm$DMH
instanceKlass org/openqa/selenium/json/JsonTypeCoercer$$Lambda$34
instanceKlass java/lang/invoke/LambdaForm$DMH
instanceKlass org/openqa/selenium/json/TypeCoercer
instanceKlass org/openqa/selenium/json/JsonTypeCoercer
instanceKlass com/google/common/reflect/TypeCapture
instanceKlass org/openqa/selenium/json/Json
instanceKlass java/util/function/Predicate$$Lambda$33
instanceKlass java/lang/invoke/LambdaForm$DMH
instanceKlass java/util/regex/Pattern$$Lambda$32
instanceKlass java/lang/invoke/LambdaForm$DMH
instanceKlass java/util/stream/ReduceOps$Box
instanceKlass java/util/stream/ReduceOps$AccumulatingSink
instanceKlass java/util/stream/ReduceOps$ReduceOp
instanceKlass java/util/stream/ReduceOps
instanceKlass org/openqa/selenium/remote/AcceptedW3CCapabilityKeys$$Lambda$31
instanceKlass java/util/function/BinaryOperator
instanceKlass java/lang/invoke/LambdaForm$DMH
instanceKlass org/openqa/selenium/remote/AcceptedW3CCapabilityKeys$$Lambda$30
instanceKlass java/lang/invoke/LambdaForm$DMH
instanceKlass org/openqa/selenium/remote/AcceptedW3CCapabilityKeys$$Lambda$29
instanceKlass org/openqa/selenium/remote/AcceptedW3CCapabilityKeys$$Lambda$28
instanceKlass java/util/Spliterators$ArraySpliterator
instanceKlass org/openqa/selenium/remote/AcceptedW3CCapabilityKeys
instanceKlass org/openqa/selenium/remote/CommandCodec
instanceKlass org/openqa/selenium/remote/ResponseCodec
instanceKlass org/openqa/selenium/remote/NewSessionPayload
instanceKlass com/google/common/io/CharSource
instanceKlass com/google/common/hash/PrimitiveSink
instanceKlass com/google/common/io/ByteSource
instanceKlass org/openqa/selenium/logging/LogEntry$$Lambda$27
instanceKlass org/openqa/selenium/remote/ProtocolHandshake
instanceKlass sun/net/www/http/KeepAliveEntry
instanceKlass sun/net/www/http/KeepAliveCache$1
instanceKlass sun/net/www/http/KeepAliveStreamCleaner$2
instanceKlass sun/net/www/http/KeepAliveStreamCleaner$1
instanceKlass sun/net/www/http/Hurryable
instanceKlass java/net/Socket$2
instanceKlass sun/net/www/protocol/http/AuthCacheImpl
instanceKlass sun/net/www/protocol/http/AuthCache
instanceKlass sun/net/www/protocol/http/AuthCacheValue
instanceKlass org/apache/commons/exec/StreamPumper
instanceKlass java/io/FileOutputStream$1
instanceKlass java/lang/ProcessImpl$2
instanceKlass java/lang/ProcessBuilder
instanceKlass sun/net/www/http/HttpCapture$1
instanceKlass sun/net/www/http/HttpCapture
instanceKlass sun/net/www/http/KeepAliveKey
instanceKlass sun/net/NetworkClient$1
instanceKlass sun/net/NetworkClient
instanceKlass sun/net/www/protocol/http/HttpURLConnection$7
instanceKlass org/apache/commons/exec/environment/DefaultProcessingEnvironment
instanceKlass java/net/ResponseCache
instanceKlass sun/net/www/protocol/http/HttpURLConnection$3
instanceKlass java/net/CookieHandler
instanceKlass sun/net/www/protocol/http/HttpURLConnection$2
instanceKlass java/util/logging/Logger$1
instanceKlass sun/net/www/protocol/http/HttpURLConnection$$Lambda$26
instanceKlass org/apache/commons/exec/environment/EnvironmentUtils
instanceKlass sun/nio/ch/Interruptible
instanceKlass java/util/concurrent/locks/LockSupport
instanceKlass java/util/concurrent/FutureTask$WaitNode
instanceKlass java/util/concurrent/FutureTask
instanceKlass java/util/concurrent/RunnableFuture
instanceKlass java/util/concurrent/Future
instanceKlass org/openqa/selenium/net/UrlChecker$$Lambda$25
instanceKlass com/google/common/util/concurrent/SimpleTimeLimiter
instanceKlass org/openqa/selenium/net/UrlChecker$$Lambda$24
instanceKlass java/lang/invoke/LambdaForm$DMH
instanceKlass com/google/common/util/concurrent/TimeLimiter
instanceKlass org/openqa/selenium/net/UrlChecker
instanceKlass org/apache/commons/exec/DefaultExecutor$1
instanceKlass java/util/Collections$UnmodifiableMap$UnmodifiableEntrySet$UnmodifiableEntry
instanceKlass java/util/Collections$UnmodifiableMap$UnmodifiableEntrySet$1
instanceKlass org/apache/commons/exec/CommandLine$Argument
instanceKlass org/apache/commons/exec/util/StringUtils
instanceKlass org/apache/commons/exec/CommandLine
instanceKlass org/apache/commons/exec/OS
instanceKlass org/apache/commons/exec/launcher/CommandLauncherImpl
instanceKlass org/apache/commons/exec/launcher/CommandLauncher
instanceKlass org/apache/commons/exec/launcher/CommandLauncherFactory
instanceKlass org/apache/commons/exec/PumpStreamHandler
instanceKlass org/apache/commons/exec/DefaultExecutor
instanceKlass org/apache/commons/exec/DefaultExecuteResultHandler
instanceKlass org/apache/commons/exec/ExecuteResultHandler
instanceKlass org/apache/commons/exec/ExecuteStreamHandler
instanceKlass org/apache/commons/exec/ExecuteWatchdog
instanceKlass org/apache/commons/exec/TimeoutObserver
instanceKlass org/apache/commons/exec/Executor
instanceKlass org/openqa/selenium/os/OsProcess
instanceKlass com/google/common/collect/Platform
instanceKlass com/google/common/collect/ObjectArrays
instanceKlass org/openqa/selenium/os/CommandLine
instanceKlass org/openqa/selenium/remote/Command
instanceKlass org/openqa/selenium/remote/RemoteLogs
instanceKlass org/openqa/selenium/logging/LoggingPreferences
instanceKlass org/openqa/selenium/remote/RemoteMouse
instanceKlass org/openqa/selenium/remote/RemoteKeyboard
instanceKlass org/openqa/selenium/remote/RemoteExecuteMethod
instanceKlass org/openqa/selenium/remote/internal/JsonToWebElementConverter
instanceKlass org/openqa/selenium/remote/UselessFileDetector
instanceKlass org/openqa/selenium/remote/ErrorCodes$KnownError
instanceKlass org/openqa/selenium/remote/ErrorCodes
instanceKlass org/openqa/selenium/remote/ErrorHandler
instanceKlass sun/text/normalizer/NormalizerImpl$DecomposeArgs
instanceKlass sun/text/normalizer/UnicodeSet
instanceKlass sun/text/normalizer/UnicodeMatcher
instanceKlass sun/text/normalizer/CharTrie$FriendAgent
instanceKlass sun/text/normalizer/Trie
instanceKlass sun/text/normalizer/NormalizerImpl$AuxTrieImpl
instanceKlass sun/text/normalizer/NormalizerImpl$NormTrieImpl
instanceKlass sun/text/normalizer/NormalizerImpl$FCDTrieImpl
instanceKlass sun/text/normalizer/Trie$DataManipulate
instanceKlass sun/text/normalizer/ICUBinary
instanceKlass sun/text/normalizer/NormalizerDataReader
instanceKlass sun/text/normalizer/ICUBinary$Authenticate
instanceKlass sun/text/normalizer/ICUData
instanceKlass sun/text/normalizer/NormalizerImpl
instanceKlass okhttp3/internal/tls/BasicTrustRootIndex
instanceKlass sun/nio/fs/BasicFileAttributesHolder
instanceKlass java/net/NetworkInterface$2
instanceKlass java/net/DefaultInterface
instanceKlass java/net/InterfaceAddress
instanceKlass java/net/NetworkInterface$1
instanceKlass java/net/NetworkInterface
instanceKlass sun/security/provider/SeedGenerator$1
instanceKlass sun/security/provider/SeedGenerator
instanceKlass sun/security/provider/SecureRandom$SeederHolder
instanceKlass javax/net/ssl/X509ExtendedKeyManager
instanceKlass javax/net/ssl/X509KeyManager
instanceKlass javax/net/ssl/KeyManager
instanceKlass sun/security/action/GetIntegerAction
instanceKlass sun/security/ssl/SSLSessionContextImpl
instanceKlass javax/net/ssl/SSLSessionContext
instanceKlass sun/security/ssl/EphemeralKeyManager$EphemeralKeyPair
instanceKlass sun/security/ssl/EphemeralKeyManager
instanceKlass sun/security/ssl/SSLContextImpl$CustomizedSSLProtocols
instanceKlass java/security/spec/ECGenParameterSpec
instanceKlass sun/security/util/ECKeySizeParameterSpec
instanceKlass sun/security/util/SecurityProviderConstants
instanceKlass sun/security/ec/point/Point
instanceKlass java/security/KeyPairGeneratorSpi
instanceKlass javax/crypto/KeyAgreement
instanceKlass sun/security/ssl/JsseJce$EcAvailability
instanceKlass sun/security/ssl/SSLAlgorithmDecomposer$1
instanceKlass sun/security/ssl/SSLCipher$1
instanceKlass sun/security/ssl/SSLCipher$T13GcmWriteCipherGenerator
instanceKlass sun/security/ssl/SSLCipher$T13GcmReadCipherGenerator
instanceKlass sun/security/ssl/SSLCipher$T12GcmWriteCipherGenerator
instanceKlass sun/security/ssl/SSLCipher$T12GcmReadCipherGenerator
instanceKlass javax/crypto/JceSecurityManager$1
instanceKlass sun/security/ssl/SSLCipher$T11BlockWriteCipherGenerator
instanceKlass sun/security/ssl/SSLCipher$T11BlockReadCipherGenerator
instanceKlass sun/security/ssl/SSLCipher$T10BlockWriteCipherGenerator
instanceKlass sun/security/ssl/SSLCipher$T10BlockReadCipherGenerator
instanceKlass javax/crypto/JceSecurity$2
instanceKlass javax/crypto/JceSecurity$IdentityWrapper
instanceKlass javax/crypto/JarVerifier
instanceKlass javax/crypto/CryptoPolicyParser$CryptoPermissionEntry
instanceKlass javax/crypto/CryptoPolicyParser$GrantEntry
instanceKlass javax/crypto/CryptoPolicyParser
instanceKlass javax/crypto/JceSecurity$1
instanceKlass java/security/SecureRandomSpi
instanceKlass javax/crypto/JceSecurity
instanceKlass java/util/Collections$1
instanceKlass javax/crypto/Cipher$Transform
instanceKlass javax/crypto/Cipher
instanceKlass sun/security/krb5/Realm
instanceKlass sun/security/krb5/PrincipalName
instanceKlass sun/security/ssl/JsseJce$1
instanceKlass sun/security/ssl/Utilities
instanceKlass sun/security/ssl/JsseJce
instanceKlass sun/security/ssl/SSLCipher$StreamWriteCipherGenerator
instanceKlass sun/security/ssl/SSLCipher$StreamReadCipherGenerator
instanceKlass sun/security/ssl/SSLCipher$NullWriteCipherGenerator
instanceKlass sun/security/ssl/SSLCipher$WriteCipherGenerator
instanceKlass sun/security/ssl/SSLCipher$NullReadCipherGenerator
instanceKlass sun/security/ssl/SSLCipher$ReadCipherGenerator
instanceKlass sun/security/ssl/SSLAlgorithmConstraints
instanceKlass javax/net/ssl/SSLContextSpi
instanceKlass javax/net/ssl/SSLContext
instanceKlass javax/net/ssl/HandshakeCompletedListener
instanceKlass javax/net/ssl/SSLSession
instanceKlass javax/net/ssl/SSLParameters
instanceKlass sun/security/mscapi/SunMSCAPI$1
instanceKlass sun/security/smartcardio/SunPCSC$1
instanceKlass org/jcp/xml/dsig/internal/dom/XMLDSigRI$1
instanceKlass com/sun/security/sasl/Provider$1
instanceKlass sun/security/jgss/SunProvider$1
instanceKlass okhttp3/internal/tls/CertificateChainCleaner
instanceKlass okhttp3/internal/tls/TrustRootIndex
instanceKlass okhttp3/internal/platform/Platform
instanceKlass javax/net/ssl/X509ExtendedTrustManager
instanceKlass javax/net/ssl/X509TrustManager
instanceKlass javax/net/ssl/TrustManager
instanceKlass sun/security/validator/TrustStoreUtil
instanceKlass sun/security/x509/GeneralSubtree
instanceKlass sun/security/x509/GeneralSubtrees
instanceKlass sun/security/x509/NetscapeCertTypeExtension$MapEntry
instanceKlass sun/security/x509/RFC822Name
instanceKlass sun/security/util/ECUtil
instanceKlass java/security/interfaces/ECPublicKey
instanceKlass java/security/AlgorithmParametersSpi
instanceKlass java/security/AlgorithmParameters
instanceKlass sun/security/provider/JavaKeyStore$TrustedCertEntry
instanceKlass sun/security/action/OpenFileInputStreamAction
instanceKlass sun/security/provider/KeyStoreDelegator$1
instanceKlass java/security/KeyStoreSpi
instanceKlass sun/security/ssl/SSLLogger
instanceKlass java/security/KeyStore$1
instanceKlass java/security/KeyStore
instanceKlass sun/security/ssl/TrustStoreManager$TrustStoreDescriptor$1
instanceKlass sun/security/ssl/TrustStoreManager$TrustStoreDescriptor
instanceKlass sun/security/ssl/TrustStoreManager$TrustAnchorManager
instanceKlass sun/security/ssl/TrustStoreManager
instanceKlass sun/security/ssl/SunJSSE$1
instanceKlass java/util/concurrent/ConcurrentHashMap$MapEntry
instanceKlass java/util/concurrent/ConcurrentHashMap$Traverser
instanceKlass sun/security/ec/SunECEntries
instanceKlass sun/nio/fs/WindowsUriSupport
instanceKlass sun/security/ec/SunEC$1
instanceKlass javax/net/ssl/TrustManagerFactorySpi
instanceKlass javax/net/ssl/TrustManagerFactory$1
instanceKlass javax/net/ssl/TrustManagerFactory
instanceKlass org/openqa/selenium/remote/internal/OkHttpClient
instanceKlass org/openqa/selenium/remote/internal/OkHttpClient$Factory$1$$Lambda$23
instanceKlass okhttp3/Interceptor
instanceKlass okhttp3/Response
instanceKlass okhttp3/Interceptor$Chain
instanceKlass com/google/common/base/CommonPattern
instanceKlass com/google/common/base/Platform$JdkPatternCompiler
instanceKlass com/google/common/base/PatternCompiler
instanceKlass com/google/common/base/Platform
instanceKlass com/google/common/base/Strings
instanceKlass okhttp3/Dns$1
instanceKlass okhttp3/Dns
instanceKlass okhttp3/Authenticator$1
instanceKlass okhttp3/CertificatePinner$Builder
instanceKlass okhttp3/CertificatePinner
instanceKlass okhttp3/internal/tls/OkHostnameVerifier
instanceKlass javax/net/SocketFactory
instanceKlass okhttp3/CookieJar$1
instanceKlass okhttp3/CookieJar
instanceKlass okhttp3/EventListener$2
instanceKlass okhttp3/EventListener$Factory
instanceKlass okhttp3/EventListener
instanceKlass okhttp3/ConnectionSpec$Builder
instanceKlass okhttp3/CipherSuite$1
instanceKlass okhttp3/CipherSuite
instanceKlass okhttp3/ConnectionSpec
instanceKlass okhttp3/Call
instanceKlass okhttp3/WebSocket
instanceKlass okhttp3/internal/Internal
instanceKlass okhttp3/OkHttpClient
instanceKlass okhttp3/WebSocket$Factory
instanceKlass okhttp3/Call$Factory
instanceKlass okhttp3/Dispatcher
instanceKlass javax/net/ssl/HostnameVerifier
instanceKlass okhttp3/OkHttpClient$Builder
instanceKlass java/time/Duration
instanceKlass java/time/temporal/TemporalAmount
instanceKlass org/openqa/selenium/remote/http/HttpClient
instanceKlass org/openqa/selenium/logging/LocalLogs
instanceKlass java/util/AbstractMap$SimpleImmutableEntry
instanceKlass com/google/common/collect/CollectPreconditions
instanceKlass org/openqa/selenium/remote/CommandInfo
instanceKlass okhttp3/internal/connection/RouteDatabase
instanceKlass okhttp3/ConnectionPool$1
instanceKlass okhttp3/internal/Util$2
instanceKlass java/lang/Throwable$PrintStreamOrWriter
instanceKlass okhttp3/internal/Util$1
instanceKlass okhttp3/RequestBody
instanceKlass okio/Util
instanceKlass okio/ByteString
instanceKlass okio/Buffer
instanceKlass okio/BufferedSink
instanceKlass okio/Sink
instanceKlass okio/BufferedSource
instanceKlass okio/Source
instanceKlass okhttp3/ResponseBody
instanceKlass okhttp3/internal/Util
instanceKlass okhttp3/ConnectionPool
instanceKlass org/openqa/selenium/remote/http/HttpClient$Builder
instanceKlass org/openqa/selenium/remote/internal/OkHttpClient$Factory
instanceKlass org/openqa/selenium/logging/LogEntry
instanceKlass com/google/common/collect/PeekingIterator
instanceKlass com/google/common/collect/Iterators
instanceKlass com/google/common/collect/ImmutableCollection$Builder
instanceKlass com/google/common/collect/Hashing
instanceKlass com/google/common/math/IntMath$1
instanceKlass com/google/common/math/MathPreconditions
instanceKlass com/google/common/math/IntMath
instanceKlass com/google/common/collect/ImmutableSet$SetBuilderImpl
instanceKlass org/openqa/selenium/os/ExecutableFinder
instanceKlass java/net/InetAddress$CacheEntry
instanceKlass sun/net/InetAddressCachePolicy$2
instanceKlass sun/net/InetAddressCachePolicy$1
instanceKlass sun/net/InetAddressCachePolicy
instanceKlass java/net/Inet4AddressImpl
instanceKlass org/openqa/selenium/net/FixedIANAPortRange
instanceKlass java/util/Random
instanceKlass org/openqa/selenium/net/EphemeralPortRangeDetector
instanceKlass org/openqa/selenium/net/PortProber
instanceKlass com/google/common/collect/AbstractMapEntry
instanceKlass com/google/common/collect/UnmodifiableIterator
instanceKlass com/google/common/collect/BiMap
instanceKlass com/google/common/collect/ImmutableMap
instanceKlass org/openqa/selenium/remote/service/DriverService$Builder
instanceKlass java/text/FieldPosition$Delegate
instanceKlass java/awt/image/RenderedImage
instanceKlass com/kms/katalon/core/webui/util/FileUtil
instanceKlass org/apache/commons/lang/SystemUtils
instanceKlass com/kms/katalon/core/webui/util/OSUtil
instanceKlass org/openqa/selenium/interactions/TouchScreen
instanceKlass org/openqa/selenium/remote/service/DriverService
instanceKlass org/openqa/selenium/interactions/Keyboard
instanceKlass org/openqa/selenium/interactions/Mouse
instanceKlass org/openqa/selenium/logging/Logs
instanceKlass org/openqa/selenium/remote/ExecuteMethod
instanceKlass org/openqa/selenium/remote/FileDetector
instanceKlass com/kms/katalon/selenium/driver/IDelayableDriver
instanceKlass java/lang/ProcessEnvironment$CheckedEntry
instanceKlass java/lang/ProcessEnvironment$CheckedEntrySet$1
instanceKlass java/lang/ProcessEnvironment$EntryComparator
instanceKlass java/lang/ProcessEnvironment$NameComparator
instanceKlass java/util/Formatter$DateTime
instanceKlass org/openqa/selenium/AbstractCapabilities
instanceKlass org/openqa/selenium/firefox/FirefoxProfile
instanceKlass com/kms/katalon/core/webui/util/WebDriverPropertyUtil
instanceKlass com/kms/katalon/core/webui/driver/DriverConfigurationProvider
